-- Found ament_cmake: 1.3.14 (/opt/ros/humble/share/ament_cmake/cmake)
-- Found rclcpp: 16.0.19 (/opt/ros/humble/share/rclcpp/cmake)
-- Found rosidl_generator_c: 3.1.8 (/opt/ros/humble/share/rosidl_generator_c/cmake)
-- Found rosidl_adapter: 3.1.8 (/opt/ros/humble/share/rosidl_adapter/cmake)
-- Found rosidl_generator_cpp: 3.1.8 (/opt/ros/humble/share/rosidl_generator_cpp/cmake)
-- Using all available rosidl_typesupport_c: rosidl_typesupport_fastrtps_c;rosidl_typesupport_introspection_c
-- Using all available rosidl_typesupport_cpp: rosidl_typesupport_fastrtps_cpp;rosidl_typesupport_introspection_cpp
-- Found rmw_implementation_cmake: 6.1.2 (/opt/ros/humble/share/rmw_implementation_cmake/cmake)
-- Found rmw_fastrtps_cpp: 6.2.10 (/opt/ros/humble/share/rmw_fastrtps_cpp/cmake)
-- Using RMW implementation 'rmw_fastrtps_cpp' as default
-- Found rclcpp_action: 16.0.19 (/opt/ros/humble/share/rclcpp_action/cmake)
-- Found rclcpp_components: 16.0.19 (/opt/ros/humble/share/rclcpp_components/cmake)
-- Found moveit_ros_planning_interface: 2.5.9 (/opt/ros/humble/share/moveit_ros_planning_interface/cmake)
-- Found Boost: /usr/lib/x86_64-linux-gnu/cmake/Boost-1.74.0/BoostConfig.cmake (found version "1.74.0") found components: date_time filesystem program_options system thread 
-- Found Boost: /usr/lib/x86_64-linux-gnu/cmake/Boost-1.74.0/BoostConfig.cmake (found version "1.74.0") found components: chrono date_time filesystem iostreams program_options regex serialization system thread 
-- Found parameter_traits: 0.7.1 (/opt/ros/humble/share/parameter_traits/cmake)
-- Found rclcpp_lifecycle: 16.0.19 (/opt/ros/humble/share/rclcpp_lifecycle/cmake)
-- Found Boost: /usr/lib/x86_64-linux-gnu/cmake/Boost-1.74.0/BoostConfig.cmake (found version "1.74.0") found components: filesystem 
-- library: /usr/lib/x86_64-linux-gnu/libcurl.so
-- Ensuring Eigen3 include directory is part of orocos-kdl CMake target
-- Found Boost: /usr/lib/x86_64-linux-gnu/cmake/Boost-1.74.0/BoostConfig.cmake (found version "1.74.0") found components: system filesystem date_time program_options thread chrono 
-- Found Boost: /usr/lib/x86_64-linux-gnu/cmake/Boost-1.74.0/BoostConfig.cmake (found version "1.74.0") found components: thread system filesystem regex date_time program_options 
-- Found Boost: /usr/lib/x86_64-linux-gnu/cmake/Boost-1.74.0/BoostConfig.cmake (found version "1.74.0") found components: system filesystem date_time program_options thread 
-- Found rosidl_default_generators: 1.2.1 (/opt/ros/humble/share/rosidl_default_generators/cmake)
-- Found thor_controller: 0.0.0 (/home/salman/GryphonEC-ROS2/ws_thor/install/thor_controller/share/thor_controller/cmake)
-- Found ament_cmake_ros: 0.10.0 (/opt/ros/humble/share/ament_cmake_ros/cmake)
-- Using all available rosidl_typesupport_c: rosidl_typesupport_fastrtps_c;rosidl_typesupport_introspection_c
-- Using all available rosidl_typesupport_cpp: rosidl_typesupport_fastrtps_cpp;rosidl_typesupport_introspection_cpp
-- Found python_cmake_module: 0.10.0 (/opt/ros/humble/share/python_cmake_module/cmake)
-- Using PYTHON_EXECUTABLE: /usr/bin/python3
-- Using PYTHON_INCLUDE_DIRS: /usr/include/python3.10
-- Using PYTHON_LIBRARIES: /usr/lib/x86_64-linux-gnu/libpython3.10.so
-- Using numpy include directory: /home/salman/.local/lib/python3.10/site-packages/numpy/core/include
-- Found ament_lint_auto: 0.12.15 (/opt/ros/humble/share/ament_lint_auto/cmake)
-- Added test 'cppcheck' to perform static code analysis on C / C++ code
-- Configured cppcheck include dirs: $<BUILD_INTERFACE:/home/salman/GryphonEC-ROS2/ws_thor/src/thor_server/include>
-- Configured cppcheck exclude dirs and/or files: 
-- Added test 'lint_cmake' to check CMake code style
-- Added test 'uncrustify' to check C / C++ code style
-- Configured uncrustify additional arguments: 
-- Added test 'xmllint' to check XML markup files
-- Configuring done
-- Generating done
-- Build files have been written to: /home/salman/GryphonEC-ROS2/ws_thor/build/thor_server
[35m[1mConsolidate compiler generated dependencies of target thor_server__rosidl_generator_c[0m
[35m[1mConsolidate compiler generated dependencies of target task_server_node[0m
[35m[1mConsolidate compiler generated dependencies of target hardware_command_node[0m
[  4%] [34m[1mGenerating Rust code for ROS interfaces[0m
[  4%] Built target thor_server__cpp
[  6%] [32m[1mLinking C shared library libthor_server__rosidl_generator_c.so[0m
[  8%] [32mBuilding CXX object CMakeFiles/hardware_command_node.dir/src/hardware_command_node.cpp.o[0m
[ 13%] Built target task_server_node
[35m[1mConsolidate compiler generated dependencies of target thor_server__rosidl_typesupport_introspection_cpp[0m
[35m[1mConsolidate compiler generated dependencies of target thor_server__rosidl_typesupport_fastrtps_cpp[0m
[35m[1mConsolidate compiler generated dependencies of target thor_server__rosidl_typesupport_cpp[0m
[ 13%] Built target ament_cmake_python_copy_thor_server
[ 19%] [32m[1mLinking CXX shared library libthor_server__rosidl_typesupport_cpp.so[0m
[ 19%] [32m[1mLinking CXX shared library libthor_server__rosidl_typesupport_fastrtps_cpp.so[0m
[ 19%] [32m[1mLinking CXX shared library libthor_server__rosidl_typesupport_introspection_cpp.so[0m
[ 26%] Built target thor_server__rosidl_generator_c
[35m[1mConsolidate compiler generated dependencies of target thor_server__rosidl_typesupport_introspection_c[0m
[35m[1mConsolidate compiler generated dependencies of target thor_server__rosidl_typesupport_fastrtps_c[0m
[35m[1mConsolidate compiler generated dependencies of target thor_server__rosidl_typesupport_c[0m
[ 28%] [32m[1mLinking C shared library libthor_server__rosidl_typesupport_introspection_c.so[0m
[ 30%] [32m[1mLinking CXX shared library libthor_server__rosidl_typesupport_fastrtps_c.so[0m
[ 36%] Built target thor_server__rosidl_typesupport_cpp
[ 39%] [32m[1mLinking CXX shared library libthor_server__rosidl_typesupport_c.so[0m
[35m[1mConsolidate compiler generated dependencies of target task_server[0m
[ 45%] Built target thor_server__rosidl_typesupport_introspection_c
[ 52%] Built target thor_server__rosidl_typesupport_c
[ 58%] Built target thor_server__rosidl_typesupport_introspection_cpp
[ 65%] Built target thor_server__rosidl_typesupport_fastrtps_cpp
[ 67%] [32mBuilding CXX object CMakeFiles/task_server.dir/src/task_server.cpp.o[0m
[ 73%] Built target thor_server__rosidl_typesupport_fastrtps_c
running egg_info
writing thor_server.egg-info/PKG-INFO
writing dependency_links to thor_server.egg-info/dependency_links.txt
writing top-level names to thor_server.egg-info/top_level.txt
reading manifest file 'thor_server.egg-info/SOURCES.txt'
writing manifest file 'thor_server.egg-info/SOURCES.txt'
[ 73%] Built target thor_server__rs
[ 73%] Built target ament_cmake_python_build_thor_server_egg
[ 73%] Built target thor_server
[ 76%] Built target thor_server__py
[35m[1mConsolidate compiler generated dependencies of target thor_server__rosidl_generator_py[0m
[ 78%] [32m[1mLinking C shared library rosidl_generator_py/thor_server/libthor_server__rosidl_generator_py.so[0m
[ 82%] Built target thor_server__rosidl_generator_py
[35m[1mConsolidate compiler generated dependencies of target thor_server__rosidl_typesupport_fastrtps_c__pyext[0m
[35m[1mConsolidate compiler generated dependencies of target thor_server__rosidl_typesupport_c__pyext[0m
[35m[1mConsolidate compiler generated dependencies of target thor_server__rosidl_typesupport_introspection_c__pyext[0m
[ 89%] [32m[1mLinking C shared library rosidl_generator_py/thor_server/thor_server_s__rosidl_typesupport_introspection_c.cpython-310-x86_64-linux-gnu.so[0m
[ 89%] [32m[1mLinking C shared library rosidl_generator_py/thor_server/thor_server_s__rosidl_typesupport_fastrtps_c.cpython-310-x86_64-linux-gnu.so[0m
[ 89%] [32m[1mLinking C shared library rosidl_generator_py/thor_server/thor_server_s__rosidl_typesupport_c.cpython-310-x86_64-linux-gnu.so[0m
[ 95%] Built target thor_server__rosidl_typesupport_fastrtps_c__pyext
[ 95%] Built target thor_server__rosidl_typesupport_introspection_c__pyext
[ 95%] Built target thor_server__rosidl_typesupport_c__pyext
[ 97%] [32m[1mLinking CXX executable hardware_command_node[0m
[ 97%] Built target hardware_command_node
[100%] [32m[1mLinking CXX shared library libtask_server.so[0m
[100%] Built target task_server
-- Install configuration: ""
-- Up-to-date: /home/salman/GryphonEC-ROS2/ws_thor/install/thor_server/share/ament_index/resource_index/rosidl_interfaces/thor_server
-- Up-to-date: /home/salman/GryphonEC-ROS2/ws_thor/install/thor_server/include/thor_server/thor_server
-- Up-to-date: /home/salman/GryphonEC-ROS2/ws_thor/install/thor_server/include/thor_server/thor_server/action
-- Up-to-date: /home/salman/GryphonEC-ROS2/ws_thor/install/thor_server/include/thor_server/thor_server/action/joint_task.h
-- Up-to-date: /home/salman/GryphonEC-ROS2/ws_thor/install/thor_server/include/thor_server/thor_server/action/pose_task.h
-- Up-to-date: /home/salman/GryphonEC-ROS2/ws_thor/install/thor_server/include/thor_server/thor_server/action/detail
-- Up-to-date: /home/salman/GryphonEC-ROS2/ws_thor/install/thor_server/include/thor_server/thor_server/action/detail/joint_task__functions.c
-- Up-to-date: /home/salman/GryphonEC-ROS2/ws_thor/install/thor_server/include/thor_server/thor_server/action/detail/joint_task__functions.h
-- Up-to-date: /home/salman/GryphonEC-ROS2/ws_thor/install/thor_server/include/thor_server/thor_server/action/detail/joint_task__struct.h
-- Up-to-date: /home/salman/GryphonEC-ROS2/ws_thor/install/thor_server/include/thor_server/thor_server/action/detail/pose_task__functions.h
-- Up-to-date: /home/salman/GryphonEC-ROS2/ws_thor/install/thor_server/include/thor_server/thor_server/action/detail/pose_task__functions.c
-- Up-to-date: /home/salman/GryphonEC-ROS2/ws_thor/install/thor_server/include/thor_server/thor_server/action/detail/joint_task__type_support.h
-- Up-to-date: /home/salman/GryphonEC-ROS2/ws_thor/install/thor_server/include/thor_server/thor_server/action/detail/pose_task__type_support.h
-- Up-to-date: /home/salman/GryphonEC-ROS2/ws_thor/install/thor_server/include/thor_server/thor_server/action/detail/pose_task__struct.h
-- Up-to-date: /home/salman/GryphonEC-ROS2/ws_thor/install/thor_server/include/thor_server/thor_server/msg
-- Up-to-date: /home/salman/GryphonEC-ROS2/ws_thor/install/thor_server/include/thor_server/thor_server/msg/rosidl_generator_c__visibility_control.h
-- Up-to-date: /home/salman/GryphonEC-ROS2/ws_thor/install/thor_server/share/thor_server/environment/library_path.sh
-- Installing: /home/salman/GryphonEC-ROS2/ws_thor/install/thor_server/share/thor_server/environment/library_path.dsv
-- Installing: /home/salman/GryphonEC-ROS2/ws_thor/install/thor_server/lib/libthor_server__rosidl_generator_c.so
-- Set runtime path of "/home/salman/GryphonEC-ROS2/ws_thor/install/thor_server/lib/libthor_server__rosidl_generator_c.so" to ""
-- Up-to-date: /home/salman/GryphonEC-ROS2/ws_thor/install/thor_server/include/thor_server/thor_server
-- Up-to-date: /home/salman/GryphonEC-ROS2/ws_thor/install/thor_server/include/thor_server/thor_server/action
-- Up-to-date: /home/salman/GryphonEC-ROS2/ws_thor/install/thor_server/include/thor_server/thor_server/action/detail
-- Up-to-date: /home/salman/GryphonEC-ROS2/ws_thor/install/thor_server/include/thor_server/thor_server/action/detail/joint_task__rosidl_typesupport_fastrtps_c.h
-- Up-to-date: /home/salman/GryphonEC-ROS2/ws_thor/install/thor_server/include/thor_server/thor_server/action/detail/pose_task__rosidl_typesupport_fastrtps_c.h
-- Up-to-date: /home/salman/GryphonEC-ROS2/ws_thor/install/thor_server/include/thor_server/thor_server/msg
-- Up-to-date: /home/salman/GryphonEC-ROS2/ws_thor/install/thor_server/include/thor_server/thor_server/msg/rosidl_typesupport_fastrtps_c__visibility_control.h
-- Installing: /home/salman/GryphonEC-ROS2/ws_thor/install/thor_server/lib/libthor_server__rosidl_typesupport_fastrtps_c.so
-- Set runtime path of "/home/salman/GryphonEC-ROS2/ws_thor/install/thor_server/lib/libthor_server__rosidl_typesupport_fastrtps_c.so" to ""
-- Up-to-date: /home/salman/GryphonEC-ROS2/ws_thor/install/thor_server/include/thor_server/thor_server
-- Up-to-date: /home/salman/GryphonEC-ROS2/ws_thor/install/thor_server/include/thor_server/thor_server/action
-- Up-to-date: /home/salman/GryphonEC-ROS2/ws_thor/install/thor_server/include/thor_server/thor_server/action/joint_task.hpp
-- Up-to-date: /home/salman/GryphonEC-ROS2/ws_thor/install/thor_server/include/thor_server/thor_server/action/detail
-- Up-to-date: /home/salman/GryphonEC-ROS2/ws_thor/install/thor_server/include/thor_server/thor_server/action/detail/joint_task__traits.hpp
-- Up-to-date: /home/salman/GryphonEC-ROS2/ws_thor/install/thor_server/include/thor_server/thor_server/action/detail/pose_task__builder.hpp
-- Up-to-date: /home/salman/GryphonEC-ROS2/ws_thor/install/thor_server/include/thor_server/thor_server/action/detail/joint_task__builder.hpp
-- Up-to-date: /home/salman/GryphonEC-ROS2/ws_thor/install/thor_server/include/thor_server/thor_server/action/detail/pose_task__struct.hpp
-- Up-to-date: /home/salman/GryphonEC-ROS2/ws_thor/install/thor_server/include/thor_server/thor_server/action/detail/pose_task__traits.hpp
-- Up-to-date: /home/salman/GryphonEC-ROS2/ws_thor/install/thor_server/include/thor_server/thor_server/action/detail/joint_task__type_support.hpp
-- Up-to-date: /home/salman/GryphonEC-ROS2/ws_thor/install/thor_server/include/thor_server/thor_server/action/detail/pose_task__type_support.hpp
-- Up-to-date: /home/salman/GryphonEC-ROS2/ws_thor/install/thor_server/include/thor_server/thor_server/action/detail/joint_task__struct.hpp
-- Up-to-date: /home/salman/GryphonEC-ROS2/ws_thor/install/thor_server/include/thor_server/thor_server/action/pose_task.hpp
-- Up-to-date: /home/salman/GryphonEC-ROS2/ws_thor/install/thor_server/include/thor_server/thor_server/msg
-- Up-to-date: /home/salman/GryphonEC-ROS2/ws_thor/install/thor_server/include/thor_server/thor_server/msg/rosidl_generator_cpp__visibility_control.hpp
-- Up-to-date: /home/salman/GryphonEC-ROS2/ws_thor/install/thor_server/include/thor_server/thor_server
-- Up-to-date: /home/salman/GryphonEC-ROS2/ws_thor/install/thor_server/include/thor_server/thor_server/action
-- Up-to-date: /home/salman/GryphonEC-ROS2/ws_thor/install/thor_server/include/thor_server/thor_server/action/detail
-- Up-to-date: /home/salman/GryphonEC-ROS2/ws_thor/install/thor_server/include/thor_server/thor_server/action/detail/dds_fastrtps
-- Up-to-date: /home/salman/GryphonEC-ROS2/ws_thor/install/thor_server/include/thor_server/thor_server/action/detail/joint_task__rosidl_typesupport_fastrtps_cpp.hpp
-- Up-to-date: /home/salman/GryphonEC-ROS2/ws_thor/install/thor_server/include/thor_server/thor_server/action/detail/pose_task__rosidl_typesupport_fastrtps_cpp.hpp
-- Up-to-date: /home/salman/GryphonEC-ROS2/ws_thor/install/thor_server/include/thor_server/thor_server/msg
-- Up-to-date: /home/salman/GryphonEC-ROS2/ws_thor/install/thor_server/include/thor_server/thor_server/msg/rosidl_typesupport_fastrtps_cpp__visibility_control.h
-- Installing: /home/salman/GryphonEC-ROS2/ws_thor/install/thor_server/lib/libthor_server__rosidl_typesupport_fastrtps_cpp.so
-- Set runtime path of "/home/salman/GryphonEC-ROS2/ws_thor/install/thor_server/lib/libthor_server__rosidl_typesupport_fastrtps_cpp.so" to ""
-- Up-to-date: /home/salman/GryphonEC-ROS2/ws_thor/install/thor_server/include/thor_server/thor_server
-- Up-to-date: /home/salman/GryphonEC-ROS2/ws_thor/install/thor_server/include/thor_server/thor_server/action
-- Up-to-date: /home/salman/GryphonEC-ROS2/ws_thor/install/thor_server/include/thor_server/thor_server/action/detail
-- Up-to-date: /home/salman/GryphonEC-ROS2/ws_thor/install/thor_server/include/thor_server/thor_server/action/detail/joint_task__rosidl_typesupport_introspection_c.h
-- Up-to-date: /home/salman/GryphonEC-ROS2/ws_thor/install/thor_server/include/thor_server/thor_server/action/detail/joint_task__type_support.c
-- Up-to-date: /home/salman/GryphonEC-ROS2/ws_thor/install/thor_server/include/thor_server/thor_server/action/detail/pose_task__type_support.c
-- Up-to-date: /home/salman/GryphonEC-ROS2/ws_thor/install/thor_server/include/thor_server/thor_server/action/detail/pose_task__rosidl_typesupport_introspection_c.h
-- Up-to-date: /home/salman/GryphonEC-ROS2/ws_thor/install/thor_server/include/thor_server/thor_server/msg
-- Up-to-date: /home/salman/GryphonEC-ROS2/ws_thor/install/thor_server/include/thor_server/thor_server/msg/rosidl_typesupport_introspection_c__visibility_control.h
-- Installing: /home/salman/GryphonEC-ROS2/ws_thor/install/thor_server/lib/libthor_server__rosidl_typesupport_introspection_c.so
-- Set runtime path of "/home/salman/GryphonEC-ROS2/ws_thor/install/thor_server/lib/libthor_server__rosidl_typesupport_introspection_c.so" to ""
-- Installing: /home/salman/GryphonEC-ROS2/ws_thor/install/thor_server/lib/libthor_server__rosidl_typesupport_c.so
-- Set runtime path of "/home/salman/GryphonEC-ROS2/ws_thor/install/thor_server/lib/libthor_server__rosidl_typesupport_c.so" to ""
-- Up-to-date: /home/salman/GryphonEC-ROS2/ws_thor/install/thor_server/include/thor_server/thor_server
-- Up-to-date: /home/salman/GryphonEC-ROS2/ws_thor/install/thor_server/include/thor_server/thor_server/action
-- Up-to-date: /home/salman/GryphonEC-ROS2/ws_thor/install/thor_server/include/thor_server/thor_server/action/detail
-- Up-to-date: /home/salman/GryphonEC-ROS2/ws_thor/install/thor_server/include/thor_server/thor_server/action/detail/joint_task__type_support.cpp
-- Up-to-date: /home/salman/GryphonEC-ROS2/ws_thor/install/thor_server/include/thor_server/thor_server/action/detail/joint_task__rosidl_typesupport_introspection_cpp.hpp
-- Up-to-date: /home/salman/GryphonEC-ROS2/ws_thor/install/thor_server/include/thor_server/thor_server/action/detail/pose_task__type_support.cpp
-- Up-to-date: /home/salman/GryphonEC-ROS2/ws_thor/install/thor_server/include/thor_server/thor_server/action/detail/pose_task__rosidl_typesupport_introspection_cpp.hpp
-- Installing: /home/salman/GryphonEC-ROS2/ws_thor/install/thor_server/lib/libthor_server__rosidl_typesupport_introspection_cpp.so
-- Set runtime path of "/home/salman/GryphonEC-ROS2/ws_thor/install/thor_server/lib/libthor_server__rosidl_typesupport_introspection_cpp.so" to ""
-- Installing: /home/salman/GryphonEC-ROS2/ws_thor/install/thor_server/lib/libthor_server__rosidl_typesupport_cpp.so
-- Set runtime path of "/home/salman/GryphonEC-ROS2/ws_thor/install/thor_server/lib/libthor_server__rosidl_typesupport_cpp.so" to ""
-- Up-to-date: /home/salman/GryphonEC-ROS2/ws_thor/install/thor_server/share/thor_server/environment/pythonpath.sh
-- Installing: /home/salman/GryphonEC-ROS2/ws_thor/install/thor_server/share/thor_server/environment/pythonpath.dsv
-- Up-to-date: /home/salman/GryphonEC-ROS2/ws_thor/install/thor_server/local/lib/python3.10/dist-packages/thor_server-0.0.0-py3.10.egg-info
-- Installing: /home/salman/GryphonEC-ROS2/ws_thor/install/thor_server/local/lib/python3.10/dist-packages/thor_server-0.0.0-py3.10.egg-info/SOURCES.txt
-- Installing: /home/salman/GryphonEC-ROS2/ws_thor/install/thor_server/local/lib/python3.10/dist-packages/thor_server-0.0.0-py3.10.egg-info/top_level.txt
-- Installing: /home/salman/GryphonEC-ROS2/ws_thor/install/thor_server/local/lib/python3.10/dist-packages/thor_server-0.0.0-py3.10.egg-info/dependency_links.txt
-- Installing: /home/salman/GryphonEC-ROS2/ws_thor/install/thor_server/local/lib/python3.10/dist-packages/thor_server-0.0.0-py3.10.egg-info/PKG-INFO
-- Up-to-date: /home/salman/GryphonEC-ROS2/ws_thor/install/thor_server/local/lib/python3.10/dist-packages/thor_server
-- Up-to-date: /home/salman/GryphonEC-ROS2/ws_thor/install/thor_server/local/lib/python3.10/dist-packages/thor_server/_thor_server_s.ep.rosidl_typesupport_c.c
-- Installing: /home/salman/GryphonEC-ROS2/ws_thor/install/thor_server/local/lib/python3.10/dist-packages/thor_server/__init__.py
-- Up-to-date: /home/salman/GryphonEC-ROS2/ws_thor/install/thor_server/local/lib/python3.10/dist-packages/thor_server/_thor_server_s.ep.rosidl_typesupport_fastrtps_c.c
-- Installing: /home/salman/GryphonEC-ROS2/ws_thor/install/thor_server/local/lib/python3.10/dist-packages/thor_server/libthor_server__rosidl_generator_py.so
-- Installing: /home/salman/GryphonEC-ROS2/ws_thor/install/thor_server/local/lib/python3.10/dist-packages/thor_server/thor_server_s__rosidl_typesupport_c.cpython-310-x86_64-linux-gnu.so
-- Up-to-date: /home/salman/GryphonEC-ROS2/ws_thor/install/thor_server/local/lib/python3.10/dist-packages/thor_server/_thor_server_s.ep.rosidl_typesupport_introspection_c.c
-- Installing: /home/salman/GryphonEC-ROS2/ws_thor/install/thor_server/local/lib/python3.10/dist-packages/thor_server/thor_server_s__rosidl_typesupport_introspection_c.cpython-310-x86_64-linux-gnu.so
-- Up-to-date: /home/salman/GryphonEC-ROS2/ws_thor/install/thor_server/local/lib/python3.10/dist-packages/thor_server/action
-- Up-to-date: /home/salman/GryphonEC-ROS2/ws_thor/install/thor_server/local/lib/python3.10/dist-packages/thor_server/action/__init__.py
-- Up-to-date: /home/salman/GryphonEC-ROS2/ws_thor/install/thor_server/local/lib/python3.10/dist-packages/thor_server/action/_joint_task.py
-- Up-to-date: /home/salman/GryphonEC-ROS2/ws_thor/install/thor_server/local/lib/python3.10/dist-packages/thor_server/action/_joint_task_s.c
-- Up-to-date: /home/salman/GryphonEC-ROS2/ws_thor/install/thor_server/local/lib/python3.10/dist-packages/thor_server/action/_pose_task_s.c
-- Up-to-date: /home/salman/GryphonEC-ROS2/ws_thor/install/thor_server/local/lib/python3.10/dist-packages/thor_server/action/_pose_task.py
-- Installing: /home/salman/GryphonEC-ROS2/ws_thor/install/thor_server/local/lib/python3.10/dist-packages/thor_server/thor_server_s__rosidl_typesupport_fastrtps_c.cpython-310-x86_64-linux-gnu.so
Listing '/home/salman/GryphonEC-ROS2/ws_thor/install/thor_server/local/lib/python3.10/dist-packages/thor_server'...
Compiling '/home/salman/GryphonEC-ROS2/ws_thor/install/thor_server/local/lib/python3.10/dist-packages/thor_server/__init__.py'...
Listing '/home/salman/GryphonEC-ROS2/ws_thor/install/thor_server/local/lib/python3.10/dist-packages/thor_server/action'...
-- Installing: /home/salman/GryphonEC-ROS2/ws_thor/install/thor_server/local/lib/python3.10/dist-packages/thor_server/thor_server_s__rosidl_typesupport_fastrtps_c.cpython-310-x86_64-linux-gnu.so
-- Set runtime path of "/home/salman/GryphonEC-ROS2/ws_thor/install/thor_server/local/lib/python3.10/dist-packages/thor_server/thor_server_s__rosidl_typesupport_fastrtps_c.cpython-310-x86_64-linux-gnu.so" to ""
-- Installing: /home/salman/GryphonEC-ROS2/ws_thor/install/thor_server/local/lib/python3.10/dist-packages/thor_server/thor_server_s__rosidl_typesupport_introspection_c.cpython-310-x86_64-linux-gnu.so
-- Set runtime path of "/home/salman/GryphonEC-ROS2/ws_thor/install/thor_server/local/lib/python3.10/dist-packages/thor_server/thor_server_s__rosidl_typesupport_introspection_c.cpython-310-x86_64-linux-gnu.so" to ""
-- Installing: /home/salman/GryphonEC-ROS2/ws_thor/install/thor_server/local/lib/python3.10/dist-packages/thor_server/thor_server_s__rosidl_typesupport_c.cpython-310-x86_64-linux-gnu.so
-- Set runtime path of "/home/salman/GryphonEC-ROS2/ws_thor/install/thor_server/local/lib/python3.10/dist-packages/thor_server/thor_server_s__rosidl_typesupport_c.cpython-310-x86_64-linux-gnu.so" to ""
-- Installing: /home/salman/GryphonEC-ROS2/ws_thor/install/thor_server/lib/libthor_server__rosidl_generator_py.so
-- Set runtime path of "/home/salman/GryphonEC-ROS2/ws_thor/install/thor_server/lib/libthor_server__rosidl_generator_py.so" to ""
-- Installing: /home/salman/GryphonEC-ROS2/ws_thor/install/thor_server/share/ament_index/resource_index/rust_packages/thor_server
-- Installing: /home/salman/GryphonEC-ROS2/ws_thor/install/thor_server/share/thor_server/rust
-- Installing: /home/salman/GryphonEC-ROS2/ws_thor/install/thor_server/share/thor_server/rust/Cargo.toml
-- Installing: /home/salman/GryphonEC-ROS2/ws_thor/install/thor_server/share/thor_server/rust/build.rs
-- Installing: /home/salman/GryphonEC-ROS2/ws_thor/install/thor_server/share/thor_server/rust/src
-- Installing: /home/salman/GryphonEC-ROS2/ws_thor/install/thor_server/share/thor_server/rust/src/lib.rs
-- Installing: /home/salman/GryphonEC-ROS2/ws_thor/install/thor_server/share/thor_server/rust/src/action.rs
-- Installing: /home/salman/GryphonEC-ROS2/ws_thor/install/thor_server/share/thor_server/rust/src/action
-- Installing: /home/salman/GryphonEC-ROS2/ws_thor/install/thor_server/share/thor_server/rust/src/action/rmw.rs
-- Up-to-date: /home/salman/GryphonEC-ROS2/ws_thor/install/thor_server/share/thor_server/action/JointTask.idl
-- Up-to-date: /home/salman/GryphonEC-ROS2/ws_thor/install/thor_server/share/thor_server/action/PoseTask.idl
-- Installing: /home/salman/GryphonEC-ROS2/ws_thor/install/thor_server/share/thor_server/action/JointTask.action
-- Installing: /home/salman/GryphonEC-ROS2/ws_thor/install/thor_server/share/thor_server/action/PoseTask.action
-- Up-to-date: /home/salman/GryphonEC-ROS2/ws_thor/install/thor_server/lib/thor_server/task_server_node
-- Up-to-date: /home/salman/GryphonEC-ROS2/ws_thor/install/thor_server/share/thor_server/action
-- Up-to-date: /home/salman/GryphonEC-ROS2/ws_thor/install/thor_server/share/thor_server/action/PoseTask.action
-- Up-to-date: /home/salman/GryphonEC-ROS2/ws_thor/install/thor_server/share/thor_server/action/JointTask.action
-- Installing: /home/salman/GryphonEC-ROS2/ws_thor/install/thor_server/lib/thor_server/libtask_server.so
-- Set runtime path of "/home/salman/GryphonEC-ROS2/ws_thor/install/thor_server/lib/thor_server/libtask_server.so" to ""
-- Installing: /home/salman/GryphonEC-ROS2/ws_thor/install/thor_server/lib/thor_server/hardware_command_node
-- Set runtime path of "/home/salman/GryphonEC-ROS2/ws_thor/install/thor_server/lib/thor_server/hardware_command_node" to ""
-- Installing: /home/salman/GryphonEC-ROS2/ws_thor/install/thor_server/lib/libtask_server.so
-- Set runtime path of "/home/salman/GryphonEC-ROS2/ws_thor/install/thor_server/lib/libtask_server.so" to ""
-- Up-to-date: /home/salman/GryphonEC-ROS2/ws_thor/install/thor_server/share/ament_index/resource_index/package_run_dependencies/thor_server
-- Installing: /home/salman/GryphonEC-ROS2/ws_thor/install/thor_server/share/ament_index/resource_index/parent_prefix_path/thor_server
-- Installing: /home/salman/GryphonEC-ROS2/ws_thor/install/thor_server/share/thor_server/environment/ament_prefix_path.sh
-- Installing: /home/salman/GryphonEC-ROS2/ws_thor/install/thor_server/share/thor_server/environment/ament_prefix_path.dsv
-- Installing: /home/salman/GryphonEC-ROS2/ws_thor/install/thor_server/share/thor_server/environment/path.sh
-- Installing: /home/salman/GryphonEC-ROS2/ws_thor/install/thor_server/share/thor_server/environment/path.dsv
-- Up-to-date: /home/salman/GryphonEC-ROS2/ws_thor/install/thor_server/share/thor_server/local_setup.bash
-- Up-to-date: /home/salman/GryphonEC-ROS2/ws_thor/install/thor_server/share/thor_server/local_setup.sh
-- Up-to-date: /home/salman/GryphonEC-ROS2/ws_thor/install/thor_server/share/thor_server/local_setup.zsh
-- Installing: /home/salman/GryphonEC-ROS2/ws_thor/install/thor_server/share/thor_server/local_setup.dsv
-- Installing: /home/salman/GryphonEC-ROS2/ws_thor/install/thor_server/share/thor_server/package.dsv
-- Up-to-date: /home/salman/GryphonEC-ROS2/ws_thor/install/thor_server/share/ament_index/resource_index/packages/thor_server
-- Up-to-date: /home/salman/GryphonEC-ROS2/ws_thor/install/thor_server/share/ament_index/resource_index/rclcpp_components/thor_server
-- Up-to-date: /home/salman/GryphonEC-ROS2/ws_thor/install/thor_server/share/thor_server/cmake/export_thor_server__rosidl_generator_cExport.cmake
-- Up-to-date: /home/salman/GryphonEC-ROS2/ws_thor/install/thor_server/share/thor_server/cmake/export_thor_server__rosidl_generator_cExport-noconfig.cmake
-- Up-to-date: /home/salman/GryphonEC-ROS2/ws_thor/install/thor_server/share/thor_server/cmake/export_thor_server__rosidl_typesupport_fastrtps_cExport.cmake
-- Up-to-date: /home/salman/GryphonEC-ROS2/ws_thor/install/thor_server/share/thor_server/cmake/export_thor_server__rosidl_typesupport_fastrtps_cExport-noconfig.cmake
-- Up-to-date: /home/salman/GryphonEC-ROS2/ws_thor/install/thor_server/share/thor_server/cmake/export_thor_server__rosidl_generator_cppExport.cmake
-- Up-to-date: /home/salman/GryphonEC-ROS2/ws_thor/install/thor_server/share/thor_server/cmake/export_thor_server__rosidl_typesupport_fastrtps_cppExport.cmake
-- Up-to-date: /home/salman/GryphonEC-ROS2/ws_thor/install/thor_server/share/thor_server/cmake/export_thor_server__rosidl_typesupport_fastrtps_cppExport-noconfig.cmake
-- Up-to-date: /home/salman/GryphonEC-ROS2/ws_thor/install/thor_server/share/thor_server/cmake/thor_server__rosidl_typesupport_introspection_cExport.cmake
-- Up-to-date: /home/salman/GryphonEC-ROS2/ws_thor/install/thor_server/share/thor_server/cmake/thor_server__rosidl_typesupport_introspection_cExport-noconfig.cmake
-- Up-to-date: /home/salman/GryphonEC-ROS2/ws_thor/install/thor_server/share/thor_server/cmake/thor_server__rosidl_typesupport_cExport.cmake
-- Up-to-date: /home/salman/GryphonEC-ROS2/ws_thor/install/thor_server/share/thor_server/cmake/thor_server__rosidl_typesupport_cExport-noconfig.cmake
-- Up-to-date: /home/salman/GryphonEC-ROS2/ws_thor/install/thor_server/share/thor_server/cmake/thor_server__rosidl_typesupport_introspection_cppExport.cmake
-- Up-to-date: /home/salman/GryphonEC-ROS2/ws_thor/install/thor_server/share/thor_server/cmake/thor_server__rosidl_typesupport_introspection_cppExport-noconfig.cmake
-- Up-to-date: /home/salman/GryphonEC-ROS2/ws_thor/install/thor_server/share/thor_server/cmake/thor_server__rosidl_typesupport_cppExport.cmake
-- Up-to-date: /home/salman/GryphonEC-ROS2/ws_thor/install/thor_server/share/thor_server/cmake/thor_server__rosidl_typesupport_cppExport-noconfig.cmake
-- Up-to-date: /home/salman/GryphonEC-ROS2/ws_thor/install/thor_server/share/thor_server/cmake/export_thor_server__rosidl_generator_pyExport.cmake
-- Up-to-date: /home/salman/GryphonEC-ROS2/ws_thor/install/thor_server/share/thor_server/cmake/export_thor_server__rosidl_generator_pyExport-noconfig.cmake
-- Up-to-date: /home/salman/GryphonEC-ROS2/ws_thor/install/thor_server/share/thor_server/cmake/rosidl_cmake-extras.cmake
-- Up-to-date: /home/salman/GryphonEC-ROS2/ws_thor/install/thor_server/share/thor_server/cmake/ament_cmake_export_dependencies-extras.cmake
-- Up-to-date: /home/salman/GryphonEC-ROS2/ws_thor/install/thor_server/share/thor_server/cmake/ament_cmake_export_include_directories-extras.cmake
-- Up-to-date: /home/salman/GryphonEC-ROS2/ws_thor/install/thor_server/share/thor_server/cmake/ament_cmake_export_libraries-extras.cmake
-- Up-to-date: /home/salman/GryphonEC-ROS2/ws_thor/install/thor_server/share/thor_server/cmake/ament_cmake_export_targets-extras.cmake
-- Up-to-date: /home/salman/GryphonEC-ROS2/ws_thor/install/thor_server/share/thor_server/cmake/rosidl_cmake_export_typesupport_targets-extras.cmake
-- Up-to-date: /home/salman/GryphonEC-ROS2/ws_thor/install/thor_server/share/thor_server/cmake/rosidl_cmake_export_typesupport_libraries-extras.cmake
-- Up-to-date: /home/salman/GryphonEC-ROS2/ws_thor/install/thor_server/share/thor_server/cmake/thor_serverConfig.cmake
-- Up-to-date: /home/salman/GryphonEC-ROS2/ws_thor/install/thor_server/share/thor_server/cmake/thor_serverConfig-version.cmake
-- Installing: /home/salman/GryphonEC-ROS2/ws_thor/install/thor_server/share/thor_server/package.xml
