[0.124s] DEBUG:colcon:Command line arguments: ['/usr/bin/colcon', 'build', '--packages-select', 'thor_status_publisher']
[0.124s] DEBUG:colcon:Parsed command line arguments: Namespace(log_base=None, log_level=None, verb_name='build', build_base='build', install_base='install', merge_install=False, symlink_install=False, test_result_base=None, continue_on_error=False, executor='parallel', parallel_workers=16, event_handlers=None, ignore_user_meta=False, metas=['./colcon.meta'], base_paths=['.'], packages_ignore=None, packages_ignore_regex=None, paths=None, packages_up_to=None, packages_up_to_regex=None, packages_above=None, packages_above_and_dependencies=None, packages_above_depth=None, packages_select_by_dep=None, packages_skip_by_dep=None, packages_skip_up_to=None, packages_select_build_failed=False, packages_skip_build_finished=False, packages_select_test_failures=False, packages_skip_test_passed=False, packages_select=['thor_status_publisher'], packages_skip=None, packages_select_regex=None, packages_skip_regex=None, packages_start=None, packages_end=None, allow_overriding=[], cmake_args=None, cmake_target=None, cmake_target_skip_unavailable=False, cmake_clean_cache=False, cmake_clean_first=False, cmake_force_configure=False, ament_cmake_args=None, catkin_cmake_args=None, catkin_skip_building_tests=False, mixin_files=None, mixin=None, verb_parser=<colcon_mixin.mixin.mixin_argument.MixinArgumentDecorator object at 0x7e57633ae080>, verb_extension=<colcon_core.verb.build.BuildVerb object at 0x7e57634bef50>, main=<bound method BuildVerb.main of <colcon_core.verb.build.BuildVerb object at 0x7e57634bef50>>, mixin_verb=('build',))
[0.351s] Level 1:colcon.colcon_core.package_discovery:discover_packages(colcon_meta) check parameters
[0.351s] Level 1:colcon.colcon_core.package_discovery:discover_packages(recursive) check parameters
[0.351s] Level 1:colcon.colcon_core.package_discovery:discover_packages(ignore) check parameters
[0.351s] Level 1:colcon.colcon_core.package_discovery:discover_packages(path) check parameters
[0.351s] Level 1:colcon.colcon_core.package_discovery:discover_packages(colcon_meta) discover
[0.351s] Level 1:colcon.colcon_core.package_discovery:discover_packages(recursive) discover
[0.351s] INFO:colcon.colcon_core.package_discovery:Crawling recursively for packages in '/home/salman/GryphonEC-ROS2/ws_thor'
[0.351s] Level 1:colcon.colcon_core.package_identification:_identify(.) by extensions ['ignore', 'ignore_ament_install']
[0.351s] Level 1:colcon.colcon_core.package_identification:_identify(.) by extension 'ignore'
[0.351s] Level 1:colcon.colcon_core.package_identification:_identify(.) by extension 'ignore_ament_install'
[0.351s] Level 1:colcon.colcon_core.package_identification:_identify(.) by extensions ['colcon_pkg']
[0.352s] Level 1:colcon.colcon_core.package_identification:_identify(.) by extension 'colcon_pkg'
[0.352s] Level 1:colcon.colcon_core.package_identification:_identify(.) by extensions ['colcon_meta']
[0.352s] Level 1:colcon.colcon_core.package_identification:_identify(.) by extension 'colcon_meta'
[0.352s] Level 1:colcon.colcon_core.package_identification:_identify(.) by extensions ['ros']
[0.352s] Level 1:colcon.colcon_core.package_identification:_identify(.) by extension 'ros'
[0.376s] Level 1:colcon.colcon_core.package_identification:_identify(.) by extensions ['cmake', 'python']
[0.376s] Level 1:colcon.colcon_core.package_identification:_identify(.) by extension 'cmake'
[0.376s] Level 1:colcon.colcon_core.package_identification:_identify(.) by extension 'python'
[0.376s] Level 1:colcon.colcon_core.package_identification:_identify(.) by extensions ['python_setup_py']
[0.376s] Level 1:colcon.colcon_core.package_identification:_identify(.) by extension 'python_setup_py'
[0.377s] Level 1:colcon.colcon_core.package_identification:_identify(build) by extensions ['ignore', 'ignore_ament_install']
[0.377s] Level 1:colcon.colcon_core.package_identification:_identify(build) by extension 'ignore'
[0.377s] Level 1:colcon.colcon_core.package_identification:_identify(build) ignored
[0.377s] Level 1:colcon.colcon_core.package_identification:_identify(install) by extensions ['ignore', 'ignore_ament_install']
[0.377s] Level 1:colcon.colcon_core.package_identification:_identify(install) by extension 'ignore'
[0.377s] Level 1:colcon.colcon_core.package_identification:_identify(install) ignored
[0.377s] Level 1:colcon.colcon_core.package_identification:_identify(log) by extensions ['ignore', 'ignore_ament_install']
[0.377s] Level 1:colcon.colcon_core.package_identification:_identify(log) by extension 'ignore'
[0.377s] Level 1:colcon.colcon_core.package_identification:_identify(log) ignored
[0.377s] Level 1:colcon.colcon_core.package_identification:_identify(src) by extensions ['ignore', 'ignore_ament_install']
[0.377s] Level 1:colcon.colcon_core.package_identification:_identify(src) by extension 'ignore'
[0.377s] Level 1:colcon.colcon_core.package_identification:_identify(src) by extension 'ignore_ament_install'
[0.377s] Level 1:colcon.colcon_core.package_identification:_identify(src) by extensions ['colcon_pkg']
[0.377s] Level 1:colcon.colcon_core.package_identification:_identify(src) by extension 'colcon_pkg'
[0.377s] Level 1:colcon.colcon_core.package_identification:_identify(src) by extensions ['colcon_meta']
[0.377s] Level 1:colcon.colcon_core.package_identification:_identify(src) by extension 'colcon_meta'
[0.377s] Level 1:colcon.colcon_core.package_identification:_identify(src) by extensions ['ros']
[0.377s] Level 1:colcon.colcon_core.package_identification:_identify(src) by extension 'ros'
[0.377s] Level 1:colcon.colcon_core.package_identification:_identify(src) by extensions ['cmake', 'python']
[0.377s] Level 1:colcon.colcon_core.package_identification:_identify(src) by extension 'cmake'
[0.377s] Level 1:colcon.colcon_core.package_identification:_identify(src) by extension 'python'
[0.377s] Level 1:colcon.colcon_core.package_identification:_identify(src) by extensions ['python_setup_py']
[0.377s] Level 1:colcon.colcon_core.package_identification:_identify(src) by extension 'python_setup_py'
[0.378s] Level 1:colcon.colcon_core.package_identification:_identify(src/thor_bringup) by extensions ['ignore', 'ignore_ament_install']
[0.378s] Level 1:colcon.colcon_core.package_identification:_identify(src/thor_bringup) by extension 'ignore'
[0.378s] Level 1:colcon.colcon_core.package_identification:_identify(src/thor_bringup) by extension 'ignore_ament_install'
[0.378s] Level 1:colcon.colcon_core.package_identification:_identify(src/thor_bringup) by extensions ['colcon_pkg']
[0.378s] Level 1:colcon.colcon_core.package_identification:_identify(src/thor_bringup) by extension 'colcon_pkg'
[0.378s] Level 1:colcon.colcon_core.package_identification:_identify(src/thor_bringup) by extensions ['colcon_meta']
[0.378s] Level 1:colcon.colcon_core.package_identification:_identify(src/thor_bringup) by extension 'colcon_meta'
[0.378s] Level 1:colcon.colcon_core.package_identification:_identify(src/thor_bringup) by extensions ['ros']
[0.378s] Level 1:colcon.colcon_core.package_identification:_identify(src/thor_bringup) by extension 'ros'
[0.381s] DEBUG:colcon.colcon_core.package_identification:Package 'src/thor_bringup' with type 'ros.ament_cmake' and name 'thor_bringup'
[0.382s] Level 1:colcon.colcon_core.package_identification:_identify(src/thor_controller) by extensions ['ignore', 'ignore_ament_install']
[0.383s] Level 1:colcon.colcon_core.package_identification:_identify(src/thor_controller) by extension 'ignore'
[0.383s] Level 1:colcon.colcon_core.package_identification:_identify(src/thor_controller) by extension 'ignore_ament_install'
[0.383s] Level 1:colcon.colcon_core.package_identification:_identify(src/thor_controller) by extensions ['colcon_pkg']
[0.383s] Level 1:colcon.colcon_core.package_identification:_identify(src/thor_controller) by extension 'colcon_pkg'
[0.383s] Level 1:colcon.colcon_core.package_identification:_identify(src/thor_controller) by extensions ['colcon_meta']
[0.383s] Level 1:colcon.colcon_core.package_identification:_identify(src/thor_controller) by extension 'colcon_meta'
[0.384s] Level 1:colcon.colcon_core.package_identification:_identify(src/thor_controller) by extensions ['ros']
[0.384s] Level 1:colcon.colcon_core.package_identification:_identify(src/thor_controller) by extension 'ros'
[0.384s] DEBUG:colcon.colcon_core.package_identification:Package 'src/thor_controller' with type 'ros.ament_cmake' and name 'thor_controller'
[0.384s] Level 1:colcon.colcon_core.package_identification:_identify(src/thor_joystick) by extensions ['ignore', 'ignore_ament_install']
[0.384s] Level 1:colcon.colcon_core.package_identification:_identify(src/thor_joystick) by extension 'ignore'
[0.384s] Level 1:colcon.colcon_core.package_identification:_identify(src/thor_joystick) by extension 'ignore_ament_install'
[0.384s] Level 1:colcon.colcon_core.package_identification:_identify(src/thor_joystick) by extensions ['colcon_pkg']
[0.384s] Level 1:colcon.colcon_core.package_identification:_identify(src/thor_joystick) by extension 'colcon_pkg'
[0.384s] Level 1:colcon.colcon_core.package_identification:_identify(src/thor_joystick) by extensions ['colcon_meta']
[0.384s] Level 1:colcon.colcon_core.package_identification:_identify(src/thor_joystick) by extension 'colcon_meta'
[0.385s] Level 1:colcon.colcon_core.package_identification:_identify(src/thor_joystick) by extensions ['ros']
[0.385s] Level 1:colcon.colcon_core.package_identification:_identify(src/thor_joystick) by extension 'ros'
[0.385s] DEBUG:colcon.colcon_core.package_identification:Package 'src/thor_joystick' with type 'ros.ament_cmake' and name 'thor_joystick'
[0.385s] Level 1:colcon.colcon_core.package_identification:_identify(src/thor_moveit) by extensions ['ignore', 'ignore_ament_install']
[0.385s] Level 1:colcon.colcon_core.package_identification:_identify(src/thor_moveit) by extension 'ignore'
[0.385s] Level 1:colcon.colcon_core.package_identification:_identify(src/thor_moveit) by extension 'ignore_ament_install'
[0.385s] Level 1:colcon.colcon_core.package_identification:_identify(src/thor_moveit) by extensions ['colcon_pkg']
[0.385s] Level 1:colcon.colcon_core.package_identification:_identify(src/thor_moveit) by extension 'colcon_pkg'
[0.385s] Level 1:colcon.colcon_core.package_identification:_identify(src/thor_moveit) by extensions ['colcon_meta']
[0.385s] Level 1:colcon.colcon_core.package_identification:_identify(src/thor_moveit) by extension 'colcon_meta'
[0.385s] Level 1:colcon.colcon_core.package_identification:_identify(src/thor_moveit) by extensions ['ros']
[0.385s] Level 1:colcon.colcon_core.package_identification:_identify(src/thor_moveit) by extension 'ros'
[0.386s] DEBUG:colcon.colcon_core.package_identification:Package 'src/thor_moveit' with type 'ros.ament_cmake' and name 'thor_moveit'
[0.386s] Level 1:colcon.colcon_core.package_identification:_identify(src/thor_msgs) by extensions ['ignore', 'ignore_ament_install']
[0.386s] Level 1:colcon.colcon_core.package_identification:_identify(src/thor_msgs) by extension 'ignore'
[0.386s] Level 1:colcon.colcon_core.package_identification:_identify(src/thor_msgs) by extension 'ignore_ament_install'
[0.386s] Level 1:colcon.colcon_core.package_identification:_identify(src/thor_msgs) by extensions ['colcon_pkg']
[0.386s] Level 1:colcon.colcon_core.package_identification:_identify(src/thor_msgs) by extension 'colcon_pkg'
[0.386s] Level 1:colcon.colcon_core.package_identification:_identify(src/thor_msgs) by extensions ['colcon_meta']
[0.386s] Level 1:colcon.colcon_core.package_identification:_identify(src/thor_msgs) by extension 'colcon_meta'
[0.386s] Level 1:colcon.colcon_core.package_identification:_identify(src/thor_msgs) by extensions ['ros']
[0.386s] Level 1:colcon.colcon_core.package_identification:_identify(src/thor_msgs) by extension 'ros'
[0.387s] DEBUG:colcon.colcon_core.package_identification:Package 'src/thor_msgs' with type 'ros.ament_cmake' and name 'thor_msgs'
[0.387s] Level 1:colcon.colcon_core.package_identification:_identify(src/thor_server) by extensions ['ignore', 'ignore_ament_install']
[0.387s] Level 1:colcon.colcon_core.package_identification:_identify(src/thor_server) by extension 'ignore'
[0.387s] Level 1:colcon.colcon_core.package_identification:_identify(src/thor_server) by extension 'ignore_ament_install'
[0.387s] Level 1:colcon.colcon_core.package_identification:_identify(src/thor_server) by extensions ['colcon_pkg']
[0.387s] Level 1:colcon.colcon_core.package_identification:_identify(src/thor_server) by extension 'colcon_pkg'
[0.387s] Level 1:colcon.colcon_core.package_identification:_identify(src/thor_server) by extensions ['colcon_meta']
[0.387s] Level 1:colcon.colcon_core.package_identification:_identify(src/thor_server) by extension 'colcon_meta'
[0.387s] Level 1:colcon.colcon_core.package_identification:_identify(src/thor_server) by extensions ['ros']
[0.387s] Level 1:colcon.colcon_core.package_identification:_identify(src/thor_server) by extension 'ros'
[0.388s] DEBUG:colcon.colcon_core.package_identification:Package 'src/thor_server' with type 'ros.ament_cmake' and name 'thor_server'
[0.388s] Level 1:colcon.colcon_core.package_identification:_identify(src/thor_status_publisher) by extensions ['ignore', 'ignore_ament_install']
[0.388s] Level 1:colcon.colcon_core.package_identification:_identify(src/thor_status_publisher) by extension 'ignore'
[0.388s] Level 1:colcon.colcon_core.package_identification:_identify(src/thor_status_publisher) by extension 'ignore_ament_install'
[0.388s] Level 1:colcon.colcon_core.package_identification:_identify(src/thor_status_publisher) by extensions ['colcon_pkg']
[0.388s] Level 1:colcon.colcon_core.package_identification:_identify(src/thor_status_publisher) by extension 'colcon_pkg'
[0.388s] Level 1:colcon.colcon_core.package_identification:_identify(src/thor_status_publisher) by extensions ['colcon_meta']
[0.388s] Level 1:colcon.colcon_core.package_identification:_identify(src/thor_status_publisher) by extension 'colcon_meta'
[0.388s] Level 1:colcon.colcon_core.package_identification:_identify(src/thor_status_publisher) by extensions ['ros']
[0.388s] Level 1:colcon.colcon_core.package_identification:_identify(src/thor_status_publisher) by extension 'ros'
[0.389s] DEBUG:colcon.colcon_core.package_identification:Package 'src/thor_status_publisher' with type 'ros.ament_python' and name 'thor_status_publisher'
[0.389s] Level 1:colcon.colcon_core.package_identification:_identify(src/thor_tests) by extensions ['ignore', 'ignore_ament_install']
[0.389s] Level 1:colcon.colcon_core.package_identification:_identify(src/thor_tests) by extension 'ignore'
[0.389s] Level 1:colcon.colcon_core.package_identification:_identify(src/thor_tests) by extension 'ignore_ament_install'
[0.389s] Level 1:colcon.colcon_core.package_identification:_identify(src/thor_tests) by extensions ['colcon_pkg']
[0.389s] Level 1:colcon.colcon_core.package_identification:_identify(src/thor_tests) by extension 'colcon_pkg'
[0.389s] Level 1:colcon.colcon_core.package_identification:_identify(src/thor_tests) by extensions ['colcon_meta']
[0.389s] Level 1:colcon.colcon_core.package_identification:_identify(src/thor_tests) by extension 'colcon_meta'
[0.389s] Level 1:colcon.colcon_core.package_identification:_identify(src/thor_tests) by extensions ['ros']
[0.389s] Level 1:colcon.colcon_core.package_identification:_identify(src/thor_tests) by extension 'ros'
[0.389s] Level 1:colcon.colcon_core.package_identification:_identify(src/thor_tests) by extensions ['cmake', 'python']
[0.389s] Level 1:colcon.colcon_core.package_identification:_identify(src/thor_tests) by extension 'cmake'
[0.389s] Level 1:colcon.colcon_core.package_identification:_identify(src/thor_tests) by extension 'python'
[0.389s] Level 1:colcon.colcon_core.package_identification:_identify(src/thor_tests) by extensions ['python_setup_py']
[0.389s] Level 1:colcon.colcon_core.package_identification:_identify(src/thor_tests) by extension 'python_setup_py'
[0.389s] Level 1:colcon.colcon_core.package_identification:_identify(src/thor_tests/src) by extensions ['ignore', 'ignore_ament_install']
[0.389s] Level 1:colcon.colcon_core.package_identification:_identify(src/thor_tests/src) by extension 'ignore'
[0.389s] Level 1:colcon.colcon_core.package_identification:_identify(src/thor_tests/src) by extension 'ignore_ament_install'
[0.389s] Level 1:colcon.colcon_core.package_identification:_identify(src/thor_tests/src) by extensions ['colcon_pkg']
[0.389s] Level 1:colcon.colcon_core.package_identification:_identify(src/thor_tests/src) by extension 'colcon_pkg'
[0.390s] Level 1:colcon.colcon_core.package_identification:_identify(src/thor_tests/src) by extensions ['colcon_meta']
[0.390s] Level 1:colcon.colcon_core.package_identification:_identify(src/thor_tests/src) by extension 'colcon_meta'
[0.390s] Level 1:colcon.colcon_core.package_identification:_identify(src/thor_tests/src) by extensions ['ros']
[0.390s] Level 1:colcon.colcon_core.package_identification:_identify(src/thor_tests/src) by extension 'ros'
[0.390s] Level 1:colcon.colcon_core.package_identification:_identify(src/thor_tests/src) by extensions ['cmake', 'python']
[0.390s] Level 1:colcon.colcon_core.package_identification:_identify(src/thor_tests/src) by extension 'cmake'
[0.390s] Level 1:colcon.colcon_core.package_identification:_identify(src/thor_tests/src) by extension 'python'
[0.390s] Level 1:colcon.colcon_core.package_identification:_identify(src/thor_tests/src) by extensions ['python_setup_py']
[0.390s] Level 1:colcon.colcon_core.package_identification:_identify(src/thor_tests/src) by extension 'python_setup_py'
[0.390s] Level 1:colcon.colcon_core.package_identification:_identify(src/thor_urdf) by extensions ['ignore', 'ignore_ament_install']
[0.390s] Level 1:colcon.colcon_core.package_identification:_identify(src/thor_urdf) by extension 'ignore'
[0.390s] Level 1:colcon.colcon_core.package_identification:_identify(src/thor_urdf) by extension 'ignore_ament_install'
[0.390s] Level 1:colcon.colcon_core.package_identification:_identify(src/thor_urdf) by extensions ['colcon_pkg']
[0.390s] Level 1:colcon.colcon_core.package_identification:_identify(src/thor_urdf) by extension 'colcon_pkg'
[0.390s] Level 1:colcon.colcon_core.package_identification:_identify(src/thor_urdf) by extensions ['colcon_meta']
[0.390s] Level 1:colcon.colcon_core.package_identification:_identify(src/thor_urdf) by extension 'colcon_meta'
[0.390s] Level 1:colcon.colcon_core.package_identification:_identify(src/thor_urdf) by extensions ['ros']
[0.390s] Level 1:colcon.colcon_core.package_identification:_identify(src/thor_urdf) by extension 'ros'
[0.390s] DEBUG:colcon.colcon_core.package_identification:Package 'src/thor_urdf' with type 'ros.ament_cmake' and name 'thor_urdf'
[0.390s] Level 1:colcon.colcon_core.package_discovery:discover_packages(recursive) using defaults
[0.390s] Level 1:colcon.colcon_core.package_discovery:discover_packages(ignore) discover
[0.391s] Level 1:colcon.colcon_core.package_discovery:discover_packages(ignore) using defaults
[0.391s] Level 1:colcon.colcon_core.package_discovery:discover_packages(path) discover
[0.391s] Level 1:colcon.colcon_core.package_discovery:discover_packages(path) using defaults
[0.413s] INFO:colcon.colcon_core.package_selection:Skipping not selected package 'thor_controller' in 'src/thor_controller'
[0.414s] INFO:colcon.colcon_core.package_selection:Skipping not selected package 'thor_msgs' in 'src/thor_msgs'
[0.414s] INFO:colcon.colcon_core.package_selection:Skipping not selected package 'thor_urdf' in 'src/thor_urdf'
[0.414s] INFO:colcon.colcon_core.package_selection:Skipping not selected package 'thor_moveit' in 'src/thor_moveit'
[0.414s] INFO:colcon.colcon_core.package_selection:Skipping not selected package 'thor_server' in 'src/thor_server'
[0.414s] INFO:colcon.colcon_core.package_selection:Skipping not selected package 'thor_bringup' in 'src/thor_bringup'
[0.414s] INFO:colcon.colcon_core.package_selection:Skipping not selected package 'thor_joystick' in 'src/thor_joystick'
[0.414s] Level 1:colcon.colcon_core.package_discovery:discover_packages(prefix_path) check parameters
[0.414s] Level 1:colcon.colcon_core.package_discovery:discover_packages(prefix_path) discover
[0.416s] DEBUG:colcon.colcon_installed_package_information.package_discovery:Found 8 installed packages in /home/salman/GryphonEC-ROS2/ws_thor/install
[0.417s] DEBUG:colcon.colcon_installed_package_information.package_discovery:Found 468 installed packages in /opt/ros/humble
[0.419s] Level 1:colcon.colcon_core.package_discovery:discover_packages(prefix_path) using defaults
[0.478s] Level 5:colcon.colcon_core.verb:set package 'thor_status_publisher' build argument 'cmake_args' from command line to 'None'
[0.478s] Level 5:colcon.colcon_core.verb:set package 'thor_status_publisher' build argument 'cmake_target' from command line to 'None'
[0.478s] Level 5:colcon.colcon_core.verb:set package 'thor_status_publisher' build argument 'cmake_target_skip_unavailable' from command line to 'False'
[0.478s] Level 5:colcon.colcon_core.verb:set package 'thor_status_publisher' build argument 'cmake_clean_cache' from command line to 'False'
[0.478s] Level 5:colcon.colcon_core.verb:set package 'thor_status_publisher' build argument 'cmake_clean_first' from command line to 'False'
[0.478s] Level 5:colcon.colcon_core.verb:set package 'thor_status_publisher' build argument 'cmake_force_configure' from command line to 'False'
[0.478s] Level 5:colcon.colcon_core.verb:set package 'thor_status_publisher' build argument 'ament_cmake_args' from command line to 'None'
[0.478s] Level 5:colcon.colcon_core.verb:set package 'thor_status_publisher' build argument 'catkin_cmake_args' from command line to 'None'
[0.478s] Level 5:colcon.colcon_core.verb:set package 'thor_status_publisher' build argument 'catkin_skip_building_tests' from command line to 'False'
[0.478s] DEBUG:colcon.colcon_core.verb:Building package 'thor_status_publisher' with the following arguments: {'ament_cmake_args': None, 'build_base': '/home/salman/GryphonEC-ROS2/ws_thor/build/thor_status_publisher', 'catkin_cmake_args': None, 'catkin_skip_building_tests': False, 'cmake_args': None, 'cmake_clean_cache': False, 'cmake_clean_first': False, 'cmake_force_configure': False, 'cmake_target': None, 'cmake_target_skip_unavailable': False, 'install_base': '/home/salman/GryphonEC-ROS2/ws_thor/install/thor_status_publisher', 'merge_install': False, 'path': '/home/salman/GryphonEC-ROS2/ws_thor/src/thor_status_publisher', 'symlink_install': False, 'test_result_base': None}
[0.478s] INFO:colcon.colcon_core.executor:Executing jobs using 'parallel' executor
[0.479s] DEBUG:colcon.colcon_parallel_executor.executor.parallel:run_until_complete
[0.480s] INFO:colcon.colcon_ros.task.ament_python.build:Building ROS package in '/home/salman/GryphonEC-ROS2/ws_thor/src/thor_status_publisher' with build type 'ament_python'
[0.480s] Level 1:colcon.colcon_core.shell:create_environment_hook('thor_status_publisher', 'ament_prefix_path')
[0.482s] INFO:colcon.colcon_core.plugin_system:Skipping extension 'colcon_core.shell.bat': Not used on non-Windows systems
[0.482s] INFO:colcon.colcon_core.shell:Creating environment hook '/home/salman/GryphonEC-ROS2/ws_thor/install/thor_status_publisher/share/thor_status_publisher/hook/ament_prefix_path.ps1'
[0.482s] INFO:colcon.colcon_core.shell:Creating environment descriptor '/home/salman/GryphonEC-ROS2/ws_thor/install/thor_status_publisher/share/thor_status_publisher/hook/ament_prefix_path.dsv'
[0.482s] INFO:colcon.colcon_core.shell:Creating environment hook '/home/salman/GryphonEC-ROS2/ws_thor/install/thor_status_publisher/share/thor_status_publisher/hook/ament_prefix_path.sh'
[0.483s] INFO:colcon.colcon_core.shell:Skip shell extension 'powershell' for command environment: Not usable outside of PowerShell
[0.483s] DEBUG:colcon.colcon_core.shell:Skip shell extension 'dsv' for command environment
[0.806s] INFO:colcon.colcon_core.task.python.build:Building Python package in '/home/salman/GryphonEC-ROS2/ws_thor/src/thor_status_publisher'
[0.806s] INFO:colcon.colcon_core.shell:Skip shell extension 'powershell' for command environment: Not usable outside of PowerShell
[0.806s] DEBUG:colcon.colcon_core.shell:Skip shell extension 'dsv' for command environment
[1.234s] DEBUG:colcon.colcon_core.event_handler.log_command:Invoking command in '/home/salman/GryphonEC-ROS2/ws_thor/src/thor_status_publisher': CMAKE_PREFIX_PATH=/home/salman/GryphonEC-ROS2/ws_thor/install/thor_msgs:/home/salman/GryphonEC-ROS2/ws_thor/install/thor_bringup:/home/salman/GryphonEC-ROS2/ws_thor/install/thor_moveit:/home/salman/GryphonEC-ROS2/ws_thor/install/thor_urdf:/home/salman/GryphonEC-ROS2/ws_thor/install/thor_joystick:/home/salman/GryphonEC-ROS2/ws_thor/install/thor_server:/home/salman/GryphonEC-ROS2/ws_thor/install/thor_controller LD_LIBRARY_PATH=/home/salman/GryphonEC-ROS2/ws_thor/install/thor_msgs/lib:/usr/local/cuda-12.8/lib64:/home/salman/GryphonEC-ROS2/ws_thor/install/thor_server/lib:/home/salman/GryphonEC-ROS2/ws_thor/install/thor_controller/lib:/usr/local/cuda-12.8/lib64:/usr/lib/x86_64-linux-gnu/gazebo-11/plugins:/opt/ros/humble/opt/rviz_ogre_vendor/lib:/opt/ros/humble/lib/x86_64-linux-gnu:/opt/ros/humble/lib PYTHONPATH=/home/salman/GryphonEC-ROS2/ws_thor/build/thor_status_publisher/prefix_override:/usr/lib/python3/dist-packages/colcon_core/task/python/colcon_distutils_commands:/home/salman/GryphonEC-ROS2/ws_thor/install/thor_status_publisher/lib/python3.10/site-packages:${PYTHONPATH} /usr/bin/python3 -W ignore:setup.py install is deprecated -W ignore:easy_install command is deprecated setup.py egg_info --egg-base ../../build/thor_status_publisher build --build-base /home/salman/GryphonEC-ROS2/ws_thor/build/thor_status_publisher/build install --record /home/salman/GryphonEC-ROS2/ws_thor/build/thor_status_publisher/install.log --single-version-externally-managed install_data
[1.578s] DEBUG:colcon.colcon_core.event_handler.log_command:Invoked command in '/home/salman/GryphonEC-ROS2/ws_thor/src/thor_status_publisher' returned '0': CMAKE_PREFIX_PATH=/home/salman/GryphonEC-ROS2/ws_thor/install/thor_msgs:/home/salman/GryphonEC-ROS2/ws_thor/install/thor_bringup:/home/salman/GryphonEC-ROS2/ws_thor/install/thor_moveit:/home/salman/GryphonEC-ROS2/ws_thor/install/thor_urdf:/home/salman/GryphonEC-ROS2/ws_thor/install/thor_joystick:/home/salman/GryphonEC-ROS2/ws_thor/install/thor_server:/home/salman/GryphonEC-ROS2/ws_thor/install/thor_controller LD_LIBRARY_PATH=/home/salman/GryphonEC-ROS2/ws_thor/install/thor_msgs/lib:/usr/local/cuda-12.8/lib64:/home/salman/GryphonEC-ROS2/ws_thor/install/thor_server/lib:/home/salman/GryphonEC-ROS2/ws_thor/install/thor_controller/lib:/usr/local/cuda-12.8/lib64:/usr/lib/x86_64-linux-gnu/gazebo-11/plugins:/opt/ros/humble/opt/rviz_ogre_vendor/lib:/opt/ros/humble/lib/x86_64-linux-gnu:/opt/ros/humble/lib PYTHONPATH=/home/salman/GryphonEC-ROS2/ws_thor/build/thor_status_publisher/prefix_override:/usr/lib/python3/dist-packages/colcon_core/task/python/colcon_distutils_commands:/home/salman/GryphonEC-ROS2/ws_thor/install/thor_status_publisher/lib/python3.10/site-packages:${PYTHONPATH} /usr/bin/python3 -W ignore:setup.py install is deprecated -W ignore:easy_install command is deprecated setup.py egg_info --egg-base ../../build/thor_status_publisher build --build-base /home/salman/GryphonEC-ROS2/ws_thor/build/thor_status_publisher/build install --record /home/salman/GryphonEC-ROS2/ws_thor/build/thor_status_publisher/install.log --single-version-externally-managed install_data
[1.579s] Level 1:colcon.colcon_core.environment:checking '/home/salman/GryphonEC-ROS2/ws_thor/install/thor_status_publisher' for CMake module files
[1.580s] Level 1:colcon.colcon_core.environment:checking '/home/salman/GryphonEC-ROS2/ws_thor/install/thor_status_publisher' for CMake config files
[1.580s] Level 1:colcon.colcon_core.environment:checking '/home/salman/GryphonEC-ROS2/ws_thor/install/thor_status_publisher/lib'
[1.580s] Level 1:colcon.colcon_core.environment:checking '/home/salman/GryphonEC-ROS2/ws_thor/install/thor_status_publisher/bin'
[1.580s] Level 1:colcon.colcon_core.environment:checking '/home/salman/GryphonEC-ROS2/ws_thor/install/thor_status_publisher/lib/pkgconfig/thor_status_publisher.pc'
[1.580s] Level 1:colcon.colcon_core.environment:checking '/home/salman/GryphonEC-ROS2/ws_thor/install/thor_status_publisher/lib/python3.10/site-packages'
[1.580s] Level 1:colcon.colcon_core.shell:create_environment_hook('thor_status_publisher', 'pythonpath')
[1.581s] INFO:colcon.colcon_core.shell:Creating environment hook '/home/salman/GryphonEC-ROS2/ws_thor/install/thor_status_publisher/share/thor_status_publisher/hook/pythonpath.ps1'
[1.581s] INFO:colcon.colcon_core.shell:Creating environment descriptor '/home/salman/GryphonEC-ROS2/ws_thor/install/thor_status_publisher/share/thor_status_publisher/hook/pythonpath.dsv'
[1.581s] INFO:colcon.colcon_core.shell:Creating environment hook '/home/salman/GryphonEC-ROS2/ws_thor/install/thor_status_publisher/share/thor_status_publisher/hook/pythonpath.sh'
[1.582s] Level 1:colcon.colcon_core.environment:checking '/home/salman/GryphonEC-ROS2/ws_thor/install/thor_status_publisher/bin'
[1.582s] Level 1:colcon.colcon_core.environment:create_environment_scripts_only(thor_status_publisher)
[1.583s] INFO:colcon.colcon_core.shell:Creating package script '/home/salman/GryphonEC-ROS2/ws_thor/install/thor_status_publisher/share/thor_status_publisher/package.ps1'
[1.586s] INFO:colcon.colcon_core.shell:Creating package descriptor '/home/salman/GryphonEC-ROS2/ws_thor/install/thor_status_publisher/share/thor_status_publisher/package.dsv'
[1.587s] INFO:colcon.colcon_core.shell:Creating package script '/home/salman/GryphonEC-ROS2/ws_thor/install/thor_status_publisher/share/thor_status_publisher/package.sh'
[1.587s] INFO:colcon.colcon_core.shell:Creating package script '/home/salman/GryphonEC-ROS2/ws_thor/install/thor_status_publisher/share/thor_status_publisher/package.bash'
[1.588s] INFO:colcon.colcon_core.shell:Creating package script '/home/salman/GryphonEC-ROS2/ws_thor/install/thor_status_publisher/share/thor_status_publisher/package.zsh'
[1.588s] Level 1:colcon.colcon_core.environment:create_file_with_runtime_dependencies(/home/salman/GryphonEC-ROS2/ws_thor/install/thor_status_publisher/share/colcon-core/packages/thor_status_publisher)
[1.588s] DEBUG:colcon.colcon_parallel_executor.executor.parallel:closing loop
[1.589s] DEBUG:colcon.colcon_parallel_executor.executor.parallel:loop closed
[1.589s] DEBUG:colcon.colcon_parallel_executor.executor.parallel:run_until_complete finished with '0'
[1.589s] DEBUG:colcon.colcon_core.event_reactor:joining thread
[1.593s] INFO:colcon.colcon_core.plugin_system:Skipping extension 'colcon_notification.desktop_notification.terminal_notifier': Not used on non-Darwin systems
[1.593s] INFO:colcon.colcon_core.plugin_system:Skipping extension 'colcon_notification.desktop_notification.win32': Not used on non-Windows systems
[1.593s] INFO:colcon.colcon_notification.desktop_notification:Sending desktop notification using 'notify2'
[1.606s] DEBUG:colcon.colcon_core.event_reactor:joined thread
[1.606s] INFO:colcon.colcon_core.shell:Creating prefix script '/home/salman/GryphonEC-ROS2/ws_thor/install/local_setup.ps1'
[1.607s] INFO:colcon.colcon_core.shell:Creating prefix util module '/home/salman/GryphonEC-ROS2/ws_thor/install/_local_setup_util_ps1.py'
[1.611s] INFO:colcon.colcon_core.shell:Creating prefix chain script '/home/salman/GryphonEC-ROS2/ws_thor/install/setup.ps1'
[1.613s] INFO:colcon.colcon_core.shell:Creating prefix script '/home/salman/GryphonEC-ROS2/ws_thor/install/local_setup.sh'
[1.613s] INFO:colcon.colcon_core.shell:Creating prefix util module '/home/salman/GryphonEC-ROS2/ws_thor/install/_local_setup_util_sh.py'
[1.614s] INFO:colcon.colcon_core.shell:Creating prefix chain script '/home/salman/GryphonEC-ROS2/ws_thor/install/setup.sh'
[1.615s] INFO:colcon.colcon_core.shell:Creating prefix script '/home/salman/GryphonEC-ROS2/ws_thor/install/local_setup.bash'
[1.615s] INFO:colcon.colcon_core.shell:Creating prefix chain script '/home/salman/GryphonEC-ROS2/ws_thor/install/setup.bash'
[1.616s] INFO:colcon.colcon_core.shell:Creating prefix script '/home/salman/GryphonEC-ROS2/ws_thor/install/local_setup.zsh'
[1.616s] INFO:colcon.colcon_core.shell:Creating prefix chain script '/home/salman/GryphonEC-ROS2/ws_thor/install/setup.zsh'
