[0.012s] Invoking command in '/home/salman/GryphonEC-ROS2/ws_thor/build/thor_joystick': CMAKE_PREFIX_PATH=/home/salman/GryphonEC-ROS2/ws_thor/install/thor_server:/home/salman/GryphonEC-ROS2/ws_thor/install/thor_controller:/home/salman/GryphonEC-ROS2/ws_thor/install/thor_bringup:/home/salman/GryphonEC-ROS2/ws_thor/install/thor_moveit:/home/salman/GryphonEC-ROS2/ws_thor/install/thor_urdf:/home/salman/GryphonEC-ROS2/ws_thor/install/thor_joystick:/home/salman/GryphonEC-ROS2/ws_thor/install/thor_msgs:/home/salman/GryphonEC-ROS2/ws_thor/install/thor_status_publisher:/opt/ros/humble LD_LIBRARY_PATH=/home/salman/GryphonEC-ROS2/ws_thor/install/thor_server/lib:/home/salman/GryphonEC-ROS2/ws_thor/install/thor_controller/lib:/usr/local/cuda-12.8/lib64:/home/salman/GryphonEC-ROS2/ws_thor/install/thor_msgs/lib:/usr/local/cuda-12.8/lib64:/usr/lib/x86_64-linux-gnu/gazebo-11/plugins:/opt/ros/humble/opt/rviz_ogre_vendor/lib:/opt/ros/humble/lib/x86_64-linux-gnu:/opt/ros/humble/lib /usr/bin/cmake --build /home/salman/GryphonEC-ROS2/ws_thor/build/thor_joystick -- -j16 -l16
[0.070s] [ 66%] Built target joystick_joint_controller
[0.070s] [ 66%] Built target joystick_pose_controller
[0.070s] [100%] Built target joystick_moveit_controller
[0.082s] Invoked command in '/home/salman/GryphonEC-ROS2/ws_thor/build/thor_joystick' returned '0': CMAKE_PREFIX_PATH=/home/salman/GryphonEC-ROS2/ws_thor/install/thor_server:/home/salman/GryphonEC-ROS2/ws_thor/install/thor_controller:/home/salman/GryphonEC-ROS2/ws_thor/install/thor_bringup:/home/salman/GryphonEC-ROS2/ws_thor/install/thor_moveit:/home/salman/GryphonEC-ROS2/ws_thor/install/thor_urdf:/home/salman/GryphonEC-ROS2/ws_thor/install/thor_joystick:/home/salman/GryphonEC-ROS2/ws_thor/install/thor_msgs:/home/salman/GryphonEC-ROS2/ws_thor/install/thor_status_publisher:/opt/ros/humble LD_LIBRARY_PATH=/home/salman/GryphonEC-ROS2/ws_thor/install/thor_server/lib:/home/salman/GryphonEC-ROS2/ws_thor/install/thor_controller/lib:/usr/local/cuda-12.8/lib64:/home/salman/GryphonEC-ROS2/ws_thor/install/thor_msgs/lib:/usr/local/cuda-12.8/lib64:/usr/lib/x86_64-linux-gnu/gazebo-11/plugins:/opt/ros/humble/opt/rviz_ogre_vendor/lib:/opt/ros/humble/lib/x86_64-linux-gnu:/opt/ros/humble/lib /usr/bin/cmake --build /home/salman/GryphonEC-ROS2/ws_thor/build/thor_joystick -- -j16 -l16
[0.084s] Invoking command in '/home/salman/GryphonEC-ROS2/ws_thor/build/thor_joystick': CMAKE_PREFIX_PATH=/home/salman/GryphonEC-ROS2/ws_thor/install/thor_server:/home/salman/GryphonEC-ROS2/ws_thor/install/thor_controller:/home/salman/GryphonEC-ROS2/ws_thor/install/thor_bringup:/home/salman/GryphonEC-ROS2/ws_thor/install/thor_moveit:/home/salman/GryphonEC-ROS2/ws_thor/install/thor_urdf:/home/salman/GryphonEC-ROS2/ws_thor/install/thor_joystick:/home/salman/GryphonEC-ROS2/ws_thor/install/thor_msgs:/home/salman/GryphonEC-ROS2/ws_thor/install/thor_status_publisher:/opt/ros/humble LD_LIBRARY_PATH=/home/salman/GryphonEC-ROS2/ws_thor/install/thor_server/lib:/home/salman/GryphonEC-ROS2/ws_thor/install/thor_controller/lib:/usr/local/cuda-12.8/lib64:/home/salman/GryphonEC-ROS2/ws_thor/install/thor_msgs/lib:/usr/local/cuda-12.8/lib64:/usr/lib/x86_64-linux-gnu/gazebo-11/plugins:/opt/ros/humble/opt/rviz_ogre_vendor/lib:/opt/ros/humble/lib/x86_64-linux-gnu:/opt/ros/humble/lib /usr/bin/cmake --install /home/salman/GryphonEC-ROS2/ws_thor/build/thor_joystick
[0.090s] -- Install configuration: ""
[0.091s] -- Up-to-date: /home/salman/GryphonEC-ROS2/ws_thor/install/thor_joystick/lib/thor_joystick/joystick_moveit_controller
[0.091s] -- Up-to-date: /home/salman/GryphonEC-ROS2/ws_thor/install/thor_joystick/lib/thor_joystick/joystick_joint_controller
[0.091s] -- Up-to-date: /home/salman/GryphonEC-ROS2/ws_thor/install/thor_joystick/lib/thor_joystick/joystick_pose_controller
[0.091s] -- Up-to-date: /home/salman/GryphonEC-ROS2/ws_thor/install/thor_joystick/share/thor_joystick//launch
[0.092s] -- Up-to-date: /home/salman/GryphonEC-ROS2/ws_thor/install/thor_joystick/share/thor_joystick//launch/joy_pose.launch.py
[0.092s] -- Up-to-date: /home/salman/GryphonEC-ROS2/ws_thor/install/thor_joystick/share/thor_joystick//launch/joy_joint.launch.py
[0.092s] -- Up-to-date: /home/salman/GryphonEC-ROS2/ws_thor/install/thor_joystick/share/thor_joystick//launch/joystick_control.launch.py
[0.092s] -- Up-to-date: /home/salman/GryphonEC-ROS2/ws_thor/install/thor_joystick/share/ament_index/resource_index/package_run_dependencies/thor_joystick
[0.092s] -- Up-to-date: /home/salman/GryphonEC-ROS2/ws_thor/install/thor_joystick/share/ament_index/resource_index/parent_prefix_path/thor_joystick
[0.092s] -- Up-to-date: /home/salman/GryphonEC-ROS2/ws_thor/install/thor_joystick/share/thor_joystick/environment/ament_prefix_path.sh
[0.092s] -- Up-to-date: /home/salman/GryphonEC-ROS2/ws_thor/install/thor_joystick/share/thor_joystick/environment/ament_prefix_path.dsv
[0.092s] -- Up-to-date: /home/salman/GryphonEC-ROS2/ws_thor/install/thor_joystick/share/thor_joystick/environment/path.sh
[0.092s] -- Up-to-date: /home/salman/GryphonEC-ROS2/ws_thor/install/thor_joystick/share/thor_joystick/environment/path.dsv
[0.092s] -- Up-to-date: /home/salman/GryphonEC-ROS2/ws_thor/install/thor_joystick/share/thor_joystick/local_setup.bash
[0.092s] -- Up-to-date: /home/salman/GryphonEC-ROS2/ws_thor/install/thor_joystick/share/thor_joystick/local_setup.sh
[0.092s] -- Up-to-date: /home/salman/GryphonEC-ROS2/ws_thor/install/thor_joystick/share/thor_joystick/local_setup.zsh
[0.092s] -- Up-to-date: /home/salman/GryphonEC-ROS2/ws_thor/install/thor_joystick/share/thor_joystick/local_setup.dsv
[0.092s] -- Installing: /home/salman/GryphonEC-ROS2/ws_thor/install/thor_joystick/share/thor_joystick/package.dsv
[0.092s] -- Up-to-date: /home/salman/GryphonEC-ROS2/ws_thor/install/thor_joystick/share/ament_index/resource_index/packages/thor_joystick
[0.092s] -- Up-to-date: /home/salman/GryphonEC-ROS2/ws_thor/install/thor_joystick/share/thor_joystick/cmake/thor_joystickConfig.cmake
[0.092s] -- Up-to-date: /home/salman/GryphonEC-ROS2/ws_thor/install/thor_joystick/share/thor_joystick/cmake/thor_joystickConfig-version.cmake
[0.092s] -- Up-to-date: /home/salman/GryphonEC-ROS2/ws_thor/install/thor_joystick/share/thor_joystick/package.xml
[0.094s] Invoked command in '/home/salman/GryphonEC-ROS2/ws_thor/build/thor_joystick' returned '0': CMAKE_PREFIX_PATH=/home/salman/GryphonEC-ROS2/ws_thor/install/thor_server:/home/salman/GryphonEC-ROS2/ws_thor/install/thor_controller:/home/salman/GryphonEC-ROS2/ws_thor/install/thor_bringup:/home/salman/GryphonEC-ROS2/ws_thor/install/thor_moveit:/home/salman/GryphonEC-ROS2/ws_thor/install/thor_urdf:/home/salman/GryphonEC-ROS2/ws_thor/install/thor_joystick:/home/salman/GryphonEC-ROS2/ws_thor/install/thor_msgs:/home/salman/GryphonEC-ROS2/ws_thor/install/thor_status_publisher:/opt/ros/humble LD_LIBRARY_PATH=/home/salman/GryphonEC-ROS2/ws_thor/install/thor_server/lib:/home/salman/GryphonEC-ROS2/ws_thor/install/thor_controller/lib:/usr/local/cuda-12.8/lib64:/home/salman/GryphonEC-ROS2/ws_thor/install/thor_msgs/lib:/usr/local/cuda-12.8/lib64:/usr/lib/x86_64-linux-gnu/gazebo-11/plugins:/opt/ros/humble/opt/rviz_ogre_vendor/lib:/opt/ros/humble/lib/x86_64-linux-gnu:/opt/ros/humble/lib /usr/bin/cmake --install /home/salman/GryphonEC-ROS2/ws_thor/build/thor_joystick
