[0.012s] Invoking command in '/home/salman/GryphonEC-ROS2/ws_thor/build/thor_moveit': CMAKE_PREFIX_PATH=/home/salman/GryphonEC-ROS2/ws_thor/install/thor_urdf:/home/salman/GryphonEC-ROS2/ws_thor/install/thor_bringup:/home/salman/GryphonEC-ROS2/ws_thor/install/thor_moveit:/home/salman/GryphonEC-ROS2/ws_thor/install/thor_joystick:/home/salman/GryphonEC-ROS2/ws_thor/install/thor_server:/home/salman/GryphonEC-ROS2/ws_thor/install/thor_msgs:/home/salman/GryphonEC-ROS2/ws_thor/install/thor_controller:/home/salman/GryphonEC-ROS2/ws_thor/install/thor_status_publisher:/opt/ros/humble /usr/bin/cmake --build /home/salman/GryphonEC-ROS2/ws_thor/build/thor_moveit -- -j16 -l16
[0.051s] Invoked command in '/home/salman/GryphonEC-ROS2/ws_thor/build/thor_moveit' returned '0': CMAKE_PREFIX_PATH=/home/salman/GryphonEC-ROS2/ws_thor/install/thor_urdf:/home/salman/GryphonEC-ROS2/ws_thor/install/thor_bringup:/home/salman/GryphonEC-ROS2/ws_thor/install/thor_moveit:/home/salman/GryphonEC-ROS2/ws_thor/install/thor_joystick:/home/salman/GryphonEC-ROS2/ws_thor/install/thor_server:/home/salman/GryphonEC-ROS2/ws_thor/install/thor_msgs:/home/salman/GryphonEC-ROS2/ws_thor/install/thor_controller:/home/salman/GryphonEC-ROS2/ws_thor/install/thor_status_publisher:/opt/ros/humble /usr/bin/cmake --build /home/salman/GryphonEC-ROS2/ws_thor/build/thor_moveit -- -j16 -l16
[0.053s] Invoking command in '/home/salman/GryphonEC-ROS2/ws_thor/build/thor_moveit': CMAKE_PREFIX_PATH=/home/salman/GryphonEC-ROS2/ws_thor/install/thor_urdf:/home/salman/GryphonEC-ROS2/ws_thor/install/thor_bringup:/home/salman/GryphonEC-ROS2/ws_thor/install/thor_moveit:/home/salman/GryphonEC-ROS2/ws_thor/install/thor_joystick:/home/salman/GryphonEC-ROS2/ws_thor/install/thor_server:/home/salman/GryphonEC-ROS2/ws_thor/install/thor_msgs:/home/salman/GryphonEC-ROS2/ws_thor/install/thor_controller:/home/salman/GryphonEC-ROS2/ws_thor/install/thor_status_publisher:/opt/ros/humble /usr/bin/cmake --install /home/salman/GryphonEC-ROS2/ws_thor/build/thor_moveit
[0.060s] -- Install configuration: ""
[0.060s] -- Up-to-date: /home/salman/GryphonEC-ROS2/ws_thor/install/thor_moveit/share/thor_moveit/launch
[0.061s] -- Up-to-date: /home/salman/GryphonEC-ROS2/ws_thor/install/thor_moveit/share/thor_moveit/launch/setup_assistant.launch.py
[0.061s] -- Up-to-date: /home/salman/GryphonEC-ROS2/ws_thor/install/thor_moveit/share/thor_moveit/launch/warehouse_db.launch.py
[0.061s] -- Up-to-date: /home/salman/GryphonEC-ROS2/ws_thor/install/thor_moveit/share/thor_moveit/launch/rsp.launch.py
[0.061s] -- Up-to-date: /home/salman/GryphonEC-ROS2/ws_thor/install/thor_moveit/share/thor_moveit/launch/static_virtual_joint_tfs.launch.py
[0.061s] -- Up-to-date: /home/salman/GryphonEC-ROS2/ws_thor/install/thor_moveit/share/thor_moveit/launch/moveit.launch.py
[0.061s] -- Up-to-date: /home/salman/GryphonEC-ROS2/ws_thor/install/thor_moveit/share/thor_moveit/launch/demo.launch.py
[0.061s] -- Up-to-date: /home/salman/GryphonEC-ROS2/ws_thor/install/thor_moveit/share/thor_moveit/launch/move_group.launch.py
[0.061s] -- Up-to-date: /home/salman/GryphonEC-ROS2/ws_thor/install/thor_moveit/share/thor_moveit/launch/moveit_rviz.launch.py
[0.061s] -- Up-to-date: /home/salman/GryphonEC-ROS2/ws_thor/install/thor_moveit/share/thor_moveit/launch/spawn_controllers.launch.py
[0.061s] -- Up-to-date: /home/salman/GryphonEC-ROS2/ws_thor/install/thor_moveit/share/thor_moveit/config
[0.062s] -- Up-to-date: /home/salman/GryphonEC-ROS2/ws_thor/install/thor_moveit/share/thor_moveit/config/moveit.rviz
[0.062s] -- Up-to-date: /home/salman/GryphonEC-ROS2/ws_thor/install/thor_moveit/share/thor_moveit/config/joint_limits.yaml
[0.062s] -- Up-to-date: /home/salman/GryphonEC-ROS2/ws_thor/install/thor_moveit/share/thor_moveit/config/kinematics.yaml
[0.062s] -- Installing: /home/salman/GryphonEC-ROS2/ws_thor/install/thor_moveit/share/thor_moveit/config/thor_arm.urdf
[0.062s] -- Up-to-date: /home/salman/GryphonEC-ROS2/ws_thor/install/thor_moveit/share/thor_moveit/config/thor_arm.srdf
[0.062s] -- Up-to-date: /home/salman/GryphonEC-ROS2/ws_thor/install/thor_moveit/share/thor_moveit/config/initial_positions.yaml
[0.062s] -- Up-to-date: /home/salman/GryphonEC-ROS2/ws_thor/install/thor_moveit/share/thor_moveit/config/moveit_controllers.yaml
[0.062s] -- Up-to-date: /home/salman/GryphonEC-ROS2/ws_thor/install/thor_moveit/share/thor_moveit/config/pilz_cartesian_limits.yaml
[0.062s] -- Up-to-date: /home/salman/GryphonEC-ROS2/ws_thor/install/thor_moveit/share/thor_moveit/config/ros2_controllers.yaml
[0.062s] -- Up-to-date: /home/salman/GryphonEC-ROS2/ws_thor/install/thor_moveit/share/ament_index/resource_index/package_run_dependencies/thor_moveit
[0.062s] -- Up-to-date: /home/salman/GryphonEC-ROS2/ws_thor/install/thor_moveit/share/ament_index/resource_index/parent_prefix_path/thor_moveit
[0.062s] -- Up-to-date: /home/salman/GryphonEC-ROS2/ws_thor/install/thor_moveit/share/thor_moveit/environment/ament_prefix_path.sh
[0.062s] -- Up-to-date: /home/salman/GryphonEC-ROS2/ws_thor/install/thor_moveit/share/thor_moveit/environment/ament_prefix_path.dsv
[0.062s] -- Up-to-date: /home/salman/GryphonEC-ROS2/ws_thor/install/thor_moveit/share/thor_moveit/environment/path.sh
[0.062s] -- Up-to-date: /home/salman/GryphonEC-ROS2/ws_thor/install/thor_moveit/share/thor_moveit/environment/path.dsv
[0.062s] -- Up-to-date: /home/salman/GryphonEC-ROS2/ws_thor/install/thor_moveit/share/thor_moveit/local_setup.bash
[0.063s] -- Up-to-date: /home/salman/GryphonEC-ROS2/ws_thor/install/thor_moveit/share/thor_moveit/local_setup.sh
[0.063s] -- Up-to-date: /home/salman/GryphonEC-ROS2/ws_thor/install/thor_moveit/share/thor_moveit/local_setup.zsh
[0.063s] -- Up-to-date: /home/salman/GryphonEC-ROS2/ws_thor/install/thor_moveit/share/thor_moveit/local_setup.dsv
[0.063s] -- Installing: /home/salman/GryphonEC-ROS2/ws_thor/install/thor_moveit/share/thor_moveit/package.dsv
[0.063s] -- Up-to-date: /home/salman/GryphonEC-ROS2/ws_thor/install/thor_moveit/share/ament_index/resource_index/packages/thor_moveit
[0.064s] -- Up-to-date: /home/salman/GryphonEC-ROS2/ws_thor/install/thor_moveit/share/thor_moveit/cmake/thor_moveitConfig.cmake
[0.064s] -- Up-to-date: /home/salman/GryphonEC-ROS2/ws_thor/install/thor_moveit/share/thor_moveit/cmake/thor_moveitConfig-version.cmake
[0.064s] -- Up-to-date: /home/salman/GryphonEC-ROS2/ws_thor/install/thor_moveit/share/thor_moveit/package.xml
[0.064s] Invoked command in '/home/salman/GryphonEC-ROS2/ws_thor/build/thor_moveit' returned '0': CMAKE_PREFIX_PATH=/home/salman/GryphonEC-ROS2/ws_thor/install/thor_urdf:/home/salman/GryphonEC-ROS2/ws_thor/install/thor_bringup:/home/salman/GryphonEC-ROS2/ws_thor/install/thor_moveit:/home/salman/GryphonEC-ROS2/ws_thor/install/thor_joystick:/home/salman/GryphonEC-ROS2/ws_thor/install/thor_server:/home/salman/GryphonEC-ROS2/ws_thor/install/thor_msgs:/home/salman/GryphonEC-ROS2/ws_thor/install/thor_controller:/home/salman/GryphonEC-ROS2/ws_thor/install/thor_status_publisher:/opt/ros/humble /usr/bin/cmake --install /home/salman/GryphonEC-ROS2/ws_thor/build/thor_moveit
