[  2%] Built target thor_msgs__rs
[  5%] Built target thor_msgs__cpp
[ 15%] Built target thor_msgs__rosidl_generator_c
[ 15%] Built target ament_cmake_python_copy_thor_msgs
[ 42%] Built target thor_msgs__rosidl_typesupport_introspection_c
[ 45%] Built target thor_msgs__rosidl_typesupport_fastrtps_cpp
[ 45%] Built target thor_msgs__rosidl_typesupport_cpp
[ 55%] Built target thor_msgs__rosidl_typesupport_fastrtps_c
[ 65%] Built target thor_msgs__rosidl_typesupport_c
[ 75%] Built target thor_msgs__rosidl_typesupport_introspection_cpp
[ 75%] Built target thor_msgs
[ 77%] Built target thor_msgs__py
[ 85%] Built target thor_msgs__rosidl_generator_py
[ 95%] Built target thor_msgs__rosidl_typesupport_c__pyext
[ 95%] Built target thor_msgs__rosidl_typesupport_fastrtps_c__pyext
[100%] Built target thor_msgs__rosidl_typesupport_introspection_c__pyext
running egg_info
writing thor_msgs.egg-info/PKG-INFO
writing dependency_links to thor_msgs.egg-info/dependency_links.txt
writing top-level names to thor_msgs.egg-info/top_level.txt
reading manifest file 'thor_msgs.egg-info/SOURCES.txt'
writing manifest file 'thor_msgs.egg-info/SOURCES.txt'
[100%] Built target ament_cmake_python_build_thor_msgs_egg
-- Install configuration: ""
-- Up-to-date: /home/salman/GryphonEC-ROS2/ws_thor/install/thor_msgs/share/ament_index/resource_index/rosidl_interfaces/thor_msgs
-- Up-to-date: /home/salman/GryphonEC-ROS2/ws_thor/install/thor_msgs/include/thor_msgs/thor_msgs
-- Up-to-date: /home/salman/GryphonEC-ROS2/ws_thor/install/thor_msgs/include/thor_msgs/thor_msgs/msg
-- Up-to-date: /home/salman/GryphonEC-ROS2/ws_thor/install/thor_msgs/include/thor_msgs/thor_msgs/msg/cartesian_goal.h
-- Up-to-date: /home/salman/GryphonEC-ROS2/ws_thor/install/thor_msgs/include/thor_msgs/thor_msgs/msg/ik_goal.h
-- Up-to-date: /home/salman/GryphonEC-ROS2/ws_thor/install/thor_msgs/include/thor_msgs/thor_msgs/msg/rosidl_generator_c__visibility_control.h
-- Up-to-date: /home/salman/GryphonEC-ROS2/ws_thor/install/thor_msgs/include/thor_msgs/thor_msgs/msg/detail
-- Up-to-date: /home/salman/GryphonEC-ROS2/ws_thor/install/thor_msgs/include/thor_msgs/thor_msgs/msg/detail/ik_goal__functions.h
-- Up-to-date: /home/salman/GryphonEC-ROS2/ws_thor/install/thor_msgs/include/thor_msgs/thor_msgs/msg/detail/ik_goal__functions.c
-- Up-to-date: /home/salman/GryphonEC-ROS2/ws_thor/install/thor_msgs/include/thor_msgs/thor_msgs/msg/detail/cartesian_goal__struct.h
-- Up-to-date: /home/salman/GryphonEC-ROS2/ws_thor/install/thor_msgs/include/thor_msgs/thor_msgs/msg/detail/ik_goal__type_support.h
-- Up-to-date: /home/salman/GryphonEC-ROS2/ws_thor/install/thor_msgs/include/thor_msgs/thor_msgs/msg/detail/cartesian_goal__type_support.h
-- Up-to-date: /home/salman/GryphonEC-ROS2/ws_thor/install/thor_msgs/include/thor_msgs/thor_msgs/msg/detail/cartesian_goal__functions.h
-- Up-to-date: /home/salman/GryphonEC-ROS2/ws_thor/install/thor_msgs/include/thor_msgs/thor_msgs/msg/detail/ik_goal__struct.h
-- Up-to-date: /home/salman/GryphonEC-ROS2/ws_thor/install/thor_msgs/include/thor_msgs/thor_msgs/msg/detail/cartesian_goal__functions.c
-- Up-to-date: /home/salman/GryphonEC-ROS2/ws_thor/install/thor_msgs/share/thor_msgs/environment/library_path.sh
-- Up-to-date: /home/salman/GryphonEC-ROS2/ws_thor/install/thor_msgs/share/thor_msgs/environment/library_path.dsv
-- Up-to-date: /home/salman/GryphonEC-ROS2/ws_thor/install/thor_msgs/lib/libthor_msgs__rosidl_generator_c.so
-- Up-to-date: /home/salman/GryphonEC-ROS2/ws_thor/install/thor_msgs/include/thor_msgs/thor_msgs
-- Up-to-date: /home/salman/GryphonEC-ROS2/ws_thor/install/thor_msgs/include/thor_msgs/thor_msgs/msg
-- Up-to-date: /home/salman/GryphonEC-ROS2/ws_thor/install/thor_msgs/include/thor_msgs/thor_msgs/msg/rosidl_typesupport_fastrtps_c__visibility_control.h
-- Up-to-date: /home/salman/GryphonEC-ROS2/ws_thor/install/thor_msgs/include/thor_msgs/thor_msgs/msg/detail
-- Up-to-date: /home/salman/GryphonEC-ROS2/ws_thor/install/thor_msgs/include/thor_msgs/thor_msgs/msg/detail/cartesian_goal__rosidl_typesupport_fastrtps_c.h
-- Up-to-date: /home/salman/GryphonEC-ROS2/ws_thor/install/thor_msgs/include/thor_msgs/thor_msgs/msg/detail/ik_goal__rosidl_typesupport_fastrtps_c.h
-- Up-to-date: /home/salman/GryphonEC-ROS2/ws_thor/install/thor_msgs/lib/libthor_msgs__rosidl_typesupport_fastrtps_c.so
-- Up-to-date: /home/salman/GryphonEC-ROS2/ws_thor/install/thor_msgs/include/thor_msgs/thor_msgs
-- Up-to-date: /home/salman/GryphonEC-ROS2/ws_thor/install/thor_msgs/include/thor_msgs/thor_msgs/msg
-- Up-to-date: /home/salman/GryphonEC-ROS2/ws_thor/install/thor_msgs/include/thor_msgs/thor_msgs/msg/ik_goal.hpp
-- Up-to-date: /home/salman/GryphonEC-ROS2/ws_thor/install/thor_msgs/include/thor_msgs/thor_msgs/msg/cartesian_goal.hpp
-- Up-to-date: /home/salman/GryphonEC-ROS2/ws_thor/install/thor_msgs/include/thor_msgs/thor_msgs/msg/rosidl_generator_cpp__visibility_control.hpp
-- Up-to-date: /home/salman/GryphonEC-ROS2/ws_thor/install/thor_msgs/include/thor_msgs/thor_msgs/msg/detail
-- Up-to-date: /home/salman/GryphonEC-ROS2/ws_thor/install/thor_msgs/include/thor_msgs/thor_msgs/msg/detail/cartesian_goal__traits.hpp
-- Up-to-date: /home/salman/GryphonEC-ROS2/ws_thor/install/thor_msgs/include/thor_msgs/thor_msgs/msg/detail/cartesian_goal__struct.hpp
-- Up-to-date: /home/salman/GryphonEC-ROS2/ws_thor/install/thor_msgs/include/thor_msgs/thor_msgs/msg/detail/ik_goal__type_support.hpp
-- Up-to-date: /home/salman/GryphonEC-ROS2/ws_thor/install/thor_msgs/include/thor_msgs/thor_msgs/msg/detail/ik_goal__builder.hpp
-- Up-to-date: /home/salman/GryphonEC-ROS2/ws_thor/install/thor_msgs/include/thor_msgs/thor_msgs/msg/detail/cartesian_goal__type_support.hpp
-- Up-to-date: /home/salman/GryphonEC-ROS2/ws_thor/install/thor_msgs/include/thor_msgs/thor_msgs/msg/detail/ik_goal__traits.hpp
-- Up-to-date: /home/salman/GryphonEC-ROS2/ws_thor/install/thor_msgs/include/thor_msgs/thor_msgs/msg/detail/cartesian_goal__builder.hpp
-- Up-to-date: /home/salman/GryphonEC-ROS2/ws_thor/install/thor_msgs/include/thor_msgs/thor_msgs/msg/detail/ik_goal__struct.hpp
-- Up-to-date: /home/salman/GryphonEC-ROS2/ws_thor/install/thor_msgs/include/thor_msgs/thor_msgs
-- Up-to-date: /home/salman/GryphonEC-ROS2/ws_thor/install/thor_msgs/include/thor_msgs/thor_msgs/msg
-- Up-to-date: /home/salman/GryphonEC-ROS2/ws_thor/install/thor_msgs/include/thor_msgs/thor_msgs/msg/detail
-- Up-to-date: /home/salman/GryphonEC-ROS2/ws_thor/install/thor_msgs/include/thor_msgs/thor_msgs/msg/detail/dds_fastrtps
-- Up-to-date: /home/salman/GryphonEC-ROS2/ws_thor/install/thor_msgs/include/thor_msgs/thor_msgs/msg/detail/cartesian_goal__rosidl_typesupport_fastrtps_cpp.hpp
-- Up-to-date: /home/salman/GryphonEC-ROS2/ws_thor/install/thor_msgs/include/thor_msgs/thor_msgs/msg/detail/ik_goal__rosidl_typesupport_fastrtps_cpp.hpp
-- Up-to-date: /home/salman/GryphonEC-ROS2/ws_thor/install/thor_msgs/include/thor_msgs/thor_msgs/msg/rosidl_typesupport_fastrtps_cpp__visibility_control.h
-- Up-to-date: /home/salman/GryphonEC-ROS2/ws_thor/install/thor_msgs/lib/libthor_msgs__rosidl_typesupport_fastrtps_cpp.so
-- Up-to-date: /home/salman/GryphonEC-ROS2/ws_thor/install/thor_msgs/include/thor_msgs/thor_msgs
-- Up-to-date: /home/salman/GryphonEC-ROS2/ws_thor/install/thor_msgs/include/thor_msgs/thor_msgs/msg
-- Up-to-date: /home/salman/GryphonEC-ROS2/ws_thor/install/thor_msgs/include/thor_msgs/thor_msgs/msg/detail
-- Up-to-date: /home/salman/GryphonEC-ROS2/ws_thor/install/thor_msgs/include/thor_msgs/thor_msgs/msg/detail/ik_goal__rosidl_typesupport_introspection_c.h
-- Up-to-date: /home/salman/GryphonEC-ROS2/ws_thor/install/thor_msgs/include/thor_msgs/thor_msgs/msg/detail/cartesian_goal__rosidl_typesupport_introspection_c.h
-- Up-to-date: /home/salman/GryphonEC-ROS2/ws_thor/install/thor_msgs/include/thor_msgs/thor_msgs/msg/detail/cartesian_goal__type_support.c
-- Up-to-date: /home/salman/GryphonEC-ROS2/ws_thor/install/thor_msgs/include/thor_msgs/thor_msgs/msg/detail/ik_goal__type_support.c
-- Up-to-date: /home/salman/GryphonEC-ROS2/ws_thor/install/thor_msgs/include/thor_msgs/thor_msgs/msg/rosidl_typesupport_introspection_c__visibility_control.h
-- Up-to-date: /home/salman/GryphonEC-ROS2/ws_thor/install/thor_msgs/lib/libthor_msgs__rosidl_typesupport_introspection_c.so
-- Up-to-date: /home/salman/GryphonEC-ROS2/ws_thor/install/thor_msgs/lib/libthor_msgs__rosidl_typesupport_c.so
-- Up-to-date: /home/salman/GryphonEC-ROS2/ws_thor/install/thor_msgs/include/thor_msgs/thor_msgs
-- Up-to-date: /home/salman/GryphonEC-ROS2/ws_thor/install/thor_msgs/include/thor_msgs/thor_msgs/msg
-- Up-to-date: /home/salman/GryphonEC-ROS2/ws_thor/install/thor_msgs/include/thor_msgs/thor_msgs/msg/detail
-- Up-to-date: /home/salman/GryphonEC-ROS2/ws_thor/install/thor_msgs/include/thor_msgs/thor_msgs/msg/detail/cartesian_goal__rosidl_typesupport_introspection_cpp.hpp
-- Up-to-date: /home/salman/GryphonEC-ROS2/ws_thor/install/thor_msgs/include/thor_msgs/thor_msgs/msg/detail/ik_goal__rosidl_typesupport_introspection_cpp.hpp
-- Up-to-date: /home/salman/GryphonEC-ROS2/ws_thor/install/thor_msgs/include/thor_msgs/thor_msgs/msg/detail/cartesian_goal__type_support.cpp
-- Up-to-date: /home/salman/GryphonEC-ROS2/ws_thor/install/thor_msgs/include/thor_msgs/thor_msgs/msg/detail/ik_goal__type_support.cpp
-- Up-to-date: /home/salman/GryphonEC-ROS2/ws_thor/install/thor_msgs/lib/libthor_msgs__rosidl_typesupport_introspection_cpp.so
-- Up-to-date: /home/salman/GryphonEC-ROS2/ws_thor/install/thor_msgs/lib/libthor_msgs__rosidl_typesupport_cpp.so
-- Up-to-date: /home/salman/GryphonEC-ROS2/ws_thor/install/thor_msgs/share/thor_msgs/environment/pythonpath.sh
-- Up-to-date: /home/salman/GryphonEC-ROS2/ws_thor/install/thor_msgs/share/thor_msgs/environment/pythonpath.dsv
-- Up-to-date: /home/salman/GryphonEC-ROS2/ws_thor/install/thor_msgs/local/lib/python3.10/dist-packages/thor_msgs-0.0.0-py3.10.egg-info
-- Installing: /home/salman/GryphonEC-ROS2/ws_thor/install/thor_msgs/local/lib/python3.10/dist-packages/thor_msgs-0.0.0-py3.10.egg-info/SOURCES.txt
-- Installing: /home/salman/GryphonEC-ROS2/ws_thor/install/thor_msgs/local/lib/python3.10/dist-packages/thor_msgs-0.0.0-py3.10.egg-info/top_level.txt
-- Installing: /home/salman/GryphonEC-ROS2/ws_thor/install/thor_msgs/local/lib/python3.10/dist-packages/thor_msgs-0.0.0-py3.10.egg-info/dependency_links.txt
-- Installing: /home/salman/GryphonEC-ROS2/ws_thor/install/thor_msgs/local/lib/python3.10/dist-packages/thor_msgs-0.0.0-py3.10.egg-info/PKG-INFO
-- Up-to-date: /home/salman/GryphonEC-ROS2/ws_thor/install/thor_msgs/local/lib/python3.10/dist-packages/thor_msgs
-- Up-to-date: /home/salman/GryphonEC-ROS2/ws_thor/install/thor_msgs/local/lib/python3.10/dist-packages/thor_msgs/__init__.py
-- Up-to-date: /home/salman/GryphonEC-ROS2/ws_thor/install/thor_msgs/local/lib/python3.10/dist-packages/thor_msgs/_thor_msgs_s.ep.rosidl_typesupport_c.c
-- Up-to-date: /home/salman/GryphonEC-ROS2/ws_thor/install/thor_msgs/local/lib/python3.10/dist-packages/thor_msgs/_thor_msgs_s.ep.rosidl_typesupport_introspection_c.c
-- Up-to-date: /home/salman/GryphonEC-ROS2/ws_thor/install/thor_msgs/local/lib/python3.10/dist-packages/thor_msgs/_thor_msgs_s.ep.rosidl_typesupport_fastrtps_c.c
-- Up-to-date: /home/salman/GryphonEC-ROS2/ws_thor/install/thor_msgs/local/lib/python3.10/dist-packages/thor_msgs/thor_msgs_s__rosidl_typesupport_c.cpython-310-x86_64-linux-gnu.so
-- Up-to-date: /home/salman/GryphonEC-ROS2/ws_thor/install/thor_msgs/local/lib/python3.10/dist-packages/thor_msgs/thor_msgs_s__rosidl_typesupport_fastrtps_c.cpython-310-x86_64-linux-gnu.so
-- Up-to-date: /home/salman/GryphonEC-ROS2/ws_thor/install/thor_msgs/local/lib/python3.10/dist-packages/thor_msgs/msg
-- Up-to-date: /home/salman/GryphonEC-ROS2/ws_thor/install/thor_msgs/local/lib/python3.10/dist-packages/thor_msgs/msg/__init__.py
-- Up-to-date: /home/salman/GryphonEC-ROS2/ws_thor/install/thor_msgs/local/lib/python3.10/dist-packages/thor_msgs/msg/_ik_goal.py
-- Up-to-date: /home/salman/GryphonEC-ROS2/ws_thor/install/thor_msgs/local/lib/python3.10/dist-packages/thor_msgs/msg/_cartesian_goal_s.c
-- Up-to-date: /home/salman/GryphonEC-ROS2/ws_thor/install/thor_msgs/local/lib/python3.10/dist-packages/thor_msgs/msg/_ik_goal_s.c
-- Up-to-date: /home/salman/GryphonEC-ROS2/ws_thor/install/thor_msgs/local/lib/python3.10/dist-packages/thor_msgs/msg/_cartesian_goal.py
-- Up-to-date: /home/salman/GryphonEC-ROS2/ws_thor/install/thor_msgs/local/lib/python3.10/dist-packages/thor_msgs/thor_msgs_s__rosidl_typesupport_introspection_c.cpython-310-x86_64-linux-gnu.so
-- Up-to-date: /home/salman/GryphonEC-ROS2/ws_thor/install/thor_msgs/local/lib/python3.10/dist-packages/thor_msgs/libthor_msgs__rosidl_generator_py.so
Listing '/home/salman/GryphonEC-ROS2/ws_thor/install/thor_msgs/local/lib/python3.10/dist-packages/thor_msgs'...
Listing '/home/salman/GryphonEC-ROS2/ws_thor/install/thor_msgs/local/lib/python3.10/dist-packages/thor_msgs/msg'...
-- Up-to-date: /home/salman/GryphonEC-ROS2/ws_thor/install/thor_msgs/local/lib/python3.10/dist-packages/thor_msgs/thor_msgs_s__rosidl_typesupport_fastrtps_c.cpython-310-x86_64-linux-gnu.so
-- Up-to-date: /home/salman/GryphonEC-ROS2/ws_thor/install/thor_msgs/local/lib/python3.10/dist-packages/thor_msgs/thor_msgs_s__rosidl_typesupport_introspection_c.cpython-310-x86_64-linux-gnu.so
-- Up-to-date: /home/salman/GryphonEC-ROS2/ws_thor/install/thor_msgs/local/lib/python3.10/dist-packages/thor_msgs/thor_msgs_s__rosidl_typesupport_c.cpython-310-x86_64-linux-gnu.so
-- Up-to-date: /home/salman/GryphonEC-ROS2/ws_thor/install/thor_msgs/lib/libthor_msgs__rosidl_generator_py.so
-- Up-to-date: /home/salman/GryphonEC-ROS2/ws_thor/install/thor_msgs/share/ament_index/resource_index/rust_packages/thor_msgs
-- Up-to-date: /home/salman/GryphonEC-ROS2/ws_thor/install/thor_msgs/share/thor_msgs/rust
-- Up-to-date: /home/salman/GryphonEC-ROS2/ws_thor/install/thor_msgs/share/thor_msgs/rust/Cargo.toml
-- Up-to-date: /home/salman/GryphonEC-ROS2/ws_thor/install/thor_msgs/share/thor_msgs/rust/build.rs
-- Up-to-date: /home/salman/GryphonEC-ROS2/ws_thor/install/thor_msgs/share/thor_msgs/rust/src
-- Up-to-date: /home/salman/GryphonEC-ROS2/ws_thor/install/thor_msgs/share/thor_msgs/rust/src/lib.rs
-- Up-to-date: /home/salman/GryphonEC-ROS2/ws_thor/install/thor_msgs/share/thor_msgs/rust/src/msg.rs
-- Up-to-date: /home/salman/GryphonEC-ROS2/ws_thor/install/thor_msgs/share/thor_msgs/rust/src/msg
-- Up-to-date: /home/salman/GryphonEC-ROS2/ws_thor/install/thor_msgs/share/thor_msgs/rust/src/msg/rmw.rs
-- Up-to-date: /home/salman/GryphonEC-ROS2/ws_thor/install/thor_msgs/share/thor_msgs/msg/IKGoal.idl
-- Up-to-date: /home/salman/GryphonEC-ROS2/ws_thor/install/thor_msgs/share/thor_msgs/msg/CartesianGoal.idl
-- Up-to-date: /home/salman/GryphonEC-ROS2/ws_thor/install/thor_msgs/share/thor_msgs/msg/IKGoal.msg
-- Up-to-date: /home/salman/GryphonEC-ROS2/ws_thor/install/thor_msgs/share/thor_msgs/msg/CartesianGoal.msg
-- Up-to-date: /home/salman/GryphonEC-ROS2/ws_thor/install/thor_msgs/share/ament_index/resource_index/package_run_dependencies/thor_msgs
-- Up-to-date: /home/salman/GryphonEC-ROS2/ws_thor/install/thor_msgs/share/ament_index/resource_index/parent_prefix_path/thor_msgs
-- Up-to-date: /home/salman/GryphonEC-ROS2/ws_thor/install/thor_msgs/share/thor_msgs/environment/ament_prefix_path.sh
-- Up-to-date: /home/salman/GryphonEC-ROS2/ws_thor/install/thor_msgs/share/thor_msgs/environment/ament_prefix_path.dsv
-- Up-to-date: /home/salman/GryphonEC-ROS2/ws_thor/install/thor_msgs/share/thor_msgs/environment/path.sh
-- Up-to-date: /home/salman/GryphonEC-ROS2/ws_thor/install/thor_msgs/share/thor_msgs/environment/path.dsv
-- Up-to-date: /home/salman/GryphonEC-ROS2/ws_thor/install/thor_msgs/share/thor_msgs/local_setup.bash
-- Up-to-date: /home/salman/GryphonEC-ROS2/ws_thor/install/thor_msgs/share/thor_msgs/local_setup.sh
-- Up-to-date: /home/salman/GryphonEC-ROS2/ws_thor/install/thor_msgs/share/thor_msgs/local_setup.zsh
-- Up-to-date: /home/salman/GryphonEC-ROS2/ws_thor/install/thor_msgs/share/thor_msgs/local_setup.dsv
-- Installing: /home/salman/GryphonEC-ROS2/ws_thor/install/thor_msgs/share/thor_msgs/package.dsv
-- Up-to-date: /home/salman/GryphonEC-ROS2/ws_thor/install/thor_msgs/share/ament_index/resource_index/packages/thor_msgs
-- Up-to-date: /home/salman/GryphonEC-ROS2/ws_thor/install/thor_msgs/share/thor_msgs/cmake/export_thor_msgs__rosidl_generator_cExport.cmake
-- Up-to-date: /home/salman/GryphonEC-ROS2/ws_thor/install/thor_msgs/share/thor_msgs/cmake/export_thor_msgs__rosidl_generator_cExport-noconfig.cmake
-- Up-to-date: /home/salman/GryphonEC-ROS2/ws_thor/install/thor_msgs/share/thor_msgs/cmake/export_thor_msgs__rosidl_typesupport_fastrtps_cExport.cmake
-- Up-to-date: /home/salman/GryphonEC-ROS2/ws_thor/install/thor_msgs/share/thor_msgs/cmake/export_thor_msgs__rosidl_typesupport_fastrtps_cExport-noconfig.cmake
-- Up-to-date: /home/salman/GryphonEC-ROS2/ws_thor/install/thor_msgs/share/thor_msgs/cmake/export_thor_msgs__rosidl_generator_cppExport.cmake
-- Up-to-date: /home/salman/GryphonEC-ROS2/ws_thor/install/thor_msgs/share/thor_msgs/cmake/export_thor_msgs__rosidl_typesupport_fastrtps_cppExport.cmake
-- Up-to-date: /home/salman/GryphonEC-ROS2/ws_thor/install/thor_msgs/share/thor_msgs/cmake/export_thor_msgs__rosidl_typesupport_fastrtps_cppExport-noconfig.cmake
-- Up-to-date: /home/salman/GryphonEC-ROS2/ws_thor/install/thor_msgs/share/thor_msgs/cmake/thor_msgs__rosidl_typesupport_introspection_cExport.cmake
-- Up-to-date: /home/salman/GryphonEC-ROS2/ws_thor/install/thor_msgs/share/thor_msgs/cmake/thor_msgs__rosidl_typesupport_introspection_cExport-noconfig.cmake
-- Up-to-date: /home/salman/GryphonEC-ROS2/ws_thor/install/thor_msgs/share/thor_msgs/cmake/thor_msgs__rosidl_typesupport_cExport.cmake
-- Up-to-date: /home/salman/GryphonEC-ROS2/ws_thor/install/thor_msgs/share/thor_msgs/cmake/thor_msgs__rosidl_typesupport_cExport-noconfig.cmake
-- Up-to-date: /home/salman/GryphonEC-ROS2/ws_thor/install/thor_msgs/share/thor_msgs/cmake/thor_msgs__rosidl_typesupport_introspection_cppExport.cmake
-- Up-to-date: /home/salman/GryphonEC-ROS2/ws_thor/install/thor_msgs/share/thor_msgs/cmake/thor_msgs__rosidl_typesupport_introspection_cppExport-noconfig.cmake
-- Up-to-date: /home/salman/GryphonEC-ROS2/ws_thor/install/thor_msgs/share/thor_msgs/cmake/thor_msgs__rosidl_typesupport_cppExport.cmake
-- Up-to-date: /home/salman/GryphonEC-ROS2/ws_thor/install/thor_msgs/share/thor_msgs/cmake/thor_msgs__rosidl_typesupport_cppExport-noconfig.cmake
-- Up-to-date: /home/salman/GryphonEC-ROS2/ws_thor/install/thor_msgs/share/thor_msgs/cmake/export_thor_msgs__rosidl_generator_pyExport.cmake
-- Up-to-date: /home/salman/GryphonEC-ROS2/ws_thor/install/thor_msgs/share/thor_msgs/cmake/export_thor_msgs__rosidl_generator_pyExport-noconfig.cmake
-- Up-to-date: /home/salman/GryphonEC-ROS2/ws_thor/install/thor_msgs/share/thor_msgs/cmake/rosidl_cmake-extras.cmake
-- Up-to-date: /home/salman/GryphonEC-ROS2/ws_thor/install/thor_msgs/share/thor_msgs/cmake/ament_cmake_export_dependencies-extras.cmake
-- Up-to-date: /home/salman/GryphonEC-ROS2/ws_thor/install/thor_msgs/share/thor_msgs/cmake/ament_cmake_export_include_directories-extras.cmake
-- Up-to-date: /home/salman/GryphonEC-ROS2/ws_thor/install/thor_msgs/share/thor_msgs/cmake/ament_cmake_export_libraries-extras.cmake
-- Up-to-date: /home/salman/GryphonEC-ROS2/ws_thor/install/thor_msgs/share/thor_msgs/cmake/ament_cmake_export_targets-extras.cmake
-- Up-to-date: /home/salman/GryphonEC-ROS2/ws_thor/install/thor_msgs/share/thor_msgs/cmake/rosidl_cmake_export_typesupport_targets-extras.cmake
-- Up-to-date: /home/salman/GryphonEC-ROS2/ws_thor/install/thor_msgs/share/thor_msgs/cmake/rosidl_cmake_export_typesupport_libraries-extras.cmake
-- Up-to-date: /home/salman/GryphonEC-ROS2/ws_thor/install/thor_msgs/share/thor_msgs/cmake/thor_msgsConfig.cmake
-- Up-to-date: /home/salman/GryphonEC-ROS2/ws_thor/install/thor_msgs/share/thor_msgs/cmake/thor_msgsConfig-version.cmake
-- Up-to-date: /home/salman/GryphonEC-ROS2/ws_thor/install/thor_msgs/share/thor_msgs/package.xml
