-- Install configuration: ""
-- Up-to-date: /home/salman/GryphonEC-ROS2/ws_thor/install/thor_urdf/share/thor_urdf/meshes
-- Up-to-date: /home/salman/GryphonEC-ROS2/ws_thor/install/thor_urdf/share/thor_urdf/meshes/Shoulder_1.stl
-- Up-to-date: /home/salman/GryphonEC-ROS2/ws_thor/install/thor_urdf/share/thor_urdf/meshes/Wrist_r_gripper_v1_1.stl
-- Up-to-date: /home/salman/GryphonEC-ROS2/ws_thor/install/thor_urdf/share/thor_urdf/meshes/Waist_1.stl
-- Up-to-date: /home/salman/GryphonEC-ROS2/ws_thor/install/thor_urdf/share/thor_urdf/meshes/base_link.stl
-- Up-to-date: /home/salman/GryphonEC-ROS2/ws_thor/install/thor_urdf/share/thor_urdf/meshes/small_box
-- Up-to-date: /home/salman/GryphonEC-ROS2/ws_thor/install/thor_urdf/share/thor_urdf/meshes/small_box/model.config
-- Up-to-date: /home/salman/GryphonEC-ROS2/ws_thor/install/thor_urdf/share/thor_urdf/meshes/small_box/model.sdf
-- Up-to-date: /home/salman/GryphonEC-ROS2/ws_thor/install/thor_urdf/share/thor_urdf/meshes/Wrist_T_shape_v1_1.stl
-- Up-to-date: /home/salman/GryphonEC-ROS2/ws_thor/install/thor_urdf/share/thor_urdf/meshes/Base.dae
-- Up-to-date: /home/salman/GryphonEC-ROS2/ws_thor/install/thor_urdf/share/thor_urdf/meshes/Wrist_gripper_base_v2_1.stl
-- Up-to-date: /home/salman/GryphonEC-ROS2/ws_thor/install/thor_urdf/share/thor_urdf/meshes/Wrist_l_gripper_v1_1.stl
-- Up-to-date: /home/salman/GryphonEC-ROS2/ws_thor/install/thor_urdf/share/thor_urdf/meshes/Elbow_v1_1.stl
-- Up-to-date: /home/salman/GryphonEC-ROS2/ws_thor/install/thor_urdf/share/thor_urdf/urdf
-- Installing: /home/salman/GryphonEC-ROS2/ws_thor/install/thor_urdf/share/thor_urdf/urdf/cube.urdf
-- Up-to-date: /home/salman/GryphonEC-ROS2/ws_thor/install/thor_urdf/share/thor_urdf/urdf/thor_arm.ros2_control.xacro
-- Up-to-date: /home/salman/GryphonEC-ROS2/ws_thor/install/thor_urdf/share/thor_urdf/urdf/thor.urdf.xacro
-- Up-to-date: /home/salman/GryphonEC-ROS2/ws_thor/install/thor_urdf/share/thor_urdf/urdf/thor_gazebo.xacro
-- Up-to-date: /home/salman/GryphonEC-ROS2/ws_thor/install/thor_urdf/share/thor_urdf/launch
-- Up-to-date: /home/salman/GryphonEC-ROS2/ws_thor/install/thor_urdf/share/thor_urdf/launch/launch.py
-- Up-to-date: /home/salman/GryphonEC-ROS2/ws_thor/install/thor_urdf/share/thor_urdf/launch/display.launch.py
-- Up-to-date: /home/salman/GryphonEC-ROS2/ws_thor/install/thor_urdf/share/thor_urdf/launch/gazebo.launch.py
-- Up-to-date: /home/salman/GryphonEC-ROS2/ws_thor/install/thor_urdf/share/thor_urdf/rviz
-- Up-to-date: /home/salman/GryphonEC-ROS2/ws_thor/install/thor_urdf/share/thor_urdf/rviz/display.rviz
-- Up-to-date: /home/salman/GryphonEC-ROS2/ws_thor/install/thor_urdf/share/ament_index/resource_index/package_run_dependencies/thor_urdf
-- Up-to-date: /home/salman/GryphonEC-ROS2/ws_thor/install/thor_urdf/share/ament_index/resource_index/parent_prefix_path/thor_urdf
-- Up-to-date: /home/salman/GryphonEC-ROS2/ws_thor/install/thor_urdf/share/thor_urdf/environment/ament_prefix_path.sh
-- Up-to-date: /home/salman/GryphonEC-ROS2/ws_thor/install/thor_urdf/share/thor_urdf/environment/ament_prefix_path.dsv
-- Up-to-date: /home/salman/GryphonEC-ROS2/ws_thor/install/thor_urdf/share/thor_urdf/environment/path.sh
-- Up-to-date: /home/salman/GryphonEC-ROS2/ws_thor/install/thor_urdf/share/thor_urdf/environment/path.dsv
-- Up-to-date: /home/salman/GryphonEC-ROS2/ws_thor/install/thor_urdf/share/thor_urdf/local_setup.bash
-- Up-to-date: /home/salman/GryphonEC-ROS2/ws_thor/install/thor_urdf/share/thor_urdf/local_setup.sh
-- Up-to-date: /home/salman/GryphonEC-ROS2/ws_thor/install/thor_urdf/share/thor_urdf/local_setup.zsh
-- Up-to-date: /home/salman/GryphonEC-ROS2/ws_thor/install/thor_urdf/share/thor_urdf/local_setup.dsv
-- Installing: /home/salman/GryphonEC-ROS2/ws_thor/install/thor_urdf/share/thor_urdf/package.dsv
-- Up-to-date: /home/salman/GryphonEC-ROS2/ws_thor/install/thor_urdf/share/ament_index/resource_index/packages/thor_urdf
-- Up-to-date: /home/salman/GryphonEC-ROS2/ws_thor/install/thor_urdf/share/thor_urdf/cmake/thor_urdfConfig.cmake
-- Up-to-date: /home/salman/GryphonEC-ROS2/ws_thor/install/thor_urdf/share/thor_urdf/cmake/thor_urdfConfig-version.cmake
-- Up-to-date: /home/salman/GryphonEC-ROS2/ws_thor/install/thor_urdf/share/thor_urdf/package.xml
