[0.007s] Invoking command in '/home/salman/GryphonEC-ROS2/ws_thor/build/thor_moveit': AMENT_PREFIX_PATH=/home/salman/GryphonEC-ROS2/ws_thor/install/thor_urdf:${AMENT_PREFIX_PATH} CMAKE_PREFIX_PATH=/home/salman/GryphonEC-ROS2/ws_thor/install/thor_urdf:/opt/ros/humble /usr/bin/cmake /home/salman/GryphonEC-ROS2/ws_thor/src/thor_moveit -DCMAKE_INSTALL_PREFIX=/home/salman/GryphonEC-ROS2/ws_thor/install/thor_moveit
[0.063s] -- The C compiler identification is GNU 11.4.0
[0.127s] -- The CXX compiler identification is GNU 11.4.0
[0.134s] -- Detecting C compiler ABI info
[0.220s] -- Detecting C compiler ABI info - done
[0.224s] -- Check for working C compiler: /usr/bin/cc - skipped
[0.225s] -- Detecting C compile features
[0.225s] -- Detecting C compile features - done
[0.230s] -- Detecting CXX compiler ABI info
[0.322s] -- Detecting CXX compiler ABI info - done
[0.328s] -- Check for working CXX compiler: /usr/bin/c++ - skipped
[0.329s] -- Detecting CXX compile features
[0.329s] -- Detecting CXX compile features - done
[0.331s] -- Found ament_cmake: 1.3.13 (/opt/ros/humble/share/ament_cmake/cmake)
[0.501s] -- Found Python3: /usr/bin/python3 (found version "3.10.12") found components: Interpreter 
[0.608s] -- Found ament_lint_auto: 0.12.15 (/opt/ros/humble/share/ament_lint_auto/cmake)
[0.676s] -- Configuring done
[0.678s] -- Generating done
[0.679s] -- Build files have been written to: /home/salman/GryphonEC-ROS2/ws_thor/build/thor_moveit
[0.683s] Invoked command in '/home/salman/GryphonEC-ROS2/ws_thor/build/thor_moveit' returned '0': AMENT_PREFIX_PATH=/home/salman/GryphonEC-ROS2/ws_thor/install/thor_urdf:${AMENT_PREFIX_PATH} CMAKE_PREFIX_PATH=/home/salman/GryphonEC-ROS2/ws_thor/install/thor_urdf:/opt/ros/humble /usr/bin/cmake /home/salman/GryphonEC-ROS2/ws_thor/src/thor_moveit -DCMAKE_INSTALL_PREFIX=/home/salman/GryphonEC-ROS2/ws_thor/install/thor_moveit
[0.689s] Invoking command in '/home/salman/GryphonEC-ROS2/ws_thor/build/thor_moveit': AMENT_PREFIX_PATH=/home/salman/GryphonEC-ROS2/ws_thor/install/thor_urdf:${AMENT_PREFIX_PATH} CMAKE_PREFIX_PATH=/home/salman/GryphonEC-ROS2/ws_thor/install/thor_urdf:/opt/ros/humble /usr/bin/cmake --build /home/salman/GryphonEC-ROS2/ws_thor/build/thor_moveit -- -j16 -l16
[0.736s] Invoked command in '/home/salman/GryphonEC-ROS2/ws_thor/build/thor_moveit' returned '0': AMENT_PREFIX_PATH=/home/salman/GryphonEC-ROS2/ws_thor/install/thor_urdf:${AMENT_PREFIX_PATH} CMAKE_PREFIX_PATH=/home/salman/GryphonEC-ROS2/ws_thor/install/thor_urdf:/opt/ros/humble /usr/bin/cmake --build /home/salman/GryphonEC-ROS2/ws_thor/build/thor_moveit -- -j16 -l16
[0.740s] Invoking command in '/home/salman/GryphonEC-ROS2/ws_thor/build/thor_moveit': AMENT_PREFIX_PATH=/home/salman/GryphonEC-ROS2/ws_thor/install/thor_urdf:${AMENT_PREFIX_PATH} CMAKE_PREFIX_PATH=/home/salman/GryphonEC-ROS2/ws_thor/install/thor_urdf:/opt/ros/humble /usr/bin/cmake --install /home/salman/GryphonEC-ROS2/ws_thor/build/thor_moveit
[0.747s] -- Install configuration: ""
[0.747s] -- Installing: /home/salman/GryphonEC-ROS2/ws_thor/install/thor_moveit/share/thor_moveit/launch
[0.748s] -- Installing: /home/salman/GryphonEC-ROS2/ws_thor/install/thor_moveit/share/thor_moveit/launch/setup_assistant.launch.py
[0.748s] -- Installing: /home/salman/GryphonEC-ROS2/ws_thor/install/thor_moveit/share/thor_moveit/launch/warehouse_db.launch.py
[0.748s] -- Installing: /home/salman/GryphonEC-ROS2/ws_thor/install/thor_moveit/share/thor_moveit/launch/rsp.launch.py
[0.748s] -- Installing: /home/salman/GryphonEC-ROS2/ws_thor/install/thor_moveit/share/thor_moveit/launch/static_virtual_joint_tfs.launch.py
[0.748s] -- Installing: /home/salman/GryphonEC-ROS2/ws_thor/install/thor_moveit/share/thor_moveit/launch/moveit.launch.py
[0.748s] -- Installing: /home/salman/GryphonEC-ROS2/ws_thor/install/thor_moveit/share/thor_moveit/launch/demo.launch.py
[0.748s] -- Installing: /home/salman/GryphonEC-ROS2/ws_thor/install/thor_moveit/share/thor_moveit/launch/move_group.launch.py
[0.748s] -- Installing: /home/salman/GryphonEC-ROS2/ws_thor/install/thor_moveit/share/thor_moveit/launch/moveit_rviz.launch.py
[0.748s] -- Installing: /home/salman/GryphonEC-ROS2/ws_thor/install/thor_moveit/share/thor_moveit/launch/spawn_controllers.launch.py
[0.748s] -- Installing: /home/salman/GryphonEC-ROS2/ws_thor/install/thor_moveit/share/thor_moveit/config
[0.748s] -- Installing: /home/salman/GryphonEC-ROS2/ws_thor/install/thor_moveit/share/thor_moveit/config/moveit.rviz
[0.749s] -- Installing: /home/salman/GryphonEC-ROS2/ws_thor/install/thor_moveit/share/thor_moveit/config/joint_limits.yaml
[0.749s] -- Installing: /home/salman/GryphonEC-ROS2/ws_thor/install/thor_moveit/share/thor_moveit/config/kinematics.yaml
[0.749s] -- Installing: /home/salman/GryphonEC-ROS2/ws_thor/install/thor_moveit/share/thor_moveit/config/thor_arm.urdf
[0.749s] -- Installing: /home/salman/GryphonEC-ROS2/ws_thor/install/thor_moveit/share/thor_moveit/config/thor_arm.srdf
[0.749s] -- Installing: /home/salman/GryphonEC-ROS2/ws_thor/install/thor_moveit/share/thor_moveit/config/initial_positions.yaml
[0.749s] -- Installing: /home/salman/GryphonEC-ROS2/ws_thor/install/thor_moveit/share/thor_moveit/config/moveit_controllers.yaml
[0.749s] -- Installing: /home/salman/GryphonEC-ROS2/ws_thor/install/thor_moveit/share/thor_moveit/config/pilz_cartesian_limits.yaml
[0.749s] -- Installing: /home/salman/GryphonEC-ROS2/ws_thor/install/thor_moveit/share/thor_moveit/config/ros2_controllers.yaml
[0.750s] -- Installing: /home/salman/GryphonEC-ROS2/ws_thor/install/thor_moveit/share/ament_index/resource_index/package_run_dependencies/thor_moveit
[0.750s] -- Installing: /home/salman/GryphonEC-ROS2/ws_thor/install/thor_moveit/share/ament_index/resource_index/parent_prefix_path/thor_moveit
[0.750s] -- Installing: /home/salman/GryphonEC-ROS2/ws_thor/install/thor_moveit/share/thor_moveit/environment/ament_prefix_path.sh
[0.750s] -- Installing: /home/salman/GryphonEC-ROS2/ws_thor/install/thor_moveit/share/thor_moveit/environment/ament_prefix_path.dsv
[0.750s] -- Installing: /home/salman/GryphonEC-ROS2/ws_thor/install/thor_moveit/share/thor_moveit/environment/path.sh
[0.750s] -- Installing: /home/salman/GryphonEC-ROS2/ws_thor/install/thor_moveit/share/thor_moveit/environment/path.dsv
[0.750s] -- Installing: /home/salman/GryphonEC-ROS2/ws_thor/install/thor_moveit/share/thor_moveit/local_setup.bash
[0.751s] -- Installing: /home/salman/GryphonEC-ROS2/ws_thor/install/thor_moveit/share/thor_moveit/local_setup.sh
[0.751s] -- Installing: /home/salman/GryphonEC-ROS2/ws_thor/install/thor_moveit/share/thor_moveit/local_setup.zsh
[0.751s] -- Installing: /home/salman/GryphonEC-ROS2/ws_thor/install/thor_moveit/share/thor_moveit/local_setup.dsv
[0.751s] -- Installing: /home/salman/GryphonEC-ROS2/ws_thor/install/thor_moveit/share/thor_moveit/package.dsv
[0.752s] -- Installing: /home/salman/GryphonEC-ROS2/ws_thor/install/thor_moveit/share/ament_index/resource_index/packages/thor_moveit
[0.753s] -- Installing: /home/salman/GryphonEC-ROS2/ws_thor/install/thor_moveit/share/thor_moveit/cmake/thor_moveitConfig.cmake
[0.755s] -- Installing: /home/salman/GryphonEC-ROS2/ws_thor/install/thor_moveit/share/thor_moveit/cmake/thor_moveitConfig-version.cmake
[0.755s] -- Installing: /home/salman/GryphonEC-ROS2/ws_thor/install/thor_moveit/share/thor_moveit/package.xml
[0.757s] Invoked command in '/home/salman/GryphonEC-ROS2/ws_thor/build/thor_moveit' returned '0': AMENT_PREFIX_PATH=/home/salman/GryphonEC-ROS2/ws_thor/install/thor_urdf:${AMENT_PREFIX_PATH} CMAKE_PREFIX_PATH=/home/salman/GryphonEC-ROS2/ws_thor/install/thor_urdf:/opt/ros/humble /usr/bin/cmake --install /home/salman/GryphonEC-ROS2/ws_thor/build/thor_moveit
