[0.014s] Invoking command in '/home/salman/GryphonEC-ROS2/ws_thor/build/thor_bringup': CMAKE_PREFIX_PATH=/home/salman/GryphonEC-ROS2/ws_thor/install/thor_server:/home/salman/GryphonEC-ROS2/ws_thor/install/thor_moveit:/home/salman/GryphonEC-ROS2/ws_thor/install/thor_urdf:/home/salman/GryphonEC-ROS2/ws_thor/install/thor_controller:/home/salman/GryphonEC-ROS2/ws_thor/install/thor_bringup:/home/salman/GryphonEC-ROS2/ws_thor/install/thor_joystick:/home/salman/GryphonEC-ROS2/ws_thor/install/thor_msgs:/home/salman/GryphonEC-ROS2/ws_thor/install/thor_status_publisher:/opt/ros/humble LD_LIBRARY_PATH=/home/salman/GryphonEC-ROS2/ws_thor/install/thor_server/lib:/home/salman/GryphonEC-ROS2/ws_thor/install/thor_controller/lib:/usr/local/cuda-12.8/lib64:/home/salman/GryphonEC-ROS2/ws_thor/install/thor_msgs/lib:/usr/local/cuda-12.8/lib64:/usr/lib/x86_64-linux-gnu/gazebo-11/plugins:/opt/ros/humble/opt/rviz_ogre_vendor/lib:/opt/ros/humble/lib/x86_64-linux-gnu:/opt/ros/humble/lib /usr/bin/cmake --build /home/salman/GryphonEC-ROS2/ws_thor/build/thor_bringup -- -j16 -l16
[0.050s] Invoked command in '/home/salman/GryphonEC-ROS2/ws_thor/build/thor_bringup' returned '0': CMAKE_PREFIX_PATH=/home/salman/GryphonEC-ROS2/ws_thor/install/thor_server:/home/salman/GryphonEC-ROS2/ws_thor/install/thor_moveit:/home/salman/GryphonEC-ROS2/ws_thor/install/thor_urdf:/home/salman/GryphonEC-ROS2/ws_thor/install/thor_controller:/home/salman/GryphonEC-ROS2/ws_thor/install/thor_bringup:/home/salman/GryphonEC-ROS2/ws_thor/install/thor_joystick:/home/salman/GryphonEC-ROS2/ws_thor/install/thor_msgs:/home/salman/GryphonEC-ROS2/ws_thor/install/thor_status_publisher:/opt/ros/humble LD_LIBRARY_PATH=/home/salman/GryphonEC-ROS2/ws_thor/install/thor_server/lib:/home/salman/GryphonEC-ROS2/ws_thor/install/thor_controller/lib:/usr/local/cuda-12.8/lib64:/home/salman/GryphonEC-ROS2/ws_thor/install/thor_msgs/lib:/usr/local/cuda-12.8/lib64:/usr/lib/x86_64-linux-gnu/gazebo-11/plugins:/opt/ros/humble/opt/rviz_ogre_vendor/lib:/opt/ros/humble/lib/x86_64-linux-gnu:/opt/ros/humble/lib /usr/bin/cmake --build /home/salman/GryphonEC-ROS2/ws_thor/build/thor_bringup -- -j16 -l16
[0.051s] Invoking command in '/home/salman/GryphonEC-ROS2/ws_thor/build/thor_bringup': CMAKE_PREFIX_PATH=/home/salman/GryphonEC-ROS2/ws_thor/install/thor_server:/home/salman/GryphonEC-ROS2/ws_thor/install/thor_moveit:/home/salman/GryphonEC-ROS2/ws_thor/install/thor_urdf:/home/salman/GryphonEC-ROS2/ws_thor/install/thor_controller:/home/salman/GryphonEC-ROS2/ws_thor/install/thor_bringup:/home/salman/GryphonEC-ROS2/ws_thor/install/thor_joystick:/home/salman/GryphonEC-ROS2/ws_thor/install/thor_msgs:/home/salman/GryphonEC-ROS2/ws_thor/install/thor_status_publisher:/opt/ros/humble LD_LIBRARY_PATH=/home/salman/GryphonEC-ROS2/ws_thor/install/thor_server/lib:/home/salman/GryphonEC-ROS2/ws_thor/install/thor_controller/lib:/usr/local/cuda-12.8/lib64:/home/salman/GryphonEC-ROS2/ws_thor/install/thor_msgs/lib:/usr/local/cuda-12.8/lib64:/usr/lib/x86_64-linux-gnu/gazebo-11/plugins:/opt/ros/humble/opt/rviz_ogre_vendor/lib:/opt/ros/humble/lib/x86_64-linux-gnu:/opt/ros/humble/lib /usr/bin/cmake --install /home/salman/GryphonEC-ROS2/ws_thor/build/thor_bringup
[0.059s] -- Install configuration: ""
[0.059s] -- Up-to-date: /home/salman/GryphonEC-ROS2/ws_thor/install/thor_bringup/share/thor_bringup/launch
[0.059s] -- Up-to-date: /home/salman/GryphonEC-ROS2/ws_thor/install/thor_bringup/share/thor_bringup/launch/simulated_robot.launch.py
[0.059s] -- Up-to-date: /home/salman/GryphonEC-ROS2/ws_thor/install/thor_bringup/share/thor_bringup/launch/real_robot.launch.py
[0.059s] -- Up-to-date: /home/salman/GryphonEC-ROS2/ws_thor/install/thor_bringup/share/thor_bringup/launch/rosbridge.launch.py
[0.060s] -- Up-to-date: /home/salman/GryphonEC-ROS2/ws_thor/install/thor_bringup/share/ament_index/resource_index/package_run_dependencies/thor_bringup
[0.060s] -- Up-to-date: /home/salman/GryphonEC-ROS2/ws_thor/install/thor_bringup/share/ament_index/resource_index/parent_prefix_path/thor_bringup
[0.060s] -- Up-to-date: /home/salman/GryphonEC-ROS2/ws_thor/install/thor_bringup/share/thor_bringup/environment/ament_prefix_path.sh
[0.060s] -- Up-to-date: /home/salman/GryphonEC-ROS2/ws_thor/install/thor_bringup/share/thor_bringup/environment/ament_prefix_path.dsv
[0.060s] -- Up-to-date: /home/salman/GryphonEC-ROS2/ws_thor/install/thor_bringup/share/thor_bringup/environment/path.sh
[0.060s] -- Up-to-date: /home/salman/GryphonEC-ROS2/ws_thor/install/thor_bringup/share/thor_bringup/environment/path.dsv
[0.060s] -- Up-to-date: /home/salman/GryphonEC-ROS2/ws_thor/install/thor_bringup/share/thor_bringup/local_setup.bash
[0.060s] -- Up-to-date: /home/salman/GryphonEC-ROS2/ws_thor/install/thor_bringup/share/thor_bringup/local_setup.sh
[0.060s] -- Up-to-date: /home/salman/GryphonEC-ROS2/ws_thor/install/thor_bringup/share/thor_bringup/local_setup.zsh
[0.060s] -- Up-to-date: /home/salman/GryphonEC-ROS2/ws_thor/install/thor_bringup/share/thor_bringup/local_setup.dsv
[0.060s] -- Installing: /home/salman/GryphonEC-ROS2/ws_thor/install/thor_bringup/share/thor_bringup/package.dsv
[0.060s] -- Up-to-date: /home/salman/GryphonEC-ROS2/ws_thor/install/thor_bringup/share/ament_index/resource_index/packages/thor_bringup
[0.060s] -- Up-to-date: /home/salman/GryphonEC-ROS2/ws_thor/install/thor_bringup/share/thor_bringup/cmake/thor_bringupConfig.cmake
[0.060s] -- Up-to-date: /home/salman/GryphonEC-ROS2/ws_thor/install/thor_bringup/share/thor_bringup/cmake/thor_bringupConfig-version.cmake
[0.060s] -- Up-to-date: /home/salman/GryphonEC-ROS2/ws_thor/install/thor_bringup/share/thor_bringup/package.xml
[0.062s] Invoked command in '/home/salman/GryphonEC-ROS2/ws_thor/build/thor_bringup' returned '0': CMAKE_PREFIX_PATH=/home/salman/GryphonEC-ROS2/ws_thor/install/thor_server:/home/salman/GryphonEC-ROS2/ws_thor/install/thor_moveit:/home/salman/GryphonEC-ROS2/ws_thor/install/thor_urdf:/home/salman/GryphonEC-ROS2/ws_thor/install/thor_controller:/home/salman/GryphonEC-ROS2/ws_thor/install/thor_bringup:/home/salman/GryphonEC-ROS2/ws_thor/install/thor_joystick:/home/salman/GryphonEC-ROS2/ws_thor/install/thor_msgs:/home/salman/GryphonEC-ROS2/ws_thor/install/thor_status_publisher:/opt/ros/humble LD_LIBRARY_PATH=/home/salman/GryphonEC-ROS2/ws_thor/install/thor_server/lib:/home/salman/GryphonEC-ROS2/ws_thor/install/thor_controller/lib:/usr/local/cuda-12.8/lib64:/home/salman/GryphonEC-ROS2/ws_thor/install/thor_msgs/lib:/usr/local/cuda-12.8/lib64:/usr/lib/x86_64-linux-gnu/gazebo-11/plugins:/opt/ros/humble/opt/rviz_ogre_vendor/lib:/opt/ros/humble/lib/x86_64-linux-gnu:/opt/ros/humble/lib /usr/bin/cmake --install /home/salman/GryphonEC-ROS2/ws_thor/build/thor_bringup
