[0.700s] Invoking command in '/home/salman/GryphonEC-ROS2/ws_thor/src/thor_status_publisher': AMENT_PREFIX_PATH=/home/salman/GryphonEC-ROS2/ws_thor/install/thor_msgs:${AMENT_PREFIX_PATH} CMAKE_PREFIX_PATH=/home/salman/GryphonEC-ROS2/ws_thor/install/thor_msgs LD_LIBRARY_PATH=/home/salman/GryphonEC-ROS2/ws_thor/install/thor_msgs/lib:${LD_LIBRARY_PATH} PYTHONPATH=/home/salman/GryphonEC-ROS2/ws_thor/build/thor_status_publisher/prefix_override:/usr/lib/python3/dist-packages/colcon_core/task/python/colcon_distutils_commands:/home/salman/GryphonEC-ROS2/ws_thor/install/thor_status_publisher/lib/python3.10/site-packages:/home/salman/GryphonEC-ROS2/ws_thor/install/thor_msgs/local/lib/python3.10/dist-packages:${PYTHONPATH} /usr/bin/python3 -W ignore:setup.py install is deprecated -W ignore:easy_install command is deprecated setup.py egg_info --egg-base ../../build/thor_status_publisher build --build-base /home/salman/GryphonEC-ROS2/ws_thor/build/thor_status_publisher/build install --record /home/salman/GryphonEC-ROS2/ws_thor/build/thor_status_publisher/install.log --single-version-externally-managed install_data
[0.968s] running egg_info
[0.969s] creating ../../build/thor_status_publisher/thor_status_publisher.egg-info
[0.969s] writing ../../build/thor_status_publisher/thor_status_publisher.egg-info/PKG-INFO
[0.969s] writing dependency_links to ../../build/thor_status_publisher/thor_status_publisher.egg-info/dependency_links.txt
[0.969s] writing entry points to ../../build/thor_status_publisher/thor_status_publisher.egg-info/entry_points.txt
[0.969s] writing requirements to ../../build/thor_status_publisher/thor_status_publisher.egg-info/requires.txt
[0.969s] writing top-level names to ../../build/thor_status_publisher/thor_status_publisher.egg-info/top_level.txt
[0.969s] writing manifest file '../../build/thor_status_publisher/thor_status_publisher.egg-info/SOURCES.txt'
[0.971s] reading manifest file '../../build/thor_status_publisher/thor_status_publisher.egg-info/SOURCES.txt'
[0.971s] writing manifest file '../../build/thor_status_publisher/thor_status_publisher.egg-info/SOURCES.txt'
[0.971s] running build
[0.972s] running build_py
[0.972s] creating /home/salman/GryphonEC-ROS2/ws_thor/build/thor_status_publisher/build
[0.972s] creating /home/salman/GryphonEC-ROS2/ws_thor/build/thor_status_publisher/build/lib
[0.972s] creating /home/salman/GryphonEC-ROS2/ws_thor/build/thor_status_publisher/build/lib/thor_status_publisher
[0.972s] copying thor_status_publisher/__init__.py -> /home/salman/GryphonEC-ROS2/ws_thor/build/thor_status_publisher/build/lib/thor_status_publisher
[0.972s] copying thor_status_publisher/ik_goal_listener.py -> /home/salman/GryphonEC-ROS2/ws_thor/build/thor_status_publisher/build/lib/thor_status_publisher
[0.972s] copying thor_status_publisher/cartesian_goal_listener.py -> /home/salman/GryphonEC-ROS2/ws_thor/build/thor_status_publisher/build/lib/thor_status_publisher
[0.972s] copying thor_status_publisher/random_position_commander.py -> /home/salman/GryphonEC-ROS2/ws_thor/build/thor_status_publisher/build/lib/thor_status_publisher
[0.972s] copying thor_status_publisher/robot_status_publisher.py -> /home/salman/GryphonEC-ROS2/ws_thor/build/thor_status_publisher/build/lib/thor_status_publisher
[0.972s] copying thor_status_publisher/joint_goal_listener.py -> /home/salman/GryphonEC-ROS2/ws_thor/build/thor_status_publisher/build/lib/thor_status_publisher
[0.973s] running install
[0.973s] running install_lib
[0.973s] creating /home/salman/GryphonEC-ROS2/ws_thor/install/thor_status_publisher/lib/python3.10/site-packages/thor_status_publisher
[0.973s] copying /home/salman/GryphonEC-ROS2/ws_thor/build/thor_status_publisher/build/lib/thor_status_publisher/__init__.py -> /home/salman/GryphonEC-ROS2/ws_thor/install/thor_status_publisher/lib/python3.10/site-packages/thor_status_publisher
[0.973s] copying /home/salman/GryphonEC-ROS2/ws_thor/build/thor_status_publisher/build/lib/thor_status_publisher/ik_goal_listener.py -> /home/salman/GryphonEC-ROS2/ws_thor/install/thor_status_publisher/lib/python3.10/site-packages/thor_status_publisher
[0.973s] copying /home/salman/GryphonEC-ROS2/ws_thor/build/thor_status_publisher/build/lib/thor_status_publisher/cartesian_goal_listener.py -> /home/salman/GryphonEC-ROS2/ws_thor/install/thor_status_publisher/lib/python3.10/site-packages/thor_status_publisher
[0.973s] copying /home/salman/GryphonEC-ROS2/ws_thor/build/thor_status_publisher/build/lib/thor_status_publisher/random_position_commander.py -> /home/salman/GryphonEC-ROS2/ws_thor/install/thor_status_publisher/lib/python3.10/site-packages/thor_status_publisher
[0.973s] copying /home/salman/GryphonEC-ROS2/ws_thor/build/thor_status_publisher/build/lib/thor_status_publisher/robot_status_publisher.py -> /home/salman/GryphonEC-ROS2/ws_thor/install/thor_status_publisher/lib/python3.10/site-packages/thor_status_publisher
[0.974s] copying /home/salman/GryphonEC-ROS2/ws_thor/build/thor_status_publisher/build/lib/thor_status_publisher/joint_goal_listener.py -> /home/salman/GryphonEC-ROS2/ws_thor/install/thor_status_publisher/lib/python3.10/site-packages/thor_status_publisher
[0.974s] byte-compiling /home/salman/GryphonEC-ROS2/ws_thor/install/thor_status_publisher/lib/python3.10/site-packages/thor_status_publisher/__init__.py to __init__.cpython-310.pyc
[0.974s] byte-compiling /home/salman/GryphonEC-ROS2/ws_thor/install/thor_status_publisher/lib/python3.10/site-packages/thor_status_publisher/ik_goal_listener.py to ik_goal_listener.cpython-310.pyc
[0.975s] byte-compiling /home/salman/GryphonEC-ROS2/ws_thor/install/thor_status_publisher/lib/python3.10/site-packages/thor_status_publisher/cartesian_goal_listener.py to cartesian_goal_listener.cpython-310.pyc
[0.980s] byte-compiling /home/salman/GryphonEC-ROS2/ws_thor/install/thor_status_publisher/lib/python3.10/site-packages/thor_status_publisher/random_position_commander.py to random_position_commander.cpython-310.pyc
[0.980s] byte-compiling /home/salman/GryphonEC-ROS2/ws_thor/install/thor_status_publisher/lib/python3.10/site-packages/thor_status_publisher/robot_status_publisher.py to robot_status_publisher.cpython-310.pyc
[0.981s] byte-compiling /home/salman/GryphonEC-ROS2/ws_thor/install/thor_status_publisher/lib/python3.10/site-packages/thor_status_publisher/joint_goal_listener.py to joint_goal_listener.cpython-310.pyc
[0.981s] running install_data
[0.981s] creating /home/salman/GryphonEC-ROS2/ws_thor/install/thor_status_publisher/share/ament_index
[0.981s] creating /home/salman/GryphonEC-ROS2/ws_thor/install/thor_status_publisher/share/ament_index/resource_index
[0.981s] creating /home/salman/GryphonEC-ROS2/ws_thor/install/thor_status_publisher/share/ament_index/resource_index/packages
[0.981s] copying resource/thor_status_publisher -> /home/salman/GryphonEC-ROS2/ws_thor/install/thor_status_publisher/share/ament_index/resource_index/packages
[0.981s] copying package.xml -> /home/salman/GryphonEC-ROS2/ws_thor/install/thor_status_publisher/share/thor_status_publisher
[0.981s] running install_egg_info
[0.983s] Copying ../../build/thor_status_publisher/thor_status_publisher.egg-info to /home/salman/GryphonEC-ROS2/ws_thor/install/thor_status_publisher/lib/python3.10/site-packages/thor_status_publisher-0.0.0-py3.10.egg-info
[0.983s] running install_scripts
[1.007s] Installing cartesian_goal_listener script to /home/salman/GryphonEC-ROS2/ws_thor/install/thor_status_publisher/lib/thor_status_publisher
[1.007s] Installing ik_goal_listener script to /home/salman/GryphonEC-ROS2/ws_thor/install/thor_status_publisher/lib/thor_status_publisher
[1.007s] Installing joint_goal_listener script to /home/salman/GryphonEC-ROS2/ws_thor/install/thor_status_publisher/lib/thor_status_publisher
[1.007s] Installing random_position_commander script to /home/salman/GryphonEC-ROS2/ws_thor/install/thor_status_publisher/lib/thor_status_publisher
[1.007s] Installing robot_status_publisher script to /home/salman/GryphonEC-ROS2/ws_thor/install/thor_status_publisher/lib/thor_status_publisher
[1.007s] writing list of installed files to '/home/salman/GryphonEC-ROS2/ws_thor/build/thor_status_publisher/install.log'
[1.041s] Invoked command in '/home/salman/GryphonEC-ROS2/ws_thor/src/thor_status_publisher' returned '0': AMENT_PREFIX_PATH=/home/salman/GryphonEC-ROS2/ws_thor/install/thor_msgs:${AMENT_PREFIX_PATH} CMAKE_PREFIX_PATH=/home/salman/GryphonEC-ROS2/ws_thor/install/thor_msgs LD_LIBRARY_PATH=/home/salman/GryphonEC-ROS2/ws_thor/install/thor_msgs/lib:${LD_LIBRARY_PATH} PYTHONPATH=/home/salman/GryphonEC-ROS2/ws_thor/build/thor_status_publisher/prefix_override:/usr/lib/python3/dist-packages/colcon_core/task/python/colcon_distutils_commands:/home/salman/GryphonEC-ROS2/ws_thor/install/thor_status_publisher/lib/python3.10/site-packages:/home/salman/GryphonEC-ROS2/ws_thor/install/thor_msgs/local/lib/python3.10/dist-packages:${PYTHONPATH} /usr/bin/python3 -W ignore:setup.py install is deprecated -W ignore:easy_install command is deprecated setup.py egg_info --egg-base ../../build/thor_status_publisher build --build-base /home/salman/GryphonEC-ROS2/ws_thor/build/thor_status_publisher/build install --record /home/salman/GryphonEC-ROS2/ws_thor/build/thor_status_publisher/install.log --single-version-externally-managed install_data
