[0.014s] Invoking command in '/home/salman/GryphonEC-ROS2/ws_thor/build/thor_joystick': CMAKE_PREFIX_PATH=/home/salman/GryphonEC-ROS2/ws_thor/install/thor_server:/home/salman/GryphonEC-ROS2/ws_thor/install/thor_controller:/home/salman/GryphonEC-ROS2/ws_thor/install/thor_bringup:/home/salman/GryphonEC-ROS2/ws_thor/install/thor_moveit:/home/salman/GryphonEC-ROS2/ws_thor/install/thor_urdf:/home/salman/GryphonEC-ROS2/ws_thor/install/thor_joystick:/home/salman/GryphonEC-ROS2/ws_thor/install/thor_msgs:/home/salman/GryphonEC-ROS2/ws_thor/install/thor_status_publisher:/opt/ros/humble LD_LIBRARY_PATH=/home/salman/GryphonEC-ROS2/ws_thor/install/thor_server/lib:/home/salman/GryphonEC-ROS2/ws_thor/install/thor_controller/lib:/home/salman/GryphonEC-ROS2/ws_thor/install/thor_msgs/lib:/usr/local/cuda-12.8/lib64:/usr/lib/x86_64-linux-gnu/gazebo-11/plugins:/opt/ros/humble/opt/rviz_ogre_vendor/lib:/opt/ros/humble/lib/x86_64-linux-gnu:/opt/ros/humble/lib /usr/bin/cmake --build /home/salman/GryphonEC-ROS2/ws_thor/build/thor_joystick -- -j16 -l16
[0.039s] -- Found ament_cmake: 1.3.14 (/opt/ros/humble/share/ament_cmake/cmake)
[0.138s] -- Found rclcpp: 16.0.19 (/opt/ros/humble/share/rclcpp/cmake)
[0.162s] -- Found rosidl_generator_c: 3.1.8 (/opt/ros/humble/share/rosidl_generator_c/cmake)
[0.163s] -- Found rosidl_adapter: 3.1.8 (/opt/ros/humble/share/rosidl_adapter/cmake)
[0.168s] -- Found rosidl_generator_cpp: 3.1.8 (/opt/ros/humble/share/rosidl_generator_cpp/cmake)
[0.175s] -- Using all available rosidl_typesupport_c: rosidl_typesupport_fastrtps_c;rosidl_typesupport_introspection_c
[0.183s] -- Using all available rosidl_typesupport_cpp: rosidl_typesupport_fastrtps_cpp;rosidl_typesupport_introspection_cpp
[0.207s] -- Found rmw_implementation_cmake: 6.1.2 (/opt/ros/humble/share/rmw_implementation_cmake/cmake)
[0.208s] -- Found rmw_fastrtps_cpp: 6.2.10 (/opt/ros/humble/share/rmw_fastrtps_cpp/cmake)
[0.310s] -- Using RMW implementation 'rmw_fastrtps_cpp' as default
[0.342s] -- Found rclcpp_action: 16.0.19 (/opt/ros/humble/share/rclcpp_action/cmake)
[0.362s] -- Found sensor_msgs: 4.9.1 (/opt/ros/humble/share/sensor_msgs/cmake)
[0.380s] -- Found moveit_ros_planning_interface: 2.5.9 (/opt/ros/humble/share/moveit_ros_planning_interface/cmake)
[0.388s] -- Found Boost: /usr/lib/x86_64-linux-gnu/cmake/Boost-1.74.0/BoostConfig.cmake (found version "1.74.0") found components: date_time filesystem program_options system thread 
[0.460s] -- Found Boost: /usr/lib/x86_64-linux-gnu/cmake/Boost-1.74.0/BoostConfig.cmake (found version "1.74.0") found components: chrono date_time filesystem iostreams program_options regex serialization system thread 
[0.478s] -- Found parameter_traits: 0.7.1 (/opt/ros/humble/share/parameter_traits/cmake)
[0.487s] -- Found rclcpp_lifecycle: 16.0.19 (/opt/ros/humble/share/rclcpp_lifecycle/cmake)
[0.501s] -- Found Boost: /usr/lib/x86_64-linux-gnu/cmake/Boost-1.74.0/BoostConfig.cmake (found version "1.74.0") found components: filesystem 
[0.534s] -- library: /usr/lib/x86_64-linux-gnu/libcurl.so
[0.552s] -- Ensuring Eigen3 include directory is part of orocos-kdl CMake target
[0.625s] -- Found Boost: /usr/lib/x86_64-linux-gnu/cmake/Boost-1.74.0/BoostConfig.cmake (found version "1.74.0") found components: system filesystem date_time program_options thread chrono 
[0.645s] -- Found Boost: /usr/lib/x86_64-linux-gnu/cmake/Boost-1.74.0/BoostConfig.cmake (found version "1.74.0") found components: thread system filesystem regex date_time program_options 
[0.658s] -- Found Boost: /usr/lib/x86_64-linux-gnu/cmake/Boost-1.74.0/BoostConfig.cmake (found version "1.74.0") found components: system filesystem date_time program_options thread 
[0.680s] -- Found thor_server: 0.0.0 (/home/salman/GryphonEC-ROS2/ws_thor/install/thor_server/share/thor_server/cmake)
[0.694s] -- Found ament_lint_auto: 0.12.15 (/opt/ros/humble/share/ament_lint_auto/cmake)
[0.747s] -- Added test 'cppcheck' to perform static code analysis on C / C++ code
[0.747s] -- Configured cppcheck include dirs: /home/salman/GryphonEC-ROS2/ws_thor/src/thor_joystick/include
[0.747s] -- Configured cppcheck exclude dirs and/or files: 
[0.747s] -- Added test 'flake8' to check Python code syntax and style conventions
[0.747s] -- Added test 'lint_cmake' to check CMake code style
[0.748s] -- Added test 'pep257' to check Python code against some of the docstring style conventions in PEP 257
[0.748s] -- Added test 'uncrustify' to check C / C++ code style
[0.749s] -- Configured uncrustify additional arguments: 
[0.749s] -- Added test 'xmllint' to check XML markup files
[0.750s] -- Configuring done
[0.781s] -- Generating done
[0.789s] -- Build files have been written to: /home/salman/GryphonEC-ROS2/ws_thor/build/thor_joystick
[0.824s] [35m[1mConsolidate compiler generated dependencies of target joystick_joint_controller[0m
[0.825s] [35m[1mConsolidate compiler generated dependencies of target joystick_moveit_controller[0m
[0.825s] [35m[1mConsolidate compiler generated dependencies of target joystick_pose_controller[0m
[0.841s] [ 33%] [32mBuilding CXX object CMakeFiles/joystick_joint_controller.dir/src/joystick_joint_controller.cpp.o[0m
[0.842s] [ 33%] [32mBuilding CXX object CMakeFiles/joystick_pose_controller.dir/src/joystick_pose_controller.cpp.o[0m
[0.848s] [ 50%] [32mBuilding CXX object CMakeFiles/joystick_moveit_controller.dir/src/joystick_moveit_controller.cpp.o[0m
[7.896s] [ 66%] [32m[1mLinking CXX executable joystick_pose_controller[0m
[7.928s] [ 83%] [32m[1mLinking CXX executable joystick_joint_controller[0m
[8.338s] [ 83%] Built target joystick_pose_controller
[8.373s] [ 83%] Built target joystick_joint_controller
[11.017s] [100%] [32m[1mLinking CXX executable joystick_moveit_controller[0m
[11.640s] [100%] Built target joystick_moveit_controller
[11.655s] Invoked command in '/home/salman/GryphonEC-ROS2/ws_thor/build/thor_joystick' returned '0': CMAKE_PREFIX_PATH=/home/salman/GryphonEC-ROS2/ws_thor/install/thor_server:/home/salman/GryphonEC-ROS2/ws_thor/install/thor_controller:/home/salman/GryphonEC-ROS2/ws_thor/install/thor_bringup:/home/salman/GryphonEC-ROS2/ws_thor/install/thor_moveit:/home/salman/GryphonEC-ROS2/ws_thor/install/thor_urdf:/home/salman/GryphonEC-ROS2/ws_thor/install/thor_joystick:/home/salman/GryphonEC-ROS2/ws_thor/install/thor_msgs:/home/salman/GryphonEC-ROS2/ws_thor/install/thor_status_publisher:/opt/ros/humble LD_LIBRARY_PATH=/home/salman/GryphonEC-ROS2/ws_thor/install/thor_server/lib:/home/salman/GryphonEC-ROS2/ws_thor/install/thor_controller/lib:/home/salman/GryphonEC-ROS2/ws_thor/install/thor_msgs/lib:/usr/local/cuda-12.8/lib64:/usr/lib/x86_64-linux-gnu/gazebo-11/plugins:/opt/ros/humble/opt/rviz_ogre_vendor/lib:/opt/ros/humble/lib/x86_64-linux-gnu:/opt/ros/humble/lib /usr/bin/cmake --build /home/salman/GryphonEC-ROS2/ws_thor/build/thor_joystick -- -j16 -l16
[11.658s] Invoking command in '/home/salman/GryphonEC-ROS2/ws_thor/build/thor_joystick': CMAKE_PREFIX_PATH=/home/salman/GryphonEC-ROS2/ws_thor/install/thor_server:/home/salman/GryphonEC-ROS2/ws_thor/install/thor_controller:/home/salman/GryphonEC-ROS2/ws_thor/install/thor_bringup:/home/salman/GryphonEC-ROS2/ws_thor/install/thor_moveit:/home/salman/GryphonEC-ROS2/ws_thor/install/thor_urdf:/home/salman/GryphonEC-ROS2/ws_thor/install/thor_joystick:/home/salman/GryphonEC-ROS2/ws_thor/install/thor_msgs:/home/salman/GryphonEC-ROS2/ws_thor/install/thor_status_publisher:/opt/ros/humble LD_LIBRARY_PATH=/home/salman/GryphonEC-ROS2/ws_thor/install/thor_server/lib:/home/salman/GryphonEC-ROS2/ws_thor/install/thor_controller/lib:/home/salman/GryphonEC-ROS2/ws_thor/install/thor_msgs/lib:/usr/local/cuda-12.8/lib64:/usr/lib/x86_64-linux-gnu/gazebo-11/plugins:/opt/ros/humble/opt/rviz_ogre_vendor/lib:/opt/ros/humble/lib/x86_64-linux-gnu:/opt/ros/humble/lib /usr/bin/cmake --install /home/salman/GryphonEC-ROS2/ws_thor/build/thor_joystick
[11.666s] -- Install configuration: ""
[11.667s] -- Installing: /home/salman/GryphonEC-ROS2/ws_thor/install/thor_joystick/lib/thor_joystick/joystick_moveit_controller
[11.670s] -- Set runtime path of "/home/salman/GryphonEC-ROS2/ws_thor/install/thor_joystick/lib/thor_joystick/joystick_moveit_controller" to ""
[11.671s] -- Installing: /home/salman/GryphonEC-ROS2/ws_thor/install/thor_joystick/lib/thor_joystick/joystick_joint_controller
[11.677s] -- Set runtime path of "/home/salman/GryphonEC-ROS2/ws_thor/install/thor_joystick/lib/thor_joystick/joystick_joint_controller" to ""
[11.678s] -- Installing: /home/salman/GryphonEC-ROS2/ws_thor/install/thor_joystick/lib/thor_joystick/joystick_pose_controller
[11.682s] -- Set runtime path of "/home/salman/GryphonEC-ROS2/ws_thor/install/thor_joystick/lib/thor_joystick/joystick_pose_controller" to ""
[11.682s] -- Up-to-date: /home/salman/GryphonEC-ROS2/ws_thor/install/thor_joystick/share/thor_joystick//launch
[11.682s] -- Installing: /home/salman/GryphonEC-ROS2/ws_thor/install/thor_joystick/share/thor_joystick//launch/joy_pose.launch.py
[11.682s] -- Installing: /home/salman/GryphonEC-ROS2/ws_thor/install/thor_joystick/share/thor_joystick//launch/joy_joint.launch.py
[11.682s] -- Installing: /home/salman/GryphonEC-ROS2/ws_thor/install/thor_joystick/share/thor_joystick//launch/joystick_control.launch.py
[11.683s] -- Up-to-date: /home/salman/GryphonEC-ROS2/ws_thor/install/thor_joystick/share/ament_index/resource_index/package_run_dependencies/thor_joystick
[11.683s] -- Installing: /home/salman/GryphonEC-ROS2/ws_thor/install/thor_joystick/share/ament_index/resource_index/parent_prefix_path/thor_joystick
[11.683s] -- Installing: /home/salman/GryphonEC-ROS2/ws_thor/install/thor_joystick/share/thor_joystick/environment/ament_prefix_path.sh
[11.683s] -- Installing: /home/salman/GryphonEC-ROS2/ws_thor/install/thor_joystick/share/thor_joystick/environment/ament_prefix_path.dsv
[11.683s] -- Installing: /home/salman/GryphonEC-ROS2/ws_thor/install/thor_joystick/share/thor_joystick/environment/path.sh
[11.683s] -- Installing: /home/salman/GryphonEC-ROS2/ws_thor/install/thor_joystick/share/thor_joystick/environment/path.dsv
[11.683s] -- Up-to-date: /home/salman/GryphonEC-ROS2/ws_thor/install/thor_joystick/share/thor_joystick/local_setup.bash
[11.684s] -- Up-to-date: /home/salman/GryphonEC-ROS2/ws_thor/install/thor_joystick/share/thor_joystick/local_setup.sh
[11.684s] -- Up-to-date: /home/salman/GryphonEC-ROS2/ws_thor/install/thor_joystick/share/thor_joystick/local_setup.zsh
[11.684s] -- Installing: /home/salman/GryphonEC-ROS2/ws_thor/install/thor_joystick/share/thor_joystick/local_setup.dsv
[11.684s] -- Installing: /home/salman/GryphonEC-ROS2/ws_thor/install/thor_joystick/share/thor_joystick/package.dsv
[11.684s] -- Up-to-date: /home/salman/GryphonEC-ROS2/ws_thor/install/thor_joystick/share/ament_index/resource_index/packages/thor_joystick
[11.684s] -- Up-to-date: /home/salman/GryphonEC-ROS2/ws_thor/install/thor_joystick/share/thor_joystick/cmake/thor_joystickConfig.cmake
[11.684s] -- Up-to-date: /home/salman/GryphonEC-ROS2/ws_thor/install/thor_joystick/share/thor_joystick/cmake/thor_joystickConfig-version.cmake
[11.684s] -- Installing: /home/salman/GryphonEC-ROS2/ws_thor/install/thor_joystick/share/thor_joystick/package.xml
[11.688s] Invoked command in '/home/salman/GryphonEC-ROS2/ws_thor/build/thor_joystick' returned '0': CMAKE_PREFIX_PATH=/home/salman/GryphonEC-ROS2/ws_thor/install/thor_server:/home/salman/GryphonEC-ROS2/ws_thor/install/thor_controller:/home/salman/GryphonEC-ROS2/ws_thor/install/thor_bringup:/home/salman/GryphonEC-ROS2/ws_thor/install/thor_moveit:/home/salman/GryphonEC-ROS2/ws_thor/install/thor_urdf:/home/salman/GryphonEC-ROS2/ws_thor/install/thor_joystick:/home/salman/GryphonEC-ROS2/ws_thor/install/thor_msgs:/home/salman/GryphonEC-ROS2/ws_thor/install/thor_status_publisher:/opt/ros/humble LD_LIBRARY_PATH=/home/salman/GryphonEC-ROS2/ws_thor/install/thor_server/lib:/home/salman/GryphonEC-ROS2/ws_thor/install/thor_controller/lib:/home/salman/GryphonEC-ROS2/ws_thor/install/thor_msgs/lib:/usr/local/cuda-12.8/lib64:/usr/lib/x86_64-linux-gnu/gazebo-11/plugins:/opt/ros/humble/opt/rviz_ogre_vendor/lib:/opt/ros/humble/lib/x86_64-linux-gnu:/opt/ros/humble/lib /usr/bin/cmake --install /home/salman/GryphonEC-ROS2/ws_thor/build/thor_joystick
