running egg_info
writing ../../build/thor_status_publisher/thor_status_publisher.egg-info/PKG-INFO
writing dependency_links to ../../build/thor_status_publisher/thor_status_publisher.egg-info/dependency_links.txt
writing entry points to ../../build/thor_status_publisher/thor_status_publisher.egg-info/entry_points.txt
writing requirements to ../../build/thor_status_publisher/thor_status_publisher.egg-info/requires.txt
writing top-level names to ../../build/thor_status_publisher/thor_status_publisher.egg-info/top_level.txt
reading manifest file '../../build/thor_status_publisher/thor_status_publisher.egg-info/SOURCES.txt'
writing manifest file '../../build/thor_status_publisher/thor_status_publisher.egg-info/SOURCES.txt'
running build
running build_py
running install
running install_lib
running install_data
running install_egg_info
removing '/home/salman/GryphonEC-ROS2/ws_thor/install/thor_status_publisher/lib/python3.10/site-packages/thor_status_publisher-0.0.0-py3.10.egg-info' (and everything under it)
Copying ../../build/thor_status_publisher/thor_status_publisher.egg-info to /home/salman/GryphonEC-ROS2/ws_thor/install/thor_status_publisher/lib/python3.10/site-packages/thor_status_publisher-0.0.0-py3.10.egg-info
running install_scripts
Installing cartesian_goal_listener script to /home/salman/GryphonEC-ROS2/ws_thor/install/thor_status_publisher/lib/thor_status_publisher
Installing ik_goal_listener script to /home/salman/GryphonEC-ROS2/ws_thor/install/thor_status_publisher/lib/thor_status_publisher
Installing joint_goal_listener script to /home/salman/GryphonEC-ROS2/ws_thor/install/thor_status_publisher/lib/thor_status_publisher
Installing random_position_commander script to /home/salman/GryphonEC-ROS2/ws_thor/install/thor_status_publisher/lib/thor_status_publisher
Installing robot_status_publisher script to /home/salman/GryphonEC-ROS2/ws_thor/install/thor_status_publisher/lib/thor_status_publisher
writing list of installed files to '/home/salman/GryphonEC-ROS2/ws_thor/build/thor_status_publisher/install.log'
