/home/salman/GryphonEC-ROS2/ws_thor/install/thor_status_publisher/lib/python3.10/site-packages/thor_status_publisher/__init__.py
/home/salman/GryphonEC-ROS2/ws_thor/install/thor_status_publisher/lib/python3.10/site-packages/thor_status_publisher/ik_goal_listener.py
/home/salman/GryphonEC-ROS2/ws_thor/install/thor_status_publisher/lib/python3.10/site-packages/thor_status_publisher/cartesian_goal_listener.py
/home/salman/GryphonEC-ROS2/ws_thor/install/thor_status_publisher/lib/python3.10/site-packages/thor_status_publisher/random_position_commander.py
/home/salman/GryphonEC-ROS2/ws_thor/install/thor_status_publisher/lib/python3.10/site-packages/thor_status_publisher/robot_status_publisher.py
/home/salman/GryphonEC-ROS2/ws_thor/install/thor_status_publisher/lib/python3.10/site-packages/thor_status_publisher/joint_goal_listener.py
/home/salman/GryphonEC-ROS2/ws_thor/install/thor_status_publisher/lib/python3.10/site-packages/thor_status_publisher/__pycache__/__init__.cpython-310.pyc
/home/salman/GryphonEC-ROS2/ws_thor/install/thor_status_publisher/lib/python3.10/site-packages/thor_status_publisher/__pycache__/ik_goal_listener.cpython-310.pyc
/home/salman/GryphonEC-ROS2/ws_thor/install/thor_status_publisher/lib/python3.10/site-packages/thor_status_publisher/__pycache__/cartesian_goal_listener.cpython-310.pyc
/home/salman/GryphonEC-ROS2/ws_thor/install/thor_status_publisher/lib/python3.10/site-packages/thor_status_publisher/__pycache__/random_position_commander.cpython-310.pyc
/home/salman/GryphonEC-ROS2/ws_thor/install/thor_status_publisher/lib/python3.10/site-packages/thor_status_publisher/__pycache__/robot_status_publisher.cpython-310.pyc
/home/salman/GryphonEC-ROS2/ws_thor/install/thor_status_publisher/lib/python3.10/site-packages/thor_status_publisher/__pycache__/joint_goal_listener.cpython-310.pyc
/home/salman/GryphonEC-ROS2/ws_thor/install/thor_status_publisher/share/ament_index/resource_index/packages/thor_status_publisher
/home/salman/GryphonEC-ROS2/ws_thor/install/thor_status_publisher/share/thor_status_publisher/package.xml
/home/salman/GryphonEC-ROS2/ws_thor/install/thor_status_publisher/lib/python3.10/site-packages/thor_status_publisher-0.0.0-py3.10.egg-info/requires.txt
/home/salman/GryphonEC-ROS2/ws_thor/install/thor_status_publisher/lib/python3.10/site-packages/thor_status_publisher-0.0.0-py3.10.egg-info/entry_points.txt
/home/salman/GryphonEC-ROS2/ws_thor/install/thor_status_publisher/lib/python3.10/site-packages/thor_status_publisher-0.0.0-py3.10.egg-info/SOURCES.txt
/home/salman/GryphonEC-ROS2/ws_thor/install/thor_status_publisher/lib/python3.10/site-packages/thor_status_publisher-0.0.0-py3.10.egg-info/top_level.txt
/home/salman/GryphonEC-ROS2/ws_thor/install/thor_status_publisher/lib/python3.10/site-packages/thor_status_publisher-0.0.0-py3.10.egg-info/dependency_links.txt
/home/salman/GryphonEC-ROS2/ws_thor/install/thor_status_publisher/lib/python3.10/site-packages/thor_status_publisher-0.0.0-py3.10.egg-info/PKG-INFO
/home/salman/GryphonEC-ROS2/ws_thor/install/thor_status_publisher/lib/python3.10/site-packages/thor_status_publisher-0.0.0-py3.10.egg-info/zip-safe
/home/salman/GryphonEC-ROS2/ws_thor/install/thor_status_publisher/lib/thor_status_publisher/cartesian_goal_listener
/home/salman/GryphonEC-ROS2/ws_thor/install/thor_status_publisher/lib/thor_status_publisher/ik_goal_listener
/home/salman/GryphonEC-ROS2/ws_thor/install/thor_status_publisher/lib/thor_status_publisher/joint_goal_listener
/home/salman/GryphonEC-ROS2/ws_thor/install/thor_status_publisher/lib/thor_status_publisher/random_position_commander
/home/salman/GryphonEC-ROS2/ws_thor/install/thor_status_publisher/lib/thor_status_publisher/robot_status_publisher
