[0.014s] Invoking command in '/home/salman/GryphonEC-ROS2/ws_thor/build/thor_urdf': CMAKE_PREFIX_PATH=${CMAKE_PREFIX_PATH}:/home/salman/GryphonEC-ROS2/ws_thor/install/thor_status_publisher:/opt/ros/humble /usr/bin/cmake --build /home/salman/GryphonEC-ROS2/ws_thor/build/thor_urdf -- -j16 -l16
[0.073s] Invoked command in '/home/salman/GryphonEC-ROS2/ws_thor/build/thor_urdf' returned '0': CMAKE_PREFIX_PATH=${CMAKE_PREFIX_PATH}:/home/salman/GryphonEC-ROS2/ws_thor/install/thor_status_publisher:/opt/ros/humble /usr/bin/cmake --build /home/salman/GryphonEC-ROS2/ws_thor/build/thor_urdf -- -j16 -l16
[0.088s] Invoking command in '/home/salman/GryphonEC-ROS2/ws_thor/build/thor_urdf': CMAKE_PREFIX_PATH=${CMAKE_PREFIX_PATH}:/home/salman/GryphonEC-ROS2/ws_thor/install/thor_status_publisher:/opt/ros/humble /usr/bin/cmake --install /home/salman/GryphonEC-ROS2/ws_thor/build/thor_urdf
[0.096s] -- Install configuration: ""
[0.096s] -- Up-to-date: /home/salman/GryphonEC-ROS2/ws_thor/install/thor_urdf/share/thor_urdf/meshes
[0.097s] -- Up-to-date: /home/salman/GryphonEC-ROS2/ws_thor/install/thor_urdf/share/thor_urdf/meshes/Shoulder_1.stl
[0.097s] -- Up-to-date: /home/salman/GryphonEC-ROS2/ws_thor/install/thor_urdf/share/thor_urdf/meshes/Wrist_r_gripper_v1_1.stl
[0.097s] -- Up-to-date: /home/salman/GryphonEC-ROS2/ws_thor/install/thor_urdf/share/thor_urdf/meshes/Waist_1.stl
[0.097s] -- Up-to-date: /home/salman/GryphonEC-ROS2/ws_thor/install/thor_urdf/share/thor_urdf/meshes/base_link.stl
[0.097s] -- Up-to-date: /home/salman/GryphonEC-ROS2/ws_thor/install/thor_urdf/share/thor_urdf/meshes/small_box
[0.098s] -- Up-to-date: /home/salman/GryphonEC-ROS2/ws_thor/install/thor_urdf/share/thor_urdf/meshes/small_box/model.config
[0.099s] -- Up-to-date: /home/salman/GryphonEC-ROS2/ws_thor/install/thor_urdf/share/thor_urdf/meshes/small_box/model.sdf
[0.101s] -- Up-to-date: /home/salman/GryphonEC-ROS2/ws_thor/install/thor_urdf/share/thor_urdf/meshes/Wrist_T_shape_v1_1.stl
[0.101s] -- Up-to-date: /home/salman/GryphonEC-ROS2/ws_thor/install/thor_urdf/share/thor_urdf/meshes/Base.dae
[0.101s] -- Up-to-date: /home/salman/GryphonEC-ROS2/ws_thor/install/thor_urdf/share/thor_urdf/meshes/Wrist_gripper_base_v2_1.stl
[0.101s] -- Up-to-date: /home/salman/GryphonEC-ROS2/ws_thor/install/thor_urdf/share/thor_urdf/meshes/Wrist_l_gripper_v1_1.stl
[0.101s] -- Up-to-date: /home/salman/GryphonEC-ROS2/ws_thor/install/thor_urdf/share/thor_urdf/meshes/Elbow_v1_1.stl
[0.101s] -- Up-to-date: /home/salman/GryphonEC-ROS2/ws_thor/install/thor_urdf/share/thor_urdf/urdf
[0.101s] -- Up-to-date: /home/salman/GryphonEC-ROS2/ws_thor/install/thor_urdf/share/thor_urdf/urdf/thor_arm.ros2_control.xacro
[0.101s] -- Up-to-date: /home/salman/GryphonEC-ROS2/ws_thor/install/thor_urdf/share/thor_urdf/urdf/thor.urdf.xacro
[0.101s] -- Installing: /home/salman/GryphonEC-ROS2/ws_thor/install/thor_urdf/share/thor_urdf/urdf/thor_gazebo.xacro
[0.101s] -- Up-to-date: /home/salman/GryphonEC-ROS2/ws_thor/install/thor_urdf/share/thor_urdf/launch
[0.102s] -- Up-to-date: /home/salman/GryphonEC-ROS2/ws_thor/install/thor_urdf/share/thor_urdf/launch/launch.py
[0.102s] -- Up-to-date: /home/salman/GryphonEC-ROS2/ws_thor/install/thor_urdf/share/thor_urdf/launch/display.launch.py
[0.102s] -- Up-to-date: /home/salman/GryphonEC-ROS2/ws_thor/install/thor_urdf/share/thor_urdf/launch/gazebo.launch.py
[0.102s] -- Up-to-date: /home/salman/GryphonEC-ROS2/ws_thor/install/thor_urdf/share/thor_urdf/rviz
[0.102s] -- Up-to-date: /home/salman/GryphonEC-ROS2/ws_thor/install/thor_urdf/share/thor_urdf/rviz/display.rviz
[0.102s] -- Up-to-date: /home/salman/GryphonEC-ROS2/ws_thor/install/thor_urdf/share/ament_index/resource_index/package_run_dependencies/thor_urdf
[0.102s] -- Up-to-date: /home/salman/GryphonEC-ROS2/ws_thor/install/thor_urdf/share/ament_index/resource_index/parent_prefix_path/thor_urdf
[0.102s] -- Up-to-date: /home/salman/GryphonEC-ROS2/ws_thor/install/thor_urdf/share/thor_urdf/environment/ament_prefix_path.sh
[0.102s] -- Up-to-date: /home/salman/GryphonEC-ROS2/ws_thor/install/thor_urdf/share/thor_urdf/environment/ament_prefix_path.dsv
[0.102s] -- Up-to-date: /home/salman/GryphonEC-ROS2/ws_thor/install/thor_urdf/share/thor_urdf/environment/path.sh
[0.102s] -- Up-to-date: /home/salman/GryphonEC-ROS2/ws_thor/install/thor_urdf/share/thor_urdf/environment/path.dsv
[0.102s] -- Up-to-date: /home/salman/GryphonEC-ROS2/ws_thor/install/thor_urdf/share/thor_urdf/local_setup.bash
[0.102s] -- Up-to-date: /home/salman/GryphonEC-ROS2/ws_thor/install/thor_urdf/share/thor_urdf/local_setup.sh
[0.102s] -- Up-to-date: /home/salman/GryphonEC-ROS2/ws_thor/install/thor_urdf/share/thor_urdf/local_setup.zsh
[0.102s] -- Up-to-date: /home/salman/GryphonEC-ROS2/ws_thor/install/thor_urdf/share/thor_urdf/local_setup.dsv
[0.102s] -- Installing: /home/salman/GryphonEC-ROS2/ws_thor/install/thor_urdf/share/thor_urdf/package.dsv
[0.102s] -- Up-to-date: /home/salman/GryphonEC-ROS2/ws_thor/install/thor_urdf/share/ament_index/resource_index/packages/thor_urdf
[0.102s] -- Up-to-date: /home/salman/GryphonEC-ROS2/ws_thor/install/thor_urdf/share/thor_urdf/cmake/thor_urdfConfig.cmake
[0.102s] -- Up-to-date: /home/salman/GryphonEC-ROS2/ws_thor/install/thor_urdf/share/thor_urdf/cmake/thor_urdfConfig-version.cmake
[0.102s] -- Up-to-date: /home/salman/GryphonEC-ROS2/ws_thor/install/thor_urdf/share/thor_urdf/package.xml
[0.104s] Invoked command in '/home/salman/GryphonEC-ROS2/ws_thor/build/thor_urdf' returned '0': CMAKE_PREFIX_PATH=${CMAKE_PREFIX_PATH}:/home/salman/GryphonEC-ROS2/ws_thor/install/thor_status_publisher:/opt/ros/humble /usr/bin/cmake --install /home/salman/GryphonEC-ROS2/ws_thor/build/thor_urdf
