[0.577s] Invoking command in '/home/salman/GryphonEC-ROS2/ws_thor/src/thor_status_publisher': CMAKE_PREFIX_PATH=/home/salman/GryphonEC-ROS2/ws_thor/install/thor_msgs:/home/salman/GryphonEC-ROS2/ws_thor/install/thor_bringup:/home/salman/GryphonEC-ROS2/ws_thor/install/thor_moveit:/home/salman/GryphonEC-ROS2/ws_thor/install/thor_urdf:/home/salman/GryphonEC-ROS2/ws_thor/install/thor_joystick:/home/salman/GryphonEC-ROS2/ws_thor/install/thor_server:/home/salman/GryphonEC-ROS2/ws_thor/install/thor_controller LD_LIBRARY_PATH=/home/salman/GryphonEC-ROS2/ws_thor/install/thor_msgs/lib:/home/salman/GryphonEC-ROS2/ws_thor/install/thor_server/lib:/home/salman/GryphonEC-ROS2/ws_thor/install/thor_controller/lib:/usr/local/cuda-12.8/lib64:/usr/lib/x86_64-linux-gnu/gazebo-11/plugins:/opt/ros/humble/opt/rviz_ogre_vendor/lib:/opt/ros/humble/lib/x86_64-linux-gnu:/opt/ros/humble/lib PYTHONPATH=/home/salman/GryphonEC-ROS2/ws_thor/build/thor_status_publisher/prefix_override:/usr/lib/python3/dist-packages/colcon_core/task/python/colcon_distutils_commands:/home/salman/GryphonEC-ROS2/ws_thor/install/thor_status_publisher/lib/python3.10/site-packages:${PYTHONPATH} /usr/bin/python3 -W ignore:setup.py install is deprecated -W ignore:easy_install command is deprecated setup.py egg_info --egg-base ../../build/thor_status_publisher build --build-base /home/salman/GryphonEC-ROS2/ws_thor/build/thor_status_publisher/build install --record /home/salman/GryphonEC-ROS2/ws_thor/build/thor_status_publisher/install.log --single-version-externally-managed install_data
[0.785s] running egg_info
[0.785s] writing ../../build/thor_status_publisher/thor_status_publisher.egg-info/PKG-INFO
[0.786s] writing dependency_links to ../../build/thor_status_publisher/thor_status_publisher.egg-info/dependency_links.txt
[0.786s] writing entry points to ../../build/thor_status_publisher/thor_status_publisher.egg-info/entry_points.txt
[0.787s] writing requirements to ../../build/thor_status_publisher/thor_status_publisher.egg-info/requires.txt
[0.787s] writing top-level names to ../../build/thor_status_publisher/thor_status_publisher.egg-info/top_level.txt
[0.788s] reading manifest file '../../build/thor_status_publisher/thor_status_publisher.egg-info/SOURCES.txt'
[0.789s] writing manifest file '../../build/thor_status_publisher/thor_status_publisher.egg-info/SOURCES.txt'
[0.789s] running build
[0.789s] running build_py
[0.789s] copying thor_status_publisher/__init__.py -> /home/salman/GryphonEC-ROS2/ws_thor/build/thor_status_publisher/build/lib/thor_status_publisher
[0.790s] copying thor_status_publisher/ik_goal_listener.py -> /home/salman/GryphonEC-ROS2/ws_thor/build/thor_status_publisher/build/lib/thor_status_publisher
[0.790s] copying thor_status_publisher/cartesian_goal_listener.py -> /home/salman/GryphonEC-ROS2/ws_thor/build/thor_status_publisher/build/lib/thor_status_publisher
[0.790s] copying thor_status_publisher/random_position_commander.py -> /home/salman/GryphonEC-ROS2/ws_thor/build/thor_status_publisher/build/lib/thor_status_publisher
[0.790s] copying thor_status_publisher/robot_status_publisher.py -> /home/salman/GryphonEC-ROS2/ws_thor/build/thor_status_publisher/build/lib/thor_status_publisher
[0.790s] copying thor_status_publisher/joint_goal_listener.py -> /home/salman/GryphonEC-ROS2/ws_thor/build/thor_status_publisher/build/lib/thor_status_publisher
[0.791s] running install
[0.791s] running install_lib
[0.791s] copying /home/salman/GryphonEC-ROS2/ws_thor/build/thor_status_publisher/build/lib/thor_status_publisher/__init__.py -> /home/salman/GryphonEC-ROS2/ws_thor/install/thor_status_publisher/lib/python3.10/site-packages/thor_status_publisher
[0.791s] copying /home/salman/GryphonEC-ROS2/ws_thor/build/thor_status_publisher/build/lib/thor_status_publisher/ik_goal_listener.py -> /home/salman/GryphonEC-ROS2/ws_thor/install/thor_status_publisher/lib/python3.10/site-packages/thor_status_publisher
[0.792s] copying /home/salman/GryphonEC-ROS2/ws_thor/build/thor_status_publisher/build/lib/thor_status_publisher/cartesian_goal_listener.py -> /home/salman/GryphonEC-ROS2/ws_thor/install/thor_status_publisher/lib/python3.10/site-packages/thor_status_publisher
[0.792s] copying /home/salman/GryphonEC-ROS2/ws_thor/build/thor_status_publisher/build/lib/thor_status_publisher/random_position_commander.py -> /home/salman/GryphonEC-ROS2/ws_thor/install/thor_status_publisher/lib/python3.10/site-packages/thor_status_publisher
[0.792s] copying /home/salman/GryphonEC-ROS2/ws_thor/build/thor_status_publisher/build/lib/thor_status_publisher/robot_status_publisher.py -> /home/salman/GryphonEC-ROS2/ws_thor/install/thor_status_publisher/lib/python3.10/site-packages/thor_status_publisher
[0.792s] copying /home/salman/GryphonEC-ROS2/ws_thor/build/thor_status_publisher/build/lib/thor_status_publisher/joint_goal_listener.py -> /home/salman/GryphonEC-ROS2/ws_thor/install/thor_status_publisher/lib/python3.10/site-packages/thor_status_publisher
[0.792s] byte-compiling /home/salman/GryphonEC-ROS2/ws_thor/install/thor_status_publisher/lib/python3.10/site-packages/thor_status_publisher/__init__.py to __init__.cpython-310.pyc
[0.793s] byte-compiling /home/salman/GryphonEC-ROS2/ws_thor/install/thor_status_publisher/lib/python3.10/site-packages/thor_status_publisher/ik_goal_listener.py to ik_goal_listener.cpython-310.pyc
[0.794s] byte-compiling /home/salman/GryphonEC-ROS2/ws_thor/install/thor_status_publisher/lib/python3.10/site-packages/thor_status_publisher/cartesian_goal_listener.py to cartesian_goal_listener.cpython-310.pyc
[0.795s] byte-compiling /home/salman/GryphonEC-ROS2/ws_thor/install/thor_status_publisher/lib/python3.10/site-packages/thor_status_publisher/random_position_commander.py to random_position_commander.cpython-310.pyc
[0.796s] byte-compiling /home/salman/GryphonEC-ROS2/ws_thor/install/thor_status_publisher/lib/python3.10/site-packages/thor_status_publisher/robot_status_publisher.py to robot_status_publisher.cpython-310.pyc
[0.796s] byte-compiling /home/salman/GryphonEC-ROS2/ws_thor/install/thor_status_publisher/lib/python3.10/site-packages/thor_status_publisher/joint_goal_listener.py to joint_goal_listener.cpython-310.pyc
[0.796s] running install_data
[0.797s] copying resource/thor_status_publisher -> /home/salman/GryphonEC-ROS2/ws_thor/install/thor_status_publisher/share/ament_index/resource_index/packages
[0.797s] copying package.xml -> /home/salman/GryphonEC-ROS2/ws_thor/install/thor_status_publisher/share/thor_status_publisher
[0.797s] running install_egg_info
[0.798s] removing '/home/salman/GryphonEC-ROS2/ws_thor/install/thor_status_publisher/lib/python3.10/site-packages/thor_status_publisher-0.0.0-py3.10.egg-info' (and everything under it)
[0.798s] Copying ../../build/thor_status_publisher/thor_status_publisher.egg-info to /home/salman/GryphonEC-ROS2/ws_thor/install/thor_status_publisher/lib/python3.10/site-packages/thor_status_publisher-0.0.0-py3.10.egg-info
[0.799s] running install_scripts
[0.814s] Installing cartesian_goal_listener script to /home/salman/GryphonEC-ROS2/ws_thor/install/thor_status_publisher/lib/thor_status_publisher
[0.815s] Installing ik_goal_listener script to /home/salman/GryphonEC-ROS2/ws_thor/install/thor_status_publisher/lib/thor_status_publisher
[0.815s] Installing joint_goal_listener script to /home/salman/GryphonEC-ROS2/ws_thor/install/thor_status_publisher/lib/thor_status_publisher
[0.815s] Installing random_position_commander script to /home/salman/GryphonEC-ROS2/ws_thor/install/thor_status_publisher/lib/thor_status_publisher
[0.815s] Installing robot_status_publisher script to /home/salman/GryphonEC-ROS2/ws_thor/install/thor_status_publisher/lib/thor_status_publisher
[0.815s] writing list of installed files to '/home/salman/GryphonEC-ROS2/ws_thor/build/thor_status_publisher/install.log'
[0.835s] Invoked command in '/home/salman/GryphonEC-ROS2/ws_thor/src/thor_status_publisher' returned '0': CMAKE_PREFIX_PATH=/home/salman/GryphonEC-ROS2/ws_thor/install/thor_msgs:/home/salman/GryphonEC-ROS2/ws_thor/install/thor_bringup:/home/salman/GryphonEC-ROS2/ws_thor/install/thor_moveit:/home/salman/GryphonEC-ROS2/ws_thor/install/thor_urdf:/home/salman/GryphonEC-ROS2/ws_thor/install/thor_joystick:/home/salman/GryphonEC-ROS2/ws_thor/install/thor_server:/home/salman/GryphonEC-ROS2/ws_thor/install/thor_controller LD_LIBRARY_PATH=/home/salman/GryphonEC-ROS2/ws_thor/install/thor_msgs/lib:/home/salman/GryphonEC-ROS2/ws_thor/install/thor_server/lib:/home/salman/GryphonEC-ROS2/ws_thor/install/thor_controller/lib:/usr/local/cuda-12.8/lib64:/usr/lib/x86_64-linux-gnu/gazebo-11/plugins:/opt/ros/humble/opt/rviz_ogre_vendor/lib:/opt/ros/humble/lib/x86_64-linux-gnu:/opt/ros/humble/lib PYTHONPATH=/home/salman/GryphonEC-ROS2/ws_thor/build/thor_status_publisher/prefix_override:/usr/lib/python3/dist-packages/colcon_core/task/python/colcon_distutils_commands:/home/salman/GryphonEC-ROS2/ws_thor/install/thor_status_publisher/lib/python3.10/site-packages:${PYTHONPATH} /usr/bin/python3 -W ignore:setup.py install is deprecated -W ignore:easy_install command is deprecated setup.py egg_info --egg-base ../../build/thor_status_publisher build --build-base /home/salman/GryphonEC-ROS2/ws_thor/build/thor_status_publisher/build install --record /home/salman/GryphonEC-ROS2/ws_thor/build/thor_status_publisher/install.log --single-version-externally-managed install_data
