[0.013s] Invoking command in '/home/salman/GryphonEC-ROS2/ws_thor/build/thor_msgs': CMAKE_PREFIX_PATH=${CMAKE_PREFIX_PATH}:/home/salman/GryphonEC-ROS2/ws_thor/install/thor_status_publisher:/opt/ros/humble /usr/bin/cmake --build /home/salman/GryphonEC-ROS2/ws_thor/build/thor_msgs -- -j16 -l16
[0.060s] [  5%] Built target thor_msgs__cpp
[0.060s] [  5%] Built target thor_msgs__rs
[0.061s] [ 15%] Built target thor_msgs__rosidl_generator_c
[0.072s] [ 15%] Built target ament_cmake_python_copy_thor_msgs
[0.082s] [ 25%] Built target thor_msgs__rosidl_typesupport_fastrtps_cpp
[0.082s] [ 35%] Built target thor_msgs__rosidl_typesupport_fastrtps_c
[0.082s] [ 45%] Built target thor_msgs__rosidl_typesupport_cpp
[0.083s] [ 55%] Built target thor_msgs__rosidl_typesupport_c
[0.083s] [ 65%] Built target thor_msgs__rosidl_typesupport_introspection_cpp
[0.085s] [ 75%] Built target thor_msgs__rosidl_typesupport_introspection_c
[0.108s] [ 75%] Built target thor_msgs
[0.130s] [ 77%] Built target thor_msgs__py
[0.158s] [ 85%] Built target thor_msgs__rosidl_generator_py
[0.181s] [ 90%] Built target thor_msgs__rosidl_typesupport_introspection_c__pyext
[0.182s] [ 95%] Built target thor_msgs__rosidl_typesupport_fastrtps_c__pyext
[0.183s] [100%] Built target thor_msgs__rosidl_typesupport_c__pyext
[0.309s] running egg_info
[0.310s] writing thor_msgs.egg-info/PKG-INFO
[0.310s] writing dependency_links to thor_msgs.egg-info/dependency_links.txt
[0.310s] writing top-level names to thor_msgs.egg-info/top_level.txt
[0.312s] reading manifest file 'thor_msgs.egg-info/SOURCES.txt'
[0.312s] writing manifest file 'thor_msgs.egg-info/SOURCES.txt'
[0.336s] [100%] Built target ament_cmake_python_build_thor_msgs_egg
[0.348s] Invoked command in '/home/salman/GryphonEC-ROS2/ws_thor/build/thor_msgs' returned '0': CMAKE_PREFIX_PATH=${CMAKE_PREFIX_PATH}:/home/salman/GryphonEC-ROS2/ws_thor/install/thor_status_publisher:/opt/ros/humble /usr/bin/cmake --build /home/salman/GryphonEC-ROS2/ws_thor/build/thor_msgs -- -j16 -l16
[0.349s] Invoking command in '/home/salman/GryphonEC-ROS2/ws_thor/build/thor_msgs': CMAKE_PREFIX_PATH=${CMAKE_PREFIX_PATH}:/home/salman/GryphonEC-ROS2/ws_thor/install/thor_status_publisher:/opt/ros/humble /usr/bin/cmake --install /home/salman/GryphonEC-ROS2/ws_thor/build/thor_msgs
[0.357s] -- Install configuration: ""
[0.357s] -- Up-to-date: /home/salman/GryphonEC-ROS2/ws_thor/install/thor_msgs/share/ament_index/resource_index/rosidl_interfaces/thor_msgs
[0.357s] -- Up-to-date: /home/salman/GryphonEC-ROS2/ws_thor/install/thor_msgs/include/thor_msgs/thor_msgs
[0.357s] -- Up-to-date: /home/salman/GryphonEC-ROS2/ws_thor/install/thor_msgs/include/thor_msgs/thor_msgs/msg
[0.357s] -- Up-to-date: /home/salman/GryphonEC-ROS2/ws_thor/install/thor_msgs/include/thor_msgs/thor_msgs/msg/cartesian_goal.h
[0.357s] -- Up-to-date: /home/salman/GryphonEC-ROS2/ws_thor/install/thor_msgs/include/thor_msgs/thor_msgs/msg/ik_goal.h
[0.357s] -- Up-to-date: /home/salman/GryphonEC-ROS2/ws_thor/install/thor_msgs/include/thor_msgs/thor_msgs/msg/rosidl_generator_c__visibility_control.h
[0.358s] -- Up-to-date: /home/salman/GryphonEC-ROS2/ws_thor/install/thor_msgs/include/thor_msgs/thor_msgs/msg/detail
[0.358s] -- Up-to-date: /home/salman/GryphonEC-ROS2/ws_thor/install/thor_msgs/include/thor_msgs/thor_msgs/msg/detail/ik_goal__functions.h
[0.358s] -- Up-to-date: /home/salman/GryphonEC-ROS2/ws_thor/install/thor_msgs/include/thor_msgs/thor_msgs/msg/detail/ik_goal__functions.c
[0.358s] -- Up-to-date: /home/salman/GryphonEC-ROS2/ws_thor/install/thor_msgs/include/thor_msgs/thor_msgs/msg/detail/cartesian_goal__struct.h
[0.358s] -- Up-to-date: /home/salman/GryphonEC-ROS2/ws_thor/install/thor_msgs/include/thor_msgs/thor_msgs/msg/detail/ik_goal__type_support.h
[0.358s] -- Up-to-date: /home/salman/GryphonEC-ROS2/ws_thor/install/thor_msgs/include/thor_msgs/thor_msgs/msg/detail/cartesian_goal__type_support.h
[0.358s] -- Up-to-date: /home/salman/GryphonEC-ROS2/ws_thor/install/thor_msgs/include/thor_msgs/thor_msgs/msg/detail/cartesian_goal__functions.h
[0.358s] -- Up-to-date: /home/salman/GryphonEC-ROS2/ws_thor/install/thor_msgs/include/thor_msgs/thor_msgs/msg/detail/ik_goal__struct.h
[0.358s] -- Up-to-date: /home/salman/GryphonEC-ROS2/ws_thor/install/thor_msgs/include/thor_msgs/thor_msgs/msg/detail/cartesian_goal__functions.c
[0.358s] -- Up-to-date: /home/salman/GryphonEC-ROS2/ws_thor/install/thor_msgs/share/thor_msgs/environment/library_path.sh
[0.358s] -- Up-to-date: /home/salman/GryphonEC-ROS2/ws_thor/install/thor_msgs/share/thor_msgs/environment/library_path.dsv
[0.358s] -- Up-to-date: /home/salman/GryphonEC-ROS2/ws_thor/install/thor_msgs/lib/libthor_msgs__rosidl_generator_c.so
[0.358s] -- Up-to-date: /home/salman/GryphonEC-ROS2/ws_thor/install/thor_msgs/include/thor_msgs/thor_msgs
[0.358s] -- Up-to-date: /home/salman/GryphonEC-ROS2/ws_thor/install/thor_msgs/include/thor_msgs/thor_msgs/msg
[0.359s] -- Up-to-date: /home/salman/GryphonEC-ROS2/ws_thor/install/thor_msgs/include/thor_msgs/thor_msgs/msg/rosidl_typesupport_fastrtps_c__visibility_control.h
[0.359s] -- Up-to-date: /home/salman/GryphonEC-ROS2/ws_thor/install/thor_msgs/include/thor_msgs/thor_msgs/msg/detail
[0.359s] -- Up-to-date: /home/salman/GryphonEC-ROS2/ws_thor/install/thor_msgs/include/thor_msgs/thor_msgs/msg/detail/cartesian_goal__rosidl_typesupport_fastrtps_c.h
[0.359s] -- Up-to-date: /home/salman/GryphonEC-ROS2/ws_thor/install/thor_msgs/include/thor_msgs/thor_msgs/msg/detail/ik_goal__rosidl_typesupport_fastrtps_c.h
[0.359s] -- Up-to-date: /home/salman/GryphonEC-ROS2/ws_thor/install/thor_msgs/lib/libthor_msgs__rosidl_typesupport_fastrtps_c.so
[0.359s] -- Up-to-date: /home/salman/GryphonEC-ROS2/ws_thor/install/thor_msgs/include/thor_msgs/thor_msgs
[0.359s] -- Up-to-date: /home/salman/GryphonEC-ROS2/ws_thor/install/thor_msgs/include/thor_msgs/thor_msgs/msg
[0.359s] -- Up-to-date: /home/salman/GryphonEC-ROS2/ws_thor/install/thor_msgs/include/thor_msgs/thor_msgs/msg/ik_goal.hpp
[0.359s] -- Up-to-date: /home/salman/GryphonEC-ROS2/ws_thor/install/thor_msgs/include/thor_msgs/thor_msgs/msg/cartesian_goal.hpp
[0.359s] -- Up-to-date: /home/salman/GryphonEC-ROS2/ws_thor/install/thor_msgs/include/thor_msgs/thor_msgs/msg/rosidl_generator_cpp__visibility_control.hpp
[0.359s] -- Up-to-date: /home/salman/GryphonEC-ROS2/ws_thor/install/thor_msgs/include/thor_msgs/thor_msgs/msg/detail
[0.359s] -- Up-to-date: /home/salman/GryphonEC-ROS2/ws_thor/install/thor_msgs/include/thor_msgs/thor_msgs/msg/detail/cartesian_goal__traits.hpp
[0.359s] -- Up-to-date: /home/salman/GryphonEC-ROS2/ws_thor/install/thor_msgs/include/thor_msgs/thor_msgs/msg/detail/cartesian_goal__struct.hpp
[0.359s] -- Up-to-date: /home/salman/GryphonEC-ROS2/ws_thor/install/thor_msgs/include/thor_msgs/thor_msgs/msg/detail/ik_goal__type_support.hpp
[0.359s] -- Up-to-date: /home/salman/GryphonEC-ROS2/ws_thor/install/thor_msgs/include/thor_msgs/thor_msgs/msg/detail/ik_goal__builder.hpp
[0.359s] -- Up-to-date: /home/salman/GryphonEC-ROS2/ws_thor/install/thor_msgs/include/thor_msgs/thor_msgs/msg/detail/cartesian_goal__type_support.hpp
[0.359s] -- Up-to-date: /home/salman/GryphonEC-ROS2/ws_thor/install/thor_msgs/include/thor_msgs/thor_msgs/msg/detail/ik_goal__traits.hpp
[0.359s] -- Up-to-date: /home/salman/GryphonEC-ROS2/ws_thor/install/thor_msgs/include/thor_msgs/thor_msgs/msg/detail/cartesian_goal__builder.hpp
[0.359s] -- Up-to-date: /home/salman/GryphonEC-ROS2/ws_thor/install/thor_msgs/include/thor_msgs/thor_msgs/msg/detail/ik_goal__struct.hpp
[0.359s] -- Up-to-date: /home/salman/GryphonEC-ROS2/ws_thor/install/thor_msgs/include/thor_msgs/thor_msgs
[0.359s] -- Up-to-date: /home/salman/GryphonEC-ROS2/ws_thor/install/thor_msgs/include/thor_msgs/thor_msgs/msg
[0.360s] -- Up-to-date: /home/salman/GryphonEC-ROS2/ws_thor/install/thor_msgs/include/thor_msgs/thor_msgs/msg/detail
[0.360s] -- Up-to-date: /home/salman/GryphonEC-ROS2/ws_thor/install/thor_msgs/include/thor_msgs/thor_msgs/msg/detail/dds_fastrtps
[0.360s] -- Up-to-date: /home/salman/GryphonEC-ROS2/ws_thor/install/thor_msgs/include/thor_msgs/thor_msgs/msg/detail/cartesian_goal__rosidl_typesupport_fastrtps_cpp.hpp
[0.360s] -- Up-to-date: /home/salman/GryphonEC-ROS2/ws_thor/install/thor_msgs/include/thor_msgs/thor_msgs/msg/detail/ik_goal__rosidl_typesupport_fastrtps_cpp.hpp
[0.360s] -- Up-to-date: /home/salman/GryphonEC-ROS2/ws_thor/install/thor_msgs/include/thor_msgs/thor_msgs/msg/rosidl_typesupport_fastrtps_cpp__visibility_control.h
[0.360s] -- Up-to-date: /home/salman/GryphonEC-ROS2/ws_thor/install/thor_msgs/lib/libthor_msgs__rosidl_typesupport_fastrtps_cpp.so
[0.360s] -- Up-to-date: /home/salman/GryphonEC-ROS2/ws_thor/install/thor_msgs/include/thor_msgs/thor_msgs
[0.360s] -- Up-to-date: /home/salman/GryphonEC-ROS2/ws_thor/install/thor_msgs/include/thor_msgs/thor_msgs/msg
[0.360s] -- Up-to-date: /home/salman/GryphonEC-ROS2/ws_thor/install/thor_msgs/include/thor_msgs/thor_msgs/msg/detail
[0.360s] -- Up-to-date: /home/salman/GryphonEC-ROS2/ws_thor/install/thor_msgs/include/thor_msgs/thor_msgs/msg/detail/ik_goal__rosidl_typesupport_introspection_c.h
[0.360s] -- Up-to-date: /home/salman/GryphonEC-ROS2/ws_thor/install/thor_msgs/include/thor_msgs/thor_msgs/msg/detail/cartesian_goal__rosidl_typesupport_introspection_c.h
[0.360s] -- Up-to-date: /home/salman/GryphonEC-ROS2/ws_thor/install/thor_msgs/include/thor_msgs/thor_msgs/msg/detail/cartesian_goal__type_support.c
[0.360s] -- Up-to-date: /home/salman/GryphonEC-ROS2/ws_thor/install/thor_msgs/include/thor_msgs/thor_msgs/msg/detail/ik_goal__type_support.c
[0.360s] -- Up-to-date: /home/salman/GryphonEC-ROS2/ws_thor/install/thor_msgs/include/thor_msgs/thor_msgs/msg/rosidl_typesupport_introspection_c__visibility_control.h
[0.360s] -- Up-to-date: /home/salman/GryphonEC-ROS2/ws_thor/install/thor_msgs/lib/libthor_msgs__rosidl_typesupport_introspection_c.so
[0.360s] -- Up-to-date: /home/salman/GryphonEC-ROS2/ws_thor/install/thor_msgs/lib/libthor_msgs__rosidl_typesupport_c.so
[0.360s] -- Up-to-date: /home/salman/GryphonEC-ROS2/ws_thor/install/thor_msgs/include/thor_msgs/thor_msgs
[0.360s] -- Up-to-date: /home/salman/GryphonEC-ROS2/ws_thor/install/thor_msgs/include/thor_msgs/thor_msgs/msg
[0.360s] -- Up-to-date: /home/salman/GryphonEC-ROS2/ws_thor/install/thor_msgs/include/thor_msgs/thor_msgs/msg/detail
[0.360s] -- Up-to-date: /home/salman/GryphonEC-ROS2/ws_thor/install/thor_msgs/include/thor_msgs/thor_msgs/msg/detail/cartesian_goal__rosidl_typesupport_introspection_cpp.hpp
[0.360s] -- Up-to-date: /home/salman/GryphonEC-ROS2/ws_thor/install/thor_msgs/include/thor_msgs/thor_msgs/msg/detail/ik_goal__rosidl_typesupport_introspection_cpp.hpp
[0.360s] -- Up-to-date: /home/salman/GryphonEC-ROS2/ws_thor/install/thor_msgs/include/thor_msgs/thor_msgs/msg/detail/cartesian_goal__type_support.cpp
[0.361s] -- Up-to-date: /home/salman/GryphonEC-ROS2/ws_thor/install/thor_msgs/include/thor_msgs/thor_msgs/msg/detail/ik_goal__type_support.cpp
[0.361s] -- Up-to-date: /home/salman/GryphonEC-ROS2/ws_thor/install/thor_msgs/lib/libthor_msgs__rosidl_typesupport_introspection_cpp.so
[0.361s] -- Up-to-date: /home/salman/GryphonEC-ROS2/ws_thor/install/thor_msgs/lib/libthor_msgs__rosidl_typesupport_cpp.so
[0.361s] -- Up-to-date: /home/salman/GryphonEC-ROS2/ws_thor/install/thor_msgs/share/thor_msgs/environment/pythonpath.sh
[0.361s] -- Up-to-date: /home/salman/GryphonEC-ROS2/ws_thor/install/thor_msgs/share/thor_msgs/environment/pythonpath.dsv
[0.361s] -- Up-to-date: /home/salman/GryphonEC-ROS2/ws_thor/install/thor_msgs/local/lib/python3.10/dist-packages/thor_msgs-0.0.0-py3.10.egg-info
[0.361s] -- Installing: /home/salman/GryphonEC-ROS2/ws_thor/install/thor_msgs/local/lib/python3.10/dist-packages/thor_msgs-0.0.0-py3.10.egg-info/SOURCES.txt
[0.361s] -- Installing: /home/salman/GryphonEC-ROS2/ws_thor/install/thor_msgs/local/lib/python3.10/dist-packages/thor_msgs-0.0.0-py3.10.egg-info/top_level.txt
[0.361s] -- Installing: /home/salman/GryphonEC-ROS2/ws_thor/install/thor_msgs/local/lib/python3.10/dist-packages/thor_msgs-0.0.0-py3.10.egg-info/dependency_links.txt
[0.361s] -- Installing: /home/salman/GryphonEC-ROS2/ws_thor/install/thor_msgs/local/lib/python3.10/dist-packages/thor_msgs-0.0.0-py3.10.egg-info/PKG-INFO
[0.361s] -- Up-to-date: /home/salman/GryphonEC-ROS2/ws_thor/install/thor_msgs/local/lib/python3.10/dist-packages/thor_msgs
[0.361s] -- Up-to-date: /home/salman/GryphonEC-ROS2/ws_thor/install/thor_msgs/local/lib/python3.10/dist-packages/thor_msgs/__init__.py
[0.361s] -- Up-to-date: /home/salman/GryphonEC-ROS2/ws_thor/install/thor_msgs/local/lib/python3.10/dist-packages/thor_msgs/_thor_msgs_s.ep.rosidl_typesupport_c.c
[0.361s] -- Up-to-date: /home/salman/GryphonEC-ROS2/ws_thor/install/thor_msgs/local/lib/python3.10/dist-packages/thor_msgs/_thor_msgs_s.ep.rosidl_typesupport_introspection_c.c
[0.361s] -- Up-to-date: /home/salman/GryphonEC-ROS2/ws_thor/install/thor_msgs/local/lib/python3.10/dist-packages/thor_msgs/_thor_msgs_s.ep.rosidl_typesupport_fastrtps_c.c
[0.361s] -- Up-to-date: /home/salman/GryphonEC-ROS2/ws_thor/install/thor_msgs/local/lib/python3.10/dist-packages/thor_msgs/thor_msgs_s__rosidl_typesupport_c.cpython-310-x86_64-linux-gnu.so
[0.361s] -- Up-to-date: /home/salman/GryphonEC-ROS2/ws_thor/install/thor_msgs/local/lib/python3.10/dist-packages/thor_msgs/thor_msgs_s__rosidl_typesupport_fastrtps_c.cpython-310-x86_64-linux-gnu.so
[0.361s] -- Up-to-date: /home/salman/GryphonEC-ROS2/ws_thor/install/thor_msgs/local/lib/python3.10/dist-packages/thor_msgs/msg
[0.362s] -- Up-to-date: /home/salman/GryphonEC-ROS2/ws_thor/install/thor_msgs/local/lib/python3.10/dist-packages/thor_msgs/msg/__init__.py
[0.362s] -- Up-to-date: /home/salman/GryphonEC-ROS2/ws_thor/install/thor_msgs/local/lib/python3.10/dist-packages/thor_msgs/msg/_ik_goal.py
[0.362s] -- Up-to-date: /home/salman/GryphonEC-ROS2/ws_thor/install/thor_msgs/local/lib/python3.10/dist-packages/thor_msgs/msg/_cartesian_goal_s.c
[0.362s] -- Up-to-date: /home/salman/GryphonEC-ROS2/ws_thor/install/thor_msgs/local/lib/python3.10/dist-packages/thor_msgs/msg/_ik_goal_s.c
[0.362s] -- Up-to-date: /home/salman/GryphonEC-ROS2/ws_thor/install/thor_msgs/local/lib/python3.10/dist-packages/thor_msgs/msg/_cartesian_goal.py
[0.362s] -- Up-to-date: /home/salman/GryphonEC-ROS2/ws_thor/install/thor_msgs/local/lib/python3.10/dist-packages/thor_msgs/thor_msgs_s__rosidl_typesupport_introspection_c.cpython-310-x86_64-linux-gnu.so
[0.362s] -- Up-to-date: /home/salman/GryphonEC-ROS2/ws_thor/install/thor_msgs/local/lib/python3.10/dist-packages/thor_msgs/libthor_msgs__rosidl_generator_py.so
[0.387s] Listing '/home/salman/GryphonEC-ROS2/ws_thor/install/thor_msgs/local/lib/python3.10/dist-packages/thor_msgs'...
[0.387s] Listing '/home/salman/GryphonEC-ROS2/ws_thor/install/thor_msgs/local/lib/python3.10/dist-packages/thor_msgs/msg'...
[0.391s] -- Up-to-date: /home/salman/GryphonEC-ROS2/ws_thor/install/thor_msgs/local/lib/python3.10/dist-packages/thor_msgs/thor_msgs_s__rosidl_typesupport_fastrtps_c.cpython-310-x86_64-linux-gnu.so
[0.392s] -- Up-to-date: /home/salman/GryphonEC-ROS2/ws_thor/install/thor_msgs/local/lib/python3.10/dist-packages/thor_msgs/thor_msgs_s__rosidl_typesupport_introspection_c.cpython-310-x86_64-linux-gnu.so
[0.392s] -- Up-to-date: /home/salman/GryphonEC-ROS2/ws_thor/install/thor_msgs/local/lib/python3.10/dist-packages/thor_msgs/thor_msgs_s__rosidl_typesupport_c.cpython-310-x86_64-linux-gnu.so
[0.392s] -- Up-to-date: /home/salman/GryphonEC-ROS2/ws_thor/install/thor_msgs/lib/libthor_msgs__rosidl_generator_py.so
[0.392s] -- Up-to-date: /home/salman/GryphonEC-ROS2/ws_thor/install/thor_msgs/share/ament_index/resource_index/rust_packages/thor_msgs
[0.393s] -- Up-to-date: /home/salman/GryphonEC-ROS2/ws_thor/install/thor_msgs/share/thor_msgs/rust
[0.393s] -- Up-to-date: /home/salman/GryphonEC-ROS2/ws_thor/install/thor_msgs/share/thor_msgs/rust/Cargo.toml
[0.393s] -- Up-to-date: /home/salman/GryphonEC-ROS2/ws_thor/install/thor_msgs/share/thor_msgs/rust/build.rs
[0.393s] -- Up-to-date: /home/salman/GryphonEC-ROS2/ws_thor/install/thor_msgs/share/thor_msgs/rust/src
[0.393s] -- Up-to-date: /home/salman/GryphonEC-ROS2/ws_thor/install/thor_msgs/share/thor_msgs/rust/src/lib.rs
[0.393s] -- Up-to-date: /home/salman/GryphonEC-ROS2/ws_thor/install/thor_msgs/share/thor_msgs/rust/src/msg.rs
[0.393s] -- Up-to-date: /home/salman/GryphonEC-ROS2/ws_thor/install/thor_msgs/share/thor_msgs/rust/src/msg
[0.393s] -- Up-to-date: /home/salman/GryphonEC-ROS2/ws_thor/install/thor_msgs/share/thor_msgs/rust/src/msg/rmw.rs
[0.393s] -- Up-to-date: /home/salman/GryphonEC-ROS2/ws_thor/install/thor_msgs/share/thor_msgs/msg/IKGoal.idl
[0.393s] -- Up-to-date: /home/salman/GryphonEC-ROS2/ws_thor/install/thor_msgs/share/thor_msgs/msg/CartesianGoal.idl
[0.393s] -- Up-to-date: /home/salman/GryphonEC-ROS2/ws_thor/install/thor_msgs/share/thor_msgs/msg/IKGoal.msg
[0.394s] -- Up-to-date: /home/salman/GryphonEC-ROS2/ws_thor/install/thor_msgs/share/thor_msgs/msg/CartesianGoal.msg
[0.394s] -- Up-to-date: /home/salman/GryphonEC-ROS2/ws_thor/install/thor_msgs/share/ament_index/resource_index/package_run_dependencies/thor_msgs
[0.394s] -- Up-to-date: /home/salman/GryphonEC-ROS2/ws_thor/install/thor_msgs/share/ament_index/resource_index/parent_prefix_path/thor_msgs
[0.394s] -- Up-to-date: /home/salman/GryphonEC-ROS2/ws_thor/install/thor_msgs/share/thor_msgs/environment/ament_prefix_path.sh
[0.394s] -- Up-to-date: /home/salman/GryphonEC-ROS2/ws_thor/install/thor_msgs/share/thor_msgs/environment/ament_prefix_path.dsv
[0.394s] -- Up-to-date: /home/salman/GryphonEC-ROS2/ws_thor/install/thor_msgs/share/thor_msgs/environment/path.sh
[0.394s] -- Up-to-date: /home/salman/GryphonEC-ROS2/ws_thor/install/thor_msgs/share/thor_msgs/environment/path.dsv
[0.394s] -- Up-to-date: /home/salman/GryphonEC-ROS2/ws_thor/install/thor_msgs/share/thor_msgs/local_setup.bash
[0.394s] -- Up-to-date: /home/salman/GryphonEC-ROS2/ws_thor/install/thor_msgs/share/thor_msgs/local_setup.sh
[0.394s] -- Up-to-date: /home/salman/GryphonEC-ROS2/ws_thor/install/thor_msgs/share/thor_msgs/local_setup.zsh
[0.394s] -- Up-to-date: /home/salman/GryphonEC-ROS2/ws_thor/install/thor_msgs/share/thor_msgs/local_setup.dsv
[0.394s] -- Installing: /home/salman/GryphonEC-ROS2/ws_thor/install/thor_msgs/share/thor_msgs/package.dsv
[0.395s] -- Up-to-date: /home/salman/GryphonEC-ROS2/ws_thor/install/thor_msgs/share/ament_index/resource_index/packages/thor_msgs
[0.395s] -- Up-to-date: /home/salman/GryphonEC-ROS2/ws_thor/install/thor_msgs/share/thor_msgs/cmake/export_thor_msgs__rosidl_generator_cExport.cmake
[0.395s] -- Up-to-date: /home/salman/GryphonEC-ROS2/ws_thor/install/thor_msgs/share/thor_msgs/cmake/export_thor_msgs__rosidl_generator_cExport-noconfig.cmake
[0.395s] -- Up-to-date: /home/salman/GryphonEC-ROS2/ws_thor/install/thor_msgs/share/thor_msgs/cmake/export_thor_msgs__rosidl_typesupport_fastrtps_cExport.cmake
[0.395s] -- Up-to-date: /home/salman/GryphonEC-ROS2/ws_thor/install/thor_msgs/share/thor_msgs/cmake/export_thor_msgs__rosidl_typesupport_fastrtps_cExport-noconfig.cmake
[0.395s] -- Up-to-date: /home/salman/GryphonEC-ROS2/ws_thor/install/thor_msgs/share/thor_msgs/cmake/export_thor_msgs__rosidl_generator_cppExport.cmake
[0.395s] -- Up-to-date: /home/salman/GryphonEC-ROS2/ws_thor/install/thor_msgs/share/thor_msgs/cmake/export_thor_msgs__rosidl_typesupport_fastrtps_cppExport.cmake
[0.395s] -- Up-to-date: /home/salman/GryphonEC-ROS2/ws_thor/install/thor_msgs/share/thor_msgs/cmake/export_thor_msgs__rosidl_typesupport_fastrtps_cppExport-noconfig.cmake
[0.395s] -- Up-to-date: /home/salman/GryphonEC-ROS2/ws_thor/install/thor_msgs/share/thor_msgs/cmake/thor_msgs__rosidl_typesupport_introspection_cExport.cmake
[0.395s] -- Up-to-date: /home/salman/GryphonEC-ROS2/ws_thor/install/thor_msgs/share/thor_msgs/cmake/thor_msgs__rosidl_typesupport_introspection_cExport-noconfig.cmake
[0.395s] -- Up-to-date: /home/salman/GryphonEC-ROS2/ws_thor/install/thor_msgs/share/thor_msgs/cmake/thor_msgs__rosidl_typesupport_cExport.cmake
[0.395s] -- Up-to-date: /home/salman/GryphonEC-ROS2/ws_thor/install/thor_msgs/share/thor_msgs/cmake/thor_msgs__rosidl_typesupport_cExport-noconfig.cmake
[0.395s] -- Up-to-date: /home/salman/GryphonEC-ROS2/ws_thor/install/thor_msgs/share/thor_msgs/cmake/thor_msgs__rosidl_typesupport_introspection_cppExport.cmake
[0.395s] -- Up-to-date: /home/salman/GryphonEC-ROS2/ws_thor/install/thor_msgs/share/thor_msgs/cmake/thor_msgs__rosidl_typesupport_introspection_cppExport-noconfig.cmake
[0.395s] -- Up-to-date: /home/salman/GryphonEC-ROS2/ws_thor/install/thor_msgs/share/thor_msgs/cmake/thor_msgs__rosidl_typesupport_cppExport.cmake
[0.395s] -- Up-to-date: /home/salman/GryphonEC-ROS2/ws_thor/install/thor_msgs/share/thor_msgs/cmake/thor_msgs__rosidl_typesupport_cppExport-noconfig.cmake
[0.395s] -- Up-to-date: /home/salman/GryphonEC-ROS2/ws_thor/install/thor_msgs/share/thor_msgs/cmake/export_thor_msgs__rosidl_generator_pyExport.cmake
[0.395s] -- Up-to-date: /home/salman/GryphonEC-ROS2/ws_thor/install/thor_msgs/share/thor_msgs/cmake/export_thor_msgs__rosidl_generator_pyExport-noconfig.cmake
[0.396s] -- Up-to-date: /home/salman/GryphonEC-ROS2/ws_thor/install/thor_msgs/share/thor_msgs/cmake/rosidl_cmake-extras.cmake
[0.396s] -- Up-to-date: /home/salman/GryphonEC-ROS2/ws_thor/install/thor_msgs/share/thor_msgs/cmake/ament_cmake_export_dependencies-extras.cmake
[0.396s] -- Up-to-date: /home/salman/GryphonEC-ROS2/ws_thor/install/thor_msgs/share/thor_msgs/cmake/ament_cmake_export_include_directories-extras.cmake
[0.396s] -- Up-to-date: /home/salman/GryphonEC-ROS2/ws_thor/install/thor_msgs/share/thor_msgs/cmake/ament_cmake_export_libraries-extras.cmake
[0.396s] -- Up-to-date: /home/salman/GryphonEC-ROS2/ws_thor/install/thor_msgs/share/thor_msgs/cmake/ament_cmake_export_targets-extras.cmake
[0.396s] -- Up-to-date: /home/salman/GryphonEC-ROS2/ws_thor/install/thor_msgs/share/thor_msgs/cmake/rosidl_cmake_export_typesupport_targets-extras.cmake
[0.396s] -- Up-to-date: /home/salman/GryphonEC-ROS2/ws_thor/install/thor_msgs/share/thor_msgs/cmake/rosidl_cmake_export_typesupport_libraries-extras.cmake
[0.396s] -- Up-to-date: /home/salman/GryphonEC-ROS2/ws_thor/install/thor_msgs/share/thor_msgs/cmake/thor_msgsConfig.cmake
[0.396s] -- Up-to-date: /home/salman/GryphonEC-ROS2/ws_thor/install/thor_msgs/share/thor_msgs/cmake/thor_msgsConfig-version.cmake
[0.396s] -- Up-to-date: /home/salman/GryphonEC-ROS2/ws_thor/install/thor_msgs/share/thor_msgs/package.xml
[0.398s] Invoked command in '/home/salman/GryphonEC-ROS2/ws_thor/build/thor_msgs' returned '0': CMAKE_PREFIX_PATH=${CMAKE_PREFIX_PATH}:/home/salman/GryphonEC-ROS2/ws_thor/install/thor_status_publisher:/opt/ros/humble /usr/bin/cmake --install /home/salman/GryphonEC-ROS2/ws_thor/build/thor_msgs
