-- Found ament_cmake: 1.3.14 (/opt/ros/humble/share/ament_cmake/cmake)
-- Found hardware_interface: 2.53.1 (/opt/ros/humble/share/hardware_interface/cmake)
-- Found rosidl_generator_c: 3.1.8 (/opt/ros/humble/share/rosidl_generator_c/cmake)
-- Found rosidl_adapter: 3.1.8 (/opt/ros/humble/share/rosidl_adapter/cmake)
-- Found rosidl_generator_cpp: 3.1.8 (/opt/ros/humble/share/rosidl_generator_cpp/cmake)
-- Using all available rosidl_typesupport_c: rosidl_typesupport_fastrtps_c;rosidl_typesupport_introspection_c
-- Using all available rosidl_typesupport_cpp: rosidl_typesupport_fastrtps_cpp;rosidl_typesupport_introspection_cpp
-- Found rmw_implementation_cmake: 6.1.2 (/opt/ros/humble/share/rmw_implementation_cmake/cmake)
-- Found rmw_fastrtps_cpp: 6.2.10 (/opt/ros/humble/share/rmw_fastrtps_cpp/cmake)
-- Found TinyXML2 via Config file: TinyXML2_DIR-NOTFOUND
-- Found TinyXML2 via Config file: TinyXML2_DIR-NOTFOUND
-- Found TinyXML2 via Config file: TinyXML2_DIR-NOTFOUND
-- Found TinyXML2 via Config file: TinyXML2_DIR-NOTFOUND
-- Using RMW implementation 'rmw_fastrtps_cpp' as default
-- Found ament_lint_auto: 0.12.15 (/opt/ros/humble/share/ament_lint_auto/cmake)
-- Added test 'cppcheck' to perform static code analysis on C / C++ code
-- Configured cppcheck include dirs: /home/salman/GryphonEC-ROS2/ws_thor/src/thor_controller/include;/home/salman/GryphonEC-ROS2/ws_thor/src/thor_controller/
-- Configured cppcheck exclude dirs and/or files: 
-- Added test 'flake8' to check Python code syntax and style conventions
-- Added test 'lint_cmake' to check CMake code style
-- Added test 'pep257' to check Python code against some of the docstring style conventions in PEP 257
-- Added test 'uncrustify' to check C / C++ code style
-- Configured uncrustify additional arguments: 
-- Added test 'xmllint' to check XML markup files
-- Configuring done
-- Generating done
-- Build files have been written to: /home/salman/GryphonEC-ROS2/ws_thor/build/thor_controller
[35m[1mConsolidate compiler generated dependencies of target thor_controller[0m
[ 50%] [32mBuilding CXX object CMakeFiles/thor_controller.dir/src/thor_interface.cpp.o[0m
[100%] [32m[1mLinking CXX shared library libthor_controller.so[0m
[100%] Built target thor_controller
-- Install configuration: ""
-- Installing: /home/salman/GryphonEC-ROS2/ws_thor/install/thor_controller/share/thor_controller/thor_controller.xml
-- Up-to-date: /home/salman/GryphonEC-ROS2/ws_thor/install/thor_controller/share/thor_controller/config
-- Installing: /home/salman/GryphonEC-ROS2/ws_thor/install/thor_controller/share/thor_controller/config/thor_controllers.yaml
-- Up-to-date: /home/salman/GryphonEC-ROS2/ws_thor/install/thor_controller/share/thor_controller/launch
-- Installing: /home/salman/GryphonEC-ROS2/ws_thor/install/thor_controller/share/thor_controller/launch/controller.launch.py
-- Installing: /home/salman/GryphonEC-ROS2/ws_thor/install/thor_controller/lib/libthor_controller.so
-- Set runtime path of "/home/salman/GryphonEC-ROS2/ws_thor/install/thor_controller/lib/libthor_controller.so" to ""
-- Up-to-date: /home/salman/GryphonEC-ROS2/ws_thor/install/thor_controller/include/thor_controller
-- Installing: /home/salman/GryphonEC-ROS2/ws_thor/install/thor_controller/include/thor_controller/thor_interface.hpp
-- Up-to-date: /home/salman/GryphonEC-ROS2/ws_thor/install/thor_controller/share/thor_controller/environment/library_path.sh
-- Installing: /home/salman/GryphonEC-ROS2/ws_thor/install/thor_controller/share/thor_controller/environment/library_path.dsv
-- Up-to-date: /home/salman/GryphonEC-ROS2/ws_thor/install/thor_controller/share/ament_index/resource_index/package_run_dependencies/thor_controller
-- Installing: /home/salman/GryphonEC-ROS2/ws_thor/install/thor_controller/share/ament_index/resource_index/parent_prefix_path/thor_controller
-- Installing: /home/salman/GryphonEC-ROS2/ws_thor/install/thor_controller/share/thor_controller/environment/ament_prefix_path.sh
-- Installing: /home/salman/GryphonEC-ROS2/ws_thor/install/thor_controller/share/thor_controller/environment/ament_prefix_path.dsv
-- Installing: /home/salman/GryphonEC-ROS2/ws_thor/install/thor_controller/share/thor_controller/environment/path.sh
-- Installing: /home/salman/GryphonEC-ROS2/ws_thor/install/thor_controller/share/thor_controller/environment/path.dsv
-- Up-to-date: /home/salman/GryphonEC-ROS2/ws_thor/install/thor_controller/share/thor_controller/local_setup.bash
-- Up-to-date: /home/salman/GryphonEC-ROS2/ws_thor/install/thor_controller/share/thor_controller/local_setup.sh
-- Up-to-date: /home/salman/GryphonEC-ROS2/ws_thor/install/thor_controller/share/thor_controller/local_setup.zsh
-- Installing: /home/salman/GryphonEC-ROS2/ws_thor/install/thor_controller/share/thor_controller/local_setup.dsv
-- Installing: /home/salman/GryphonEC-ROS2/ws_thor/install/thor_controller/share/thor_controller/package.dsv
-- Up-to-date: /home/salman/GryphonEC-ROS2/ws_thor/install/thor_controller/share/ament_index/resource_index/packages/thor_controller
-- Up-to-date: /home/salman/GryphonEC-ROS2/ws_thor/install/thor_controller/share/ament_index/resource_index/hardware_interface__pluginlib__plugin/thor_controller
-- Up-to-date: /home/salman/GryphonEC-ROS2/ws_thor/install/thor_controller/share/thor_controller/cmake/ament_cmake_export_include_directories-extras.cmake
-- Up-to-date: /home/salman/GryphonEC-ROS2/ws_thor/install/thor_controller/share/thor_controller/cmake/ament_cmake_export_libraries-extras.cmake
-- Up-to-date: /home/salman/GryphonEC-ROS2/ws_thor/install/thor_controller/share/thor_controller/cmake/ament_cmake_export_dependencies-extras.cmake
-- Up-to-date: /home/salman/GryphonEC-ROS2/ws_thor/install/thor_controller/share/thor_controller/cmake/thor_controllerConfig.cmake
-- Up-to-date: /home/salman/GryphonEC-ROS2/ws_thor/install/thor_controller/share/thor_controller/cmake/thor_controllerConfig-version.cmake
-- Installing: /home/salman/GryphonEC-ROS2/ws_thor/install/thor_controller/share/thor_controller/package.xml
