[0.012s] Invoking command in '/home/salman/GryphonEC-ROS2/ws_thor/build/thor_joystick': AMENT_PREFIX_PATH=/home/salman/GryphonEC-ROS2/ws_thor/install/thor_server:/home/salman/GryphonEC-ROS2/ws_thor/install/thor_controller:${AMENT_PREFIX_PATH} CMAKE_PREFIX_PATH=/home/salman/GryphonEC-ROS2/ws_thor/install/thor_server:/home/salman/GryphonEC-ROS2/ws_thor/install/thor_controller:/opt/ros/humble LD_LIBRARY_PATH=/home/salman/GryphonEC-ROS2/ws_thor/install/thor_server/lib:/home/salman/GryphonEC-ROS2/ws_thor/install/thor_controller/lib:${LD_LIBRARY_PATH} PYTHONPATH=/home/salman/GryphonEC-ROS2/ws_thor/install/thor_server/local/lib/python3.10/dist-packages:${PYTHONPATH} /usr/bin/cmake /home/salman/GryphonEC-ROS2/ws_thor/src/thor_joystick -DCMAKE_INSTALL_PREFIX=/home/salman/GryphonEC-ROS2/ws_thor/install/thor_joystick
[0.060s] -- The C compiler identification is GNU 11.4.0
[0.110s] -- The CXX compiler identification is GNU 11.4.0
[0.117s] -- Detecting C compiler ABI info
[0.200s] -- Detecting C compiler ABI info - done
[0.206s] -- Check for working C compiler: /usr/bin/cc - skipped
[0.206s] -- Detecting C compile features
[0.206s] -- Detecting C compile features - done
[0.208s] -- Detecting CXX compiler ABI info
[0.309s] -- Detecting CXX compiler ABI info - done
[0.316s] -- Check for working CXX compiler: /usr/bin/c++ - skipped
[0.317s] -- Detecting CXX compile features
[0.319s] -- Detecting CXX compile features - done
[0.322s] -- Found ament_cmake: 1.3.13 (/opt/ros/humble/share/ament_cmake/cmake)
[0.489s] -- Found Python3: /usr/bin/python3 (found version "3.10.12") found components: Interpreter 
[0.595s] -- Found rclcpp: 16.0.18 (/opt/ros/humble/share/rclcpp/cmake)
[0.648s] -- Found rosidl_generator_c: 3.1.8 (/opt/ros/humble/share/rosidl_generator_c/cmake)
[0.656s] -- Found rosidl_adapter: 3.1.8 (/opt/ros/humble/share/rosidl_adapter/cmake)
[0.668s] -- Found rosidl_generator_cpp: 3.1.8 (/opt/ros/humble/share/rosidl_generator_cpp/cmake)
[0.682s] -- Using all available rosidl_typesupport_c: rosidl_typesupport_fastrtps_c;rosidl_typesupport_introspection_c
[0.699s] -- Using all available rosidl_typesupport_cpp: rosidl_typesupport_fastrtps_cpp;rosidl_typesupport_introspection_cpp
[0.751s] -- Found rmw_implementation_cmake: 6.1.2 (/opt/ros/humble/share/rmw_implementation_cmake/cmake)
[0.754s] -- Found rmw_fastrtps_cpp: 6.2.10 (/opt/ros/humble/share/rmw_fastrtps_cpp/cmake)
[0.874s] -- Found OpenSSL: /usr/lib/x86_64-linux-gnu/libcrypto.so (found version "3.0.2")  
[0.905s] -- Found FastRTPS: /opt/ros/humble/include  
[0.948s] -- Using RMW implementation 'rmw_fastrtps_cpp' as default
[0.960s] -- Looking for pthread.h
[1.053s] -- Looking for pthread.h - found
[1.053s] -- Performing Test CMAKE_HAVE_LIBC_PTHREAD
[1.145s] -- Performing Test CMAKE_HAVE_LIBC_PTHREAD - Success
[1.145s] -- Found Threads: TRUE  
[1.200s] -- Found rclcpp_action: 16.0.18 (/opt/ros/humble/share/rclcpp_action/cmake)
[1.234s] -- Found sensor_msgs: 4.9.1 (/opt/ros/humble/share/sensor_msgs/cmake)
[1.266s] -- Found moveit_ros_planning_interface: 2.5.9 (/opt/ros/humble/share/moveit_ros_planning_interface/cmake)
[1.296s] -- Found Boost: /usr/lib/x86_64-linux-gnu/cmake/Boost-1.74.0/BoostConfig.cmake (found version "1.74.0") found components: date_time filesystem program_options system thread 
[1.415s] -- Found Boost: /usr/lib/x86_64-linux-gnu/cmake/Boost-1.74.0/BoostConfig.cmake (found version "1.74.0") found components: chrono date_time filesystem iostreams program_options regex serialization system thread 
[1.465s] -- Found parameter_traits: 0.6.0 (/opt/ros/humble/share/parameter_traits/cmake)
[1.479s] -- Found rclcpp_lifecycle: 16.0.18 (/opt/ros/humble/share/rclcpp_lifecycle/cmake)
[1.502s] -- Found Boost: /usr/lib/x86_64-linux-gnu/cmake/Boost-1.74.0/BoostConfig.cmake (found version "1.74.0") found components: filesystem 
[1.644s] -- library: /usr/lib/x86_64-linux-gnu/libcurl.so
[1.680s] -- Found Eigen3: TRUE (found version "3.3.7") 
[1.681s] -- Ensuring Eigen3 include directory is part of orocos-kdl CMake target
[1.816s] -- Found Boost: /usr/lib/x86_64-linux-gnu/cmake/Boost-1.74.0/BoostConfig.cmake (found version "1.74.0") found components: system filesystem date_time program_options thread chrono 
[1.845s] -- Found Boost: /usr/lib/x86_64-linux-gnu/cmake/Boost-1.74.0/BoostConfig.cmake (found version "1.74.0") found components: thread system filesystem regex date_time program_options 
[1.868s] -- Found Boost: /usr/lib/x86_64-linux-gnu/cmake/Boost-1.74.0/BoostConfig.cmake (found version "1.74.0") found components: system filesystem date_time program_options thread 
[1.892s] -- Found thor_server: 0.0.0 (/home/salman/GryphonEC-ROS2/ws_thor/install/thor_server/share/thor_server/cmake)
[1.905s] -- Found ament_lint_auto: 0.12.15 (/opt/ros/humble/share/ament_lint_auto/cmake)
[1.968s] -- Added test 'cppcheck' to perform static code analysis on C / C++ code
[1.968s] -- Configured cppcheck include dirs: /home/salman/GryphonEC-ROS2/ws_thor/src/thor_joystick/include
[1.968s] -- Configured cppcheck exclude dirs and/or files: 
[1.968s] -- Added test 'flake8' to check Python code syntax and style conventions
[1.969s] -- Added test 'lint_cmake' to check CMake code style
[1.969s] -- Added test 'pep257' to check Python code against some of the docstring style conventions in PEP 257
[1.970s] -- Added test 'uncrustify' to check C / C++ code style
[1.970s] -- Configured uncrustify additional arguments: 
[1.970s] -- Added test 'xmllint' to check XML markup files
[1.971s] -- Configuring done
[1.998s] -- Generating done
[2.006s] -- Build files have been written to: /home/salman/GryphonEC-ROS2/ws_thor/build/thor_joystick
[2.018s] Invoked command in '/home/salman/GryphonEC-ROS2/ws_thor/build/thor_joystick' returned '0': AMENT_PREFIX_PATH=/home/salman/GryphonEC-ROS2/ws_thor/install/thor_server:/home/salman/GryphonEC-ROS2/ws_thor/install/thor_controller:${AMENT_PREFIX_PATH} CMAKE_PREFIX_PATH=/home/salman/GryphonEC-ROS2/ws_thor/install/thor_server:/home/salman/GryphonEC-ROS2/ws_thor/install/thor_controller:/opt/ros/humble LD_LIBRARY_PATH=/home/salman/GryphonEC-ROS2/ws_thor/install/thor_server/lib:/home/salman/GryphonEC-ROS2/ws_thor/install/thor_controller/lib:${LD_LIBRARY_PATH} PYTHONPATH=/home/salman/GryphonEC-ROS2/ws_thor/install/thor_server/local/lib/python3.10/dist-packages:${PYTHONPATH} /usr/bin/cmake /home/salman/GryphonEC-ROS2/ws_thor/src/thor_joystick -DCMAKE_INSTALL_PREFIX=/home/salman/GryphonEC-ROS2/ws_thor/install/thor_joystick
[2.020s] Invoking command in '/home/salman/GryphonEC-ROS2/ws_thor/build/thor_joystick': AMENT_PREFIX_PATH=/home/salman/GryphonEC-ROS2/ws_thor/install/thor_server:/home/salman/GryphonEC-ROS2/ws_thor/install/thor_controller:${AMENT_PREFIX_PATH} CMAKE_PREFIX_PATH=/home/salman/GryphonEC-ROS2/ws_thor/install/thor_server:/home/salman/GryphonEC-ROS2/ws_thor/install/thor_controller:/opt/ros/humble LD_LIBRARY_PATH=/home/salman/GryphonEC-ROS2/ws_thor/install/thor_server/lib:/home/salman/GryphonEC-ROS2/ws_thor/install/thor_controller/lib:${LD_LIBRARY_PATH} PYTHONPATH=/home/salman/GryphonEC-ROS2/ws_thor/install/thor_server/local/lib/python3.10/dist-packages:${PYTHONPATH} /usr/bin/cmake --build /home/salman/GryphonEC-ROS2/ws_thor/build/thor_joystick -- -j16 -l16
[2.071s] [ 16%] [32mBuilding CXX object CMakeFiles/joystick_moveit_controller.dir/src/joystick_moveit_controller.cpp.o[0m
[2.071s] [ 33%] [32mBuilding CXX object CMakeFiles/joystick_joint_controller.dir/src/joystick_joint_controller.cpp.o[0m
[2.073s] [ 50%] [32mBuilding CXX object CMakeFiles/joystick_pose_controller.dir/src/joystick_pose_controller.cpp.o[0m
[11.130s] [ 66%] [32m[1mLinking CXX executable joystick_pose_controller[0m
[11.204s] [ 83%] [32m[1mLinking CXX executable joystick_joint_controller[0m
[11.614s] [ 83%] Built target joystick_pose_controller
[11.683s] [ 83%] Built target joystick_joint_controller
[14.725s] [100%] [32m[1mLinking CXX executable joystick_moveit_controller[0m
[15.321s] [100%] Built target joystick_moveit_controller
[15.341s] Invoked command in '/home/salman/GryphonEC-ROS2/ws_thor/build/thor_joystick' returned '0': AMENT_PREFIX_PATH=/home/salman/GryphonEC-ROS2/ws_thor/install/thor_server:/home/salman/GryphonEC-ROS2/ws_thor/install/thor_controller:${AMENT_PREFIX_PATH} CMAKE_PREFIX_PATH=/home/salman/GryphonEC-ROS2/ws_thor/install/thor_server:/home/salman/GryphonEC-ROS2/ws_thor/install/thor_controller:/opt/ros/humble LD_LIBRARY_PATH=/home/salman/GryphonEC-ROS2/ws_thor/install/thor_server/lib:/home/salman/GryphonEC-ROS2/ws_thor/install/thor_controller/lib:${LD_LIBRARY_PATH} PYTHONPATH=/home/salman/GryphonEC-ROS2/ws_thor/install/thor_server/local/lib/python3.10/dist-packages:${PYTHONPATH} /usr/bin/cmake --build /home/salman/GryphonEC-ROS2/ws_thor/build/thor_joystick -- -j16 -l16
[15.343s] Invoking command in '/home/salman/GryphonEC-ROS2/ws_thor/build/thor_joystick': AMENT_PREFIX_PATH=/home/salman/GryphonEC-ROS2/ws_thor/install/thor_server:/home/salman/GryphonEC-ROS2/ws_thor/install/thor_controller:${AMENT_PREFIX_PATH} CMAKE_PREFIX_PATH=/home/salman/GryphonEC-ROS2/ws_thor/install/thor_server:/home/salman/GryphonEC-ROS2/ws_thor/install/thor_controller:/opt/ros/humble LD_LIBRARY_PATH=/home/salman/GryphonEC-ROS2/ws_thor/install/thor_server/lib:/home/salman/GryphonEC-ROS2/ws_thor/install/thor_controller/lib:${LD_LIBRARY_PATH} PYTHONPATH=/home/salman/GryphonEC-ROS2/ws_thor/install/thor_server/local/lib/python3.10/dist-packages:${PYTHONPATH} /usr/bin/cmake --install /home/salman/GryphonEC-ROS2/ws_thor/build/thor_joystick
[15.354s] -- Install configuration: ""
[15.354s] -- Installing: /home/salman/GryphonEC-ROS2/ws_thor/install/thor_joystick/lib/thor_joystick/joystick_moveit_controller
[15.358s] -- Set runtime path of "/home/salman/GryphonEC-ROS2/ws_thor/install/thor_joystick/lib/thor_joystick/joystick_moveit_controller" to ""
[15.358s] -- Installing: /home/salman/GryphonEC-ROS2/ws_thor/install/thor_joystick/lib/thor_joystick/joystick_joint_controller
[15.361s] -- Set runtime path of "/home/salman/GryphonEC-ROS2/ws_thor/install/thor_joystick/lib/thor_joystick/joystick_joint_controller" to ""
[15.362s] -- Installing: /home/salman/GryphonEC-ROS2/ws_thor/install/thor_joystick/lib/thor_joystick/joystick_pose_controller
[15.366s] -- Set runtime path of "/home/salman/GryphonEC-ROS2/ws_thor/install/thor_joystick/lib/thor_joystick/joystick_pose_controller" to ""
[15.366s] -- Installing: /home/salman/GryphonEC-ROS2/ws_thor/install/thor_joystick/share/thor_joystick//launch
[15.366s] -- Installing: /home/salman/GryphonEC-ROS2/ws_thor/install/thor_joystick/share/thor_joystick//launch/joy_pose.launch.py
[15.366s] -- Installing: /home/salman/GryphonEC-ROS2/ws_thor/install/thor_joystick/share/thor_joystick//launch/joy_joint.launch.py
[15.366s] -- Installing: /home/salman/GryphonEC-ROS2/ws_thor/install/thor_joystick/share/thor_joystick//launch/joystick_control.launch.py
[15.366s] -- Installing: /home/salman/GryphonEC-ROS2/ws_thor/install/thor_joystick/share/ament_index/resource_index/package_run_dependencies/thor_joystick
[15.367s] -- Installing: /home/salman/GryphonEC-ROS2/ws_thor/install/thor_joystick/share/ament_index/resource_index/parent_prefix_path/thor_joystick
[15.367s] -- Installing: /home/salman/GryphonEC-ROS2/ws_thor/install/thor_joystick/share/thor_joystick/environment/ament_prefix_path.sh
[15.367s] -- Installing: /home/salman/GryphonEC-ROS2/ws_thor/install/thor_joystick/share/thor_joystick/environment/ament_prefix_path.dsv
[15.367s] -- Installing: /home/salman/GryphonEC-ROS2/ws_thor/install/thor_joystick/share/thor_joystick/environment/path.sh
[15.367s] -- Installing: /home/salman/GryphonEC-ROS2/ws_thor/install/thor_joystick/share/thor_joystick/environment/path.dsv
[15.367s] -- Installing: /home/salman/GryphonEC-ROS2/ws_thor/install/thor_joystick/share/thor_joystick/local_setup.bash
[15.367s] -- Installing: /home/salman/GryphonEC-ROS2/ws_thor/install/thor_joystick/share/thor_joystick/local_setup.sh
[15.368s] -- Installing: /home/salman/GryphonEC-ROS2/ws_thor/install/thor_joystick/share/thor_joystick/local_setup.zsh
[15.368s] -- Installing: /home/salman/GryphonEC-ROS2/ws_thor/install/thor_joystick/share/thor_joystick/local_setup.dsv
[15.368s] -- Installing: /home/salman/GryphonEC-ROS2/ws_thor/install/thor_joystick/share/thor_joystick/package.dsv
[15.371s] -- Installing: /home/salman/GryphonEC-ROS2/ws_thor/install/thor_joystick/share/ament_index/resource_index/packages/thor_joystick
[15.372s] -- Installing: /home/salman/GryphonEC-ROS2/ws_thor/install/thor_joystick/share/thor_joystick/cmake/thor_joystickConfig.cmake
[15.372s] -- Installing: /home/salman/GryphonEC-ROS2/ws_thor/install/thor_joystick/share/thor_joystick/cmake/thor_joystickConfig-version.cmake
[15.372s] -- Installing: /home/salman/GryphonEC-ROS2/ws_thor/install/thor_joystick/share/thor_joystick/package.xml
[15.375s] Invoked command in '/home/salman/GryphonEC-ROS2/ws_thor/build/thor_joystick' returned '0': AMENT_PREFIX_PATH=/home/salman/GryphonEC-ROS2/ws_thor/install/thor_server:/home/salman/GryphonEC-ROS2/ws_thor/install/thor_controller:${AMENT_PREFIX_PATH} CMAKE_PREFIX_PATH=/home/salman/GryphonEC-ROS2/ws_thor/install/thor_server:/home/salman/GryphonEC-ROS2/ws_thor/install/thor_controller:/opt/ros/humble LD_LIBRARY_PATH=/home/salman/GryphonEC-ROS2/ws_thor/install/thor_server/lib:/home/salman/GryphonEC-ROS2/ws_thor/install/thor_controller/lib:${LD_LIBRARY_PATH} PYTHONPATH=/home/salman/GryphonEC-ROS2/ws_thor/install/thor_server/local/lib/python3.10/dist-packages:${PYTHONPATH} /usr/bin/cmake --install /home/salman/GryphonEC-ROS2/ws_thor/build/thor_joystick
