[0.015s] Invoking command in '/home/salman/GryphonEC-ROS2/ws_thor/build/thor_bringup': CMAKE_PREFIX_PATH=/home/salman/GryphonEC-ROS2/ws_thor/install/thor_server:/home/salman/GryphonEC-ROS2/ws_thor/install/thor_moveit:/home/salman/GryphonEC-ROS2/ws_thor/install/thor_urdf:/home/salman/GryphonEC-ROS2/ws_thor/install/thor_controller:/home/salman/GryphonEC-ROS2/ws_thor/install/thor_bringup:/home/salman/GryphonEC-ROS2/ws_thor/install/thor_joystick:/home/salman/GryphonEC-ROS2/ws_thor/install/thor_msgs:/home/salman/GryphonEC-ROS2/ws_thor/install/thor_status_publisher:/opt/ros/humble LD_LIBRARY_PATH=/home/salman/GryphonEC-ROS2/ws_thor/install/thor_server/lib:/home/salman/GryphonEC-ROS2/ws_thor/install/thor_controller/lib:/home/salman/GryphonEC-ROS2/ws_thor/install/thor_msgs/lib:/usr/local/cuda-12.8/lib64:/usr/lib/x86_64-linux-gnu/gazebo-11/plugins:/opt/ros/humble/opt/rviz_ogre_vendor/lib:/opt/ros/humble/lib/x86_64-linux-gnu:/opt/ros/humble/lib /usr/bin/cmake --build /home/salman/GryphonEC-ROS2/ws_thor/build/thor_bringup -- -j16 -l16
[0.037s] -- Found ament_cmake: 1.3.14 (/opt/ros/humble/share/ament_cmake/cmake)
[0.186s] -- Configuring done
[0.189s] -- Generating done
[0.191s] -- Build files have been written to: /home/salman/GryphonEC-ROS2/ws_thor/build/thor_bringup
[0.214s] Invoked command in '/home/salman/GryphonEC-ROS2/ws_thor/build/thor_bringup' returned '0': CMAKE_PREFIX_PATH=/home/salman/GryphonEC-ROS2/ws_thor/install/thor_server:/home/salman/GryphonEC-ROS2/ws_thor/install/thor_moveit:/home/salman/GryphonEC-ROS2/ws_thor/install/thor_urdf:/home/salman/GryphonEC-ROS2/ws_thor/install/thor_controller:/home/salman/GryphonEC-ROS2/ws_thor/install/thor_bringup:/home/salman/GryphonEC-ROS2/ws_thor/install/thor_joystick:/home/salman/GryphonEC-ROS2/ws_thor/install/thor_msgs:/home/salman/GryphonEC-ROS2/ws_thor/install/thor_status_publisher:/opt/ros/humble LD_LIBRARY_PATH=/home/salman/GryphonEC-ROS2/ws_thor/install/thor_server/lib:/home/salman/GryphonEC-ROS2/ws_thor/install/thor_controller/lib:/home/salman/GryphonEC-ROS2/ws_thor/install/thor_msgs/lib:/usr/local/cuda-12.8/lib64:/usr/lib/x86_64-linux-gnu/gazebo-11/plugins:/opt/ros/humble/opt/rviz_ogre_vendor/lib:/opt/ros/humble/lib/x86_64-linux-gnu:/opt/ros/humble/lib /usr/bin/cmake --build /home/salman/GryphonEC-ROS2/ws_thor/build/thor_bringup -- -j16 -l16
[0.216s] Invoking command in '/home/salman/GryphonEC-ROS2/ws_thor/build/thor_bringup': CMAKE_PREFIX_PATH=/home/salman/GryphonEC-ROS2/ws_thor/install/thor_server:/home/salman/GryphonEC-ROS2/ws_thor/install/thor_moveit:/home/salman/GryphonEC-ROS2/ws_thor/install/thor_urdf:/home/salman/GryphonEC-ROS2/ws_thor/install/thor_controller:/home/salman/GryphonEC-ROS2/ws_thor/install/thor_bringup:/home/salman/GryphonEC-ROS2/ws_thor/install/thor_joystick:/home/salman/GryphonEC-ROS2/ws_thor/install/thor_msgs:/home/salman/GryphonEC-ROS2/ws_thor/install/thor_status_publisher:/opt/ros/humble LD_LIBRARY_PATH=/home/salman/GryphonEC-ROS2/ws_thor/install/thor_server/lib:/home/salman/GryphonEC-ROS2/ws_thor/install/thor_controller/lib:/home/salman/GryphonEC-ROS2/ws_thor/install/thor_msgs/lib:/usr/local/cuda-12.8/lib64:/usr/lib/x86_64-linux-gnu/gazebo-11/plugins:/opt/ros/humble/opt/rviz_ogre_vendor/lib:/opt/ros/humble/lib/x86_64-linux-gnu:/opt/ros/humble/lib /usr/bin/cmake --install /home/salman/GryphonEC-ROS2/ws_thor/build/thor_bringup
[0.223s] -- Install configuration: ""
[0.223s] -- Up-to-date: /home/salman/GryphonEC-ROS2/ws_thor/install/thor_bringup/share/thor_bringup/launch
[0.224s] -- Installing: /home/salman/GryphonEC-ROS2/ws_thor/install/thor_bringup/share/thor_bringup/launch/simulated_robot.launch.py
[0.224s] -- Installing: /home/salman/GryphonEC-ROS2/ws_thor/install/thor_bringup/share/thor_bringup/launch/real_robot.launch.py
[0.224s] -- Installing: /home/salman/GryphonEC-ROS2/ws_thor/install/thor_bringup/share/thor_bringup/launch/rosbridge.launch.py
[0.224s] -- Up-to-date: /home/salman/GryphonEC-ROS2/ws_thor/install/thor_bringup/share/ament_index/resource_index/package_run_dependencies/thor_bringup
[0.224s] -- Installing: /home/salman/GryphonEC-ROS2/ws_thor/install/thor_bringup/share/ament_index/resource_index/parent_prefix_path/thor_bringup
[0.225s] -- Installing: /home/salman/GryphonEC-ROS2/ws_thor/install/thor_bringup/share/thor_bringup/environment/ament_prefix_path.sh
[0.225s] -- Installing: /home/salman/GryphonEC-ROS2/ws_thor/install/thor_bringup/share/thor_bringup/environment/ament_prefix_path.dsv
[0.225s] -- Installing: /home/salman/GryphonEC-ROS2/ws_thor/install/thor_bringup/share/thor_bringup/environment/path.sh
[0.225s] -- Installing: /home/salman/GryphonEC-ROS2/ws_thor/install/thor_bringup/share/thor_bringup/environment/path.dsv
[0.225s] -- Up-to-date: /home/salman/GryphonEC-ROS2/ws_thor/install/thor_bringup/share/thor_bringup/local_setup.bash
[0.225s] -- Up-to-date: /home/salman/GryphonEC-ROS2/ws_thor/install/thor_bringup/share/thor_bringup/local_setup.sh
[0.225s] -- Up-to-date: /home/salman/GryphonEC-ROS2/ws_thor/install/thor_bringup/share/thor_bringup/local_setup.zsh
[0.225s] -- Installing: /home/salman/GryphonEC-ROS2/ws_thor/install/thor_bringup/share/thor_bringup/local_setup.dsv
[0.226s] -- Installing: /home/salman/GryphonEC-ROS2/ws_thor/install/thor_bringup/share/thor_bringup/package.dsv
[0.226s] -- Up-to-date: /home/salman/GryphonEC-ROS2/ws_thor/install/thor_bringup/share/ament_index/resource_index/packages/thor_bringup
[0.226s] -- Up-to-date: /home/salman/GryphonEC-ROS2/ws_thor/install/thor_bringup/share/thor_bringup/cmake/thor_bringupConfig.cmake
[0.226s] -- Up-to-date: /home/salman/GryphonEC-ROS2/ws_thor/install/thor_bringup/share/thor_bringup/cmake/thor_bringupConfig-version.cmake
[0.226s] -- Installing: /home/salman/GryphonEC-ROS2/ws_thor/install/thor_bringup/share/thor_bringup/package.xml
[0.228s] Invoked command in '/home/salman/GryphonEC-ROS2/ws_thor/build/thor_bringup' returned '0': CMAKE_PREFIX_PATH=/home/salman/GryphonEC-ROS2/ws_thor/install/thor_server:/home/salman/GryphonEC-ROS2/ws_thor/install/thor_moveit:/home/salman/GryphonEC-ROS2/ws_thor/install/thor_urdf:/home/salman/GryphonEC-ROS2/ws_thor/install/thor_controller:/home/salman/GryphonEC-ROS2/ws_thor/install/thor_bringup:/home/salman/GryphonEC-ROS2/ws_thor/install/thor_joystick:/home/salman/GryphonEC-ROS2/ws_thor/install/thor_msgs:/home/salman/GryphonEC-ROS2/ws_thor/install/thor_status_publisher:/opt/ros/humble LD_LIBRARY_PATH=/home/salman/GryphonEC-ROS2/ws_thor/install/thor_server/lib:/home/salman/GryphonEC-ROS2/ws_thor/install/thor_controller/lib:/home/salman/GryphonEC-ROS2/ws_thor/install/thor_msgs/lib:/usr/local/cuda-12.8/lib64:/usr/lib/x86_64-linux-gnu/gazebo-11/plugins:/opt/ros/humble/opt/rviz_ogre_vendor/lib:/opt/ros/humble/lib/x86_64-linux-gnu:/opt/ros/humble/lib /usr/bin/cmake --install /home/salman/GryphonEC-ROS2/ws_thor/build/thor_bringup
