[0.020s] Invoking command in '/home/salman/GryphonEC-ROS2/ws_thor/build/thor_server': CMAKE_PREFIX_PATH=/home/salman/GryphonEC-ROS2/ws_thor/install/thor_controller:/home/salman/GryphonEC-ROS2/ws_thor/install/thor_bringup:/home/salman/GryphonEC-ROS2/ws_thor/install/thor_moveit:/home/salman/GryphonEC-ROS2/ws_thor/install/thor_urdf:/home/salman/GryphonEC-ROS2/ws_thor/install/thor_joystick:/home/salman/GryphonEC-ROS2/ws_thor/install/thor_server:/home/salman/GryphonEC-ROS2/ws_thor/install/thor_msgs:/home/salman/GryphonEC-ROS2/ws_thor/install/thor_status_publisher:/opt/ros/humble LD_LIBRARY_PATH=/home/salman/GryphonEC-ROS2/ws_thor/install/thor_controller/lib:/usr/local/cuda-12.8/lib64:/home/salman/GryphonEC-ROS2/ws_thor/install/thor_server/lib:/home/salman/GryphonEC-ROS2/ws_thor/install/thor_msgs/lib:/usr/local/cuda-12.8/lib64:/usr/lib/x86_64-linux-gnu/gazebo-11/plugins:/opt/ros/humble/opt/rviz_ogre_vendor/lib:/opt/ros/humble/lib/x86_64-linux-gnu:/opt/ros/humble/lib /usr/bin/cmake --build /home/salman/GryphonEC-ROS2/ws_thor/build/thor_server -- -j16 -l16
[0.102s] [  2%] Built target thor_server__rs
[0.104s] [ 10%] Built target thor_server__rosidl_generator_c
[0.105s] [ 13%] Built target thor_server__cpp
[0.110s] [ 17%] Built target task_server_node
[0.112s] [ 21%] Built target hardware_command_node
[0.121s] [ 21%] Built target ament_cmake_python_copy_thor_server
[0.134s] [ 30%] Built target thor_server__rosidl_typesupport_introspection_c
[0.136s] [ 54%] Built target thor_server__rosidl_typesupport_c
[0.136s] [ 54%] Built target thor_server__rosidl_typesupport_cpp
[0.136s] [ 56%] Built target thor_server__rosidl_typesupport_fastrtps_c
[0.138s] [ 65%] Built target thor_server__rosidl_typesupport_fastrtps_cpp
[0.140s] [ 73%] Built target thor_server__rosidl_typesupport_introspection_cpp
[0.171s] [ 73%] Built target thor_server
[0.185s] [ 78%] Built target task_server
[0.200s] [ 80%] Built target thor_server__py
[0.237s] [ 86%] Built target thor_server__rosidl_generator_py
[0.267s] [ 95%] Built target thor_server__rosidl_typesupport_fastrtps_c__pyext
[0.267s] [ 95%] Built target thor_server__rosidl_typesupport_c__pyext
[0.267s] [100%] Built target thor_server__rosidl_typesupport_introspection_c__pyext
[0.462s] running egg_info
[0.463s] writing thor_server.egg-info/PKG-INFO
[0.463s] writing dependency_links to thor_server.egg-info/dependency_links.txt
[0.463s] writing top-level names to thor_server.egg-info/top_level.txt
[0.466s] reading manifest file 'thor_server.egg-info/SOURCES.txt'
[0.467s] writing manifest file 'thor_server.egg-info/SOURCES.txt'
[0.522s] [100%] Built target ament_cmake_python_build_thor_server_egg
[0.837s] Invoked command in '/home/salman/GryphonEC-ROS2/ws_thor/build/thor_server' returned '0': CMAKE_PREFIX_PATH=/home/salman/GryphonEC-ROS2/ws_thor/install/thor_controller:/home/salman/GryphonEC-ROS2/ws_thor/install/thor_bringup:/home/salman/GryphonEC-ROS2/ws_thor/install/thor_moveit:/home/salman/GryphonEC-ROS2/ws_thor/install/thor_urdf:/home/salman/GryphonEC-ROS2/ws_thor/install/thor_joystick:/home/salman/GryphonEC-ROS2/ws_thor/install/thor_server:/home/salman/GryphonEC-ROS2/ws_thor/install/thor_msgs:/home/salman/GryphonEC-ROS2/ws_thor/install/thor_status_publisher:/opt/ros/humble LD_LIBRARY_PATH=/home/salman/GryphonEC-ROS2/ws_thor/install/thor_controller/lib:/usr/local/cuda-12.8/lib64:/home/salman/GryphonEC-ROS2/ws_thor/install/thor_server/lib:/home/salman/GryphonEC-ROS2/ws_thor/install/thor_msgs/lib:/usr/local/cuda-12.8/lib64:/usr/lib/x86_64-linux-gnu/gazebo-11/plugins:/opt/ros/humble/opt/rviz_ogre_vendor/lib:/opt/ros/humble/lib/x86_64-linux-gnu:/opt/ros/humble/lib /usr/bin/cmake --build /home/salman/GryphonEC-ROS2/ws_thor/build/thor_server -- -j16 -l16
[0.838s] Invoking command in '/home/salman/GryphonEC-ROS2/ws_thor/build/thor_server': CMAKE_PREFIX_PATH=/home/salman/GryphonEC-ROS2/ws_thor/install/thor_controller:/home/salman/GryphonEC-ROS2/ws_thor/install/thor_bringup:/home/salman/GryphonEC-ROS2/ws_thor/install/thor_moveit:/home/salman/GryphonEC-ROS2/ws_thor/install/thor_urdf:/home/salman/GryphonEC-ROS2/ws_thor/install/thor_joystick:/home/salman/GryphonEC-ROS2/ws_thor/install/thor_server:/home/salman/GryphonEC-ROS2/ws_thor/install/thor_msgs:/home/salman/GryphonEC-ROS2/ws_thor/install/thor_status_publisher:/opt/ros/humble LD_LIBRARY_PATH=/home/salman/GryphonEC-ROS2/ws_thor/install/thor_controller/lib:/usr/local/cuda-12.8/lib64:/home/salman/GryphonEC-ROS2/ws_thor/install/thor_server/lib:/home/salman/GryphonEC-ROS2/ws_thor/install/thor_msgs/lib:/usr/local/cuda-12.8/lib64:/usr/lib/x86_64-linux-gnu/gazebo-11/plugins:/opt/ros/humble/opt/rviz_ogre_vendor/lib:/opt/ros/humble/lib/x86_64-linux-gnu:/opt/ros/humble/lib /usr/bin/cmake --install /home/salman/GryphonEC-ROS2/ws_thor/build/thor_server
[0.847s] -- Install configuration: ""
[0.847s] -- Up-to-date: /home/salman/GryphonEC-ROS2/ws_thor/install/thor_server/share/ament_index/resource_index/rosidl_interfaces/thor_server
[0.847s] -- Up-to-date: /home/salman/GryphonEC-ROS2/ws_thor/install/thor_server/include/thor_server/thor_server
[0.847s] -- Up-to-date: /home/salman/GryphonEC-ROS2/ws_thor/install/thor_server/include/thor_server/thor_server/action
[0.847s] -- Up-to-date: /home/salman/GryphonEC-ROS2/ws_thor/install/thor_server/include/thor_server/thor_server/action/joint_task.h
[0.847s] -- Up-to-date: /home/salman/GryphonEC-ROS2/ws_thor/install/thor_server/include/thor_server/thor_server/action/pose_task.h
[0.848s] -- Up-to-date: /home/salman/GryphonEC-ROS2/ws_thor/install/thor_server/include/thor_server/thor_server/action/detail
[0.848s] -- Up-to-date: /home/salman/GryphonEC-ROS2/ws_thor/install/thor_server/include/thor_server/thor_server/action/detail/joint_task__functions.c
[0.848s] -- Up-to-date: /home/salman/GryphonEC-ROS2/ws_thor/install/thor_server/include/thor_server/thor_server/action/detail/joint_task__functions.h
[0.848s] -- Up-to-date: /home/salman/GryphonEC-ROS2/ws_thor/install/thor_server/include/thor_server/thor_server/action/detail/joint_task__struct.h
[0.848s] -- Up-to-date: /home/salman/GryphonEC-ROS2/ws_thor/install/thor_server/include/thor_server/thor_server/action/detail/pose_task__functions.h
[0.848s] -- Up-to-date: /home/salman/GryphonEC-ROS2/ws_thor/install/thor_server/include/thor_server/thor_server/action/detail/pose_task__functions.c
[0.848s] -- Up-to-date: /home/salman/GryphonEC-ROS2/ws_thor/install/thor_server/include/thor_server/thor_server/action/detail/joint_task__type_support.h
[0.848s] -- Up-to-date: /home/salman/GryphonEC-ROS2/ws_thor/install/thor_server/include/thor_server/thor_server/action/detail/pose_task__type_support.h
[0.848s] -- Up-to-date: /home/salman/GryphonEC-ROS2/ws_thor/install/thor_server/include/thor_server/thor_server/action/detail/pose_task__struct.h
[0.849s] -- Up-to-date: /home/salman/GryphonEC-ROS2/ws_thor/install/thor_server/include/thor_server/thor_server/msg
[0.849s] -- Up-to-date: /home/salman/GryphonEC-ROS2/ws_thor/install/thor_server/include/thor_server/thor_server/msg/rosidl_generator_c__visibility_control.h
[0.849s] -- Up-to-date: /home/salman/GryphonEC-ROS2/ws_thor/install/thor_server/share/thor_server/environment/library_path.sh
[0.849s] -- Up-to-date: /home/salman/GryphonEC-ROS2/ws_thor/install/thor_server/share/thor_server/environment/library_path.dsv
[0.849s] -- Up-to-date: /home/salman/GryphonEC-ROS2/ws_thor/install/thor_server/lib/libthor_server__rosidl_generator_c.so
[0.849s] -- Up-to-date: /home/salman/GryphonEC-ROS2/ws_thor/install/thor_server/include/thor_server/thor_server
[0.849s] -- Up-to-date: /home/salman/GryphonEC-ROS2/ws_thor/install/thor_server/include/thor_server/thor_server/action
[0.849s] -- Up-to-date: /home/salman/GryphonEC-ROS2/ws_thor/install/thor_server/include/thor_server/thor_server/action/detail
[0.849s] -- Up-to-date: /home/salman/GryphonEC-ROS2/ws_thor/install/thor_server/include/thor_server/thor_server/action/detail/joint_task__rosidl_typesupport_fastrtps_c.h
[0.849s] -- Up-to-date: /home/salman/GryphonEC-ROS2/ws_thor/install/thor_server/include/thor_server/thor_server/action/detail/pose_task__rosidl_typesupport_fastrtps_c.h
[0.849s] -- Up-to-date: /home/salman/GryphonEC-ROS2/ws_thor/install/thor_server/include/thor_server/thor_server/msg
[0.850s] -- Up-to-date: /home/salman/GryphonEC-ROS2/ws_thor/install/thor_server/include/thor_server/thor_server/msg/rosidl_typesupport_fastrtps_c__visibility_control.h
[0.850s] -- Up-to-date: /home/salman/GryphonEC-ROS2/ws_thor/install/thor_server/lib/libthor_server__rosidl_typesupport_fastrtps_c.so
[0.850s] -- Up-to-date: /home/salman/GryphonEC-ROS2/ws_thor/install/thor_server/include/thor_server/thor_server
[0.850s] -- Up-to-date: /home/salman/GryphonEC-ROS2/ws_thor/install/thor_server/include/thor_server/thor_server/action
[0.850s] -- Up-to-date: /home/salman/GryphonEC-ROS2/ws_thor/install/thor_server/include/thor_server/thor_server/action/joint_task.hpp
[0.850s] -- Up-to-date: /home/salman/GryphonEC-ROS2/ws_thor/install/thor_server/include/thor_server/thor_server/action/detail
[0.850s] -- Up-to-date: /home/salman/GryphonEC-ROS2/ws_thor/install/thor_server/include/thor_server/thor_server/action/detail/joint_task__traits.hpp
[0.850s] -- Up-to-date: /home/salman/GryphonEC-ROS2/ws_thor/install/thor_server/include/thor_server/thor_server/action/detail/pose_task__builder.hpp
[0.850s] -- Up-to-date: /home/salman/GryphonEC-ROS2/ws_thor/install/thor_server/include/thor_server/thor_server/action/detail/joint_task__builder.hpp
[0.850s] -- Up-to-date: /home/salman/GryphonEC-ROS2/ws_thor/install/thor_server/include/thor_server/thor_server/action/detail/pose_task__struct.hpp
[0.850s] -- Up-to-date: /home/salman/GryphonEC-ROS2/ws_thor/install/thor_server/include/thor_server/thor_server/action/detail/pose_task__traits.hpp
[0.850s] -- Up-to-date: /home/salman/GryphonEC-ROS2/ws_thor/install/thor_server/include/thor_server/thor_server/action/detail/joint_task__type_support.hpp
[0.850s] -- Up-to-date: /home/salman/GryphonEC-ROS2/ws_thor/install/thor_server/include/thor_server/thor_server/action/detail/pose_task__type_support.hpp
[0.851s] -- Up-to-date: /home/salman/GryphonEC-ROS2/ws_thor/install/thor_server/include/thor_server/thor_server/action/detail/joint_task__struct.hpp
[0.851s] -- Up-to-date: /home/salman/GryphonEC-ROS2/ws_thor/install/thor_server/include/thor_server/thor_server/action/pose_task.hpp
[0.851s] -- Up-to-date: /home/salman/GryphonEC-ROS2/ws_thor/install/thor_server/include/thor_server/thor_server/msg
[0.851s] -- Up-to-date: /home/salman/GryphonEC-ROS2/ws_thor/install/thor_server/include/thor_server/thor_server/msg/rosidl_generator_cpp__visibility_control.hpp
[0.851s] -- Up-to-date: /home/salman/GryphonEC-ROS2/ws_thor/install/thor_server/include/thor_server/thor_server
[0.851s] -- Up-to-date: /home/salman/GryphonEC-ROS2/ws_thor/install/thor_server/include/thor_server/thor_server/action
[0.851s] -- Up-to-date: /home/salman/GryphonEC-ROS2/ws_thor/install/thor_server/include/thor_server/thor_server/action/detail
[0.851s] -- Up-to-date: /home/salman/GryphonEC-ROS2/ws_thor/install/thor_server/include/thor_server/thor_server/action/detail/dds_fastrtps
[0.851s] -- Up-to-date: /home/salman/GryphonEC-ROS2/ws_thor/install/thor_server/include/thor_server/thor_server/action/detail/joint_task__rosidl_typesupport_fastrtps_cpp.hpp
[0.851s] -- Up-to-date: /home/salman/GryphonEC-ROS2/ws_thor/install/thor_server/include/thor_server/thor_server/action/detail/pose_task__rosidl_typesupport_fastrtps_cpp.hpp
[0.851s] -- Up-to-date: /home/salman/GryphonEC-ROS2/ws_thor/install/thor_server/include/thor_server/thor_server/msg
[0.851s] -- Up-to-date: /home/salman/GryphonEC-ROS2/ws_thor/install/thor_server/include/thor_server/thor_server/msg/rosidl_typesupport_fastrtps_cpp__visibility_control.h
[0.851s] -- Up-to-date: /home/salman/GryphonEC-ROS2/ws_thor/install/thor_server/lib/libthor_server__rosidl_typesupport_fastrtps_cpp.so
[0.851s] -- Up-to-date: /home/salman/GryphonEC-ROS2/ws_thor/install/thor_server/include/thor_server/thor_server
[0.851s] -- Up-to-date: /home/salman/GryphonEC-ROS2/ws_thor/install/thor_server/include/thor_server/thor_server/action
[0.851s] -- Up-to-date: /home/salman/GryphonEC-ROS2/ws_thor/install/thor_server/include/thor_server/thor_server/action/detail
[0.851s] -- Up-to-date: /home/salman/GryphonEC-ROS2/ws_thor/install/thor_server/include/thor_server/thor_server/action/detail/joint_task__rosidl_typesupport_introspection_c.h
[0.851s] -- Up-to-date: /home/salman/GryphonEC-ROS2/ws_thor/install/thor_server/include/thor_server/thor_server/action/detail/joint_task__type_support.c
[0.851s] -- Up-to-date: /home/salman/GryphonEC-ROS2/ws_thor/install/thor_server/include/thor_server/thor_server/action/detail/pose_task__type_support.c
[0.851s] -- Up-to-date: /home/salman/GryphonEC-ROS2/ws_thor/install/thor_server/include/thor_server/thor_server/action/detail/pose_task__rosidl_typesupport_introspection_c.h
[0.851s] -- Up-to-date: /home/salman/GryphonEC-ROS2/ws_thor/install/thor_server/include/thor_server/thor_server/msg
[0.851s] -- Up-to-date: /home/salman/GryphonEC-ROS2/ws_thor/install/thor_server/include/thor_server/thor_server/msg/rosidl_typesupport_introspection_c__visibility_control.h
[0.852s] -- Up-to-date: /home/salman/GryphonEC-ROS2/ws_thor/install/thor_server/lib/libthor_server__rosidl_typesupport_introspection_c.so
[0.852s] -- Up-to-date: /home/salman/GryphonEC-ROS2/ws_thor/install/thor_server/lib/libthor_server__rosidl_typesupport_c.so
[0.852s] -- Up-to-date: /home/salman/GryphonEC-ROS2/ws_thor/install/thor_server/include/thor_server/thor_server
[0.852s] -- Up-to-date: /home/salman/GryphonEC-ROS2/ws_thor/install/thor_server/include/thor_server/thor_server/action
[0.852s] -- Up-to-date: /home/salman/GryphonEC-ROS2/ws_thor/install/thor_server/include/thor_server/thor_server/action/detail
[0.852s] -- Up-to-date: /home/salman/GryphonEC-ROS2/ws_thor/install/thor_server/include/thor_server/thor_server/action/detail/joint_task__type_support.cpp
[0.852s] -- Up-to-date: /home/salman/GryphonEC-ROS2/ws_thor/install/thor_server/include/thor_server/thor_server/action/detail/joint_task__rosidl_typesupport_introspection_cpp.hpp
[0.852s] -- Up-to-date: /home/salman/GryphonEC-ROS2/ws_thor/install/thor_server/include/thor_server/thor_server/action/detail/pose_task__type_support.cpp
[0.852s] -- Up-to-date: /home/salman/GryphonEC-ROS2/ws_thor/install/thor_server/include/thor_server/thor_server/action/detail/pose_task__rosidl_typesupport_introspection_cpp.hpp
[0.852s] -- Up-to-date: /home/salman/GryphonEC-ROS2/ws_thor/install/thor_server/lib/libthor_server__rosidl_typesupport_introspection_cpp.so
[0.852s] -- Up-to-date: /home/salman/GryphonEC-ROS2/ws_thor/install/thor_server/lib/libthor_server__rosidl_typesupport_cpp.so
[0.852s] -- Up-to-date: /home/salman/GryphonEC-ROS2/ws_thor/install/thor_server/share/thor_server/environment/pythonpath.sh
[0.852s] -- Up-to-date: /home/salman/GryphonEC-ROS2/ws_thor/install/thor_server/share/thor_server/environment/pythonpath.dsv
[0.852s] -- Up-to-date: /home/salman/GryphonEC-ROS2/ws_thor/install/thor_server/local/lib/python3.10/dist-packages/thor_server-0.0.0-py3.10.egg-info
[0.852s] -- Installing: /home/salman/GryphonEC-ROS2/ws_thor/install/thor_server/local/lib/python3.10/dist-packages/thor_server-0.0.0-py3.10.egg-info/SOURCES.txt
[0.852s] -- Installing: /home/salman/GryphonEC-ROS2/ws_thor/install/thor_server/local/lib/python3.10/dist-packages/thor_server-0.0.0-py3.10.egg-info/top_level.txt
[0.852s] -- Installing: /home/salman/GryphonEC-ROS2/ws_thor/install/thor_server/local/lib/python3.10/dist-packages/thor_server-0.0.0-py3.10.egg-info/dependency_links.txt
[0.852s] -- Installing: /home/salman/GryphonEC-ROS2/ws_thor/install/thor_server/local/lib/python3.10/dist-packages/thor_server-0.0.0-py3.10.egg-info/PKG-INFO
[0.852s] -- Up-to-date: /home/salman/GryphonEC-ROS2/ws_thor/install/thor_server/local/lib/python3.10/dist-packages/thor_server
[0.852s] -- Up-to-date: /home/salman/GryphonEC-ROS2/ws_thor/install/thor_server/local/lib/python3.10/dist-packages/thor_server/_thor_server_s.ep.rosidl_typesupport_c.c
[0.852s] -- Up-to-date: /home/salman/GryphonEC-ROS2/ws_thor/install/thor_server/local/lib/python3.10/dist-packages/thor_server/__init__.py
[0.853s] -- Up-to-date: /home/salman/GryphonEC-ROS2/ws_thor/install/thor_server/local/lib/python3.10/dist-packages/thor_server/_thor_server_s.ep.rosidl_typesupport_fastrtps_c.c
[0.853s] -- Up-to-date: /home/salman/GryphonEC-ROS2/ws_thor/install/thor_server/local/lib/python3.10/dist-packages/thor_server/libthor_server__rosidl_generator_py.so
[0.853s] -- Up-to-date: /home/salman/GryphonEC-ROS2/ws_thor/install/thor_server/local/lib/python3.10/dist-packages/thor_server/thor_server_s__rosidl_typesupport_c.cpython-310-x86_64-linux-gnu.so
[0.853s] -- Up-to-date: /home/salman/GryphonEC-ROS2/ws_thor/install/thor_server/local/lib/python3.10/dist-packages/thor_server/_thor_server_s.ep.rosidl_typesupport_introspection_c.c
[0.853s] -- Up-to-date: /home/salman/GryphonEC-ROS2/ws_thor/install/thor_server/local/lib/python3.10/dist-packages/thor_server/thor_server_s__rosidl_typesupport_introspection_c.cpython-310-x86_64-linux-gnu.so
[0.853s] -- Up-to-date: /home/salman/GryphonEC-ROS2/ws_thor/install/thor_server/local/lib/python3.10/dist-packages/thor_server/action
[0.853s] -- Up-to-date: /home/salman/GryphonEC-ROS2/ws_thor/install/thor_server/local/lib/python3.10/dist-packages/thor_server/action/__init__.py
[0.853s] -- Up-to-date: /home/salman/GryphonEC-ROS2/ws_thor/install/thor_server/local/lib/python3.10/dist-packages/thor_server/action/_joint_task.py
[0.853s] -- Up-to-date: /home/salman/GryphonEC-ROS2/ws_thor/install/thor_server/local/lib/python3.10/dist-packages/thor_server/action/_joint_task_s.c
[0.853s] -- Up-to-date: /home/salman/GryphonEC-ROS2/ws_thor/install/thor_server/local/lib/python3.10/dist-packages/thor_server/action/_pose_task_s.c
[0.853s] -- Up-to-date: /home/salman/GryphonEC-ROS2/ws_thor/install/thor_server/local/lib/python3.10/dist-packages/thor_server/action/_pose_task.py
[0.853s] -- Up-to-date: /home/salman/GryphonEC-ROS2/ws_thor/install/thor_server/local/lib/python3.10/dist-packages/thor_server/thor_server_s__rosidl_typesupport_fastrtps_c.cpython-310-x86_64-linux-gnu.so
[0.892s] Listing '/home/salman/GryphonEC-ROS2/ws_thor/install/thor_server/local/lib/python3.10/dist-packages/thor_server'...
[0.893s] Listing '/home/salman/GryphonEC-ROS2/ws_thor/install/thor_server/local/lib/python3.10/dist-packages/thor_server/action'...
[0.897s] -- Up-to-date: /home/salman/GryphonEC-ROS2/ws_thor/install/thor_server/local/lib/python3.10/dist-packages/thor_server/thor_server_s__rosidl_typesupport_fastrtps_c.cpython-310-x86_64-linux-gnu.so
[0.898s] -- Up-to-date: /home/salman/GryphonEC-ROS2/ws_thor/install/thor_server/local/lib/python3.10/dist-packages/thor_server/thor_server_s__rosidl_typesupport_introspection_c.cpython-310-x86_64-linux-gnu.so
[0.898s] -- Up-to-date: /home/salman/GryphonEC-ROS2/ws_thor/install/thor_server/local/lib/python3.10/dist-packages/thor_server/thor_server_s__rosidl_typesupport_c.cpython-310-x86_64-linux-gnu.so
[0.898s] -- Up-to-date: /home/salman/GryphonEC-ROS2/ws_thor/install/thor_server/lib/libthor_server__rosidl_generator_py.so
[0.899s] -- Up-to-date: /home/salman/GryphonEC-ROS2/ws_thor/install/thor_server/share/ament_index/resource_index/rust_packages/thor_server
[0.899s] -- Up-to-date: /home/salman/GryphonEC-ROS2/ws_thor/install/thor_server/share/thor_server/rust
[0.899s] -- Up-to-date: /home/salman/GryphonEC-ROS2/ws_thor/install/thor_server/share/thor_server/rust/Cargo.toml
[0.899s] -- Up-to-date: /home/salman/GryphonEC-ROS2/ws_thor/install/thor_server/share/thor_server/rust/build.rs
[0.900s] -- Up-to-date: /home/salman/GryphonEC-ROS2/ws_thor/install/thor_server/share/thor_server/rust/src
[0.900s] -- Up-to-date: /home/salman/GryphonEC-ROS2/ws_thor/install/thor_server/share/thor_server/rust/src/lib.rs
[0.901s] -- Up-to-date: /home/salman/GryphonEC-ROS2/ws_thor/install/thor_server/share/thor_server/rust/src/action.rs
[0.901s] -- Up-to-date: /home/salman/GryphonEC-ROS2/ws_thor/install/thor_server/share/thor_server/rust/src/action
[0.902s] -- Up-to-date: /home/salman/GryphonEC-ROS2/ws_thor/install/thor_server/share/thor_server/rust/src/action/rmw.rs
[0.903s] -- Up-to-date: /home/salman/GryphonEC-ROS2/ws_thor/install/thor_server/share/thor_server/action/JointTask.idl
[0.903s] -- Up-to-date: /home/salman/GryphonEC-ROS2/ws_thor/install/thor_server/share/thor_server/action/PoseTask.idl
[0.903s] -- Up-to-date: /home/salman/GryphonEC-ROS2/ws_thor/install/thor_server/share/thor_server/action/JointTask.action
[0.903s] -- Up-to-date: /home/salman/GryphonEC-ROS2/ws_thor/install/thor_server/share/thor_server/action/PoseTask.action
[0.903s] -- Up-to-date: /home/salman/GryphonEC-ROS2/ws_thor/install/thor_server/lib/thor_server/task_server_node
[0.903s] -- Up-to-date: /home/salman/GryphonEC-ROS2/ws_thor/install/thor_server/share/thor_server/action
[0.903s] -- Up-to-date: /home/salman/GryphonEC-ROS2/ws_thor/install/thor_server/share/thor_server/action/PoseTask.action
[0.903s] -- Up-to-date: /home/salman/GryphonEC-ROS2/ws_thor/install/thor_server/share/thor_server/action/JointTask.action
[0.903s] -- Up-to-date: /home/salman/GryphonEC-ROS2/ws_thor/install/thor_server/lib/thor_server/libtask_server.so
[0.903s] -- Up-to-date: /home/salman/GryphonEC-ROS2/ws_thor/install/thor_server/lib/thor_server/hardware_command_node
[0.904s] -- Up-to-date: /home/salman/GryphonEC-ROS2/ws_thor/install/thor_server/lib/libtask_server.so
[0.904s] -- Up-to-date: /home/salman/GryphonEC-ROS2/ws_thor/install/thor_server/share/ament_index/resource_index/package_run_dependencies/thor_server
[0.904s] -- Up-to-date: /home/salman/GryphonEC-ROS2/ws_thor/install/thor_server/share/ament_index/resource_index/parent_prefix_path/thor_server
[0.904s] -- Up-to-date: /home/salman/GryphonEC-ROS2/ws_thor/install/thor_server/share/thor_server/environment/ament_prefix_path.sh
[0.904s] -- Up-to-date: /home/salman/GryphonEC-ROS2/ws_thor/install/thor_server/share/thor_server/environment/ament_prefix_path.dsv
[0.904s] -- Up-to-date: /home/salman/GryphonEC-ROS2/ws_thor/install/thor_server/share/thor_server/environment/path.sh
[0.904s] -- Up-to-date: /home/salman/GryphonEC-ROS2/ws_thor/install/thor_server/share/thor_server/environment/path.dsv
[0.904s] -- Up-to-date: /home/salman/GryphonEC-ROS2/ws_thor/install/thor_server/share/thor_server/local_setup.bash
[0.904s] -- Up-to-date: /home/salman/GryphonEC-ROS2/ws_thor/install/thor_server/share/thor_server/local_setup.sh
[0.904s] -- Up-to-date: /home/salman/GryphonEC-ROS2/ws_thor/install/thor_server/share/thor_server/local_setup.zsh
[0.904s] -- Up-to-date: /home/salman/GryphonEC-ROS2/ws_thor/install/thor_server/share/thor_server/local_setup.dsv
[0.905s] -- Installing: /home/salman/GryphonEC-ROS2/ws_thor/install/thor_server/share/thor_server/package.dsv
[0.905s] -- Up-to-date: /home/salman/GryphonEC-ROS2/ws_thor/install/thor_server/share/ament_index/resource_index/packages/thor_server
[0.905s] -- Up-to-date: /home/salman/GryphonEC-ROS2/ws_thor/install/thor_server/share/ament_index/resource_index/rclcpp_components/thor_server
[0.905s] -- Up-to-date: /home/salman/GryphonEC-ROS2/ws_thor/install/thor_server/share/thor_server/cmake/export_thor_server__rosidl_generator_cExport.cmake
[0.905s] -- Up-to-date: /home/salman/GryphonEC-ROS2/ws_thor/install/thor_server/share/thor_server/cmake/export_thor_server__rosidl_generator_cExport-noconfig.cmake
[0.905s] -- Up-to-date: /home/salman/GryphonEC-ROS2/ws_thor/install/thor_server/share/thor_server/cmake/export_thor_server__rosidl_typesupport_fastrtps_cExport.cmake
[0.905s] -- Up-to-date: /home/salman/GryphonEC-ROS2/ws_thor/install/thor_server/share/thor_server/cmake/export_thor_server__rosidl_typesupport_fastrtps_cExport-noconfig.cmake
[0.905s] -- Up-to-date: /home/salman/GryphonEC-ROS2/ws_thor/install/thor_server/share/thor_server/cmake/export_thor_server__rosidl_generator_cppExport.cmake
[0.905s] -- Up-to-date: /home/salman/GryphonEC-ROS2/ws_thor/install/thor_server/share/thor_server/cmake/export_thor_server__rosidl_typesupport_fastrtps_cppExport.cmake
[0.905s] -- Up-to-date: /home/salman/GryphonEC-ROS2/ws_thor/install/thor_server/share/thor_server/cmake/export_thor_server__rosidl_typesupport_fastrtps_cppExport-noconfig.cmake
[0.905s] -- Up-to-date: /home/salman/GryphonEC-ROS2/ws_thor/install/thor_server/share/thor_server/cmake/thor_server__rosidl_typesupport_introspection_cExport.cmake
[0.905s] -- Up-to-date: /home/salman/GryphonEC-ROS2/ws_thor/install/thor_server/share/thor_server/cmake/thor_server__rosidl_typesupport_introspection_cExport-noconfig.cmake
[0.905s] -- Up-to-date: /home/salman/GryphonEC-ROS2/ws_thor/install/thor_server/share/thor_server/cmake/thor_server__rosidl_typesupport_cExport.cmake
[0.905s] -- Up-to-date: /home/salman/GryphonEC-ROS2/ws_thor/install/thor_server/share/thor_server/cmake/thor_server__rosidl_typesupport_cExport-noconfig.cmake
[0.905s] -- Up-to-date: /home/salman/GryphonEC-ROS2/ws_thor/install/thor_server/share/thor_server/cmake/thor_server__rosidl_typesupport_introspection_cppExport.cmake
[0.905s] -- Up-to-date: /home/salman/GryphonEC-ROS2/ws_thor/install/thor_server/share/thor_server/cmake/thor_server__rosidl_typesupport_introspection_cppExport-noconfig.cmake
[0.906s] -- Up-to-date: /home/salman/GryphonEC-ROS2/ws_thor/install/thor_server/share/thor_server/cmake/thor_server__rosidl_typesupport_cppExport.cmake
[0.906s] -- Up-to-date: /home/salman/GryphonEC-ROS2/ws_thor/install/thor_server/share/thor_server/cmake/thor_server__rosidl_typesupport_cppExport-noconfig.cmake
[0.906s] -- Up-to-date: /home/salman/GryphonEC-ROS2/ws_thor/install/thor_server/share/thor_server/cmake/export_thor_server__rosidl_generator_pyExport.cmake
[0.906s] -- Up-to-date: /home/salman/GryphonEC-ROS2/ws_thor/install/thor_server/share/thor_server/cmake/export_thor_server__rosidl_generator_pyExport-noconfig.cmake
[0.906s] -- Up-to-date: /home/salman/GryphonEC-ROS2/ws_thor/install/thor_server/share/thor_server/cmake/rosidl_cmake-extras.cmake
[0.906s] -- Up-to-date: /home/salman/GryphonEC-ROS2/ws_thor/install/thor_server/share/thor_server/cmake/ament_cmake_export_dependencies-extras.cmake
[0.906s] -- Up-to-date: /home/salman/GryphonEC-ROS2/ws_thor/install/thor_server/share/thor_server/cmake/ament_cmake_export_include_directories-extras.cmake
[0.906s] -- Up-to-date: /home/salman/GryphonEC-ROS2/ws_thor/install/thor_server/share/thor_server/cmake/ament_cmake_export_libraries-extras.cmake
[0.906s] -- Up-to-date: /home/salman/GryphonEC-ROS2/ws_thor/install/thor_server/share/thor_server/cmake/ament_cmake_export_targets-extras.cmake
[0.906s] -- Up-to-date: /home/salman/GryphonEC-ROS2/ws_thor/install/thor_server/share/thor_server/cmake/rosidl_cmake_export_typesupport_targets-extras.cmake
[0.906s] -- Up-to-date: /home/salman/GryphonEC-ROS2/ws_thor/install/thor_server/share/thor_server/cmake/rosidl_cmake_export_typesupport_libraries-extras.cmake
[0.906s] -- Up-to-date: /home/salman/GryphonEC-ROS2/ws_thor/install/thor_server/share/thor_server/cmake/thor_serverConfig.cmake
[0.906s] -- Up-to-date: /home/salman/GryphonEC-ROS2/ws_thor/install/thor_server/share/thor_server/cmake/thor_serverConfig-version.cmake
[0.906s] -- Up-to-date: /home/salman/GryphonEC-ROS2/ws_thor/install/thor_server/share/thor_server/package.xml
[0.909s] Invoked command in '/home/salman/GryphonEC-ROS2/ws_thor/build/thor_server' returned '0': CMAKE_PREFIX_PATH=/home/salman/GryphonEC-ROS2/ws_thor/install/thor_controller:/home/salman/GryphonEC-ROS2/ws_thor/install/thor_bringup:/home/salman/GryphonEC-ROS2/ws_thor/install/thor_moveit:/home/salman/GryphonEC-ROS2/ws_thor/install/thor_urdf:/home/salman/GryphonEC-ROS2/ws_thor/install/thor_joystick:/home/salman/GryphonEC-ROS2/ws_thor/install/thor_server:/home/salman/GryphonEC-ROS2/ws_thor/install/thor_msgs:/home/salman/GryphonEC-ROS2/ws_thor/install/thor_status_publisher:/opt/ros/humble LD_LIBRARY_PATH=/home/salman/GryphonEC-ROS2/ws_thor/install/thor_controller/lib:/usr/local/cuda-12.8/lib64:/home/salman/GryphonEC-ROS2/ws_thor/install/thor_server/lib:/home/salman/GryphonEC-ROS2/ws_thor/install/thor_msgs/lib:/usr/local/cuda-12.8/lib64:/usr/lib/x86_64-linux-gnu/gazebo-11/plugins:/opt/ros/humble/opt/rviz_ogre_vendor/lib:/opt/ros/humble/lib/x86_64-linux-gnu:/opt/ros/humble/lib /usr/bin/cmake --install /home/salman/GryphonEC-ROS2/ws_thor/build/thor_server
