-- The C compiler identification is GNU 11.4.0
-- The CXX compiler identification is GNU 11.4.0
-- Detecting C compiler ABI info
-- Detecting C compiler ABI info - done
-- Check for working C compiler: /usr/bin/cc - skipped
-- Detecting C compile features
-- Detecting C compile features - done
-- Detecting CXX compiler ABI info
-- Detecting CXX compiler ABI info - done
-- Check for working CXX compiler: /usr/bin/c++ - skipped
-- Detecting CXX compile features
-- Detecting CXX compile features - done
-- Found ament_cmake: 1.3.13 (/opt/ros/humble/share/ament_cmake/cmake)
-- Found Python3: /usr/bin/python3 (found version "3.10.12") found components: Interpreter 
-- Found geometry_msgs: 4.9.1 (/opt/ros/humble/share/geometry_msgs/cmake)
-- Found rosidl_generator_c: 3.1.8 (/opt/ros/humble/share/rosidl_generator_c/cmake)
-- Found rosidl_adapter: 3.1.8 (/opt/ros/humble/share/rosidl_adapter/cmake)
-- Found rosidl_generator_cpp: 3.1.8 (/opt/ros/humble/share/rosidl_generator_cpp/cmake)
-- Using all available rosidl_typesupport_c: rosidl_typesupport_fastrtps_c;rosidl_typesupport_introspection_c
-- Using all available rosidl_typesupport_cpp: rosidl_typesupport_fastrtps_cpp;rosidl_typesupport_introspection_cpp
-- Found rosidl_default_generators: 1.2.0 (/opt/ros/humble/share/rosidl_default_generators/cmake)
-- Found ament_cmake_ros: 0.10.0 (/opt/ros/humble/share/ament_cmake_ros/cmake)
-- Using all available rosidl_typesupport_c: rosidl_typesupport_fastrtps_c;rosidl_typesupport_introspection_c
-- Using all available rosidl_typesupport_cpp: rosidl_typesupport_fastrtps_cpp;rosidl_typesupport_introspection_cpp
-- Found PythonInterp: /usr/bin/python3 (found suitable version "3.10.12", minimum required is "3.6") 
-- Found python_cmake_module: 0.10.0 (/opt/ros/humble/share/python_cmake_module/cmake)
-- Found PythonLibs: /usr/lib/x86_64-linux-gnu/libpython3.10.so (found suitable version "3.10.12", minimum required is "3.5") 
-- Using PYTHON_EXECUTABLE: /usr/bin/python3
-- Using PYTHON_INCLUDE_DIRS: /usr/include/python3.10
-- Using PYTHON_LIBRARIES: /usr/lib/x86_64-linux-gnu/libpython3.10.so
-- Found PythonExtra: .so  
-- Using numpy include directory: /home/salman/.local/lib/python3.10/site-packages/numpy/core/include
-- Found ament_lint_auto: 0.12.15 (/opt/ros/humble/share/ament_lint_auto/cmake)
-- Added test 'lint_cmake' to check CMake code style
-- Added test 'xmllint' to check XML markup files
-- Configuring done
-- Generating done
-- Build files have been written to: /home/salman/GryphonEC-ROS2/ws_thor/build/thor_msgs
[  2%] [34m[1mGenerating C code for ROS interfaces[0m
[  5%] [34m[1mGenerating C++ code for ROS interfaces[0m
[  5%] Built target ament_cmake_python_copy_thor_msgs
[  5%] Built target thor_msgs__cpp
[ 10%] [32mBuilding C object CMakeFiles/thor_msgs__rosidl_generator_c.dir/rosidl_generator_c/thor_msgs/msg/detail/ik_goal__functions.c.o[0m
[ 10%] [32mBuilding C object CMakeFiles/thor_msgs__rosidl_generator_c.dir/rosidl_generator_c/thor_msgs/msg/detail/cartesian_goal__functions.c.o[0m
[ 17%] [34m[1mGenerating C++ type support dispatch for ROS interfaces[0m
[ 17%] [34m[1mGenerating C++ introspection for ROS interfaces[0m
[ 17%] [34m[1mGenerating C++ type support for eProsima Fast-RTPS[0m
running egg_info
creating thor_msgs.egg-info
writing thor_msgs.egg-info/PKG-INFO
writing dependency_links to thor_msgs.egg-info/dependency_links.txt
writing top-level names to thor_msgs.egg-info/top_level.txt
writing manifest file 'thor_msgs.egg-info/SOURCES.txt'
reading manifest file 'thor_msgs.egg-info/SOURCES.txt'
writing manifest file 'thor_msgs.egg-info/SOURCES.txt'
[ 20%] [32m[1mLinking C shared library libthor_msgs__rosidl_generator_c.so[0m
[ 20%] Built target ament_cmake_python_build_thor_msgs_egg
[ 20%] Built target thor_msgs__rosidl_generator_c
[ 28%] [34m[1mGenerating C type support for eProsima Fast-RTPS[0m
[ 28%] [34m[1mGenerating C type support dispatch for ROS interfaces[0m
[ 28%] [34m[1mGenerating C introspection for ROS interfaces[0m
[ 30%] [32mBuilding CXX object CMakeFiles/thor_msgs__rosidl_typesupport_cpp.dir/rosidl_typesupport_cpp/thor_msgs/msg/ik_goal__type_support.cpp.o[0m
[ 33%] [32mBuilding CXX object CMakeFiles/thor_msgs__rosidl_typesupport_cpp.dir/rosidl_typesupport_cpp/thor_msgs/msg/cartesian_goal__type_support.cpp.o[0m
[ 35%] [32mBuilding CXX object CMakeFiles/thor_msgs__rosidl_typesupport_introspection_cpp.dir/rosidl_typesupport_introspection_cpp/thor_msgs/msg/detail/ik_goal__type_support.cpp.o[0m
[ 38%] [32mBuilding CXX object CMakeFiles/thor_msgs__rosidl_typesupport_introspection_cpp.dir/rosidl_typesupport_introspection_cpp/thor_msgs/msg/detail/cartesian_goal__type_support.cpp.o[0m
[ 41%] [32mBuilding CXX object CMakeFiles/thor_msgs__rosidl_typesupport_fastrtps_cpp.dir/rosidl_typesupport_fastrtps_cpp/thor_msgs/msg/detail/dds_fastrtps/ik_goal__type_support.cpp.o[0m
[ 43%] [32mBuilding CXX object CMakeFiles/thor_msgs__rosidl_typesupport_fastrtps_cpp.dir/rosidl_typesupport_fastrtps_cpp/thor_msgs/msg/detail/dds_fastrtps/cartesian_goal__type_support.cpp.o[0m
[ 46%] [32mBuilding CXX object CMakeFiles/thor_msgs__rosidl_typesupport_c.dir/rosidl_typesupport_c/thor_msgs/msg/ik_goal__type_support.cpp.o[0m
[ 48%] [32mBuilding CXX object CMakeFiles/thor_msgs__rosidl_typesupport_c.dir/rosidl_typesupport_c/thor_msgs/msg/cartesian_goal__type_support.cpp.o[0m
[ 51%] [32mBuilding CXX object CMakeFiles/thor_msgs__rosidl_typesupport_fastrtps_c.dir/rosidl_typesupport_fastrtps_c/thor_msgs/msg/detail/ik_goal__type_support_c.cpp.o[0m
[ 53%] [32mBuilding CXX object CMakeFiles/thor_msgs__rosidl_typesupport_fastrtps_c.dir/rosidl_typesupport_fastrtps_c/thor_msgs/msg/detail/cartesian_goal__type_support_c.cpp.o[0m
[ 58%] [32mBuilding C object CMakeFiles/thor_msgs__rosidl_typesupport_introspection_c.dir/rosidl_typesupport_introspection_c/thor_msgs/msg/detail/ik_goal__type_support.c.o[0m
[ 58%] [32mBuilding C object CMakeFiles/thor_msgs__rosidl_typesupport_introspection_c.dir/rosidl_typesupport_introspection_c/thor_msgs/msg/detail/cartesian_goal__type_support.c.o[0m
[ 61%] [32m[1mLinking CXX shared library libthor_msgs__rosidl_typesupport_c.so[0m
[ 64%] [32m[1mLinking C shared library libthor_msgs__rosidl_typesupport_introspection_c.so[0m
[ 64%] Built target thor_msgs__rosidl_typesupport_c
[ 64%] Built target thor_msgs__rosidl_typesupport_introspection_c
[ 66%] [32m[1mLinking CXX shared library libthor_msgs__rosidl_typesupport_cpp.so[0m
[ 66%] Built target thor_msgs__rosidl_typesupport_cpp
[ 69%] [32m[1mLinking CXX shared library libthor_msgs__rosidl_typesupport_introspection_cpp.so[0m
[ 71%] [32m[1mLinking CXX shared library libthor_msgs__rosidl_typesupport_fastrtps_cpp.so[0m
[ 71%] Built target thor_msgs__rosidl_typesupport_introspection_cpp
[ 74%] [32m[1mLinking CXX shared library libthor_msgs__rosidl_typesupport_fastrtps_c.so[0m
[ 74%] Built target thor_msgs__rosidl_typesupport_fastrtps_cpp
[ 74%] Built target thor_msgs__rosidl_typesupport_fastrtps_c
[ 74%] Built target thor_msgs
[ 76%] [34m[1mGenerating Python code for ROS interfaces[0m
[ 76%] Built target thor_msgs__py
[ 79%] [32mBuilding C object CMakeFiles/thor_msgs__rosidl_generator_py.dir/rosidl_generator_py/thor_msgs/msg/_ik_goal_s.c.o[0m
[ 82%] [32mBuilding C object CMakeFiles/thor_msgs__rosidl_generator_py.dir/rosidl_generator_py/thor_msgs/msg/_cartesian_goal_s.c.o[0m
[ 84%] [32m[1mLinking C shared library rosidl_generator_py/thor_msgs/libthor_msgs__rosidl_generator_py.so[0m
[ 84%] Built target thor_msgs__rosidl_generator_py
[ 87%] [32mBuilding C object CMakeFiles/thor_msgs__rosidl_typesupport_c__pyext.dir/rosidl_generator_py/thor_msgs/_thor_msgs_s.ep.rosidl_typesupport_c.c.o[0m
[ 92%] [32mBuilding C object CMakeFiles/thor_msgs__rosidl_typesupport_fastrtps_c__pyext.dir/rosidl_generator_py/thor_msgs/_thor_msgs_s.ep.rosidl_typesupport_fastrtps_c.c.o[0m
[ 92%] [32mBuilding C object CMakeFiles/thor_msgs__rosidl_typesupport_introspection_c__pyext.dir/rosidl_generator_py/thor_msgs/_thor_msgs_s.ep.rosidl_typesupport_introspection_c.c.o[0m
[ 94%] [32m[1mLinking C shared library rosidl_generator_py/thor_msgs/thor_msgs_s__rosidl_typesupport_introspection_c.cpython-310-x86_64-linux-gnu.so[0m
[ 97%] [32m[1mLinking C shared library rosidl_generator_py/thor_msgs/thor_msgs_s__rosidl_typesupport_c.cpython-310-x86_64-linux-gnu.so[0m
[100%] [32m[1mLinking C shared library rosidl_generator_py/thor_msgs/thor_msgs_s__rosidl_typesupport_fastrtps_c.cpython-310-x86_64-linux-gnu.so[0m
[100%] Built target thor_msgs__rosidl_typesupport_fastrtps_c__pyext
[100%] Built target thor_msgs__rosidl_typesupport_c__pyext
[100%] Built target thor_msgs__rosidl_typesupport_introspection_c__pyext
-- Install configuration: ""
-- Installing: /home/salman/GryphonEC-ROS2/ws_thor/install/thor_msgs/share/ament_index/resource_index/rosidl_interfaces/thor_msgs
-- Installing: /home/salman/GryphonEC-ROS2/ws_thor/install/thor_msgs/include/thor_msgs/thor_msgs
-- Installing: /home/salman/GryphonEC-ROS2/ws_thor/install/thor_msgs/include/thor_msgs/thor_msgs/msg
-- Installing: /home/salman/GryphonEC-ROS2/ws_thor/install/thor_msgs/include/thor_msgs/thor_msgs/msg/cartesian_goal.h
-- Installing: /home/salman/GryphonEC-ROS2/ws_thor/install/thor_msgs/include/thor_msgs/thor_msgs/msg/ik_goal.h
-- Installing: /home/salman/GryphonEC-ROS2/ws_thor/install/thor_msgs/include/thor_msgs/thor_msgs/msg/rosidl_generator_c__visibility_control.h
-- Installing: /home/salman/GryphonEC-ROS2/ws_thor/install/thor_msgs/include/thor_msgs/thor_msgs/msg/detail
-- Installing: /home/salman/GryphonEC-ROS2/ws_thor/install/thor_msgs/include/thor_msgs/thor_msgs/msg/detail/ik_goal__functions.h
-- Installing: /home/salman/GryphonEC-ROS2/ws_thor/install/thor_msgs/include/thor_msgs/thor_msgs/msg/detail/ik_goal__functions.c
-- Installing: /home/salman/GryphonEC-ROS2/ws_thor/install/thor_msgs/include/thor_msgs/thor_msgs/msg/detail/cartesian_goal__struct.h
-- Installing: /home/salman/GryphonEC-ROS2/ws_thor/install/thor_msgs/include/thor_msgs/thor_msgs/msg/detail/ik_goal__type_support.h
-- Installing: /home/salman/GryphonEC-ROS2/ws_thor/install/thor_msgs/include/thor_msgs/thor_msgs/msg/detail/cartesian_goal__type_support.h
-- Installing: /home/salman/GryphonEC-ROS2/ws_thor/install/thor_msgs/include/thor_msgs/thor_msgs/msg/detail/cartesian_goal__functions.h
-- Installing: /home/salman/GryphonEC-ROS2/ws_thor/install/thor_msgs/include/thor_msgs/thor_msgs/msg/detail/ik_goal__struct.h
-- Installing: /home/salman/GryphonEC-ROS2/ws_thor/install/thor_msgs/include/thor_msgs/thor_msgs/msg/detail/cartesian_goal__functions.c
-- Installing: /home/salman/GryphonEC-ROS2/ws_thor/install/thor_msgs/share/thor_msgs/environment/library_path.sh
-- Installing: /home/salman/GryphonEC-ROS2/ws_thor/install/thor_msgs/share/thor_msgs/environment/library_path.dsv
-- Installing: /home/salman/GryphonEC-ROS2/ws_thor/install/thor_msgs/lib/libthor_msgs__rosidl_generator_c.so
-- Set runtime path of "/home/salman/GryphonEC-ROS2/ws_thor/install/thor_msgs/lib/libthor_msgs__rosidl_generator_c.so" to ""
-- Up-to-date: /home/salman/GryphonEC-ROS2/ws_thor/install/thor_msgs/include/thor_msgs/thor_msgs
-- Up-to-date: /home/salman/GryphonEC-ROS2/ws_thor/install/thor_msgs/include/thor_msgs/thor_msgs/msg
-- Installing: /home/salman/GryphonEC-ROS2/ws_thor/install/thor_msgs/include/thor_msgs/thor_msgs/msg/rosidl_typesupport_fastrtps_c__visibility_control.h
-- Up-to-date: /home/salman/GryphonEC-ROS2/ws_thor/install/thor_msgs/include/thor_msgs/thor_msgs/msg/detail
-- Installing: /home/salman/GryphonEC-ROS2/ws_thor/install/thor_msgs/include/thor_msgs/thor_msgs/msg/detail/cartesian_goal__rosidl_typesupport_fastrtps_c.h
-- Installing: /home/salman/GryphonEC-ROS2/ws_thor/install/thor_msgs/include/thor_msgs/thor_msgs/msg/detail/ik_goal__rosidl_typesupport_fastrtps_c.h
-- Installing: /home/salman/GryphonEC-ROS2/ws_thor/install/thor_msgs/lib/libthor_msgs__rosidl_typesupport_fastrtps_c.so
-- Set runtime path of "/home/salman/GryphonEC-ROS2/ws_thor/install/thor_msgs/lib/libthor_msgs__rosidl_typesupport_fastrtps_c.so" to ""
-- Up-to-date: /home/salman/GryphonEC-ROS2/ws_thor/install/thor_msgs/include/thor_msgs/thor_msgs
-- Up-to-date: /home/salman/GryphonEC-ROS2/ws_thor/install/thor_msgs/include/thor_msgs/thor_msgs/msg
-- Installing: /home/salman/GryphonEC-ROS2/ws_thor/install/thor_msgs/include/thor_msgs/thor_msgs/msg/ik_goal.hpp
-- Installing: /home/salman/GryphonEC-ROS2/ws_thor/install/thor_msgs/include/thor_msgs/thor_msgs/msg/cartesian_goal.hpp
-- Installing: /home/salman/GryphonEC-ROS2/ws_thor/install/thor_msgs/include/thor_msgs/thor_msgs/msg/rosidl_generator_cpp__visibility_control.hpp
-- Up-to-date: /home/salman/GryphonEC-ROS2/ws_thor/install/thor_msgs/include/thor_msgs/thor_msgs/msg/detail
-- Installing: /home/salman/GryphonEC-ROS2/ws_thor/install/thor_msgs/include/thor_msgs/thor_msgs/msg/detail/cartesian_goal__traits.hpp
-- Installing: /home/salman/GryphonEC-ROS2/ws_thor/install/thor_msgs/include/thor_msgs/thor_msgs/msg/detail/cartesian_goal__struct.hpp
-- Installing: /home/salman/GryphonEC-ROS2/ws_thor/install/thor_msgs/include/thor_msgs/thor_msgs/msg/detail/ik_goal__type_support.hpp
-- Installing: /home/salman/GryphonEC-ROS2/ws_thor/install/thor_msgs/include/thor_msgs/thor_msgs/msg/detail/ik_goal__builder.hpp
-- Installing: /home/salman/GryphonEC-ROS2/ws_thor/install/thor_msgs/include/thor_msgs/thor_msgs/msg/detail/cartesian_goal__type_support.hpp
-- Installing: /home/salman/GryphonEC-ROS2/ws_thor/install/thor_msgs/include/thor_msgs/thor_msgs/msg/detail/ik_goal__traits.hpp
-- Installing: /home/salman/GryphonEC-ROS2/ws_thor/install/thor_msgs/include/thor_msgs/thor_msgs/msg/detail/cartesian_goal__builder.hpp
-- Installing: /home/salman/GryphonEC-ROS2/ws_thor/install/thor_msgs/include/thor_msgs/thor_msgs/msg/detail/ik_goal__struct.hpp
-- Up-to-date: /home/salman/GryphonEC-ROS2/ws_thor/install/thor_msgs/include/thor_msgs/thor_msgs
-- Up-to-date: /home/salman/GryphonEC-ROS2/ws_thor/install/thor_msgs/include/thor_msgs/thor_msgs/msg
-- Up-to-date: /home/salman/GryphonEC-ROS2/ws_thor/install/thor_msgs/include/thor_msgs/thor_msgs/msg/detail
-- Installing: /home/salman/GryphonEC-ROS2/ws_thor/install/thor_msgs/include/thor_msgs/thor_msgs/msg/detail/dds_fastrtps
-- Installing: /home/salman/GryphonEC-ROS2/ws_thor/install/thor_msgs/include/thor_msgs/thor_msgs/msg/detail/cartesian_goal__rosidl_typesupport_fastrtps_cpp.hpp
-- Installing: /home/salman/GryphonEC-ROS2/ws_thor/install/thor_msgs/include/thor_msgs/thor_msgs/msg/detail/ik_goal__rosidl_typesupport_fastrtps_cpp.hpp
-- Installing: /home/salman/GryphonEC-ROS2/ws_thor/install/thor_msgs/include/thor_msgs/thor_msgs/msg/rosidl_typesupport_fastrtps_cpp__visibility_control.h
-- Installing: /home/salman/GryphonEC-ROS2/ws_thor/install/thor_msgs/lib/libthor_msgs__rosidl_typesupport_fastrtps_cpp.so
-- Set runtime path of "/home/salman/GryphonEC-ROS2/ws_thor/install/thor_msgs/lib/libthor_msgs__rosidl_typesupport_fastrtps_cpp.so" to ""
-- Up-to-date: /home/salman/GryphonEC-ROS2/ws_thor/install/thor_msgs/include/thor_msgs/thor_msgs
-- Up-to-date: /home/salman/GryphonEC-ROS2/ws_thor/install/thor_msgs/include/thor_msgs/thor_msgs/msg
-- Up-to-date: /home/salman/GryphonEC-ROS2/ws_thor/install/thor_msgs/include/thor_msgs/thor_msgs/msg/detail
-- Installing: /home/salman/GryphonEC-ROS2/ws_thor/install/thor_msgs/include/thor_msgs/thor_msgs/msg/detail/ik_goal__rosidl_typesupport_introspection_c.h
-- Installing: /home/salman/GryphonEC-ROS2/ws_thor/install/thor_msgs/include/thor_msgs/thor_msgs/msg/detail/cartesian_goal__rosidl_typesupport_introspection_c.h
-- Installing: /home/salman/GryphonEC-ROS2/ws_thor/install/thor_msgs/include/thor_msgs/thor_msgs/msg/detail/cartesian_goal__type_support.c
-- Installing: /home/salman/GryphonEC-ROS2/ws_thor/install/thor_msgs/include/thor_msgs/thor_msgs/msg/detail/ik_goal__type_support.c
-- Installing: /home/salman/GryphonEC-ROS2/ws_thor/install/thor_msgs/include/thor_msgs/thor_msgs/msg/rosidl_typesupport_introspection_c__visibility_control.h
-- Installing: /home/salman/GryphonEC-ROS2/ws_thor/install/thor_msgs/lib/libthor_msgs__rosidl_typesupport_introspection_c.so
-- Set runtime path of "/home/salman/GryphonEC-ROS2/ws_thor/install/thor_msgs/lib/libthor_msgs__rosidl_typesupport_introspection_c.so" to ""
-- Installing: /home/salman/GryphonEC-ROS2/ws_thor/install/thor_msgs/lib/libthor_msgs__rosidl_typesupport_c.so
-- Set runtime path of "/home/salman/GryphonEC-ROS2/ws_thor/install/thor_msgs/lib/libthor_msgs__rosidl_typesupport_c.so" to ""
-- Up-to-date: /home/salman/GryphonEC-ROS2/ws_thor/install/thor_msgs/include/thor_msgs/thor_msgs
-- Up-to-date: /home/salman/GryphonEC-ROS2/ws_thor/install/thor_msgs/include/thor_msgs/thor_msgs/msg
-- Up-to-date: /home/salman/GryphonEC-ROS2/ws_thor/install/thor_msgs/include/thor_msgs/thor_msgs/msg/detail
-- Installing: /home/salman/GryphonEC-ROS2/ws_thor/install/thor_msgs/include/thor_msgs/thor_msgs/msg/detail/cartesian_goal__rosidl_typesupport_introspection_cpp.hpp
-- Installing: /home/salman/GryphonEC-ROS2/ws_thor/install/thor_msgs/include/thor_msgs/thor_msgs/msg/detail/ik_goal__rosidl_typesupport_introspection_cpp.hpp
-- Installing: /home/salman/GryphonEC-ROS2/ws_thor/install/thor_msgs/include/thor_msgs/thor_msgs/msg/detail/cartesian_goal__type_support.cpp
-- Installing: /home/salman/GryphonEC-ROS2/ws_thor/install/thor_msgs/include/thor_msgs/thor_msgs/msg/detail/ik_goal__type_support.cpp
-- Installing: /home/salman/GryphonEC-ROS2/ws_thor/install/thor_msgs/lib/libthor_msgs__rosidl_typesupport_introspection_cpp.so
-- Set runtime path of "/home/salman/GryphonEC-ROS2/ws_thor/install/thor_msgs/lib/libthor_msgs__rosidl_typesupport_introspection_cpp.so" to ""
-- Installing: /home/salman/GryphonEC-ROS2/ws_thor/install/thor_msgs/lib/libthor_msgs__rosidl_typesupport_cpp.so
-- Set runtime path of "/home/salman/GryphonEC-ROS2/ws_thor/install/thor_msgs/lib/libthor_msgs__rosidl_typesupport_cpp.so" to ""
-- Installing: /home/salman/GryphonEC-ROS2/ws_thor/install/thor_msgs/share/thor_msgs/environment/pythonpath.sh
-- Installing: /home/salman/GryphonEC-ROS2/ws_thor/install/thor_msgs/share/thor_msgs/environment/pythonpath.dsv
-- Installing: /home/salman/GryphonEC-ROS2/ws_thor/install/thor_msgs/local/lib/python3.10/dist-packages/thor_msgs-0.0.0-py3.10.egg-info
-- Installing: /home/salman/GryphonEC-ROS2/ws_thor/install/thor_msgs/local/lib/python3.10/dist-packages/thor_msgs-0.0.0-py3.10.egg-info/SOURCES.txt
-- Installing: /home/salman/GryphonEC-ROS2/ws_thor/install/thor_msgs/local/lib/python3.10/dist-packages/thor_msgs-0.0.0-py3.10.egg-info/top_level.txt
-- Installing: /home/salman/GryphonEC-ROS2/ws_thor/install/thor_msgs/local/lib/python3.10/dist-packages/thor_msgs-0.0.0-py3.10.egg-info/dependency_links.txt
-- Installing: /home/salman/GryphonEC-ROS2/ws_thor/install/thor_msgs/local/lib/python3.10/dist-packages/thor_msgs-0.0.0-py3.10.egg-info/PKG-INFO
-- Installing: /home/salman/GryphonEC-ROS2/ws_thor/install/thor_msgs/local/lib/python3.10/dist-packages/thor_msgs
-- Installing: /home/salman/GryphonEC-ROS2/ws_thor/install/thor_msgs/local/lib/python3.10/dist-packages/thor_msgs/__init__.py
-- Installing: /home/salman/GryphonEC-ROS2/ws_thor/install/thor_msgs/local/lib/python3.10/dist-packages/thor_msgs/_thor_msgs_s.ep.rosidl_typesupport_c.c
-- Installing: /home/salman/GryphonEC-ROS2/ws_thor/install/thor_msgs/local/lib/python3.10/dist-packages/thor_msgs/_thor_msgs_s.ep.rosidl_typesupport_introspection_c.c
-- Installing: /home/salman/GryphonEC-ROS2/ws_thor/install/thor_msgs/local/lib/python3.10/dist-packages/thor_msgs/_thor_msgs_s.ep.rosidl_typesupport_fastrtps_c.c
-- Installing: /home/salman/GryphonEC-ROS2/ws_thor/install/thor_msgs/local/lib/python3.10/dist-packages/thor_msgs/thor_msgs_s__rosidl_typesupport_c.cpython-310-x86_64-linux-gnu.so
-- Installing: /home/salman/GryphonEC-ROS2/ws_thor/install/thor_msgs/local/lib/python3.10/dist-packages/thor_msgs/thor_msgs_s__rosidl_typesupport_fastrtps_c.cpython-310-x86_64-linux-gnu.so
-- Installing: /home/salman/GryphonEC-ROS2/ws_thor/install/thor_msgs/local/lib/python3.10/dist-packages/thor_msgs/msg
-- Installing: /home/salman/GryphonEC-ROS2/ws_thor/install/thor_msgs/local/lib/python3.10/dist-packages/thor_msgs/msg/__init__.py
-- Installing: /home/salman/GryphonEC-ROS2/ws_thor/install/thor_msgs/local/lib/python3.10/dist-packages/thor_msgs/msg/_ik_goal.py
-- Installing: /home/salman/GryphonEC-ROS2/ws_thor/install/thor_msgs/local/lib/python3.10/dist-packages/thor_msgs/msg/_cartesian_goal_s.c
-- Installing: /home/salman/GryphonEC-ROS2/ws_thor/install/thor_msgs/local/lib/python3.10/dist-packages/thor_msgs/msg/_ik_goal_s.c
-- Installing: /home/salman/GryphonEC-ROS2/ws_thor/install/thor_msgs/local/lib/python3.10/dist-packages/thor_msgs/msg/_cartesian_goal.py
-- Installing: /home/salman/GryphonEC-ROS2/ws_thor/install/thor_msgs/local/lib/python3.10/dist-packages/thor_msgs/thor_msgs_s__rosidl_typesupport_introspection_c.cpython-310-x86_64-linux-gnu.so
-- Installing: /home/salman/GryphonEC-ROS2/ws_thor/install/thor_msgs/local/lib/python3.10/dist-packages/thor_msgs/libthor_msgs__rosidl_generator_py.so
Listing '/home/salman/GryphonEC-ROS2/ws_thor/install/thor_msgs/local/lib/python3.10/dist-packages/thor_msgs'...
Compiling '/home/salman/GryphonEC-ROS2/ws_thor/install/thor_msgs/local/lib/python3.10/dist-packages/thor_msgs/__init__.py'...
Listing '/home/salman/GryphonEC-ROS2/ws_thor/install/thor_msgs/local/lib/python3.10/dist-packages/thor_msgs/msg'...
Compiling '/home/salman/GryphonEC-ROS2/ws_thor/install/thor_msgs/local/lib/python3.10/dist-packages/thor_msgs/msg/__init__.py'...
Compiling '/home/salman/GryphonEC-ROS2/ws_thor/install/thor_msgs/local/lib/python3.10/dist-packages/thor_msgs/msg/_cartesian_goal.py'...
Compiling '/home/salman/GryphonEC-ROS2/ws_thor/install/thor_msgs/local/lib/python3.10/dist-packages/thor_msgs/msg/_ik_goal.py'...
-- Installing: /home/salman/GryphonEC-ROS2/ws_thor/install/thor_msgs/local/lib/python3.10/dist-packages/thor_msgs/thor_msgs_s__rosidl_typesupport_fastrtps_c.cpython-310-x86_64-linux-gnu.so
-- Set runtime path of "/home/salman/GryphonEC-ROS2/ws_thor/install/thor_msgs/local/lib/python3.10/dist-packages/thor_msgs/thor_msgs_s__rosidl_typesupport_fastrtps_c.cpython-310-x86_64-linux-gnu.so" to ""
-- Installing: /home/salman/GryphonEC-ROS2/ws_thor/install/thor_msgs/local/lib/python3.10/dist-packages/thor_msgs/thor_msgs_s__rosidl_typesupport_introspection_c.cpython-310-x86_64-linux-gnu.so
-- Set runtime path of "/home/salman/GryphonEC-ROS2/ws_thor/install/thor_msgs/local/lib/python3.10/dist-packages/thor_msgs/thor_msgs_s__rosidl_typesupport_introspection_c.cpython-310-x86_64-linux-gnu.so" to ""
-- Installing: /home/salman/GryphonEC-ROS2/ws_thor/install/thor_msgs/local/lib/python3.10/dist-packages/thor_msgs/thor_msgs_s__rosidl_typesupport_c.cpython-310-x86_64-linux-gnu.so
-- Set runtime path of "/home/salman/GryphonEC-ROS2/ws_thor/install/thor_msgs/local/lib/python3.10/dist-packages/thor_msgs/thor_msgs_s__rosidl_typesupport_c.cpython-310-x86_64-linux-gnu.so" to ""
-- Installing: /home/salman/GryphonEC-ROS2/ws_thor/install/thor_msgs/lib/libthor_msgs__rosidl_generator_py.so
-- Set runtime path of "/home/salman/GryphonEC-ROS2/ws_thor/install/thor_msgs/lib/libthor_msgs__rosidl_generator_py.so" to ""
-- Installing: /home/salman/GryphonEC-ROS2/ws_thor/install/thor_msgs/share/thor_msgs/msg/IKGoal.idl
-- Installing: /home/salman/GryphonEC-ROS2/ws_thor/install/thor_msgs/share/thor_msgs/msg/CartesianGoal.idl
-- Installing: /home/salman/GryphonEC-ROS2/ws_thor/install/thor_msgs/share/thor_msgs/msg/IKGoal.msg
-- Installing: /home/salman/GryphonEC-ROS2/ws_thor/install/thor_msgs/share/thor_msgs/msg/CartesianGoal.msg
-- Installing: /home/salman/GryphonEC-ROS2/ws_thor/install/thor_msgs/share/ament_index/resource_index/package_run_dependencies/thor_msgs
-- Installing: /home/salman/GryphonEC-ROS2/ws_thor/install/thor_msgs/share/ament_index/resource_index/parent_prefix_path/thor_msgs
-- Installing: /home/salman/GryphonEC-ROS2/ws_thor/install/thor_msgs/share/thor_msgs/environment/ament_prefix_path.sh
-- Installing: /home/salman/GryphonEC-ROS2/ws_thor/install/thor_msgs/share/thor_msgs/environment/ament_prefix_path.dsv
-- Installing: /home/salman/GryphonEC-ROS2/ws_thor/install/thor_msgs/share/thor_msgs/environment/path.sh
-- Installing: /home/salman/GryphonEC-ROS2/ws_thor/install/thor_msgs/share/thor_msgs/environment/path.dsv
-- Installing: /home/salman/GryphonEC-ROS2/ws_thor/install/thor_msgs/share/thor_msgs/local_setup.bash
-- Installing: /home/salman/GryphonEC-ROS2/ws_thor/install/thor_msgs/share/thor_msgs/local_setup.sh
-- Installing: /home/salman/GryphonEC-ROS2/ws_thor/install/thor_msgs/share/thor_msgs/local_setup.zsh
-- Installing: /home/salman/GryphonEC-ROS2/ws_thor/install/thor_msgs/share/thor_msgs/local_setup.dsv
-- Installing: /home/salman/GryphonEC-ROS2/ws_thor/install/thor_msgs/share/thor_msgs/package.dsv
-- Installing: /home/salman/GryphonEC-ROS2/ws_thor/install/thor_msgs/share/ament_index/resource_index/packages/thor_msgs
-- Installing: /home/salman/GryphonEC-ROS2/ws_thor/install/thor_msgs/share/thor_msgs/cmake/export_thor_msgs__rosidl_generator_cExport.cmake
-- Installing: /home/salman/GryphonEC-ROS2/ws_thor/install/thor_msgs/share/thor_msgs/cmake/export_thor_msgs__rosidl_generator_cExport-noconfig.cmake
-- Installing: /home/salman/GryphonEC-ROS2/ws_thor/install/thor_msgs/share/thor_msgs/cmake/export_thor_msgs__rosidl_typesupport_fastrtps_cExport.cmake
-- Installing: /home/salman/GryphonEC-ROS2/ws_thor/install/thor_msgs/share/thor_msgs/cmake/export_thor_msgs__rosidl_typesupport_fastrtps_cExport-noconfig.cmake
-- Installing: /home/salman/GryphonEC-ROS2/ws_thor/install/thor_msgs/share/thor_msgs/cmake/export_thor_msgs__rosidl_generator_cppExport.cmake
-- Installing: /home/salman/GryphonEC-ROS2/ws_thor/install/thor_msgs/share/thor_msgs/cmake/export_thor_msgs__rosidl_typesupport_fastrtps_cppExport.cmake
-- Installing: /home/salman/GryphonEC-ROS2/ws_thor/install/thor_msgs/share/thor_msgs/cmake/export_thor_msgs__rosidl_typesupport_fastrtps_cppExport-noconfig.cmake
-- Installing: /home/salman/GryphonEC-ROS2/ws_thor/install/thor_msgs/share/thor_msgs/cmake/thor_msgs__rosidl_typesupport_introspection_cExport.cmake
-- Installing: /home/salman/GryphonEC-ROS2/ws_thor/install/thor_msgs/share/thor_msgs/cmake/thor_msgs__rosidl_typesupport_introspection_cExport-noconfig.cmake
-- Installing: /home/salman/GryphonEC-ROS2/ws_thor/install/thor_msgs/share/thor_msgs/cmake/thor_msgs__rosidl_typesupport_cExport.cmake
-- Installing: /home/salman/GryphonEC-ROS2/ws_thor/install/thor_msgs/share/thor_msgs/cmake/thor_msgs__rosidl_typesupport_cExport-noconfig.cmake
-- Installing: /home/salman/GryphonEC-ROS2/ws_thor/install/thor_msgs/share/thor_msgs/cmake/thor_msgs__rosidl_typesupport_introspection_cppExport.cmake
-- Installing: /home/salman/GryphonEC-ROS2/ws_thor/install/thor_msgs/share/thor_msgs/cmake/thor_msgs__rosidl_typesupport_introspection_cppExport-noconfig.cmake
-- Installing: /home/salman/GryphonEC-ROS2/ws_thor/install/thor_msgs/share/thor_msgs/cmake/thor_msgs__rosidl_typesupport_cppExport.cmake
-- Installing: /home/salman/GryphonEC-ROS2/ws_thor/install/thor_msgs/share/thor_msgs/cmake/thor_msgs__rosidl_typesupport_cppExport-noconfig.cmake
-- Installing: /home/salman/GryphonEC-ROS2/ws_thor/install/thor_msgs/share/thor_msgs/cmake/export_thor_msgs__rosidl_generator_pyExport.cmake
-- Installing: /home/salman/GryphonEC-ROS2/ws_thor/install/thor_msgs/share/thor_msgs/cmake/export_thor_msgs__rosidl_generator_pyExport-noconfig.cmake
-- Installing: /home/salman/GryphonEC-ROS2/ws_thor/install/thor_msgs/share/thor_msgs/cmake/rosidl_cmake-extras.cmake
-- Installing: /home/salman/GryphonEC-ROS2/ws_thor/install/thor_msgs/share/thor_msgs/cmake/ament_cmake_export_dependencies-extras.cmake
-- Installing: /home/salman/GryphonEC-ROS2/ws_thor/install/thor_msgs/share/thor_msgs/cmake/ament_cmake_export_include_directories-extras.cmake
-- Installing: /home/salman/GryphonEC-ROS2/ws_thor/install/thor_msgs/share/thor_msgs/cmake/ament_cmake_export_libraries-extras.cmake
-- Installing: /home/salman/GryphonEC-ROS2/ws_thor/install/thor_msgs/share/thor_msgs/cmake/ament_cmake_export_targets-extras.cmake
-- Installing: /home/salman/GryphonEC-ROS2/ws_thor/install/thor_msgs/share/thor_msgs/cmake/rosidl_cmake_export_typesupport_targets-extras.cmake
-- Installing: /home/salman/GryphonEC-ROS2/ws_thor/install/thor_msgs/share/thor_msgs/cmake/rosidl_cmake_export_typesupport_libraries-extras.cmake
-- Installing: /home/salman/GryphonEC-ROS2/ws_thor/install/thor_msgs/share/thor_msgs/cmake/thor_msgsConfig.cmake
-- Installing: /home/salman/GryphonEC-ROS2/ws_thor/install/thor_msgs/share/thor_msgs/cmake/thor_msgsConfig-version.cmake
-- Installing: /home/salman/GryphonEC-ROS2/ws_thor/install/thor_msgs/share/thor_msgs/package.xml
