[0.013s] Invoking command in '/home/salman/GryphonEC-ROS2/ws_thor/build/thor_msgs': CMAKE_PREFIX_PATH=${CMAKE_PREFIX_PATH}:/home/salman/GryphonEC-ROS2/ws_thor/install/thor_status_publisher:/opt/ros/humble /usr/bin/cmake --build /home/salman/GryphonEC-ROS2/ws_thor/build/thor_msgs -- -j16 -l16
[0.059s] -- Found ament_cmake: 1.3.14 (/opt/ros/humble/share/ament_cmake/cmake)
[0.171s] -- Found geometry_msgs: 4.9.1 (/opt/ros/humble/share/geometry_msgs/cmake)
[0.197s] -- Found rosidl_generator_c: 3.1.8 (/opt/ros/humble/share/rosidl_generator_c/cmake)
[0.199s] -- Found rosidl_adapter: 3.1.8 (/opt/ros/humble/share/rosidl_adapter/cmake)
[0.205s] -- Found rosidl_generator_cpp: 3.1.8 (/opt/ros/humble/share/rosidl_generator_cpp/cmake)
[0.214s] -- Using all available rosidl_typesupport_c: rosidl_typesupport_fastrtps_c;rosidl_typesupport_introspection_c
[0.225s] -- Using all available rosidl_typesupport_cpp: rosidl_typesupport_fastrtps_cpp;rosidl_typesupport_introspection_cpp
[0.255s] -- Found rosidl_default_generators: 1.2.1 (/opt/ros/humble/share/rosidl_default_generators/cmake)
[0.502s] -- Found ament_cmake_ros: 0.10.0 (/opt/ros/humble/share/ament_cmake_ros/cmake)
[0.834s] -- Using all available rosidl_typesupport_c: rosidl_typesupport_fastrtps_c;rosidl_typesupport_introspection_c
[0.963s] -- Using all available rosidl_typesupport_cpp: rosidl_typesupport_fastrtps_cpp;rosidl_typesupport_introspection_cpp
[0.985s] -- Found python_cmake_module: 0.10.0 (/opt/ros/humble/share/python_cmake_module/cmake)
[1.006s] -- Using PYTHON_EXECUTABLE: /usr/bin/python3
[1.006s] -- Using PYTHON_INCLUDE_DIRS: /usr/include/python3.10
[1.006s] -- Using PYTHON_LIBRARIES: /usr/lib/x86_64-linux-gnu/libpython3.10.so
[1.201s] -- Using numpy include directory: /home/salman/.local/lib/python3.10/site-packages/numpy/core/include
[1.275s] -- Found ament_lint_auto: 0.12.15 (/opt/ros/humble/share/ament_lint_auto/cmake)
[1.284s] -- Added test 'lint_cmake' to check CMake code style
[1.285s] -- Added test 'xmllint' to check XML markup files
[1.287s] -- Configuring done
[1.332s] -- Generating done
[1.343s] -- Build files have been written to: /home/salman/GryphonEC-ROS2/ws_thor/build/thor_msgs
[1.373s] [35m[1mConsolidate compiler generated dependencies of target thor_msgs__rosidl_generator_c[0m
[1.382s] [  2%] [34m[1mGenerating Rust code for ROS interfaces[0m
[1.382s] [  5%] Built target thor_msgs__cpp
[1.383s] [  7%] [32m[1mLinking C shared library libthor_msgs__rosidl_generator_c.so[0m
[1.392s] [  7%] Built target ament_cmake_python_copy_thor_msgs
[1.392s] [35m[1mConsolidate compiler generated dependencies of target thor_msgs__rosidl_typesupport_cpp[0m
[1.392s] [35m[1mConsolidate compiler generated dependencies of target thor_msgs__rosidl_typesupport_introspection_cpp[0m
[1.393s] [35m[1mConsolidate compiler generated dependencies of target thor_msgs__rosidl_typesupport_fastrtps_cpp[0m
[1.405s] [ 12%] [32m[1mLinking CXX shared library libthor_msgs__rosidl_typesupport_fastrtps_cpp.so[0m
[1.405s] [ 12%] [32m[1mLinking CXX shared library libthor_msgs__rosidl_typesupport_introspection_cpp.so[0m
[1.405s] [ 15%] [32m[1mLinking CXX shared library libthor_msgs__rosidl_typesupport_cpp.so[0m
[1.437s] [ 22%] Built target thor_msgs__rosidl_generator_c
[1.450s] [ 30%] Built target thor_msgs__rosidl_typesupport_cpp
[1.450s] [35m[1mConsolidate compiler generated dependencies of target thor_msgs__rosidl_typesupport_c[0m
[1.450s] [35m[1mConsolidate compiler generated dependencies of target thor_msgs__rosidl_typesupport_introspection_c[0m
[1.450s] [35m[1mConsolidate compiler generated dependencies of target thor_msgs__rosidl_typesupport_fastrtps_c[0m
[1.462s] [ 35%] [32m[1mLinking CXX shared library libthor_msgs__rosidl_typesupport_c.so[0m
[1.463s] [ 35%] [32m[1mLinking C shared library libthor_msgs__rosidl_typesupport_introspection_c.so[0m
[1.464s] [ 37%] [32m[1mLinking CXX shared library libthor_msgs__rosidl_typesupport_fastrtps_c.so[0m
[1.476s] [ 45%] Built target thor_msgs__rosidl_typesupport_introspection_cpp
[1.490s] [ 52%] Built target thor_msgs__rosidl_typesupport_fastrtps_cpp
[1.496s] [ 60%] Built target thor_msgs__rosidl_typesupport_introspection_c
[1.504s] [ 67%] Built target thor_msgs__rosidl_typesupport_c
[1.534s] [ 75%] Built target thor_msgs__rosidl_typesupport_fastrtps_c
[1.580s] [ 75%] Built target thor_msgs__rs
[1.607s] [ 75%] Built target thor_msgs
[1.630s] running egg_info
[1.631s] writing thor_msgs.egg-info/PKG-INFO
[1.631s] writing dependency_links to thor_msgs.egg-info/dependency_links.txt
[1.631s] writing top-level names to thor_msgs.egg-info/top_level.txt
[1.633s] [ 77%] Built target thor_msgs__py
[1.633s] reading manifest file 'thor_msgs.egg-info/SOURCES.txt'
[1.634s] writing manifest file 'thor_msgs.egg-info/SOURCES.txt'
[1.647s] [35m[1mConsolidate compiler generated dependencies of target thor_msgs__rosidl_generator_py[0m
[1.659s] [ 77%] Built target ament_cmake_python_build_thor_msgs_egg
[1.663s] [ 80%] [32m[1mLinking C shared library rosidl_generator_py/thor_msgs/libthor_msgs__rosidl_generator_py.so[0m
[1.706s] [ 85%] Built target thor_msgs__rosidl_generator_py
[1.718s] [35m[1mConsolidate compiler generated dependencies of target thor_msgs__rosidl_typesupport_introspection_c__pyext[0m
[1.718s] [35m[1mConsolidate compiler generated dependencies of target thor_msgs__rosidl_typesupport_fastrtps_c__pyext[0m
[1.718s] [35m[1mConsolidate compiler generated dependencies of target thor_msgs__rosidl_typesupport_c__pyext[0m
[1.730s] [ 92%] [32m[1mLinking C shared library rosidl_generator_py/thor_msgs/thor_msgs_s__rosidl_typesupport_fastrtps_c.cpython-310-x86_64-linux-gnu.so[0m
[1.731s] [ 92%] [32m[1mLinking C shared library rosidl_generator_py/thor_msgs/thor_msgs_s__rosidl_typesupport_c.cpython-310-x86_64-linux-gnu.so[0m
[1.731s] [ 92%] [32m[1mLinking C shared library rosidl_generator_py/thor_msgs/thor_msgs_s__rosidl_typesupport_introspection_c.cpython-310-x86_64-linux-gnu.so[0m
[1.769s] [100%] Built target thor_msgs__rosidl_typesupport_c__pyext
[1.769s] [100%] Built target thor_msgs__rosidl_typesupport_introspection_c__pyext
[1.770s] [100%] Built target thor_msgs__rosidl_typesupport_fastrtps_c__pyext
[1.781s] Invoked command in '/home/salman/GryphonEC-ROS2/ws_thor/build/thor_msgs' returned '0': CMAKE_PREFIX_PATH=${CMAKE_PREFIX_PATH}:/home/salman/GryphonEC-ROS2/ws_thor/install/thor_status_publisher:/opt/ros/humble /usr/bin/cmake --build /home/salman/GryphonEC-ROS2/ws_thor/build/thor_msgs -- -j16 -l16
[1.783s] Invoking command in '/home/salman/GryphonEC-ROS2/ws_thor/build/thor_msgs': CMAKE_PREFIX_PATH=${CMAKE_PREFIX_PATH}:/home/salman/GryphonEC-ROS2/ws_thor/install/thor_status_publisher:/opt/ros/humble /usr/bin/cmake --install /home/salman/GryphonEC-ROS2/ws_thor/build/thor_msgs
[1.791s] -- Install configuration: ""
[1.792s] -- Up-to-date: /home/salman/GryphonEC-ROS2/ws_thor/install/thor_msgs/share/ament_index/resource_index/rosidl_interfaces/thor_msgs
[1.792s] -- Up-to-date: /home/salman/GryphonEC-ROS2/ws_thor/install/thor_msgs/include/thor_msgs/thor_msgs
[1.792s] -- Up-to-date: /home/salman/GryphonEC-ROS2/ws_thor/install/thor_msgs/include/thor_msgs/thor_msgs/msg
[1.792s] -- Up-to-date: /home/salman/GryphonEC-ROS2/ws_thor/install/thor_msgs/include/thor_msgs/thor_msgs/msg/cartesian_goal.h
[1.792s] -- Up-to-date: /home/salman/GryphonEC-ROS2/ws_thor/install/thor_msgs/include/thor_msgs/thor_msgs/msg/ik_goal.h
[1.793s] -- Up-to-date: /home/salman/GryphonEC-ROS2/ws_thor/install/thor_msgs/include/thor_msgs/thor_msgs/msg/rosidl_generator_c__visibility_control.h
[1.793s] -- Up-to-date: /home/salman/GryphonEC-ROS2/ws_thor/install/thor_msgs/include/thor_msgs/thor_msgs/msg/detail
[1.793s] -- Up-to-date: /home/salman/GryphonEC-ROS2/ws_thor/install/thor_msgs/include/thor_msgs/thor_msgs/msg/detail/ik_goal__functions.h
[1.793s] -- Up-to-date: /home/salman/GryphonEC-ROS2/ws_thor/install/thor_msgs/include/thor_msgs/thor_msgs/msg/detail/ik_goal__functions.c
[1.793s] -- Up-to-date: /home/salman/GryphonEC-ROS2/ws_thor/install/thor_msgs/include/thor_msgs/thor_msgs/msg/detail/cartesian_goal__struct.h
[1.793s] -- Up-to-date: /home/salman/GryphonEC-ROS2/ws_thor/install/thor_msgs/include/thor_msgs/thor_msgs/msg/detail/ik_goal__type_support.h
[1.793s] -- Up-to-date: /home/salman/GryphonEC-ROS2/ws_thor/install/thor_msgs/include/thor_msgs/thor_msgs/msg/detail/cartesian_goal__type_support.h
[1.793s] -- Up-to-date: /home/salman/GryphonEC-ROS2/ws_thor/install/thor_msgs/include/thor_msgs/thor_msgs/msg/detail/cartesian_goal__functions.h
[1.793s] -- Up-to-date: /home/salman/GryphonEC-ROS2/ws_thor/install/thor_msgs/include/thor_msgs/thor_msgs/msg/detail/ik_goal__struct.h
[1.793s] -- Up-to-date: /home/salman/GryphonEC-ROS2/ws_thor/install/thor_msgs/include/thor_msgs/thor_msgs/msg/detail/cartesian_goal__functions.c
[1.793s] -- Up-to-date: /home/salman/GryphonEC-ROS2/ws_thor/install/thor_msgs/share/thor_msgs/environment/library_path.sh
[1.793s] -- Installing: /home/salman/GryphonEC-ROS2/ws_thor/install/thor_msgs/share/thor_msgs/environment/library_path.dsv
[1.794s] -- Installing: /home/salman/GryphonEC-ROS2/ws_thor/install/thor_msgs/lib/libthor_msgs__rosidl_generator_c.so
[1.794s] -- Set runtime path of "/home/salman/GryphonEC-ROS2/ws_thor/install/thor_msgs/lib/libthor_msgs__rosidl_generator_c.so" to ""
[1.794s] -- Up-to-date: /home/salman/GryphonEC-ROS2/ws_thor/install/thor_msgs/include/thor_msgs/thor_msgs
[1.794s] -- Up-to-date: /home/salman/GryphonEC-ROS2/ws_thor/install/thor_msgs/include/thor_msgs/thor_msgs/msg
[1.794s] -- Up-to-date: /home/salman/GryphonEC-ROS2/ws_thor/install/thor_msgs/include/thor_msgs/thor_msgs/msg/rosidl_typesupport_fastrtps_c__visibility_control.h
[1.794s] -- Up-to-date: /home/salman/GryphonEC-ROS2/ws_thor/install/thor_msgs/include/thor_msgs/thor_msgs/msg/detail
[1.794s] -- Up-to-date: /home/salman/GryphonEC-ROS2/ws_thor/install/thor_msgs/include/thor_msgs/thor_msgs/msg/detail/cartesian_goal__rosidl_typesupport_fastrtps_c.h
[1.795s] -- Up-to-date: /home/salman/GryphonEC-ROS2/ws_thor/install/thor_msgs/include/thor_msgs/thor_msgs/msg/detail/ik_goal__rosidl_typesupport_fastrtps_c.h
[1.795s] -- Installing: /home/salman/GryphonEC-ROS2/ws_thor/install/thor_msgs/lib/libthor_msgs__rosidl_typesupport_fastrtps_c.so
[1.796s] -- Set runtime path of "/home/salman/GryphonEC-ROS2/ws_thor/install/thor_msgs/lib/libthor_msgs__rosidl_typesupport_fastrtps_c.so" to ""
[1.796s] -- Up-to-date: /home/salman/GryphonEC-ROS2/ws_thor/install/thor_msgs/include/thor_msgs/thor_msgs
[1.796s] -- Up-to-date: /home/salman/GryphonEC-ROS2/ws_thor/install/thor_msgs/include/thor_msgs/thor_msgs/msg
[1.796s] -- Up-to-date: /home/salman/GryphonEC-ROS2/ws_thor/install/thor_msgs/include/thor_msgs/thor_msgs/msg/ik_goal.hpp
[1.796s] -- Up-to-date: /home/salman/GryphonEC-ROS2/ws_thor/install/thor_msgs/include/thor_msgs/thor_msgs/msg/cartesian_goal.hpp
[1.796s] -- Up-to-date: /home/salman/GryphonEC-ROS2/ws_thor/install/thor_msgs/include/thor_msgs/thor_msgs/msg/rosidl_generator_cpp__visibility_control.hpp
[1.796s] -- Up-to-date: /home/salman/GryphonEC-ROS2/ws_thor/install/thor_msgs/include/thor_msgs/thor_msgs/msg/detail
[1.796s] -- Up-to-date: /home/salman/GryphonEC-ROS2/ws_thor/install/thor_msgs/include/thor_msgs/thor_msgs/msg/detail/cartesian_goal__traits.hpp
[1.797s] -- Up-to-date: /home/salman/GryphonEC-ROS2/ws_thor/install/thor_msgs/include/thor_msgs/thor_msgs/msg/detail/cartesian_goal__struct.hpp
[1.797s] -- Up-to-date: /home/salman/GryphonEC-ROS2/ws_thor/install/thor_msgs/include/thor_msgs/thor_msgs/msg/detail/ik_goal__type_support.hpp
[1.797s] -- Up-to-date: /home/salman/GryphonEC-ROS2/ws_thor/install/thor_msgs/include/thor_msgs/thor_msgs/msg/detail/ik_goal__builder.hpp
[1.797s] -- Up-to-date: /home/salman/GryphonEC-ROS2/ws_thor/install/thor_msgs/include/thor_msgs/thor_msgs/msg/detail/cartesian_goal__type_support.hpp
[1.797s] -- Up-to-date: /home/salman/GryphonEC-ROS2/ws_thor/install/thor_msgs/include/thor_msgs/thor_msgs/msg/detail/ik_goal__traits.hpp
[1.797s] -- Up-to-date: /home/salman/GryphonEC-ROS2/ws_thor/install/thor_msgs/include/thor_msgs/thor_msgs/msg/detail/cartesian_goal__builder.hpp
[1.797s] -- Up-to-date: /home/salman/GryphonEC-ROS2/ws_thor/install/thor_msgs/include/thor_msgs/thor_msgs/msg/detail/ik_goal__struct.hpp
[1.797s] -- Up-to-date: /home/salman/GryphonEC-ROS2/ws_thor/install/thor_msgs/include/thor_msgs/thor_msgs
[1.797s] -- Up-to-date: /home/salman/GryphonEC-ROS2/ws_thor/install/thor_msgs/include/thor_msgs/thor_msgs/msg
[1.797s] -- Up-to-date: /home/salman/GryphonEC-ROS2/ws_thor/install/thor_msgs/include/thor_msgs/thor_msgs/msg/detail
[1.797s] -- Up-to-date: /home/salman/GryphonEC-ROS2/ws_thor/install/thor_msgs/include/thor_msgs/thor_msgs/msg/detail/dds_fastrtps
[1.797s] -- Up-to-date: /home/salman/GryphonEC-ROS2/ws_thor/install/thor_msgs/include/thor_msgs/thor_msgs/msg/detail/cartesian_goal__rosidl_typesupport_fastrtps_cpp.hpp
[1.797s] -- Up-to-date: /home/salman/GryphonEC-ROS2/ws_thor/install/thor_msgs/include/thor_msgs/thor_msgs/msg/detail/ik_goal__rosidl_typesupport_fastrtps_cpp.hpp
[1.797s] -- Up-to-date: /home/salman/GryphonEC-ROS2/ws_thor/install/thor_msgs/include/thor_msgs/thor_msgs/msg/rosidl_typesupport_fastrtps_cpp__visibility_control.h
[1.798s] -- Installing: /home/salman/GryphonEC-ROS2/ws_thor/install/thor_msgs/lib/libthor_msgs__rosidl_typesupport_fastrtps_cpp.so
[1.798s] -- Set runtime path of "/home/salman/GryphonEC-ROS2/ws_thor/install/thor_msgs/lib/libthor_msgs__rosidl_typesupport_fastrtps_cpp.so" to ""
[1.798s] -- Up-to-date: /home/salman/GryphonEC-ROS2/ws_thor/install/thor_msgs/include/thor_msgs/thor_msgs
[1.798s] -- Up-to-date: /home/salman/GryphonEC-ROS2/ws_thor/install/thor_msgs/include/thor_msgs/thor_msgs/msg
[1.798s] -- Up-to-date: /home/salman/GryphonEC-ROS2/ws_thor/install/thor_msgs/include/thor_msgs/thor_msgs/msg/detail
[1.798s] -- Up-to-date: /home/salman/GryphonEC-ROS2/ws_thor/install/thor_msgs/include/thor_msgs/thor_msgs/msg/detail/ik_goal__rosidl_typesupport_introspection_c.h
[1.798s] -- Up-to-date: /home/salman/GryphonEC-ROS2/ws_thor/install/thor_msgs/include/thor_msgs/thor_msgs/msg/detail/cartesian_goal__rosidl_typesupport_introspection_c.h
[1.798s] -- Up-to-date: /home/salman/GryphonEC-ROS2/ws_thor/install/thor_msgs/include/thor_msgs/thor_msgs/msg/detail/cartesian_goal__type_support.c
[1.798s] -- Up-to-date: /home/salman/GryphonEC-ROS2/ws_thor/install/thor_msgs/include/thor_msgs/thor_msgs/msg/detail/ik_goal__type_support.c
[1.798s] -- Up-to-date: /home/salman/GryphonEC-ROS2/ws_thor/install/thor_msgs/include/thor_msgs/thor_msgs/msg/rosidl_typesupport_introspection_c__visibility_control.h
[1.798s] -- Installing: /home/salman/GryphonEC-ROS2/ws_thor/install/thor_msgs/lib/libthor_msgs__rosidl_typesupport_introspection_c.so
[1.799s] -- Set runtime path of "/home/salman/GryphonEC-ROS2/ws_thor/install/thor_msgs/lib/libthor_msgs__rosidl_typesupport_introspection_c.so" to ""
[1.799s] -- Installing: /home/salman/GryphonEC-ROS2/ws_thor/install/thor_msgs/lib/libthor_msgs__rosidl_typesupport_c.so
[1.799s] -- Set runtime path of "/home/salman/GryphonEC-ROS2/ws_thor/install/thor_msgs/lib/libthor_msgs__rosidl_typesupport_c.so" to ""
[1.799s] -- Up-to-date: /home/salman/GryphonEC-ROS2/ws_thor/install/thor_msgs/include/thor_msgs/thor_msgs
[1.799s] -- Up-to-date: /home/salman/GryphonEC-ROS2/ws_thor/install/thor_msgs/include/thor_msgs/thor_msgs/msg
[1.799s] -- Up-to-date: /home/salman/GryphonEC-ROS2/ws_thor/install/thor_msgs/include/thor_msgs/thor_msgs/msg/detail
[1.799s] -- Up-to-date: /home/salman/GryphonEC-ROS2/ws_thor/install/thor_msgs/include/thor_msgs/thor_msgs/msg/detail/cartesian_goal__rosidl_typesupport_introspection_cpp.hpp
[1.799s] -- Up-to-date: /home/salman/GryphonEC-ROS2/ws_thor/install/thor_msgs/include/thor_msgs/thor_msgs/msg/detail/ik_goal__rosidl_typesupport_introspection_cpp.hpp
[1.799s] -- Up-to-date: /home/salman/GryphonEC-ROS2/ws_thor/install/thor_msgs/include/thor_msgs/thor_msgs/msg/detail/cartesian_goal__type_support.cpp
[1.799s] -- Up-to-date: /home/salman/GryphonEC-ROS2/ws_thor/install/thor_msgs/include/thor_msgs/thor_msgs/msg/detail/ik_goal__type_support.cpp
[1.800s] -- Installing: /home/salman/GryphonEC-ROS2/ws_thor/install/thor_msgs/lib/libthor_msgs__rosidl_typesupport_introspection_cpp.so
[1.800s] -- Set runtime path of "/home/salman/GryphonEC-ROS2/ws_thor/install/thor_msgs/lib/libthor_msgs__rosidl_typesupport_introspection_cpp.so" to ""
[1.800s] -- Installing: /home/salman/GryphonEC-ROS2/ws_thor/install/thor_msgs/lib/libthor_msgs__rosidl_typesupport_cpp.so
[1.801s] -- Set runtime path of "/home/salman/GryphonEC-ROS2/ws_thor/install/thor_msgs/lib/libthor_msgs__rosidl_typesupport_cpp.so" to ""
[1.801s] -- Up-to-date: /home/salman/GryphonEC-ROS2/ws_thor/install/thor_msgs/share/thor_msgs/environment/pythonpath.sh
[1.801s] -- Installing: /home/salman/GryphonEC-ROS2/ws_thor/install/thor_msgs/share/thor_msgs/environment/pythonpath.dsv
[1.801s] -- Up-to-date: /home/salman/GryphonEC-ROS2/ws_thor/install/thor_msgs/local/lib/python3.10/dist-packages/thor_msgs-0.0.0-py3.10.egg-info
[1.801s] -- Installing: /home/salman/GryphonEC-ROS2/ws_thor/install/thor_msgs/local/lib/python3.10/dist-packages/thor_msgs-0.0.0-py3.10.egg-info/SOURCES.txt
[1.801s] -- Installing: /home/salman/GryphonEC-ROS2/ws_thor/install/thor_msgs/local/lib/python3.10/dist-packages/thor_msgs-0.0.0-py3.10.egg-info/top_level.txt
[1.802s] -- Installing: /home/salman/GryphonEC-ROS2/ws_thor/install/thor_msgs/local/lib/python3.10/dist-packages/thor_msgs-0.0.0-py3.10.egg-info/dependency_links.txt
[1.802s] -- Installing: /home/salman/GryphonEC-ROS2/ws_thor/install/thor_msgs/local/lib/python3.10/dist-packages/thor_msgs-0.0.0-py3.10.egg-info/PKG-INFO
[1.802s] -- Up-to-date: /home/salman/GryphonEC-ROS2/ws_thor/install/thor_msgs/local/lib/python3.10/dist-packages/thor_msgs
[1.802s] -- Installing: /home/salman/GryphonEC-ROS2/ws_thor/install/thor_msgs/local/lib/python3.10/dist-packages/thor_msgs/__init__.py
[1.803s] -- Up-to-date: /home/salman/GryphonEC-ROS2/ws_thor/install/thor_msgs/local/lib/python3.10/dist-packages/thor_msgs/_thor_msgs_s.ep.rosidl_typesupport_c.c
[1.803s] -- Up-to-date: /home/salman/GryphonEC-ROS2/ws_thor/install/thor_msgs/local/lib/python3.10/dist-packages/thor_msgs/_thor_msgs_s.ep.rosidl_typesupport_introspection_c.c
[1.803s] -- Up-to-date: /home/salman/GryphonEC-ROS2/ws_thor/install/thor_msgs/local/lib/python3.10/dist-packages/thor_msgs/_thor_msgs_s.ep.rosidl_typesupport_fastrtps_c.c
[1.803s] -- Installing: /home/salman/GryphonEC-ROS2/ws_thor/install/thor_msgs/local/lib/python3.10/dist-packages/thor_msgs/thor_msgs_s__rosidl_typesupport_c.cpython-310-x86_64-linux-gnu.so
[1.803s] -- Installing: /home/salman/GryphonEC-ROS2/ws_thor/install/thor_msgs/local/lib/python3.10/dist-packages/thor_msgs/thor_msgs_s__rosidl_typesupport_fastrtps_c.cpython-310-x86_64-linux-gnu.so
[1.803s] -- Up-to-date: /home/salman/GryphonEC-ROS2/ws_thor/install/thor_msgs/local/lib/python3.10/dist-packages/thor_msgs/msg
[1.803s] -- Up-to-date: /home/salman/GryphonEC-ROS2/ws_thor/install/thor_msgs/local/lib/python3.10/dist-packages/thor_msgs/msg/__init__.py
[1.803s] -- Up-to-date: /home/salman/GryphonEC-ROS2/ws_thor/install/thor_msgs/local/lib/python3.10/dist-packages/thor_msgs/msg/_ik_goal.py
[1.803s] -- Up-to-date: /home/salman/GryphonEC-ROS2/ws_thor/install/thor_msgs/local/lib/python3.10/dist-packages/thor_msgs/msg/_cartesian_goal_s.c
[1.803s] -- Up-to-date: /home/salman/GryphonEC-ROS2/ws_thor/install/thor_msgs/local/lib/python3.10/dist-packages/thor_msgs/msg/_ik_goal_s.c
[1.804s] -- Up-to-date: /home/salman/GryphonEC-ROS2/ws_thor/install/thor_msgs/local/lib/python3.10/dist-packages/thor_msgs/msg/_cartesian_goal.py
[1.804s] -- Installing: /home/salman/GryphonEC-ROS2/ws_thor/install/thor_msgs/local/lib/python3.10/dist-packages/thor_msgs/thor_msgs_s__rosidl_typesupport_introspection_c.cpython-310-x86_64-linux-gnu.so
[1.804s] -- Installing: /home/salman/GryphonEC-ROS2/ws_thor/install/thor_msgs/local/lib/python3.10/dist-packages/thor_msgs/libthor_msgs__rosidl_generator_py.so
[1.833s] Listing '/home/salman/GryphonEC-ROS2/ws_thor/install/thor_msgs/local/lib/python3.10/dist-packages/thor_msgs'...
[1.833s] Compiling '/home/salman/GryphonEC-ROS2/ws_thor/install/thor_msgs/local/lib/python3.10/dist-packages/thor_msgs/__init__.py'...
[1.833s] Listing '/home/salman/GryphonEC-ROS2/ws_thor/install/thor_msgs/local/lib/python3.10/dist-packages/thor_msgs/msg'...
[1.838s] -- Installing: /home/salman/GryphonEC-ROS2/ws_thor/install/thor_msgs/local/lib/python3.10/dist-packages/thor_msgs/thor_msgs_s__rosidl_typesupport_fastrtps_c.cpython-310-x86_64-linux-gnu.so
[1.838s] -- Set runtime path of "/home/salman/GryphonEC-ROS2/ws_thor/install/thor_msgs/local/lib/python3.10/dist-packages/thor_msgs/thor_msgs_s__rosidl_typesupport_fastrtps_c.cpython-310-x86_64-linux-gnu.so" to ""
[1.839s] -- Installing: /home/salman/GryphonEC-ROS2/ws_thor/install/thor_msgs/local/lib/python3.10/dist-packages/thor_msgs/thor_msgs_s__rosidl_typesupport_introspection_c.cpython-310-x86_64-linux-gnu.so
[1.839s] -- Set runtime path of "/home/salman/GryphonEC-ROS2/ws_thor/install/thor_msgs/local/lib/python3.10/dist-packages/thor_msgs/thor_msgs_s__rosidl_typesupport_introspection_c.cpython-310-x86_64-linux-gnu.so" to ""
[1.839s] -- Installing: /home/salman/GryphonEC-ROS2/ws_thor/install/thor_msgs/local/lib/python3.10/dist-packages/thor_msgs/thor_msgs_s__rosidl_typesupport_c.cpython-310-x86_64-linux-gnu.so
[1.839s] -- Set runtime path of "/home/salman/GryphonEC-ROS2/ws_thor/install/thor_msgs/local/lib/python3.10/dist-packages/thor_msgs/thor_msgs_s__rosidl_typesupport_c.cpython-310-x86_64-linux-gnu.so" to ""
[1.840s] -- Installing: /home/salman/GryphonEC-ROS2/ws_thor/install/thor_msgs/lib/libthor_msgs__rosidl_generator_py.so
[1.840s] -- Set runtime path of "/home/salman/GryphonEC-ROS2/ws_thor/install/thor_msgs/lib/libthor_msgs__rosidl_generator_py.so" to ""
[1.840s] -- Installing: /home/salman/GryphonEC-ROS2/ws_thor/install/thor_msgs/share/ament_index/resource_index/rust_packages/thor_msgs
[1.840s] -- Installing: /home/salman/GryphonEC-ROS2/ws_thor/install/thor_msgs/share/thor_msgs/rust
[1.841s] -- Installing: /home/salman/GryphonEC-ROS2/ws_thor/install/thor_msgs/share/thor_msgs/rust/Cargo.toml
[1.841s] -- Installing: /home/salman/GryphonEC-ROS2/ws_thor/install/thor_msgs/share/thor_msgs/rust/build.rs
[1.841s] -- Installing: /home/salman/GryphonEC-ROS2/ws_thor/install/thor_msgs/share/thor_msgs/rust/src
[1.841s] -- Installing: /home/salman/GryphonEC-ROS2/ws_thor/install/thor_msgs/share/thor_msgs/rust/src/lib.rs
[1.841s] -- Installing: /home/salman/GryphonEC-ROS2/ws_thor/install/thor_msgs/share/thor_msgs/rust/src/msg.rs
[1.841s] -- Installing: /home/salman/GryphonEC-ROS2/ws_thor/install/thor_msgs/share/thor_msgs/rust/src/msg
[1.841s] -- Installing: /home/salman/GryphonEC-ROS2/ws_thor/install/thor_msgs/share/thor_msgs/rust/src/msg/rmw.rs
[1.841s] -- Up-to-date: /home/salman/GryphonEC-ROS2/ws_thor/install/thor_msgs/share/thor_msgs/msg/IKGoal.idl
[1.841s] -- Up-to-date: /home/salman/GryphonEC-ROS2/ws_thor/install/thor_msgs/share/thor_msgs/msg/CartesianGoal.idl
[1.841s] -- Installing: /home/salman/GryphonEC-ROS2/ws_thor/install/thor_msgs/share/thor_msgs/msg/IKGoal.msg
[1.842s] -- Installing: /home/salman/GryphonEC-ROS2/ws_thor/install/thor_msgs/share/thor_msgs/msg/CartesianGoal.msg
[1.842s] -- Up-to-date: /home/salman/GryphonEC-ROS2/ws_thor/install/thor_msgs/share/ament_index/resource_index/package_run_dependencies/thor_msgs
[1.842s] -- Installing: /home/salman/GryphonEC-ROS2/ws_thor/install/thor_msgs/share/ament_index/resource_index/parent_prefix_path/thor_msgs
[1.842s] -- Installing: /home/salman/GryphonEC-ROS2/ws_thor/install/thor_msgs/share/thor_msgs/environment/ament_prefix_path.sh
[1.842s] -- Installing: /home/salman/GryphonEC-ROS2/ws_thor/install/thor_msgs/share/thor_msgs/environment/ament_prefix_path.dsv
[1.842s] -- Installing: /home/salman/GryphonEC-ROS2/ws_thor/install/thor_msgs/share/thor_msgs/environment/path.sh
[1.842s] -- Installing: /home/salman/GryphonEC-ROS2/ws_thor/install/thor_msgs/share/thor_msgs/environment/path.dsv
[1.842s] -- Up-to-date: /home/salman/GryphonEC-ROS2/ws_thor/install/thor_msgs/share/thor_msgs/local_setup.bash
[1.843s] -- Up-to-date: /home/salman/GryphonEC-ROS2/ws_thor/install/thor_msgs/share/thor_msgs/local_setup.sh
[1.843s] -- Up-to-date: /home/salman/GryphonEC-ROS2/ws_thor/install/thor_msgs/share/thor_msgs/local_setup.zsh
[1.843s] -- Installing: /home/salman/GryphonEC-ROS2/ws_thor/install/thor_msgs/share/thor_msgs/local_setup.dsv
[1.843s] -- Installing: /home/salman/GryphonEC-ROS2/ws_thor/install/thor_msgs/share/thor_msgs/package.dsv
[1.843s] -- Up-to-date: /home/salman/GryphonEC-ROS2/ws_thor/install/thor_msgs/share/ament_index/resource_index/packages/thor_msgs
[1.843s] -- Up-to-date: /home/salman/GryphonEC-ROS2/ws_thor/install/thor_msgs/share/thor_msgs/cmake/export_thor_msgs__rosidl_generator_cExport.cmake
[1.843s] -- Up-to-date: /home/salman/GryphonEC-ROS2/ws_thor/install/thor_msgs/share/thor_msgs/cmake/export_thor_msgs__rosidl_generator_cExport-noconfig.cmake
[1.843s] -- Up-to-date: /home/salman/GryphonEC-ROS2/ws_thor/install/thor_msgs/share/thor_msgs/cmake/export_thor_msgs__rosidl_typesupport_fastrtps_cExport.cmake
[1.843s] -- Up-to-date: /home/salman/GryphonEC-ROS2/ws_thor/install/thor_msgs/share/thor_msgs/cmake/export_thor_msgs__rosidl_typesupport_fastrtps_cExport-noconfig.cmake
[1.844s] -- Up-to-date: /home/salman/GryphonEC-ROS2/ws_thor/install/thor_msgs/share/thor_msgs/cmake/export_thor_msgs__rosidl_generator_cppExport.cmake
[1.844s] -- Up-to-date: /home/salman/GryphonEC-ROS2/ws_thor/install/thor_msgs/share/thor_msgs/cmake/export_thor_msgs__rosidl_typesupport_fastrtps_cppExport.cmake
[1.844s] -- Up-to-date: /home/salman/GryphonEC-ROS2/ws_thor/install/thor_msgs/share/thor_msgs/cmake/export_thor_msgs__rosidl_typesupport_fastrtps_cppExport-noconfig.cmake
[1.844s] -- Up-to-date: /home/salman/GryphonEC-ROS2/ws_thor/install/thor_msgs/share/thor_msgs/cmake/thor_msgs__rosidl_typesupport_introspection_cExport.cmake
[1.844s] -- Up-to-date: /home/salman/GryphonEC-ROS2/ws_thor/install/thor_msgs/share/thor_msgs/cmake/thor_msgs__rosidl_typesupport_introspection_cExport-noconfig.cmake
[1.844s] -- Up-to-date: /home/salman/GryphonEC-ROS2/ws_thor/install/thor_msgs/share/thor_msgs/cmake/thor_msgs__rosidl_typesupport_cExport.cmake
[1.844s] -- Up-to-date: /home/salman/GryphonEC-ROS2/ws_thor/install/thor_msgs/share/thor_msgs/cmake/thor_msgs__rosidl_typesupport_cExport-noconfig.cmake
[1.844s] -- Up-to-date: /home/salman/GryphonEC-ROS2/ws_thor/install/thor_msgs/share/thor_msgs/cmake/thor_msgs__rosidl_typesupport_introspection_cppExport.cmake
[1.844s] -- Up-to-date: /home/salman/GryphonEC-ROS2/ws_thor/install/thor_msgs/share/thor_msgs/cmake/thor_msgs__rosidl_typesupport_introspection_cppExport-noconfig.cmake
[1.845s] -- Up-to-date: /home/salman/GryphonEC-ROS2/ws_thor/install/thor_msgs/share/thor_msgs/cmake/thor_msgs__rosidl_typesupport_cppExport.cmake
[1.845s] -- Up-to-date: /home/salman/GryphonEC-ROS2/ws_thor/install/thor_msgs/share/thor_msgs/cmake/thor_msgs__rosidl_typesupport_cppExport-noconfig.cmake
[1.845s] -- Up-to-date: /home/salman/GryphonEC-ROS2/ws_thor/install/thor_msgs/share/thor_msgs/cmake/export_thor_msgs__rosidl_generator_pyExport.cmake
[1.845s] -- Up-to-date: /home/salman/GryphonEC-ROS2/ws_thor/install/thor_msgs/share/thor_msgs/cmake/export_thor_msgs__rosidl_generator_pyExport-noconfig.cmake
[1.845s] -- Up-to-date: /home/salman/GryphonEC-ROS2/ws_thor/install/thor_msgs/share/thor_msgs/cmake/rosidl_cmake-extras.cmake
[1.845s] -- Up-to-date: /home/salman/GryphonEC-ROS2/ws_thor/install/thor_msgs/share/thor_msgs/cmake/ament_cmake_export_dependencies-extras.cmake
[1.845s] -- Up-to-date: /home/salman/GryphonEC-ROS2/ws_thor/install/thor_msgs/share/thor_msgs/cmake/ament_cmake_export_include_directories-extras.cmake
[1.845s] -- Up-to-date: /home/salman/GryphonEC-ROS2/ws_thor/install/thor_msgs/share/thor_msgs/cmake/ament_cmake_export_libraries-extras.cmake
[1.845s] -- Up-to-date: /home/salman/GryphonEC-ROS2/ws_thor/install/thor_msgs/share/thor_msgs/cmake/ament_cmake_export_targets-extras.cmake
[1.845s] -- Up-to-date: /home/salman/GryphonEC-ROS2/ws_thor/install/thor_msgs/share/thor_msgs/cmake/rosidl_cmake_export_typesupport_targets-extras.cmake
[1.845s] -- Up-to-date: /home/salman/GryphonEC-ROS2/ws_thor/install/thor_msgs/share/thor_msgs/cmake/rosidl_cmake_export_typesupport_libraries-extras.cmake
[1.845s] -- Up-to-date: /home/salman/GryphonEC-ROS2/ws_thor/install/thor_msgs/share/thor_msgs/cmake/thor_msgsConfig.cmake
[1.845s] -- Up-to-date: /home/salman/GryphonEC-ROS2/ws_thor/install/thor_msgs/share/thor_msgs/cmake/thor_msgsConfig-version.cmake
[1.845s] -- Installing: /home/salman/GryphonEC-ROS2/ws_thor/install/thor_msgs/share/thor_msgs/package.xml
[1.848s] Invoked command in '/home/salman/GryphonEC-ROS2/ws_thor/build/thor_msgs' returned '0': CMAKE_PREFIX_PATH=${CMAKE_PREFIX_PATH}:/home/salman/GryphonEC-ROS2/ws_thor/install/thor_status_publisher:/opt/ros/humble /usr/bin/cmake --install /home/salman/GryphonEC-ROS2/ws_thor/build/thor_msgs
