[0.011s] Invoking command in '/home/salman/GryphonEC-ROS2/ws_thor/build/thor_bringup': AMENT_PREFIX_PATH=/home/salman/GryphonEC-ROS2/ws_thor/install/thor_server:/home/salman/GryphonEC-ROS2/ws_thor/install/thor_moveit:/home/salman/GryphonEC-ROS2/ws_thor/install/thor_urdf:/home/salman/GryphonEC-ROS2/ws_thor/install/thor_controller:${AMENT_PREFIX_PATH} CMAKE_PREFIX_PATH=/home/salman/GryphonEC-ROS2/ws_thor/install/thor_server:/home/salman/GryphonEC-ROS2/ws_thor/install/thor_moveit:/home/salman/GryphonEC-ROS2/ws_thor/install/thor_urdf:/home/salman/GryphonEC-ROS2/ws_thor/install/thor_controller:/opt/ros/humble LD_LIBRARY_PATH=/home/salman/GryphonEC-ROS2/ws_thor/install/thor_server/lib:/home/salman/GryphonEC-ROS2/ws_thor/install/thor_controller/lib:${LD_LIBRARY_PATH} PYTHONPATH=/home/salman/GryphonEC-ROS2/ws_thor/install/thor_server/local/lib/python3.10/dist-packages:${PYTHONPATH} /usr/bin/cmake /home/salman/GryphonEC-ROS2/ws_thor/src/thor_bringup -DCMAKE_INSTALL_PREFIX=/home/salman/GryphonEC-ROS2/ws_thor/install/thor_bringup
[0.061s] -- The C compiler identification is GNU 11.4.0
[0.113s] -- The CXX compiler identification is GNU 11.4.0
[0.119s] -- Detecting C compiler ABI info
[0.202s] -- Detecting C compiler ABI info - done
[0.207s] -- Check for working C compiler: /usr/bin/cc - skipped
[0.208s] -- Detecting C compile features
[0.208s] -- Detecting C compile features - done
[0.210s] -- Detecting CXX compiler ABI info
[0.311s] -- Detecting CXX compiler ABI info - done
[0.316s] -- Check for working CXX compiler: /usr/bin/c++ - skipped
[0.316s] -- Detecting CXX compile features
[0.316s] -- Detecting CXX compile features - done
[0.322s] -- Found ament_cmake: 1.3.13 (/opt/ros/humble/share/ament_cmake/cmake)
[0.487s] -- Found Python3: /usr/bin/python3 (found version "3.10.12") found components: Interpreter 
[0.657s] -- Configuring done
[0.659s] -- Generating done
[0.661s] -- Build files have been written to: /home/salman/GryphonEC-ROS2/ws_thor/build/thor_bringup
[0.668s] Invoked command in '/home/salman/GryphonEC-ROS2/ws_thor/build/thor_bringup' returned '0': AMENT_PREFIX_PATH=/home/salman/GryphonEC-ROS2/ws_thor/install/thor_server:/home/salman/GryphonEC-ROS2/ws_thor/install/thor_moveit:/home/salman/GryphonEC-ROS2/ws_thor/install/thor_urdf:/home/salman/GryphonEC-ROS2/ws_thor/install/thor_controller:${AMENT_PREFIX_PATH} CMAKE_PREFIX_PATH=/home/salman/GryphonEC-ROS2/ws_thor/install/thor_server:/home/salman/GryphonEC-ROS2/ws_thor/install/thor_moveit:/home/salman/GryphonEC-ROS2/ws_thor/install/thor_urdf:/home/salman/GryphonEC-ROS2/ws_thor/install/thor_controller:/opt/ros/humble LD_LIBRARY_PATH=/home/salman/GryphonEC-ROS2/ws_thor/install/thor_server/lib:/home/salman/GryphonEC-ROS2/ws_thor/install/thor_controller/lib:${LD_LIBRARY_PATH} PYTHONPATH=/home/salman/GryphonEC-ROS2/ws_thor/install/thor_server/local/lib/python3.10/dist-packages:${PYTHONPATH} /usr/bin/cmake /home/salman/GryphonEC-ROS2/ws_thor/src/thor_bringup -DCMAKE_INSTALL_PREFIX=/home/salman/GryphonEC-ROS2/ws_thor/install/thor_bringup
[0.669s] Invoking command in '/home/salman/GryphonEC-ROS2/ws_thor/build/thor_bringup': AMENT_PREFIX_PATH=/home/salman/GryphonEC-ROS2/ws_thor/install/thor_server:/home/salman/GryphonEC-ROS2/ws_thor/install/thor_moveit:/home/salman/GryphonEC-ROS2/ws_thor/install/thor_urdf:/home/salman/GryphonEC-ROS2/ws_thor/install/thor_controller:${AMENT_PREFIX_PATH} CMAKE_PREFIX_PATH=/home/salman/GryphonEC-ROS2/ws_thor/install/thor_server:/home/salman/GryphonEC-ROS2/ws_thor/install/thor_moveit:/home/salman/GryphonEC-ROS2/ws_thor/install/thor_urdf:/home/salman/GryphonEC-ROS2/ws_thor/install/thor_controller:/opt/ros/humble LD_LIBRARY_PATH=/home/salman/GryphonEC-ROS2/ws_thor/install/thor_server/lib:/home/salman/GryphonEC-ROS2/ws_thor/install/thor_controller/lib:${LD_LIBRARY_PATH} PYTHONPATH=/home/salman/GryphonEC-ROS2/ws_thor/install/thor_server/local/lib/python3.10/dist-packages:${PYTHONPATH} /usr/bin/cmake --build /home/salman/GryphonEC-ROS2/ws_thor/build/thor_bringup -- -j16 -l16
[0.722s] Invoked command in '/home/salman/GryphonEC-ROS2/ws_thor/build/thor_bringup' returned '0': AMENT_PREFIX_PATH=/home/salman/GryphonEC-ROS2/ws_thor/install/thor_server:/home/salman/GryphonEC-ROS2/ws_thor/install/thor_moveit:/home/salman/GryphonEC-ROS2/ws_thor/install/thor_urdf:/home/salman/GryphonEC-ROS2/ws_thor/install/thor_controller:${AMENT_PREFIX_PATH} CMAKE_PREFIX_PATH=/home/salman/GryphonEC-ROS2/ws_thor/install/thor_server:/home/salman/GryphonEC-ROS2/ws_thor/install/thor_moveit:/home/salman/GryphonEC-ROS2/ws_thor/install/thor_urdf:/home/salman/GryphonEC-ROS2/ws_thor/install/thor_controller:/opt/ros/humble LD_LIBRARY_PATH=/home/salman/GryphonEC-ROS2/ws_thor/install/thor_server/lib:/home/salman/GryphonEC-ROS2/ws_thor/install/thor_controller/lib:${LD_LIBRARY_PATH} PYTHONPATH=/home/salman/GryphonEC-ROS2/ws_thor/install/thor_server/local/lib/python3.10/dist-packages:${PYTHONPATH} /usr/bin/cmake --build /home/salman/GryphonEC-ROS2/ws_thor/build/thor_bringup -- -j16 -l16
[0.724s] Invoking command in '/home/salman/GryphonEC-ROS2/ws_thor/build/thor_bringup': AMENT_PREFIX_PATH=/home/salman/GryphonEC-ROS2/ws_thor/install/thor_server:/home/salman/GryphonEC-ROS2/ws_thor/install/thor_moveit:/home/salman/GryphonEC-ROS2/ws_thor/install/thor_urdf:/home/salman/GryphonEC-ROS2/ws_thor/install/thor_controller:${AMENT_PREFIX_PATH} CMAKE_PREFIX_PATH=/home/salman/GryphonEC-ROS2/ws_thor/install/thor_server:/home/salman/GryphonEC-ROS2/ws_thor/install/thor_moveit:/home/salman/GryphonEC-ROS2/ws_thor/install/thor_urdf:/home/salman/GryphonEC-ROS2/ws_thor/install/thor_controller:/opt/ros/humble LD_LIBRARY_PATH=/home/salman/GryphonEC-ROS2/ws_thor/install/thor_server/lib:/home/salman/GryphonEC-ROS2/ws_thor/install/thor_controller/lib:${LD_LIBRARY_PATH} PYTHONPATH=/home/salman/GryphonEC-ROS2/ws_thor/install/thor_server/local/lib/python3.10/dist-packages:${PYTHONPATH} /usr/bin/cmake --install /home/salman/GryphonEC-ROS2/ws_thor/build/thor_bringup
[0.733s] -- Install configuration: ""
[0.734s] -- Installing: /home/salman/GryphonEC-ROS2/ws_thor/install/thor_bringup/share/thor_bringup/launch
[0.735s] -- Installing: /home/salman/GryphonEC-ROS2/ws_thor/install/thor_bringup/share/thor_bringup/launch/simulated_robot.launch.py
[0.735s] -- Installing: /home/salman/GryphonEC-ROS2/ws_thor/install/thor_bringup/share/thor_bringup/launch/real_robot.launch.py
[0.735s] -- Installing: /home/salman/GryphonEC-ROS2/ws_thor/install/thor_bringup/share/thor_bringup/launch/rosbridge.launch.py
[0.735s] -- Installing: /home/salman/GryphonEC-ROS2/ws_thor/install/thor_bringup/share/ament_index/resource_index/package_run_dependencies/thor_bringup
[0.735s] -- Installing: /home/salman/GryphonEC-ROS2/ws_thor/install/thor_bringup/share/ament_index/resource_index/parent_prefix_path/thor_bringup
[0.735s] -- Installing: /home/salman/GryphonEC-ROS2/ws_thor/install/thor_bringup/share/thor_bringup/environment/ament_prefix_path.sh
[0.735s] -- Installing: /home/salman/GryphonEC-ROS2/ws_thor/install/thor_bringup/share/thor_bringup/environment/ament_prefix_path.dsv
[0.736s] -- Installing: /home/salman/GryphonEC-ROS2/ws_thor/install/thor_bringup/share/thor_bringup/environment/path.sh
[0.736s] -- Installing: /home/salman/GryphonEC-ROS2/ws_thor/install/thor_bringup/share/thor_bringup/environment/path.dsv
[0.736s] -- Installing: /home/salman/GryphonEC-ROS2/ws_thor/install/thor_bringup/share/thor_bringup/local_setup.bash
[0.736s] -- Installing: /home/salman/GryphonEC-ROS2/ws_thor/install/thor_bringup/share/thor_bringup/local_setup.sh
[0.736s] -- Installing: /home/salman/GryphonEC-ROS2/ws_thor/install/thor_bringup/share/thor_bringup/local_setup.zsh
[0.736s] -- Installing: /home/salman/GryphonEC-ROS2/ws_thor/install/thor_bringup/share/thor_bringup/local_setup.dsv
[0.736s] -- Installing: /home/salman/GryphonEC-ROS2/ws_thor/install/thor_bringup/share/thor_bringup/package.dsv
[0.736s] -- Installing: /home/salman/GryphonEC-ROS2/ws_thor/install/thor_bringup/share/ament_index/resource_index/packages/thor_bringup
[0.737s] -- Installing: /home/salman/GryphonEC-ROS2/ws_thor/install/thor_bringup/share/thor_bringup/cmake/thor_bringupConfig.cmake
[0.737s] -- Installing: /home/salman/GryphonEC-ROS2/ws_thor/install/thor_bringup/share/thor_bringup/cmake/thor_bringupConfig-version.cmake
[0.737s] -- Installing: /home/salman/GryphonEC-ROS2/ws_thor/install/thor_bringup/share/thor_bringup/package.xml
[0.739s] Invoked command in '/home/salman/GryphonEC-ROS2/ws_thor/build/thor_bringup' returned '0': AMENT_PREFIX_PATH=/home/salman/GryphonEC-ROS2/ws_thor/install/thor_server:/home/salman/GryphonEC-ROS2/ws_thor/install/thor_moveit:/home/salman/GryphonEC-ROS2/ws_thor/install/thor_urdf:/home/salman/GryphonEC-ROS2/ws_thor/install/thor_controller:${AMENT_PREFIX_PATH} CMAKE_PREFIX_PATH=/home/salman/GryphonEC-ROS2/ws_thor/install/thor_server:/home/salman/GryphonEC-ROS2/ws_thor/install/thor_moveit:/home/salman/GryphonEC-ROS2/ws_thor/install/thor_urdf:/home/salman/GryphonEC-ROS2/ws_thor/install/thor_controller:/opt/ros/humble LD_LIBRARY_PATH=/home/salman/GryphonEC-ROS2/ws_thor/install/thor_server/lib:/home/salman/GryphonEC-ROS2/ws_thor/install/thor_controller/lib:${LD_LIBRARY_PATH} PYTHONPATH=/home/salman/GryphonEC-ROS2/ws_thor/install/thor_server/local/lib/python3.10/dist-packages:${PYTHONPATH} /usr/bin/cmake --install /home/salman/GryphonEC-ROS2/ws_thor/build/thor_bringup
