[0.797s] Invoking command in '/home/salman/GryphonEC-ROS2/ws_thor/src/thor_status_publisher': CMAKE_PREFIX_PATH=/home/salman/GryphonEC-ROS2/ws_thor/install/thor_msgs:/home/salman/GryphonEC-ROS2/ws_thor/install/thor_bringup:/home/salman/GryphonEC-ROS2/ws_thor/install/thor_moveit:/home/salman/GryphonEC-ROS2/ws_thor/install/thor_urdf:/home/salman/GryphonEC-ROS2/ws_thor/install/thor_joystick:/home/salman/GryphonEC-ROS2/ws_thor/install/thor_server:/home/salman/GryphonEC-ROS2/ws_thor/install/thor_controller LD_LIBRARY_PATH=/home/salman/GryphonEC-ROS2/ws_thor/install/thor_msgs/lib:/usr/local/cuda-12.8/lib64:/home/salman/GryphonEC-ROS2/ws_thor/install/thor_server/lib:/home/salman/GryphonEC-ROS2/ws_thor/install/thor_controller/lib:/usr/local/cuda-12.8/lib64:/usr/lib/x86_64-linux-gnu/gazebo-11/plugins:/opt/ros/humble/opt/rviz_ogre_vendor/lib:/opt/ros/humble/lib/x86_64-linux-gnu:/opt/ros/humble/lib PYTHONPATH=/home/salman/GryphonEC-ROS2/ws_thor/build/thor_status_publisher/prefix_override:/usr/lib/python3/dist-packages/colcon_core/task/python/colcon_distutils_commands:/home/salman/GryphonEC-ROS2/ws_thor/install/thor_status_publisher/lib/python3.10/site-packages:${PYTHONPATH} /usr/bin/python3 -W ignore:setup.py install is deprecated -W ignore:easy_install command is deprecated setup.py egg_info --egg-base ../../build/thor_status_publisher build --build-base /home/salman/GryphonEC-ROS2/ws_thor/build/thor_status_publisher/build install --record /home/salman/GryphonEC-ROS2/ws_thor/build/thor_status_publisher/install.log --single-version-externally-managed install_data
[1.083s] running egg_info
[1.084s] writing ../../build/thor_status_publisher/thor_status_publisher.egg-info/PKG-INFO
[1.084s] writing dependency_links to ../../build/thor_status_publisher/thor_status_publisher.egg-info/dependency_links.txt
[1.084s] writing entry points to ../../build/thor_status_publisher/thor_status_publisher.egg-info/entry_points.txt
[1.084s] writing requirements to ../../build/thor_status_publisher/thor_status_publisher.egg-info/requires.txt
[1.084s] writing top-level names to ../../build/thor_status_publisher/thor_status_publisher.egg-info/top_level.txt
[1.086s] reading manifest file '../../build/thor_status_publisher/thor_status_publisher.egg-info/SOURCES.txt'
[1.089s] writing manifest file '../../build/thor_status_publisher/thor_status_publisher.egg-info/SOURCES.txt'
[1.090s] running build
[1.090s] running build_py
[1.090s] running install
[1.091s] running install_lib
[1.092s] running install_data
[1.092s] running install_egg_info
[1.094s] removing '/home/salman/GryphonEC-ROS2/ws_thor/install/thor_status_publisher/lib/python3.10/site-packages/thor_status_publisher-0.0.0-py3.10.egg-info' (and everything under it)
[1.094s] Copying ../../build/thor_status_publisher/thor_status_publisher.egg-info to /home/salman/GryphonEC-ROS2/ws_thor/install/thor_status_publisher/lib/python3.10/site-packages/thor_status_publisher-0.0.0-py3.10.egg-info
[1.095s] running install_scripts
[1.119s] Installing cartesian_goal_listener script to /home/salman/GryphonEC-ROS2/ws_thor/install/thor_status_publisher/lib/thor_status_publisher
[1.119s] Installing ik_goal_listener script to /home/salman/GryphonEC-ROS2/ws_thor/install/thor_status_publisher/lib/thor_status_publisher
[1.119s] Installing joint_goal_listener script to /home/salman/GryphonEC-ROS2/ws_thor/install/thor_status_publisher/lib/thor_status_publisher
[1.120s] Installing random_position_commander script to /home/salman/GryphonEC-ROS2/ws_thor/install/thor_status_publisher/lib/thor_status_publisher
[1.120s] Installing robot_status_publisher script to /home/salman/GryphonEC-ROS2/ws_thor/install/thor_status_publisher/lib/thor_status_publisher
[1.120s] writing list of installed files to '/home/salman/GryphonEC-ROS2/ws_thor/build/thor_status_publisher/install.log'
[1.159s] Invoked command in '/home/salman/GryphonEC-ROS2/ws_thor/src/thor_status_publisher' returned '0': CMAKE_PREFIX_PATH=/home/salman/GryphonEC-ROS2/ws_thor/install/thor_msgs:/home/salman/GryphonEC-ROS2/ws_thor/install/thor_bringup:/home/salman/GryphonEC-ROS2/ws_thor/install/thor_moveit:/home/salman/GryphonEC-ROS2/ws_thor/install/thor_urdf:/home/salman/GryphonEC-ROS2/ws_thor/install/thor_joystick:/home/salman/GryphonEC-ROS2/ws_thor/install/thor_server:/home/salman/GryphonEC-ROS2/ws_thor/install/thor_controller LD_LIBRARY_PATH=/home/salman/GryphonEC-ROS2/ws_thor/install/thor_msgs/lib:/usr/local/cuda-12.8/lib64:/home/salman/GryphonEC-ROS2/ws_thor/install/thor_server/lib:/home/salman/GryphonEC-ROS2/ws_thor/install/thor_controller/lib:/usr/local/cuda-12.8/lib64:/usr/lib/x86_64-linux-gnu/gazebo-11/plugins:/opt/ros/humble/opt/rviz_ogre_vendor/lib:/opt/ros/humble/lib/x86_64-linux-gnu:/opt/ros/humble/lib PYTHONPATH=/home/salman/GryphonEC-ROS2/ws_thor/build/thor_status_publisher/prefix_override:/usr/lib/python3/dist-packages/colcon_core/task/python/colcon_distutils_commands:/home/salman/GryphonEC-ROS2/ws_thor/install/thor_status_publisher/lib/python3.10/site-packages:${PYTHONPATH} /usr/bin/python3 -W ignore:setup.py install is deprecated -W ignore:easy_install command is deprecated setup.py egg_info --egg-base ../../build/thor_status_publisher build --build-base /home/salman/GryphonEC-ROS2/ws_thor/build/thor_status_publisher/build install --record /home/salman/GryphonEC-ROS2/ws_thor/build/thor_status_publisher/install.log --single-version-externally-managed install_data
