[0.016s] Invoking command in '/home/salman/GryphonEC-ROS2/ws_thor/build/thor_urdf': CMAKE_PREFIX_PATH=/opt/ros/humble /usr/bin/cmake /home/salman/GryphonEC-ROS2/ws_thor/src/thor_urdf -DCMAKE_INSTALL_PREFIX=/home/salman/GryphonEC-ROS2/ws_thor/install/thor_urdf
[0.121s] -- The C compiler identification is GNU 11.4.0
[0.228s] -- The CXX compiler identification is GNU 11.4.0
[0.237s] -- Detecting C compiler ABI info
[0.345s] -- Detecting C compiler ABI info - done
[0.350s] -- Check for working C compiler: /usr/bin/cc - skipped
[0.350s] -- Detecting C compile features
[0.350s] -- Detecting C compile features - done
[0.356s] -- Detecting CXX compiler ABI info
[0.453s] -- Detecting CXX compiler ABI info - done
[0.458s] -- Check for working CXX compiler: /usr/bin/c++ - skipped
[0.458s] -- Detecting CXX compile features
[0.459s] -- Detecting CXX compile features - done
[0.463s] -- Found ament_cmake: 1.3.13 (/opt/ros/humble/share/ament_cmake/cmake)
[0.625s] -- Found Python3: /usr/bin/python3 (found version "3.10.12") found components: Interpreter 
[0.740s] -- Found ament_lint_auto: 0.12.15 (/opt/ros/humble/share/ament_lint_auto/cmake)
[0.805s] -- Added test 'flake8' to check Python code syntax and style conventions
[0.806s] -- Added test 'lint_cmake' to check CMake code style
[0.807s] -- Added test 'pep257' to check Python code against some of the docstring style conventions in PEP 257
[0.809s] -- Added test 'xmllint' to check XML markup files
[0.810s] -- Configuring done
[0.813s] -- Generating done
[0.814s] -- Build files have been written to: /home/salman/GryphonEC-ROS2/ws_thor/build/thor_urdf
[0.819s] Invoked command in '/home/salman/GryphonEC-ROS2/ws_thor/build/thor_urdf' returned '0': CMAKE_PREFIX_PATH=/opt/ros/humble /usr/bin/cmake /home/salman/GryphonEC-ROS2/ws_thor/src/thor_urdf -DCMAKE_INSTALL_PREFIX=/home/salman/GryphonEC-ROS2/ws_thor/install/thor_urdf
[0.820s] Invoking command in '/home/salman/GryphonEC-ROS2/ws_thor/build/thor_urdf': CMAKE_PREFIX_PATH=/opt/ros/humble /usr/bin/cmake --build /home/salman/GryphonEC-ROS2/ws_thor/build/thor_urdf -- -j16 -l16
[0.857s] Invoked command in '/home/salman/GryphonEC-ROS2/ws_thor/build/thor_urdf' returned '0': CMAKE_PREFIX_PATH=/opt/ros/humble /usr/bin/cmake --build /home/salman/GryphonEC-ROS2/ws_thor/build/thor_urdf -- -j16 -l16
[0.866s] Invoking command in '/home/salman/GryphonEC-ROS2/ws_thor/build/thor_urdf': CMAKE_PREFIX_PATH=/opt/ros/humble /usr/bin/cmake --install /home/salman/GryphonEC-ROS2/ws_thor/build/thor_urdf
[0.875s] -- Install configuration: ""
[0.875s] -- Installing: /home/salman/GryphonEC-ROS2/ws_thor/install/thor_urdf/share/thor_urdf/meshes
[0.875s] -- Installing: /home/salman/GryphonEC-ROS2/ws_thor/install/thor_urdf/share/thor_urdf/meshes/Art1.dae
[0.879s] -- Installing: /home/salman/GryphonEC-ROS2/ws_thor/install/thor_urdf/share/thor_urdf/meshes/Shoulder_1.stl
[0.879s] -- Installing: /home/salman/GryphonEC-ROS2/ws_thor/install/thor_urdf/share/thor_urdf/meshes/Wrist_r_gripper_v1_1.stl
[0.880s] -- Installing: /home/salman/GryphonEC-ROS2/ws_thor/install/thor_urdf/share/thor_urdf/meshes/Waist_1.stl
[0.880s] -- Installing: /home/salman/GryphonEC-ROS2/ws_thor/install/thor_urdf/share/thor_urdf/meshes/base_link.stl
[0.880s] -- Installing: /home/salman/GryphonEC-ROS2/ws_thor/install/thor_urdf/share/thor_urdf/meshes/GripperArmGear.dae
[0.881s] -- Installing: /home/salman/GryphonEC-ROS2/ws_thor/install/thor_urdf/share/thor_urdf/meshes/Wrist_T_shape_v1_1.stl
[0.881s] -- Installing: /home/salman/GryphonEC-ROS2/ws_thor/install/thor_urdf/share/thor_urdf/meshes/Art3.dae
[0.883s] -- Installing: /home/salman/GryphonEC-ROS2/ws_thor/install/thor_urdf/share/thor_urdf/meshes/GripperArm.dae
[0.883s] -- Installing: /home/salman/GryphonEC-ROS2/ws_thor/install/thor_urdf/share/thor_urdf/meshes/Base.dae
[0.889s] -- Installing: /home/salman/GryphonEC-ROS2/ws_thor/install/thor_urdf/share/thor_urdf/meshes/Art2.dae
[0.897s] -- Installing: /home/salman/GryphonEC-ROS2/ws_thor/install/thor_urdf/share/thor_urdf/meshes/GripperFinger.dae
[0.897s] -- Installing: /home/salman/GryphonEC-ROS2/ws_thor/install/thor_urdf/share/thor_urdf/meshes/Art5.dae
[0.897s] -- Installing: /home/salman/GryphonEC-ROS2/ws_thor/install/thor_urdf/share/thor_urdf/meshes/Wrist_gripper_base_v2_1.stl
[0.898s] -- Installing: /home/salman/GryphonEC-ROS2/ws_thor/install/thor_urdf/share/thor_urdf/meshes/GripperBase.dae
[0.898s] -- Installing: /home/salman/GryphonEC-ROS2/ws_thor/install/thor_urdf/share/thor_urdf/meshes/Wrist_l_gripper_v1_1.stl
[0.898s] -- Installing: /home/salman/GryphonEC-ROS2/ws_thor/install/thor_urdf/share/thor_urdf/meshes/Art6.dae
[0.899s] -- Installing: /home/salman/GryphonEC-ROS2/ws_thor/install/thor_urdf/share/thor_urdf/meshes/Elbow_v1_1.stl
[0.900s] -- Installing: /home/salman/GryphonEC-ROS2/ws_thor/install/thor_urdf/share/thor_urdf/meshes/Art4.dae
[0.903s] -- Installing: /home/salman/GryphonEC-ROS2/ws_thor/install/thor_urdf/share/thor_urdf/urdf
[0.903s] -- Installing: /home/salman/GryphonEC-ROS2/ws_thor/install/thor_urdf/share/thor_urdf/urdf/thor_arm.ros2_control.xacro
[0.904s] -- Installing: /home/salman/GryphonEC-ROS2/ws_thor/install/thor_urdf/share/thor_urdf/urdf/thor.urdf.xacro
[0.904s] -- Installing: /home/salman/GryphonEC-ROS2/ws_thor/install/thor_urdf/share/thor_urdf/urdf/thor_gazebo.xacro
[0.904s] -- Installing: /home/salman/GryphonEC-ROS2/ws_thor/install/thor_urdf/share/thor_urdf/launch
[0.904s] -- Installing: /home/salman/GryphonEC-ROS2/ws_thor/install/thor_urdf/share/thor_urdf/launch/launch.py
[0.904s] -- Installing: /home/salman/GryphonEC-ROS2/ws_thor/install/thor_urdf/share/thor_urdf/launch/display.launch.py
[0.904s] -- Installing: /home/salman/GryphonEC-ROS2/ws_thor/install/thor_urdf/share/thor_urdf/launch/gazebo.launch.py
[0.904s] -- Installing: /home/salman/GryphonEC-ROS2/ws_thor/install/thor_urdf/share/thor_urdf/rviz
[0.904s] -- Installing: /home/salman/GryphonEC-ROS2/ws_thor/install/thor_urdf/share/thor_urdf/rviz/display.rviz
[0.904s] -- Installing: /home/salman/GryphonEC-ROS2/ws_thor/install/thor_urdf/share/ament_index/resource_index/package_run_dependencies/thor_urdf
[0.904s] -- Installing: /home/salman/GryphonEC-ROS2/ws_thor/install/thor_urdf/share/ament_index/resource_index/parent_prefix_path/thor_urdf
[0.905s] -- Installing: /home/salman/GryphonEC-ROS2/ws_thor/install/thor_urdf/share/thor_urdf/environment/ament_prefix_path.sh
[0.905s] -- Installing: /home/salman/GryphonEC-ROS2/ws_thor/install/thor_urdf/share/thor_urdf/environment/ament_prefix_path.dsv
[0.905s] -- Installing: /home/salman/GryphonEC-ROS2/ws_thor/install/thor_urdf/share/thor_urdf/environment/path.sh
[0.905s] -- Installing: /home/salman/GryphonEC-ROS2/ws_thor/install/thor_urdf/share/thor_urdf/environment/path.dsv
[0.905s] -- Installing: /home/salman/GryphonEC-ROS2/ws_thor/install/thor_urdf/share/thor_urdf/local_setup.bash
[0.905s] -- Installing: /home/salman/GryphonEC-ROS2/ws_thor/install/thor_urdf/share/thor_urdf/local_setup.sh
[0.905s] -- Installing: /home/salman/GryphonEC-ROS2/ws_thor/install/thor_urdf/share/thor_urdf/local_setup.zsh
[0.905s] -- Installing: /home/salman/GryphonEC-ROS2/ws_thor/install/thor_urdf/share/thor_urdf/local_setup.dsv
[0.906s] -- Installing: /home/salman/GryphonEC-ROS2/ws_thor/install/thor_urdf/share/thor_urdf/package.dsv
[0.906s] -- Installing: /home/salman/GryphonEC-ROS2/ws_thor/install/thor_urdf/share/ament_index/resource_index/packages/thor_urdf
[0.906s] -- Installing: /home/salman/GryphonEC-ROS2/ws_thor/install/thor_urdf/share/thor_urdf/cmake/thor_urdfConfig.cmake
[0.906s] -- Installing: /home/salman/GryphonEC-ROS2/ws_thor/install/thor_urdf/share/thor_urdf/cmake/thor_urdfConfig-version.cmake
[0.906s] -- Installing: /home/salman/GryphonEC-ROS2/ws_thor/install/thor_urdf/share/thor_urdf/package.xml
[0.908s] Invoked command in '/home/salman/GryphonEC-ROS2/ws_thor/build/thor_urdf' returned '0': CMAKE_PREFIX_PATH=/opt/ros/humble /usr/bin/cmake --install /home/salman/GryphonEC-ROS2/ws_thor/build/thor_urdf
