[0.016s] Invoking command in '/home/salman/GryphonEC-ROS2/ws_thor/build/thor_moveit': CMAKE_PREFIX_PATH=/home/salman/GryphonEC-ROS2/ws_thor/install/thor_urdf:/home/salman/GryphonEC-ROS2/ws_thor/install/thor_bringup:/home/salman/GryphonEC-ROS2/ws_thor/install/thor_moveit:/home/salman/GryphonEC-ROS2/ws_thor/install/thor_joystick:/home/salman/GryphonEC-ROS2/ws_thor/install/thor_server:/home/salman/GryphonEC-ROS2/ws_thor/install/thor_msgs:/home/salman/GryphonEC-ROS2/ws_thor/install/thor_controller:/home/salman/GryphonEC-ROS2/ws_thor/install/thor_status_publisher:/opt/ros/humble /usr/bin/cmake --build /home/salman/GryphonEC-ROS2/ws_thor/build/thor_moveit -- -j16 -l16
[0.063s] -- Found ament_cmake: 1.3.13 (/opt/ros/humble/share/ament_cmake/cmake)
[0.176s] -- Found ament_lint_auto: 0.12.15 (/opt/ros/humble/share/ament_lint_auto/cmake)
[0.226s] -- Configuring done
[0.230s] -- Generating done
[0.232s] -- Build files have been written to: /home/salman/GryphonEC-ROS2/ws_thor/build/thor_moveit
[0.255s] Invoked command in '/home/salman/GryphonEC-ROS2/ws_thor/build/thor_moveit' returned '0': CMAKE_PREFIX_PATH=/home/salman/GryphonEC-ROS2/ws_thor/install/thor_urdf:/home/salman/GryphonEC-ROS2/ws_thor/install/thor_bringup:/home/salman/GryphonEC-ROS2/ws_thor/install/thor_moveit:/home/salman/GryphonEC-ROS2/ws_thor/install/thor_joystick:/home/salman/GryphonEC-ROS2/ws_thor/install/thor_server:/home/salman/GryphonEC-ROS2/ws_thor/install/thor_msgs:/home/salman/GryphonEC-ROS2/ws_thor/install/thor_controller:/home/salman/GryphonEC-ROS2/ws_thor/install/thor_status_publisher:/opt/ros/humble /usr/bin/cmake --build /home/salman/GryphonEC-ROS2/ws_thor/build/thor_moveit -- -j16 -l16
[0.265s] Invoking command in '/home/salman/GryphonEC-ROS2/ws_thor/build/thor_moveit': CMAKE_PREFIX_PATH=/home/salman/GryphonEC-ROS2/ws_thor/install/thor_urdf:/home/salman/GryphonEC-ROS2/ws_thor/install/thor_bringup:/home/salman/GryphonEC-ROS2/ws_thor/install/thor_moveit:/home/salman/GryphonEC-ROS2/ws_thor/install/thor_joystick:/home/salman/GryphonEC-ROS2/ws_thor/install/thor_server:/home/salman/GryphonEC-ROS2/ws_thor/install/thor_msgs:/home/salman/GryphonEC-ROS2/ws_thor/install/thor_controller:/home/salman/GryphonEC-ROS2/ws_thor/install/thor_status_publisher:/opt/ros/humble /usr/bin/cmake --install /home/salman/GryphonEC-ROS2/ws_thor/build/thor_moveit
[0.271s] -- Install configuration: ""
[0.272s] -- Up-to-date: /home/salman/GryphonEC-ROS2/ws_thor/install/thor_moveit/share/thor_moveit/launch
[0.272s] -- Installing: /home/salman/GryphonEC-ROS2/ws_thor/install/thor_moveit/share/thor_moveit/launch/setup_assistant.launch.py
[0.272s] -- Installing: /home/salman/GryphonEC-ROS2/ws_thor/install/thor_moveit/share/thor_moveit/launch/warehouse_db.launch.py
[0.273s] -- Installing: /home/salman/GryphonEC-ROS2/ws_thor/install/thor_moveit/share/thor_moveit/launch/rsp.launch.py
[0.273s] -- Installing: /home/salman/GryphonEC-ROS2/ws_thor/install/thor_moveit/share/thor_moveit/launch/static_virtual_joint_tfs.launch.py
[0.273s] -- Installing: /home/salman/GryphonEC-ROS2/ws_thor/install/thor_moveit/share/thor_moveit/launch/moveit.launch.py
[0.273s] -- Installing: /home/salman/GryphonEC-ROS2/ws_thor/install/thor_moveit/share/thor_moveit/launch/demo.launch.py
[0.273s] -- Installing: /home/salman/GryphonEC-ROS2/ws_thor/install/thor_moveit/share/thor_moveit/launch/move_group.launch.py
[0.274s] -- Installing: /home/salman/GryphonEC-ROS2/ws_thor/install/thor_moveit/share/thor_moveit/launch/moveit_rviz.launch.py
[0.274s] -- Installing: /home/salman/GryphonEC-ROS2/ws_thor/install/thor_moveit/share/thor_moveit/launch/spawn_controllers.launch.py
[0.274s] -- Up-to-date: /home/salman/GryphonEC-ROS2/ws_thor/install/thor_moveit/share/thor_moveit/config
[0.274s] -- Installing: /home/salman/GryphonEC-ROS2/ws_thor/install/thor_moveit/share/thor_moveit/config/moveit.rviz
[0.274s] -- Installing: /home/salman/GryphonEC-ROS2/ws_thor/install/thor_moveit/share/thor_moveit/config/joint_limits.yaml
[0.274s] -- Installing: /home/salman/GryphonEC-ROS2/ws_thor/install/thor_moveit/share/thor_moveit/config/kinematics.yaml
[0.275s] -- Installing: /home/salman/GryphonEC-ROS2/ws_thor/install/thor_moveit/share/thor_moveit/config/thor_arm.urdf
[0.275s] -- Installing: /home/salman/GryphonEC-ROS2/ws_thor/install/thor_moveit/share/thor_moveit/config/thor_arm.srdf
[0.275s] -- Installing: /home/salman/GryphonEC-ROS2/ws_thor/install/thor_moveit/share/thor_moveit/config/initial_positions.yaml
[0.275s] -- Installing: /home/salman/GryphonEC-ROS2/ws_thor/install/thor_moveit/share/thor_moveit/config/moveit_controllers.yaml
[0.275s] -- Installing: /home/salman/GryphonEC-ROS2/ws_thor/install/thor_moveit/share/thor_moveit/config/pilz_cartesian_limits.yaml
[0.275s] -- Installing: /home/salman/GryphonEC-ROS2/ws_thor/install/thor_moveit/share/thor_moveit/config/thor.urdf.xacro
[0.276s] -- Installing: /home/salman/GryphonEC-ROS2/ws_thor/install/thor_moveit/share/thor_moveit/config/ros2_controllers.yaml
[0.276s] -- Up-to-date: /home/salman/GryphonEC-ROS2/ws_thor/install/thor_moveit/share/ament_index/resource_index/package_run_dependencies/thor_moveit
[0.276s] -- Installing: /home/salman/GryphonEC-ROS2/ws_thor/install/thor_moveit/share/ament_index/resource_index/parent_prefix_path/thor_moveit
[0.276s] -- Up-to-date: /home/salman/GryphonEC-ROS2/ws_thor/install/thor_moveit/share/thor_moveit/environment/ament_prefix_path.sh
[0.276s] -- Installing: /home/salman/GryphonEC-ROS2/ws_thor/install/thor_moveit/share/thor_moveit/environment/ament_prefix_path.dsv
[0.276s] -- Up-to-date: /home/salman/GryphonEC-ROS2/ws_thor/install/thor_moveit/share/thor_moveit/environment/path.sh
[0.276s] -- Installing: /home/salman/GryphonEC-ROS2/ws_thor/install/thor_moveit/share/thor_moveit/environment/path.dsv
[0.276s] -- Up-to-date: /home/salman/GryphonEC-ROS2/ws_thor/install/thor_moveit/share/thor_moveit/local_setup.bash
[0.277s] -- Up-to-date: /home/salman/GryphonEC-ROS2/ws_thor/install/thor_moveit/share/thor_moveit/local_setup.sh
[0.277s] -- Up-to-date: /home/salman/GryphonEC-ROS2/ws_thor/install/thor_moveit/share/thor_moveit/local_setup.zsh
[0.277s] -- Installing: /home/salman/GryphonEC-ROS2/ws_thor/install/thor_moveit/share/thor_moveit/local_setup.dsv
[0.277s] -- Installing: /home/salman/GryphonEC-ROS2/ws_thor/install/thor_moveit/share/thor_moveit/package.dsv
[0.277s] -- Up-to-date: /home/salman/GryphonEC-ROS2/ws_thor/install/thor_moveit/share/ament_index/resource_index/packages/thor_moveit
[0.277s] -- Up-to-date: /home/salman/GryphonEC-ROS2/ws_thor/install/thor_moveit/share/thor_moveit/cmake/thor_moveitConfig.cmake
[0.277s] -- Up-to-date: /home/salman/GryphonEC-ROS2/ws_thor/install/thor_moveit/share/thor_moveit/cmake/thor_moveitConfig-version.cmake
[0.277s] -- Installing: /home/salman/GryphonEC-ROS2/ws_thor/install/thor_moveit/share/thor_moveit/package.xml
[0.279s] Invoked command in '/home/salman/GryphonEC-ROS2/ws_thor/build/thor_moveit' returned '0': CMAKE_PREFIX_PATH=/home/salman/GryphonEC-ROS2/ws_thor/install/thor_urdf:/home/salman/GryphonEC-ROS2/ws_thor/install/thor_bringup:/home/salman/GryphonEC-ROS2/ws_thor/install/thor_moveit:/home/salman/GryphonEC-ROS2/ws_thor/install/thor_joystick:/home/salman/GryphonEC-ROS2/ws_thor/install/thor_server:/home/salman/GryphonEC-ROS2/ws_thor/install/thor_msgs:/home/salman/GryphonEC-ROS2/ws_thor/install/thor_controller:/home/salman/GryphonEC-ROS2/ws_thor/install/thor_status_publisher:/opt/ros/humble /usr/bin/cmake --install /home/salman/GryphonEC-ROS2/ws_thor/build/thor_moveit
